[2023-07-12T01:09:41.013+0000] {taskinstance.py:1103} INFO - Dependencies all met for dep_context=non-requeueable deps ti=<TaskInstance: postgres_operator_dag.create_article_table manual__2023-07-12T01:09:40.496584+00:00 [queued]>
[2023-07-12T01:09:41.022+0000] {taskinstance.py:1103} INFO - Dependencies all met for dep_context=requeueable deps ti=<TaskInstance: postgres_operator_dag.create_article_table manual__2023-07-12T01:09:40.496584+00:00 [queued]>
[2023-07-12T01:09:41.022+0000] {taskinstance.py:1308} INFO - Starting attempt 1 of 1
[2023-07-12T01:09:41.035+0000] {taskinstance.py:1327} INFO - Executing <Task(PostgresOperator): create_article_table> on 2023-07-12 01:09:40.496584+00:00
[2023-07-12T01:09:41.041+0000] {standard_task_runner.py:57} INFO - Started process 3740 to run task
[2023-07-12T01:09:41.043+0000] {standard_task_runner.py:84} INFO - Running: ['***', 'tasks', 'run', 'postgres_operator_dag', 'create_article_table', 'manual__2023-07-12T01:09:40.496584+00:00', '--job-id', '13', '--raw', '--subdir', 'DAGS_FOLDER/create_tables.py', '--cfg-path', '/tmp/tmpmgdykewx']
[2023-07-12T01:09:41.044+0000] {standard_task_runner.py:85} INFO - Job 13: Subtask create_article_table
[2023-07-12T01:09:41.080+0000] {task_command.py:410} INFO - Running <TaskInstance: postgres_operator_dag.create_article_table manual__2023-07-12T01:09:40.496584+00:00 [running]> on host 5a2aa5f79b19
[2023-07-12T01:09:41.141+0000] {taskinstance.py:1547} INFO - Exporting env vars: AIRFLOW_CTX_DAG_OWNER='***' AIRFLOW_CTX_DAG_ID='postgres_operator_dag' AIRFLOW_CTX_TASK_ID='create_article_table' AIRFLOW_CTX_EXECUTION_DATE='2023-07-12T01:09:40.496584+00:00' AIRFLOW_CTX_TRY_NUMBER='1' AIRFLOW_CTX_DAG_RUN_ID='manual__2023-07-12T01:09:40.496584+00:00'
[2023-07-12T01:09:41.142+0000] {sql.py:265} INFO - Executing: 
            CREATE TABLE IF NOT EXISTS article (
                "article_hash" TEXT,
                "article_title" TEXT,
                "category" TEXT,
                "publish_date" DATE,
                "article_body" TEXT,
                "raw_content" TEXT,
                "source_entity" TEXT,
                "article_link" TEXT,

                "generated_summary" TEXT,
                "negative_score" NUMERIC,
                "importance_score" NUMERIC,

                PRIMARY KEY (article_hash)
            );
[2023-07-12T01:09:41.148+0000] {base.py:73} INFO - Using connection ID 'conn_postgres_id' for task execution.
[2023-07-12T01:09:41.224+0000] {base.py:73} INFO - Using connection ID 'conn_postgres_id' for task execution.
[2023-07-12T01:09:41.227+0000] {sql.py:375} INFO - Running statement: 
            CREATE TABLE IF NOT EXISTS article (
                "article_hash" TEXT,
                "article_title" TEXT,
                "category" TEXT,
                "publish_date" DATE,
                "article_body" TEXT,
                "raw_content" TEXT,
                "source_entity" TEXT,
                "article_link" TEXT,

                "generated_summary" TEXT,
                "negative_score" NUMERIC,
                "importance_score" NUMERIC,

                PRIMARY KEY (article_hash)
            );, parameters: None
[2023-07-12T01:09:41.242+0000] {taskinstance.py:1350} INFO - Marking task as SUCCESS. dag_id=postgres_operator_dag, task_id=create_article_table, execution_date=20230712T010940, start_date=20230712T010941, end_date=20230712T010941
[2023-07-12T01:09:41.256+0000] {local_task_job_runner.py:225} INFO - Task exited with return code 0
[2023-07-12T01:09:41.272+0000] {taskinstance.py:2653} INFO - 1 downstream tasks scheduled from follow-on schedule check
