[2023-07-12T01:37:00.355+0000] {taskinstance.py:1103} INFO - Dependencies all met for dep_context=non-requeueable deps ti=<TaskInstance: postgres_operator_dag.create_article_table manual__2023-07-12T01:36:59.917387+00:00 [queued]>
[2023-07-12T01:37:00.362+0000] {taskinstance.py:1103} INFO - Dependencies all met for dep_context=requeueable deps ti=<TaskInstance: postgres_operator_dag.create_article_table manual__2023-07-12T01:36:59.917387+00:00 [queued]>
[2023-07-12T01:37:00.362+0000] {taskinstance.py:1308} INFO - Starting attempt 1 of 1
[2023-07-12T01:37:00.374+0000] {taskinstance.py:1327} INFO - Executing <Task(PostgresOperator): create_article_table> on 2023-07-12 01:36:59.917387+00:00
[2023-07-12T01:37:00.379+0000] {standard_task_runner.py:57} INFO - Started process 81 to run task
[2023-07-12T01:37:00.381+0000] {standard_task_runner.py:84} INFO - Running: ['***', 'tasks', 'run', 'postgres_operator_dag', 'create_article_table', 'manual__2023-07-12T01:36:59.917387+00:00', '--job-id', '4', '--raw', '--subdir', 'DAGS_FOLDER/create_tables.py', '--cfg-path', '/tmp/tmpclur7a7r']
[2023-07-12T01:37:00.381+0000] {standard_task_runner.py:85} INFO - Job 4: Subtask create_article_table
[2023-07-12T01:37:00.416+0000] {task_command.py:410} INFO - Running <TaskInstance: postgres_operator_dag.create_article_table manual__2023-07-12T01:36:59.917387+00:00 [running]> on host bfd1c2ede1e4
[2023-07-12T01:37:00.481+0000] {taskinstance.py:1547} INFO - Exporting env vars: AIRFLOW_CTX_DAG_OWNER='***' AIRFLOW_CTX_DAG_ID='postgres_operator_dag' AIRFLOW_CTX_TASK_ID='create_article_table' AIRFLOW_CTX_EXECUTION_DATE='2023-07-12T01:36:59.917387+00:00' AIRFLOW_CTX_TRY_NUMBER='1' AIRFLOW_CTX_DAG_RUN_ID='manual__2023-07-12T01:36:59.917387+00:00'
[2023-07-12T01:37:00.481+0000] {sql.py:265} INFO - Executing: 
            CREATE TABLE IF NOT EXISTS article (
                "article_hash" TEXT,
                "article_title" TEXT,
                "category" TEXT,
                "publish_date" DATE,
                "article_body" TEXT,
                "raw_content" TEXT,
                "source_entity" TEXT,
                "article_link" TEXT,

                "generated_summary" TEXT,
                "negative_score" NUMERIC,
                "importance_score" NUMERIC,

                PRIMARY KEY (article_hash)
            );
[2023-07-12T01:37:00.489+0000] {base.py:73} INFO - Using connection ID 'conn_postgres_id' for task execution.
[2023-07-12T01:37:00.557+0000] {base.py:73} INFO - Using connection ID 'conn_postgres_id' for task execution.
[2023-07-12T01:37:00.559+0000] {sql.py:375} INFO - Running statement: 
            CREATE TABLE IF NOT EXISTS article (
                "article_hash" TEXT,
                "article_title" TEXT,
                "category" TEXT,
                "publish_date" DATE,
                "article_body" TEXT,
                "raw_content" TEXT,
                "source_entity" TEXT,
                "article_link" TEXT,

                "generated_summary" TEXT,
                "negative_score" NUMERIC,
                "importance_score" NUMERIC,

                PRIMARY KEY (article_hash)
            );, parameters: None
[2023-07-12T01:37:00.577+0000] {taskinstance.py:1350} INFO - Marking task as SUCCESS. dag_id=postgres_operator_dag, task_id=create_article_table, execution_date=20230712T013659, start_date=20230712T013700, end_date=20230712T013700
[2023-07-12T01:37:00.593+0000] {local_task_job_runner.py:225} INFO - Task exited with return code 0
[2023-07-12T01:37:00.610+0000] {taskinstance.py:2653} INFO - 1 downstream tasks scheduled from follow-on schedule check
