[2023-06-30T02:01:02.108+0000] {taskinstance.py:1103} INFO - Dependencies all met for dep_context=non-requeueable deps ti=<TaskInstance: dag_with_postgres_operator_v02.insert_into_table manual__2023-06-30T01:56:59.206974+00:00 [queued]>
[2023-06-30T02:01:02.114+0000] {taskinstance.py:1103} INFO - Dependencies all met for dep_context=requeueable deps ti=<TaskInstance: dag_with_postgres_operator_v02.insert_into_table manual__2023-06-30T01:56:59.206974+00:00 [queued]>
[2023-06-30T02:01:02.114+0000] {taskinstance.py:1308} INFO - Starting attempt 3 of 6
[2023-06-30T02:01:02.124+0000] {taskinstance.py:1327} INFO - Executing <Task(PostgresOperator): insert_into_table> on 2023-06-30 01:56:59.206974+00:00
[2023-06-30T02:01:02.128+0000] {standard_task_runner.py:57} INFO - Started process 399 to run task
[2023-06-30T02:01:02.130+0000] {standard_task_runner.py:84} INFO - Running: ['***', 'tasks', 'run', 'dag_with_postgres_operator_v02', 'insert_into_table', 'manual__2023-06-30T01:56:59.206974+00:00', '--job-id', '74', '--raw', '--subdir', 'DAGS_FOLDER/dag_with_postgres_operator.py', '--cfg-path', '/tmp/tmp9bm_bioc']
[2023-06-30T02:01:02.130+0000] {standard_task_runner.py:85} INFO - Job 74: Subtask insert_into_table
[2023-06-30T02:01:02.162+0000] {task_command.py:410} INFO - Running <TaskInstance: dag_with_postgres_operator_v02.insert_into_table manual__2023-06-30T01:56:59.206974+00:00 [running]> on host 40ec38a36dc7
[2023-06-30T02:01:02.217+0000] {taskinstance.py:1547} INFO - Exporting env vars: AIRFLOW_CTX_DAG_OWNER='stare' AIRFLOW_CTX_DAG_ID='dag_with_postgres_operator_v02' AIRFLOW_CTX_TASK_ID='insert_into_table' AIRFLOW_CTX_EXECUTION_DATE='2023-06-30T01:56:59.206974+00:00' AIRFLOW_CTX_TRY_NUMBER='3' AIRFLOW_CTX_DAG_RUN_ID='manual__2023-06-30T01:56:59.206974+00:00'
[2023-06-30T02:01:02.218+0000] {sql.py:265} INFO - Executing: 
            insert into dag_runs(dt, dag_id) values ('2023-06-30', 'dag_with_postgres_operator_v02')
        
[2023-06-30T02:01:02.223+0000] {base.py:73} INFO - Using connection ID 'postgres_localhost' for task execution.
[2023-06-30T02:01:02.269+0000] {base.py:73} INFO - Using connection ID 'postgres_localhost' for task execution.
[2023-06-30T02:01:02.271+0000] {sql.py:375} INFO - Running statement: 
            insert into dag_runs(dt, dag_id) values ('2023-06-30', 'dag_with_postgres_operator_v02')
        , parameters: None
[2023-06-30T02:01:02.272+0000] {sql.py:384} INFO - Rows affected: 1
[2023-06-30T02:01:02.279+0000] {taskinstance.py:1350} INFO - Marking task as SUCCESS. dag_id=dag_with_postgres_operator_v02, task_id=insert_into_table, execution_date=20230630T015659, start_date=20230630T020102, end_date=20230630T020102
[2023-06-30T02:01:02.302+0000] {local_task_job_runner.py:225} INFO - Task exited with return code 0
[2023-06-30T02:01:02.315+0000] {taskinstance.py:2653} INFO - 0 downstream tasks scheduled from follow-on schedule check
