[2023-07-04T17:24:27.943+0000] {taskinstance.py:1103} INFO - Dependencies all met for dep_context=non-requeueable deps ti=<TaskInstance: postgres_operator_dag.create_news_table manual__2023-07-04T17:24:26.511238+00:00 [queued]>
[2023-07-04T17:24:27.951+0000] {taskinstance.py:1103} INFO - Dependencies all met for dep_context=requeueable deps ti=<TaskInstance: postgres_operator_dag.create_news_table manual__2023-07-04T17:24:26.511238+00:00 [queued]>
[2023-07-04T17:24:27.951+0000] {taskinstance.py:1308} INFO - Starting attempt 1 of 1
[2023-07-04T17:24:27.960+0000] {taskinstance.py:1327} INFO - Executing <Task(PostgresOperator): create_news_table> on 2023-07-04 17:24:26.511238+00:00
[2023-07-04T17:24:27.966+0000] {standard_task_runner.py:57} INFO - Started process 5673 to run task
[2023-07-04T17:24:27.968+0000] {standard_task_runner.py:84} INFO - Running: ['***', 'tasks', 'run', 'postgres_operator_dag', 'create_news_table', 'manual__2023-07-04T17:24:26.511238+00:00', '--job-id', '26', '--raw', '--subdir', 'DAGS_FOLDER/create_tables.py', '--cfg-path', '/tmp/tmpxmyd8jf7']
[2023-07-04T17:24:27.968+0000] {standard_task_runner.py:85} INFO - Job 26: Subtask create_news_table
[2023-07-04T17:24:27.999+0000] {task_command.py:410} INFO - Running <TaskInstance: postgres_operator_dag.create_news_table manual__2023-07-04T17:24:26.511238+00:00 [running]> on host d409bdcb9602
[2023-07-04T17:24:28.080+0000] {taskinstance.py:1547} INFO - Exporting env vars: AIRFLOW_CTX_DAG_OWNER='***' AIRFLOW_CTX_DAG_ID='postgres_operator_dag' AIRFLOW_CTX_TASK_ID='create_news_table' AIRFLOW_CTX_EXECUTION_DATE='2023-07-04T17:24:26.511238+00:00' AIRFLOW_CTX_TRY_NUMBER='1' AIRFLOW_CTX_DAG_RUN_ID='manual__2023-07-04T17:24:26.511238+00:00'
[2023-07-04T17:24:28.080+0000] {sql.py:265} INFO - Executing: 
            CREATE TABLE IF NOT EXISTS news (
                "hash" TEXT,
                "title" TEXT,
                "category" TEXT,
                "date" DATE,
                "body" TEXT,
                "raw_content" TEXT,
                "source_entity" TEXT,
                "link" TEXT,

                "generated_summary" TEXT,
                "negative_score" NUMERIC,
                "importance_score" NUMERIC,

                PRIMARY KEY (hash)
            );
[2023-07-04T17:24:28.087+0000] {base.py:73} INFO - Using connection ID 'conn_postgres_id' for task execution.
[2023-07-04T17:24:28.196+0000] {base.py:73} INFO - Using connection ID 'conn_postgres_id' for task execution.
[2023-07-04T17:24:28.199+0000] {sql.py:375} INFO - Running statement: 
            CREATE TABLE IF NOT EXISTS news (
                "hash" TEXT,
                "title" TEXT,
                "category" TEXT,
                "date" DATE,
                "body" TEXT,
                "raw_content" TEXT,
                "source_entity" TEXT,
                "link" TEXT,

                "generated_summary" TEXT,
                "negative_score" NUMERIC,
                "importance_score" NUMERIC,

                PRIMARY KEY (hash)
            );, parameters: None
[2023-07-04T17:24:28.208+0000] {taskinstance.py:1350} INFO - Marking task as SUCCESS. dag_id=postgres_operator_dag, task_id=create_news_table, execution_date=20230704T172426, start_date=20230704T172427, end_date=20230704T172428
[2023-07-04T17:24:28.260+0000] {local_task_job_runner.py:225} INFO - Task exited with return code 0
[2023-07-04T17:24:28.273+0000] {taskinstance.py:2653} INFO - 0 downstream tasks scheduled from follow-on schedule check
