[2023-07-12T01:47:07.958+0000] {taskinstance.py:1103} INFO - Dependencies all met for dep_context=non-requeueable deps ti=<TaskInstance: dag_scrap_biobio_v16.initializeTask scheduled__2023-07-11T00:00:00+00:00 [queued]>
[2023-07-12T01:47:07.964+0000] {taskinstance.py:1103} INFO - Dependencies all met for dep_context=requeueable deps ti=<TaskInstance: dag_scrap_biobio_v16.initializeTask scheduled__2023-07-11T00:00:00+00:00 [queued]>
[2023-07-12T01:47:07.964+0000] {taskinstance.py:1308} INFO - Starting attempt 1 of 1
[2023-07-12T01:47:07.973+0000] {taskinstance.py:1327} INFO - Executing <Task(_PythonDecoratedOperator): initializeTask> on 2023-07-11 00:00:00+00:00
[2023-07-12T01:47:07.978+0000] {standard_task_runner.py:57} INFO - Started process 509 to run task
[2023-07-12T01:47:07.979+0000] {standard_task_runner.py:84} INFO - Running: ['***', 'tasks', 'run', 'dag_scrap_biobio_v16', 'initializeTask', 'scheduled__2023-07-11T00:00:00+00:00', '--job-id', '9', '--raw', '--subdir', 'DAGS_FOLDER/dag_scrap_biobio.py', '--cfg-path', '/tmp/tmp5kzdm9x1']
[2023-07-12T01:47:07.980+0000] {standard_task_runner.py:85} INFO - Job 9: Subtask initializeTask
[2023-07-12T01:47:08.010+0000] {task_command.py:410} INFO - Running <TaskInstance: dag_scrap_biobio_v16.initializeTask scheduled__2023-07-11T00:00:00+00:00 [running]> on host bfd1c2ede1e4
[2023-07-12T01:47:08.067+0000] {taskinstance.py:1547} INFO - Exporting env vars: AIRFLOW_CTX_DAG_OWNER='***' AIRFLOW_CTX_DAG_ID='dag_scrap_biobio_v16' AIRFLOW_CTX_TASK_ID='initializeTask' AIRFLOW_CTX_EXECUTION_DATE='2023-07-11T00:00:00+00:00' AIRFLOW_CTX_TRY_NUMBER='1' AIRFLOW_CTX_DAG_RUN_ID='scheduled__2023-07-11T00:00:00+00:00'
[2023-07-12T01:47:08.068+0000] {logging_mixin.py:149} INFO - dag_scrap_biobio_v16 running...
[2023-07-12T01:47:08.068+0000] {python.py:183} INFO - Done. Returned value was: None
[2023-07-12T01:47:08.074+0000] {taskinstance.py:1350} INFO - Marking task as SUCCESS. dag_id=dag_scrap_biobio_v16, task_id=initializeTask, execution_date=20230711T000000, start_date=20230712T014707, end_date=20230712T014708
[2023-07-12T01:47:08.111+0000] {local_task_job_runner.py:225} INFO - Task exited with return code 0
[2023-07-12T01:47:08.127+0000] {taskinstance.py:2653} INFO - 1 downstream tasks scheduled from follow-on schedule check
[2023-07-12T04:19:51.117+0000] {taskinstance.py:1103} INFO - Dependencies all met for dep_context=non-requeueable deps ti=<TaskInstance: dag_scrap_biobio_v16.initializeTask scheduled__2023-07-11T00:00:00+00:00 [queued]>
[2023-07-12T04:19:51.130+0000] {taskinstance.py:1103} INFO - Dependencies all met for dep_context=requeueable deps ti=<TaskInstance: dag_scrap_biobio_v16.initializeTask scheduled__2023-07-11T00:00:00+00:00 [queued]>
[2023-07-12T04:19:51.130+0000] {taskinstance.py:1308} INFO - Starting attempt 1 of 1
[2023-07-12T04:19:51.139+0000] {taskinstance.py:1327} INFO - Executing <Task(_PythonDecoratedOperator): initializeTask> on 2023-07-11 00:00:00+00:00
[2023-07-12T04:19:51.143+0000] {standard_task_runner.py:57} INFO - Started process 92 to run task
[2023-07-12T04:19:51.145+0000] {standard_task_runner.py:84} INFO - Running: ['***', 'tasks', 'run', 'dag_scrap_biobio_v16', 'initializeTask', 'scheduled__2023-07-11T00:00:00+00:00', '--job-id', '5', '--raw', '--subdir', 'DAGS_FOLDER/dag_scrap_biobio.py', '--cfg-path', '/tmp/tmpwey1vod1']
[2023-07-12T04:19:51.145+0000] {standard_task_runner.py:85} INFO - Job 5: Subtask initializeTask
[2023-07-12T04:19:51.174+0000] {task_command.py:410} INFO - Running <TaskInstance: dag_scrap_biobio_v16.initializeTask scheduled__2023-07-11T00:00:00+00:00 [running]> on host 476fb39b4dcf
[2023-07-12T04:19:51.232+0000] {taskinstance.py:1547} INFO - Exporting env vars: AIRFLOW_CTX_DAG_OWNER='***' AIRFLOW_CTX_DAG_ID='dag_scrap_biobio_v16' AIRFLOW_CTX_TASK_ID='initializeTask' AIRFLOW_CTX_EXECUTION_DATE='2023-07-11T00:00:00+00:00' AIRFLOW_CTX_TRY_NUMBER='1' AIRFLOW_CTX_DAG_RUN_ID='scheduled__2023-07-11T00:00:00+00:00'
[2023-07-12T04:19:51.233+0000] {logging_mixin.py:149} INFO - dag_scrap_biobio_v16 running...
[2023-07-12T04:19:51.233+0000] {python.py:183} INFO - Done. Returned value was: None
[2023-07-12T04:19:51.239+0000] {taskinstance.py:1350} INFO - Marking task as SUCCESS. dag_id=dag_scrap_biobio_v16, task_id=initializeTask, execution_date=20230711T000000, start_date=20230712T041951, end_date=20230712T041951
[2023-07-12T04:19:51.277+0000] {local_task_job_runner.py:225} INFO - Task exited with return code 0
[2023-07-12T04:19:51.292+0000] {taskinstance.py:2653} INFO - 1 downstream tasks scheduled from follow-on schedule check
[2023-07-12T04:25:40.082+0000] {taskinstance.py:1103} INFO - Dependencies all met for dep_context=non-requeueable deps ti=<TaskInstance: dag_scrap_biobio_v16.initializeTask scheduled__2023-07-11T00:00:00+00:00 [queued]>
[2023-07-12T04:25:40.094+0000] {taskinstance.py:1103} INFO - Dependencies all met for dep_context=requeueable deps ti=<TaskInstance: dag_scrap_biobio_v16.initializeTask scheduled__2023-07-11T00:00:00+00:00 [queued]>
[2023-07-12T04:25:40.094+0000] {taskinstance.py:1308} INFO - Starting attempt 1 of 1
[2023-07-12T04:25:40.103+0000] {taskinstance.py:1327} INFO - Executing <Task(_PythonDecoratedOperator): initializeTask> on 2023-07-11 00:00:00+00:00
[2023-07-12T04:25:40.107+0000] {standard_task_runner.py:57} INFO - Started process 83 to run task
[2023-07-12T04:25:40.109+0000] {standard_task_runner.py:84} INFO - Running: ['***', 'tasks', 'run', 'dag_scrap_biobio_v16', 'initializeTask', 'scheduled__2023-07-11T00:00:00+00:00', '--job-id', '5', '--raw', '--subdir', 'DAGS_FOLDER/dag_scrap_biobio.py', '--cfg-path', '/tmp/tmps8ozttc5']
[2023-07-12T04:25:40.109+0000] {standard_task_runner.py:85} INFO - Job 5: Subtask initializeTask
[2023-07-12T04:25:40.139+0000] {task_command.py:410} INFO - Running <TaskInstance: dag_scrap_biobio_v16.initializeTask scheduled__2023-07-11T00:00:00+00:00 [running]> on host 9f0cb576b5b8
[2023-07-12T04:25:40.198+0000] {taskinstance.py:1547} INFO - Exporting env vars: AIRFLOW_CTX_DAG_OWNER='***' AIRFLOW_CTX_DAG_ID='dag_scrap_biobio_v16' AIRFLOW_CTX_TASK_ID='initializeTask' AIRFLOW_CTX_EXECUTION_DATE='2023-07-11T00:00:00+00:00' AIRFLOW_CTX_TRY_NUMBER='1' AIRFLOW_CTX_DAG_RUN_ID='scheduled__2023-07-11T00:00:00+00:00'
[2023-07-12T04:25:40.198+0000] {logging_mixin.py:149} INFO - dag_scrap_biobio_v16 running...
[2023-07-12T04:25:40.198+0000] {python.py:183} INFO - Done. Returned value was: None
[2023-07-12T04:25:40.205+0000] {taskinstance.py:1350} INFO - Marking task as SUCCESS. dag_id=dag_scrap_biobio_v16, task_id=initializeTask, execution_date=20230711T000000, start_date=20230712T042540, end_date=20230712T042540
[2023-07-12T04:25:40.241+0000] {local_task_job_runner.py:225} INFO - Task exited with return code 0
[2023-07-12T04:25:40.264+0000] {taskinstance.py:2653} INFO - 1 downstream tasks scheduled from follow-on schedule check
