[2023-06-30T02:01:39.891+0000] {taskinstance.py:1103} INFO - Dependencies all met for dep_context=non-requeueable deps ti=<TaskInstance: dag_with_postgres_operator_v03.create_postgres_table manual__2023-06-30T02:01:38.762893+00:00 [queued]>
[2023-06-30T02:01:39.897+0000] {taskinstance.py:1103} INFO - Dependencies all met for dep_context=requeueable deps ti=<TaskInstance: dag_with_postgres_operator_v03.create_postgres_table manual__2023-06-30T02:01:38.762893+00:00 [queued]>
[2023-06-30T02:01:39.897+0000] {taskinstance.py:1308} INFO - Starting attempt 1 of 6
[2023-06-30T02:01:39.908+0000] {taskinstance.py:1327} INFO - Executing <Task(PostgresOperator): create_postgres_table> on 2023-06-30 02:01:38.762893+00:00
[2023-06-30T02:01:39.912+0000] {standard_task_runner.py:57} INFO - Started process 419 to run task
[2023-06-30T02:01:39.914+0000] {standard_task_runner.py:84} INFO - Running: ['***', 'tasks', 'run', 'dag_with_postgres_operator_v03', 'create_postgres_table', 'manual__2023-06-30T02:01:38.762893+00:00', '--job-id', '75', '--raw', '--subdir', 'DAGS_FOLDER/dag_with_postgres_operator.py', '--cfg-path', '/tmp/tmp1s1xyyts']
[2023-06-30T02:01:39.914+0000] {standard_task_runner.py:85} INFO - Job 75: Subtask create_postgres_table
[2023-06-30T02:01:39.946+0000] {task_command.py:410} INFO - Running <TaskInstance: dag_with_postgres_operator_v03.create_postgres_table manual__2023-06-30T02:01:38.762893+00:00 [running]> on host 40ec38a36dc7
[2023-06-30T02:01:40.007+0000] {taskinstance.py:1547} INFO - Exporting env vars: AIRFLOW_CTX_DAG_OWNER='stare' AIRFLOW_CTX_DAG_ID='dag_with_postgres_operator_v03' AIRFLOW_CTX_TASK_ID='create_postgres_table' AIRFLOW_CTX_EXECUTION_DATE='2023-06-30T02:01:38.762893+00:00' AIRFLOW_CTX_TRY_NUMBER='1' AIRFLOW_CTX_DAG_RUN_ID='manual__2023-06-30T02:01:38.762893+00:00'
[2023-06-30T02:01:40.008+0000] {sql.py:265} INFO - Executing: 
            create table if not exists dag_runs (
                dt date,
                dag_id character varying,
                primary key (dt, dag_id)

            )
        
[2023-06-30T02:01:40.013+0000] {base.py:73} INFO - Using connection ID 'postgres_localhost' for task execution.
[2023-06-30T02:01:40.061+0000] {base.py:73} INFO - Using connection ID 'postgres_localhost' for task execution.
[2023-06-30T02:01:40.063+0000] {sql.py:375} INFO - Running statement: 
            create table if not exists dag_runs (
                dt date,
                dag_id character varying,
                primary key (dt, dag_id)

            )
        , parameters: None
[2023-06-30T02:01:40.070+0000] {taskinstance.py:1350} INFO - Marking task as SUCCESS. dag_id=dag_with_postgres_operator_v03, task_id=create_postgres_table, execution_date=20230630T020138, start_date=20230630T020139, end_date=20230630T020140
[2023-06-30T02:01:40.086+0000] {local_task_job_runner.py:225} INFO - Task exited with return code 0
[2023-06-30T02:01:40.107+0000] {taskinstance.py:2653} INFO - 1 downstream tasks scheduled from follow-on schedule check
