[2023-07-10T14:56:28.233+0000] {taskinstance.py:1103} INFO - Dependencies all met for dep_context=non-requeueable deps ti=<TaskInstance: dag_scrap_biobio_v13.scrap_data manual__2023-07-10T14:56:26.362894+00:00 [queued]>
[2023-07-10T14:56:28.239+0000] {taskinstance.py:1103} INFO - Dependencies all met for dep_context=requeueable deps ti=<TaskInstance: dag_scrap_biobio_v13.scrap_data manual__2023-07-10T14:56:26.362894+00:00 [queued]>
[2023-07-10T14:56:28.239+0000] {taskinstance.py:1308} INFO - Starting attempt 1 of 1
[2023-07-10T14:56:28.249+0000] {taskinstance.py:1327} INFO - Executing <Task(_PythonDecoratedOperator): scrap_data> on 2023-07-10 14:56:26.362894+00:00
[2023-07-10T14:56:28.253+0000] {standard_task_runner.py:57} INFO - Started process 1378 to run task
[2023-07-10T14:56:28.256+0000] {standard_task_runner.py:84} INFO - Running: ['***', 'tasks', 'run', 'dag_scrap_biobio_v13', 'scrap_data', 'manual__2023-07-10T14:56:26.362894+00:00', '--job-id', '166', '--raw', '--subdir', 'DAGS_FOLDER/dag_scrap_biobio.py', '--cfg-path', '/tmp/tmp3m5u4ch2']
[2023-07-10T14:56:28.256+0000] {standard_task_runner.py:85} INFO - Job 166: Subtask scrap_data
[2023-07-10T14:56:28.288+0000] {task_command.py:410} INFO - Running <TaskInstance: dag_scrap_biobio_v13.scrap_data manual__2023-07-10T14:56:26.362894+00:00 [running]> on host 3371e7602d27
[2023-07-10T14:56:28.346+0000] {taskinstance.py:1547} INFO - Exporting env vars: AIRFLOW_CTX_DAG_OWNER='***' AIRFLOW_CTX_DAG_ID='dag_scrap_biobio_v13' AIRFLOW_CTX_TASK_ID='scrap_data' AIRFLOW_CTX_EXECUTION_DATE='2023-07-10T14:56:26.362894+00:00' AIRFLOW_CTX_TRY_NUMBER='1' AIRFLOW_CTX_DAG_RUN_ID='manual__2023-07-10T14:56:26.362894+00:00'
[2023-07-10T14:56:28.784+0000] {taskinstance.py:1824} ERROR - Task failed with exception
Traceback (most recent call last):
  File "/home/airflow/.local/lib/python3.7/site-packages/airflow/decorators/base.py", line 220, in execute
    return_value = super().execute(context)
  File "/home/airflow/.local/lib/python3.7/site-packages/airflow/operators/python.py", line 181, in execute
    return_value = self.execute_callable()
  File "/home/airflow/.local/lib/python3.7/site-packages/airflow/operators/python.py", line 198, in execute_callable
    return self.python_callable(*self.op_args, **self.op_kwargs)
  File "/opt/airflow/dags/dag_scrap_biobio.py", line 111, in scrapData
    from pyspark.sql import SparkSession
ModuleNotFoundError: No module named 'pyspark'
[2023-07-10T14:56:28.790+0000] {taskinstance.py:1350} INFO - Marking task as FAILED. dag_id=dag_scrap_biobio_v13, task_id=scrap_data, execution_date=20230710T145626, start_date=20230710T145628, end_date=20230710T145628
[2023-07-10T14:56:28.802+0000] {standard_task_runner.py:109} ERROR - Failed to execute job 166 for task scrap_data (No module named 'pyspark'; 1378)
[2023-07-10T14:56:28.829+0000] {local_task_job_runner.py:225} INFO - Task exited with return code 1
[2023-07-10T14:56:28.846+0000] {taskinstance.py:2653} INFO - 0 downstream tasks scheduled from follow-on schedule check
