[2023-07-01T05:42:05.933+0000] {taskinstance.py:1103} INFO - Dependencies all met for dep_context=non-requeueable deps ti=<TaskInstance: dag_with_python_deps_4.get_sklearn manual__2023-07-01T05:38:03.472901+00:00 [queued]>
[2023-07-01T05:42:05.939+0000] {taskinstance.py:1103} INFO - Dependencies all met for dep_context=requeueable deps ti=<TaskInstance: dag_with_python_deps_4.get_sklearn manual__2023-07-01T05:38:03.472901+00:00 [queued]>
[2023-07-01T05:42:05.939+0000] {taskinstance.py:1308} INFO - Starting attempt 3 of 6
[2023-07-01T05:42:05.949+0000] {taskinstance.py:1327} INFO - Executing <Task(PythonOperator): get_sklearn> on 2023-07-01 05:38:03.472901+00:00
[2023-07-01T05:42:05.954+0000] {standard_task_runner.py:57} INFO - Started process 6034 to run task
[2023-07-01T05:42:05.957+0000] {standard_task_runner.py:84} INFO - Running: ['***', 'tasks', 'run', 'dag_with_python_deps_4', 'get_sklearn', 'manual__2023-07-01T05:38:03.472901+00:00', '--job-id', '180', '--raw', '--subdir', 'DAGS_FOLDER/dag_with_python_deps.py', '--cfg-path', '/tmp/tmpea765vg4']
[2023-07-01T05:42:05.957+0000] {standard_task_runner.py:85} INFO - Job 180: Subtask get_sklearn
[2023-07-01T05:42:05.991+0000] {task_command.py:410} INFO - Running <TaskInstance: dag_with_python_deps_4.get_sklearn manual__2023-07-01T05:38:03.472901+00:00 [running]> on host 111d544596aa
[2023-07-01T05:42:06.052+0000] {taskinstance.py:1547} INFO - Exporting env vars: AIRFLOW_CTX_DAG_OWNER='stare' AIRFLOW_CTX_DAG_ID='dag_with_python_deps_4' AIRFLOW_CTX_TASK_ID='get_sklearn' AIRFLOW_CTX_EXECUTION_DATE='2023-07-01T05:38:03.472901+00:00' AIRFLOW_CTX_TRY_NUMBER='3' AIRFLOW_CTX_DAG_RUN_ID='manual__2023-07-01T05:38:03.472901+00:00'
[2023-07-01T05:42:06.053+0000] {logging_mixin.py:149} INFO - Python version
[2023-07-01T05:42:06.053+0000] {logging_mixin.py:149} INFO - 3.7.17 (default, Jun 14 2023, 19:27:38) 
[GCC 10.2.1 20210110]
[2023-07-01T05:42:06.053+0000] {logging_mixin.py:149} INFO - Version info.
[2023-07-01T05:42:06.053+0000] {logging_mixin.py:149} INFO - sys.version_info(major=3, minor=7, micro=17, releaselevel='final', serial=0)
[2023-07-01T05:42:06.053+0000] {taskinstance.py:1824} ERROR - Task failed with exception
Traceback (most recent call last):
  File "/home/airflow/.local/lib/python3.7/site-packages/airflow/operators/python.py", line 181, in execute
    return_value = self.execute_callable()
  File "/home/airflow/.local/lib/python3.7/site-packages/airflow/operators/python.py", line 198, in execute_callable
    return self.python_callable(*self.op_args, **self.op_kwargs)
  File "/opt/airflow/dags/dag_with_python_deps.py", line 18, in get_sklearn
    import sklearn
ModuleNotFoundError: No module named 'sklearn'
[2023-07-01T05:42:06.102+0000] {taskinstance.py:1350} INFO - Marking task as UP_FOR_RETRY. dag_id=dag_with_python_deps_4, task_id=get_sklearn, execution_date=20230701T053803, start_date=20230701T054205, end_date=20230701T054206
[2023-07-01T05:42:06.110+0000] {standard_task_runner.py:109} ERROR - Failed to execute job 180 for task get_sklearn (No module named 'sklearn'; 6034)
[2023-07-01T05:42:06.128+0000] {local_task_job_runner.py:225} INFO - Task exited with return code 1
[2023-07-01T05:42:06.144+0000] {taskinstance.py:2653} INFO - 0 downstream tasks scheduled from follow-on schedule check
