[2023-07-02T18:49:32.058+0000] {taskinstance.py:1103} INFO - Dependencies all met for dep_context=non-requeueable deps ti=<TaskInstance: python_scrap_data_dag.virtualenv_python manual__2023-07-02T18:49:31.466866+00:00 [queued]>
[2023-07-02T18:49:32.065+0000] {taskinstance.py:1103} INFO - Dependencies all met for dep_context=requeueable deps ti=<TaskInstance: python_scrap_data_dag.virtualenv_python manual__2023-07-02T18:49:31.466866+00:00 [queued]>
[2023-07-02T18:49:32.065+0000] {taskinstance.py:1308} INFO - Starting attempt 1 of 1
[2023-07-02T18:49:32.078+0000] {taskinstance.py:1327} INFO - Executing <Task(_PythonVirtualenvDecoratedOperator): virtualenv_python> on 2023-07-02 18:49:31.466866+00:00
[2023-07-02T18:49:32.083+0000] {standard_task_runner.py:57} INFO - Started process 3852 to run task
[2023-07-02T18:49:32.085+0000] {standard_task_runner.py:84} INFO - Running: ['***', 'tasks', 'run', 'python_scrap_data_dag', 'virtualenv_python', 'manual__2023-07-02T18:49:31.466866+00:00', '--job-id', '20', '--raw', '--subdir', 'DAGS_FOLDER/scrap_data.py', '--cfg-path', '/tmp/tmpc2uncn4b']
[2023-07-02T18:49:32.085+0000] {standard_task_runner.py:85} INFO - Job 20: Subtask virtualenv_python
[2023-07-02T18:49:32.123+0000] {task_command.py:410} INFO - Running <TaskInstance: python_scrap_data_dag.virtualenv_python manual__2023-07-02T18:49:31.466866+00:00 [running]> on host d409bdcb9602
[2023-07-02T18:49:32.192+0000] {taskinstance.py:1547} INFO - Exporting env vars: AIRFLOW_CTX_DAG_OWNER='***' AIRFLOW_CTX_DAG_ID='python_scrap_data_dag' AIRFLOW_CTX_TASK_ID='virtualenv_python' AIRFLOW_CTX_EXECUTION_DATE='2023-07-02T18:49:31.466866+00:00' AIRFLOW_CTX_TRY_NUMBER='1' AIRFLOW_CTX_DAG_RUN_ID='manual__2023-07-02T18:49:31.466866+00:00'
[2023-07-02T18:49:32.193+0000] {process_utils.py:181} INFO - Executing cmd: /usr/local/bin/python -m virtualenv /tmp/venv2xw2l74o
[2023-07-02T18:49:32.199+0000] {process_utils.py:185} INFO - Output:
[2023-07-02T18:49:32.913+0000] {process_utils.py:189} INFO - created virtual environment CPython3.7.17.final.0-64 in 162ms
[2023-07-02T18:49:32.913+0000] {process_utils.py:189} INFO -   creator CPython3Posix(dest=/tmp/venv2xw2l74o, clear=False, no_vcs_ignore=False, global=False)
[2023-07-02T18:49:32.913+0000] {process_utils.py:189} INFO -   seeder FromAppData(download=False, pip=bundle, setuptools=bundle, wheel=bundle, via=copy, app_data_dir=/home/***/.local/share/virtualenv)
[2023-07-02T18:49:32.914+0000] {process_utils.py:189} INFO -     added seed packages: pip==23.1, setuptools==67.6.1, wheel==0.40.0
[2023-07-02T18:49:32.914+0000] {process_utils.py:189} INFO -   activators BashActivator,CShellActivator,FishActivator,NushellActivator,PowerShellActivator,PythonActivator
[2023-07-02T18:49:32.940+0000] {process_utils.py:181} INFO - Executing cmd: /tmp/venv2xw2l74o/bin/pip install -r /tmp/venv2xw2l74o/requirements.txt
[2023-07-02T18:49:32.949+0000] {process_utils.py:185} INFO - Output:
[2023-07-02T18:49:34.332+0000] {process_utils.py:189} INFO - Collecting scikit-learn==0.24 (from -r /tmp/venv2xw2l74o/requirements.txt (line 1))
[2023-07-02T18:49:34.604+0000] {process_utils.py:189} INFO -   Downloading scikit_learn-0.24.0-cp37-cp37m-manylinux2010_x86_64.whl (22.3 MB)
[2023-07-02T18:49:44.101+0000] {process_utils.py:189} INFO -      ━━━━━━━━━━━━━━━━━━━━━━━━━━━━━━━━━━━━━━━━ 22.3/22.3 MB 1.5 MB/s eta 0:00:00
[2023-07-02T18:49:44.948+0000] {process_utils.py:189} INFO - Collecting numpy>=1.13.3 (from scikit-learn==0.24->-r /tmp/venv2xw2l74o/requirements.txt (line 1))
[2023-07-02T18:49:44.998+0000] {process_utils.py:189} INFO -   Downloading numpy-1.21.6-cp37-cp37m-manylinux_2_12_x86_64.manylinux2010_x86_64.whl (15.7 MB)
[2023-07-02T18:49:47.735+0000] {process_utils.py:189} INFO -      ━━━━━━━━━━━━━━━━━━━━━━━━━━━━━━━━━━━━━━━━ 15.7/15.7 MB 3.9 MB/s eta 0:00:00
[2023-07-02T18:49:48.427+0000] {process_utils.py:189} INFO - Collecting scipy>=0.19.1 (from scikit-learn==0.24->-r /tmp/venv2xw2l74o/requirements.txt (line 1))
[2023-07-02T18:49:48.489+0000] {process_utils.py:189} INFO -   Downloading scipy-1.7.3-cp37-cp37m-manylinux_2_12_x86_64.manylinux2010_x86_64.whl (38.1 MB)
[2023-07-02T18:49:51.835+0000] {process_utils.py:189} INFO -      ━━━━━━━━━━━━━━━━━━━━━━━━━━━━━━━━━━━━━━━━ 38.1/38.1 MB 3.7 MB/s eta 0:00:00
[2023-07-02T18:49:52.085+0000] {process_utils.py:189} INFO - Collecting joblib>=0.11 (from scikit-learn==0.24->-r /tmp/venv2xw2l74o/requirements.txt (line 1))
[2023-07-02T18:49:52.141+0000] {process_utils.py:189} INFO -   Downloading joblib-1.3.1-py3-none-any.whl (301 kB)
[2023-07-02T18:49:52.149+0000] {process_utils.py:189} INFO -      ━━━━━━━━━━━━━━━━━━━━━━━━━━━━━━━━━━━━━━ 302.0/302.0 kB 51.5 MB/s eta 0:00:00
[2023-07-02T18:49:52.319+0000] {process_utils.py:189} INFO - Collecting threadpoolctl>=2.0.0 (from scikit-learn==0.24->-r /tmp/venv2xw2l74o/requirements.txt (line 1))
[2023-07-02T18:49:52.357+0000] {process_utils.py:189} INFO -   Downloading threadpoolctl-3.1.0-py3-none-any.whl (14 kB)
[2023-07-02T18:49:52.497+0000] {process_utils.py:189} INFO - Installing collected packages: threadpoolctl, numpy, joblib, scipy, scikit-learn
[2023-07-02T18:49:57.129+0000] {process_utils.py:189} INFO - Successfully installed joblib-1.3.1 numpy-1.21.6 scikit-learn-0.24.0 scipy-1.7.3 threadpoolctl-3.1.0
[2023-07-02T18:49:57.289+0000] {process_utils.py:189} INFO - 
[2023-07-02T18:49:57.290+0000] {process_utils.py:189} INFO - [notice] A new release of pip is available: 23.1 -> 23.1.2
[2023-07-02T18:49:57.290+0000] {process_utils.py:189} INFO - [notice] To update, run: python -m pip install --upgrade pip
[2023-07-02T18:49:57.393+0000] {process_utils.py:181} INFO - Executing cmd: /tmp/venv2xw2l74o/bin/python /tmp/venv2xw2l74o/script.py /tmp/venv2xw2l74o/script.in /tmp/venv2xw2l74o/script.out /tmp/venv2xw2l74o/string_args.txt
[2023-07-02T18:49:57.407+0000] {process_utils.py:185} INFO - Output:
[2023-07-02T18:49:58.119+0000] {process_utils.py:189} INFO - 0.24.0
[2023-07-02T18:49:58.300+0000] {python.py:183} INFO - Done. Returned value was: None
[2023-07-02T18:49:58.309+0000] {taskinstance.py:1350} INFO - Marking task as SUCCESS. dag_id=python_scrap_data_dag, task_id=virtualenv_python, execution_date=20230702T184931, start_date=20230702T184932, end_date=20230702T184958
[2023-07-02T18:49:58.349+0000] {local_task_job_runner.py:225} INFO - Task exited with return code 0
[2023-07-02T18:49:58.362+0000] {taskinstance.py:2653} INFO - 0 downstream tasks scheduled from follow-on schedule check
