[2023-07-08T00:21:55.274+0000] {taskinstance.py:1103} INFO - Dependencies all met for dep_context=non-requeueable deps ti=<TaskInstance: dag_scrap_biobio_v12.scrap_data manual__2023-07-08T00:21:53.437160+00:00 [queued]>
[2023-07-08T00:21:55.281+0000] {taskinstance.py:1103} INFO - Dependencies all met for dep_context=requeueable deps ti=<TaskInstance: dag_scrap_biobio_v12.scrap_data manual__2023-07-08T00:21:53.437160+00:00 [queued]>
[2023-07-08T00:21:55.281+0000] {taskinstance.py:1308} INFO - Starting attempt 1 of 1
[2023-07-08T00:21:55.291+0000] {taskinstance.py:1327} INFO - Executing <Task(_PythonVirtualenvDecoratedOperator): scrap_data> on 2023-07-08 00:21:53.437160+00:00
[2023-07-08T00:21:55.296+0000] {standard_task_runner.py:57} INFO - Started process 2591 to run task
[2023-07-08T00:21:55.298+0000] {standard_task_runner.py:84} INFO - Running: ['***', 'tasks', 'run', 'dag_scrap_biobio_v12', 'scrap_data', 'manual__2023-07-08T00:21:53.437160+00:00', '--job-id', '133', '--raw', '--subdir', 'DAGS_FOLDER/dag_scrap_biobio.py', '--cfg-path', '/tmp/tmpl9l2i3zj']
[2023-07-08T00:21:55.298+0000] {standard_task_runner.py:85} INFO - Job 133: Subtask scrap_data
[2023-07-08T00:21:55.328+0000] {task_command.py:410} INFO - Running <TaskInstance: dag_scrap_biobio_v12.scrap_data manual__2023-07-08T00:21:53.437160+00:00 [running]> on host 3371e7602d27
[2023-07-08T00:21:55.385+0000] {taskinstance.py:1547} INFO - Exporting env vars: AIRFLOW_CTX_DAG_OWNER='***' AIRFLOW_CTX_DAG_ID='dag_scrap_biobio_v12' AIRFLOW_CTX_TASK_ID='scrap_data' AIRFLOW_CTX_EXECUTION_DATE='2023-07-08T00:21:53.437160+00:00' AIRFLOW_CTX_TRY_NUMBER='1' AIRFLOW_CTX_DAG_RUN_ID='manual__2023-07-08T00:21:53.437160+00:00'
[2023-07-08T00:21:55.386+0000] {process_utils.py:181} INFO - Executing cmd: /usr/local/bin/python -m virtualenv /tmp/venvoaqnhflz
[2023-07-08T00:21:55.393+0000] {process_utils.py:185} INFO - Output:
[2023-07-08T00:21:56.112+0000] {process_utils.py:189} INFO - created virtual environment CPython3.7.17.final.0-64 in 179ms
[2023-07-08T00:21:56.112+0000] {process_utils.py:189} INFO -   creator CPython3Posix(dest=/tmp/venvoaqnhflz, clear=False, no_vcs_ignore=False, global=False)
[2023-07-08T00:21:56.112+0000] {process_utils.py:189} INFO -   seeder FromAppData(download=False, pip=bundle, setuptools=bundle, wheel=bundle, via=copy, app_data_dir=/home/***/.local/share/virtualenv)
[2023-07-08T00:21:56.113+0000] {process_utils.py:189} INFO -     added seed packages: pip==23.1, setuptools==67.6.1, wheel==0.40.0
[2023-07-08T00:21:56.113+0000] {process_utils.py:189} INFO -   activators BashActivator,CShellActivator,FishActivator,NushellActivator,PowerShellActivator,PythonActivator
[2023-07-08T00:21:56.145+0000] {process_utils.py:181} INFO - Executing cmd: /tmp/venvoaqnhflz/bin/pip install -r /tmp/venvoaqnhflz/requirements.txt
[2023-07-08T00:21:56.154+0000] {process_utils.py:185} INFO - Output:
[2023-07-08T00:21:57.036+0000] {process_utils.py:189} INFO - WARNING: The directory '/home/***/.cache/pip' or its parent directory is not owned or is not writable by the current user. The cache has been disabled. Check the permissions and owner of that directory. If executing pip with sudo, you should use sudo's -H flag.
[2023-07-08T00:21:57.303+0000] {process_utils.py:189} INFO - Collecting selenium (from -r /tmp/venvoaqnhflz/requirements.txt (line 1))
[2023-07-08T00:21:57.430+0000] {process_utils.py:189} INFO -   Downloading selenium-4.10.0-py3-none-any.whl (6.7 MB)
[2023-07-08T00:21:57.634+0000] {process_utils.py:189} INFO -      ━━━━━━━━━━━━━━━━━━━━━━━━━━━━━━━━━━━━━━━━ 6.7/6.7 MB 33.2 MB/s eta 0:00:00
[2023-07-08T00:21:57.687+0000] {process_utils.py:189} INFO - Collecting dateparser (from -r /tmp/venvoaqnhflz/requirements.txt (line 2))
[2023-07-08T00:21:57.714+0000] {process_utils.py:189} INFO -   Downloading dateparser-1.1.8-py2.py3-none-any.whl (293 kB)
[2023-07-08T00:21:57.720+0000] {process_utils.py:189} INFO -      ━━━━━━━━━━━━━━━━━━━━━━━━━━━━━━━━━━━━━━ 293.8/293.8 kB 60.4 MB/s eta 0:00:00
[2023-07-08T00:21:57.817+0000] {process_utils.py:189} INFO - Collecting urllib3[socks]<3,>=1.26 (from selenium->-r /tmp/venvoaqnhflz/requirements.txt (line 1))
[2023-07-08T00:21:57.842+0000] {process_utils.py:189} INFO -   Downloading urllib3-2.0.3-py3-none-any.whl (123 kB)
[2023-07-08T00:21:57.847+0000] {process_utils.py:189} INFO -      ━━━━━━━━━━━━━━━━━━━━━━━━━━━━━━━━━━━━━━ 123.6/123.6 kB 71.4 MB/s eta 0:00:00
[2023-07-08T00:21:57.904+0000] {process_utils.py:189} INFO - Collecting trio~=0.17 (from selenium->-r /tmp/venvoaqnhflz/requirements.txt (line 1))
[2023-07-08T00:21:57.933+0000] {process_utils.py:189} INFO -   Downloading trio-0.22.1-py3-none-any.whl (399 kB)
[2023-07-08T00:21:57.943+0000] {process_utils.py:189} INFO -      ━━━━━━━━━━━━━━━━━━━━━━━━━━━━━━━━━━━━━━ 399.3/399.3 kB 59.5 MB/s eta 0:00:00
[2023-07-08T00:21:57.986+0000] {process_utils.py:189} INFO - Collecting trio-websocket~=0.9 (from selenium->-r /tmp/venvoaqnhflz/requirements.txt (line 1))
[2023-07-08T00:21:58.008+0000] {process_utils.py:189} INFO -   Downloading trio_websocket-0.10.3-py3-none-any.whl (17 kB)
[2023-07-08T00:21:58.062+0000] {process_utils.py:189} INFO - Collecting certifi>=2021.10.8 (from selenium->-r /tmp/venvoaqnhflz/requirements.txt (line 1))
[2023-07-08T00:21:58.087+0000] {process_utils.py:189} INFO -   Downloading certifi-2023.5.7-py3-none-any.whl (156 kB)
[2023-07-08T00:21:58.092+0000] {process_utils.py:189} INFO -      ━━━━━━━━━━━━━━━━━━━━━━━━━━━━━━━━━━━━━━ 157.0/157.0 kB 92.5 MB/s eta 0:00:00
[2023-07-08T00:21:58.161+0000] {process_utils.py:189} INFO - Collecting python-dateutil (from dateparser->-r /tmp/venvoaqnhflz/requirements.txt (line 2))
[2023-07-08T00:21:58.188+0000] {process_utils.py:189} INFO -   Downloading python_dateutil-2.8.2-py2.py3-none-any.whl (247 kB)
[2023-07-08T00:21:58.196+0000] {process_utils.py:189} INFO -      ━━━━━━━━━━━━━━━━━━━━━━━━━━━━━━━━━━━━━━ 247.7/247.7 kB 45.0 MB/s eta 0:00:00
[2023-07-08T00:21:58.313+0000] {process_utils.py:189} INFO - Collecting pytz (from dateparser->-r /tmp/venvoaqnhflz/requirements.txt (line 2))
[2023-07-08T00:21:58.340+0000] {process_utils.py:189} INFO -   Downloading pytz-2023.3-py2.py3-none-any.whl (502 kB)
[2023-07-08T00:21:58.355+0000] {process_utils.py:189} INFO -      ━━━━━━━━━━━━━━━━━━━━━━━━━━━━━━━━━━━━━━ 502.3/502.3 kB 38.9 MB/s eta 0:00:00
[2023-07-08T00:21:59.105+0000] {process_utils.py:189} INFO - Collecting regex!=2019.02.19,!=2021.8.27 (from dateparser->-r /tmp/venvoaqnhflz/requirements.txt (line 2))
[2023-07-08T00:21:59.134+0000] {process_utils.py:189} INFO -   Downloading regex-2023.6.3-cp37-cp37m-manylinux_2_17_x86_64.manylinux2014_x86_64.whl (755 kB)
[2023-07-08T00:21:59.153+0000] {process_utils.py:189} INFO -      ━━━━━━━━━━━━━━━━━━━━━━━━━━━━━━━━━━━━━━ 755.7/755.7 kB 42.5 MB/s eta 0:00:00
[2023-07-08T00:21:59.194+0000] {process_utils.py:189} INFO - Collecting tzlocal (from dateparser->-r /tmp/venvoaqnhflz/requirements.txt (line 2))
[2023-07-08T00:21:59.215+0000] {process_utils.py:189} INFO -   Downloading tzlocal-5.0.1-py3-none-any.whl (20 kB)
[2023-07-08T00:21:59.264+0000] {process_utils.py:189} INFO - Collecting attrs>=20.1.0 (from trio~=0.17->selenium->-r /tmp/venvoaqnhflz/requirements.txt (line 1))
[2023-07-08T00:21:59.298+0000] {process_utils.py:189} INFO -   Downloading attrs-23.1.0-py3-none-any.whl (61 kB)
[2023-07-08T00:21:59.302+0000] {process_utils.py:189} INFO -      ━━━━━━━━━━━━━━━━━━━━━━━━━━━━━━━━━━━━━━━━ 61.2/61.2 kB 27.5 MB/s eta 0:00:00
[2023-07-08T00:21:59.341+0000] {process_utils.py:189} INFO - Collecting sortedcontainers (from trio~=0.17->selenium->-r /tmp/venvoaqnhflz/requirements.txt (line 1))
[2023-07-08T00:21:59.362+0000] {process_utils.py:189} INFO -   Downloading sortedcontainers-2.4.0-py2.py3-none-any.whl (29 kB)
[2023-07-08T00:21:59.402+0000] {process_utils.py:189} INFO - Collecting idna (from trio~=0.17->selenium->-r /tmp/venvoaqnhflz/requirements.txt (line 1))
[2023-07-08T00:21:59.423+0000] {process_utils.py:189} INFO -   Downloading idna-3.4-py3-none-any.whl (61 kB)
[2023-07-08T00:21:59.427+0000] {process_utils.py:189} INFO -      ━━━━━━━━━━━━━━━━━━━━━━━━━━━━━━━━━━━━━━━━ 61.5/61.5 kB 27.7 MB/s eta 0:00:00
[2023-07-08T00:21:59.461+0000] {process_utils.py:189} INFO - Collecting outcome (from trio~=0.17->selenium->-r /tmp/venvoaqnhflz/requirements.txt (line 1))
[2023-07-08T00:21:59.482+0000] {process_utils.py:189} INFO -   Downloading outcome-1.2.0-py2.py3-none-any.whl (9.7 kB)
[2023-07-08T00:21:59.514+0000] {process_utils.py:189} INFO - Collecting sniffio (from trio~=0.17->selenium->-r /tmp/venvoaqnhflz/requirements.txt (line 1))
[2023-07-08T00:21:59.535+0000] {process_utils.py:189} INFO -   Downloading sniffio-1.3.0-py3-none-any.whl (10 kB)
[2023-07-08T00:21:59.584+0000] {process_utils.py:189} INFO - Collecting exceptiongroup>=1.0.0rc9 (from trio~=0.17->selenium->-r /tmp/venvoaqnhflz/requirements.txt (line 1))
[2023-07-08T00:21:59.615+0000] {process_utils.py:189} INFO -   Downloading exceptiongroup-1.1.2-py3-none-any.whl (14 kB)
[2023-07-08T00:21:59.665+0000] {process_utils.py:189} INFO - Collecting wsproto>=0.14 (from trio-websocket~=0.9->selenium->-r /tmp/venvoaqnhflz/requirements.txt (line 1))
[2023-07-08T00:21:59.692+0000] {process_utils.py:189} INFO -   Downloading wsproto-1.2.0-py3-none-any.whl (24 kB)
[2023-07-08T00:21:59.744+0000] {process_utils.py:189} INFO - Collecting pysocks!=1.5.7,<2.0,>=1.5.6 (from urllib3[socks]<3,>=1.26->selenium->-r /tmp/venvoaqnhflz/requirements.txt (line 1))
[2023-07-08T00:21:59.769+0000] {process_utils.py:189} INFO -   Downloading PySocks-1.7.1-py3-none-any.whl (16 kB)
[2023-07-08T00:21:59.811+0000] {process_utils.py:189} INFO - Collecting six>=1.5 (from python-dateutil->dateparser->-r /tmp/venvoaqnhflz/requirements.txt (line 2))
[2023-07-08T00:21:59.836+0000] {process_utils.py:189} INFO -   Downloading six-1.16.0-py2.py3-none-any.whl (11 kB)
[2023-07-08T00:21:59.898+0000] {process_utils.py:189} INFO - Collecting backports.zoneinfo (from tzlocal->dateparser->-r /tmp/venvoaqnhflz/requirements.txt (line 2))
[2023-07-08T00:21:59.920+0000] {process_utils.py:189} INFO -   Downloading backports.zoneinfo-0.2.1-cp37-cp37m-manylinux1_x86_64.whl (70 kB)
[2023-07-08T00:21:59.924+0000] {process_utils.py:189} INFO -      ━━━━━━━━━━━━━━━━━━━━━━━━━━━━━━━━━━━━━━━━ 70.7/70.7 kB 57.0 MB/s eta 0:00:00
[2023-07-08T00:22:00.039+0000] {process_utils.py:189} INFO - Collecting importlib-metadata (from attrs>=20.1.0->trio~=0.17->selenium->-r /tmp/venvoaqnhflz/requirements.txt (line 1))
[2023-07-08T00:22:00.064+0000] {process_utils.py:189} INFO -   Downloading importlib_metadata-6.7.0-py3-none-any.whl (22 kB)
[2023-07-08T00:22:00.115+0000] {process_utils.py:189} INFO - Collecting h11<1,>=0.9.0 (from wsproto>=0.14->trio-websocket~=0.9->selenium->-r /tmp/venvoaqnhflz/requirements.txt (line 1))
[2023-07-08T00:22:00.142+0000] {process_utils.py:189} INFO -   Downloading h11-0.14.0-py3-none-any.whl (58 kB)
[2023-07-08T00:22:00.146+0000] {process_utils.py:189} INFO -      ━━━━━━━━━━━━━━━━━━━━━━━━━━━━━━━━━━━━━━━━ 58.3/58.3 kB 34.6 MB/s eta 0:00:00
[2023-07-08T00:22:00.233+0000] {process_utils.py:189} INFO - Collecting typing-extensions (from h11<1,>=0.9.0->wsproto>=0.14->trio-websocket~=0.9->selenium->-r /tmp/venvoaqnhflz/requirements.txt (line 1))
[2023-07-08T00:22:00.257+0000] {process_utils.py:189} INFO -   Downloading typing_extensions-4.7.1-py3-none-any.whl (33 kB)
[2023-07-08T00:22:00.335+0000] {process_utils.py:189} INFO - Collecting zipp>=0.5 (from importlib-metadata->attrs>=20.1.0->trio~=0.17->selenium->-r /tmp/venvoaqnhflz/requirements.txt (line 1))
[2023-07-08T00:22:00.361+0000] {process_utils.py:189} INFO -   Downloading zipp-3.15.0-py3-none-any.whl (6.8 kB)
[2023-07-08T00:22:00.587+0000] {process_utils.py:189} INFO - Installing collected packages: sortedcontainers, pytz, zipp, urllib3, typing-extensions, sniffio, six, regex, pysocks, idna, exceptiongroup, certifi, backports.zoneinfo, tzlocal, python-dateutil, importlib-metadata, h11, wsproto, dateparser, attrs, outcome, trio, trio-websocket, selenium
[2023-07-08T00:22:02.218+0000] {process_utils.py:189} INFO - Successfully installed attrs-23.1.0 backports.zoneinfo-0.2.1 certifi-2023.5.7 dateparser-1.1.8 exceptiongroup-1.1.2 h11-0.14.0 idna-3.4 importlib-metadata-6.7.0 outcome-1.2.0 pysocks-1.7.1 python-dateutil-2.8.2 pytz-2023.3 regex-2023.6.3 selenium-4.10.0 six-1.16.0 sniffio-1.3.0 sortedcontainers-2.4.0 trio-0.22.1 trio-websocket-0.10.3 typing-extensions-4.7.1 tzlocal-5.0.1 urllib3-2.0.3 wsproto-1.2.0 zipp-3.15.0
[2023-07-08T00:22:02.372+0000] {process_utils.py:189} INFO - 
[2023-07-08T00:22:02.372+0000] {process_utils.py:189} INFO - [notice] A new release of pip is available: 23.1 -> 23.1.2
[2023-07-08T00:22:02.372+0000] {process_utils.py:189} INFO - [notice] To update, run: python -m pip install --upgrade pip
[2023-07-08T00:22:02.530+0000] {process_utils.py:181} INFO - Executing cmd: /tmp/venvoaqnhflz/bin/python /tmp/venvoaqnhflz/script.py /tmp/venvoaqnhflz/script.in /tmp/venvoaqnhflz/script.out /tmp/venvoaqnhflz/string_args.txt
[2023-07-08T00:22:02.542+0000] {process_utils.py:185} INFO - Output:
[2023-07-08T00:22:13.591+0000] {process_utils.py:189} INFO - 1) BROWSER OK
[2023-07-08T00:22:13.591+0000] {process_utils.py:189} INFO - 2) GET OK
[2023-07-08T00:22:13.591+0000] {process_utils.py:189} INFO - 3) BUTTON OK
[2023-07-08T00:22:13.592+0000] {process_utils.py:189} INFO - 4) CLICK OK
[2023-07-08T00:22:13.592+0000] {process_utils.py:189} INFO - 5) FETCH OK
[2023-07-08T00:22:13.592+0000] {process_utils.py:189} INFO - 6) FETCH 2 OK
[2023-07-08T00:22:13.592+0000] {process_utils.py:189} INFO - 4) CLICK OK
[2023-07-08T00:22:13.592+0000] {process_utils.py:189} INFO - 5) FETCH OK
[2023-07-08T00:22:13.592+0000] {process_utils.py:189} INFO - 6) FETCH 2 OK
[2023-07-08T00:22:13.592+0000] {process_utils.py:189} INFO - 4) CLICK OK
[2023-07-08T00:22:13.592+0000] {process_utils.py:189} INFO - 5) FETCH OK
[2023-07-08T00:22:13.592+0000] {process_utils.py:189} INFO - 6) FETCH 2 OK
[2023-07-08T00:22:13.592+0000] {process_utils.py:189} INFO - 4) CLICK OK
[2023-07-08T00:22:13.592+0000] {process_utils.py:189} INFO - 5) FETCH OK
[2023-07-08T00:22:13.593+0000] {process_utils.py:189} INFO - 6) FETCH 2 OK
[2023-07-08T00:22:13.593+0000] {process_utils.py:189} INFO - 4) CLICK OK
[2023-07-08T00:22:13.593+0000] {process_utils.py:189} INFO - 5) FETCH OK
[2023-07-08T00:22:13.593+0000] {process_utils.py:189} INFO - 6) FETCH 2 OK
[2023-07-08T00:22:13.593+0000] {process_utils.py:189} INFO - Loading data...
[2023-07-08T00:22:13.593+0000] {process_utils.py:189} INFO - INSEPECTING ELEMENT
[2023-07-08T00:22:13.593+0000] {process_utils.py:189} INFO - Access https://www.biobiochile.cl/noticias/nacional/region-de-valparaiso/2023/07/07/mas-de-1-500-vehiculos-cruzaron-la-frontera-tras-reapertura-parcial-del-paso-cristo-redentor.shtml
[2023-07-08T00:22:13.594+0000] {process_utils.py:189} INFO - POST ID 5714759
[2023-07-08T00:22:13.594+0000] {process_utils.py:189} INFO - ELEM  <selenium.webdriver.remote.webelement.WebElement (session="4e088ed5e70900916d25cc732a866517", element="C4C7807115497E773C8D677DDF1FCA1B_element_233")>
[2023-07-08T00:22:13.594+0000] {process_utils.py:189} INFO - IMG <selenium.webdriver.remote.webelement.WebElement (session="4e088ed5e70900916d25cc732a866517", element="C4C7807115497E773C8D677DDF1FCA1B_element_233")>
[2023-07-08T00:22:13.594+0000] {process_utils.py:189} INFO - HEADER La salida de más de 1.500 vehículos desde Chile hacia Argentina cifró el Gobierno en el primer día de la reapertura del paso internacional Sistema Integrado Cristo Redentor. Por su parte, desde Carabineros informaron que en esta primera jornada no se han presentado accidentes de tránsito en la ruta.
[2023-07-08T00:22:13.594+0000] {process_utils.py:189} INFO - DATE 2023-07-07 20:04:00
[2023-07-08T00:22:13.596+0000] {process_utils.py:189} INFO - SCRAPPED: La salida de más de 1.500 vehículos desde Chile hacia Argentina cifró el Gobierno en el primer día de la reapertura del paso internacional Sistema Integrado Cristo Redentor. Por su parte, desde Carabineros informaron que en esta primera jornada no se han presentado accidentes de tránsito en la ruta. Región de Valparaíso Cerca de las 8 de la mañana de este viernes se realizó la reapertura del paso internacional Sistema Integrado Cristo Redentor. La Delegación Presidencial de Valparaíso informó que -al menos hasta el mediodía- se registró la salida de alrededor de 1.500 vehículos desde Chile hacia Argentina. Recordemos que esta es una apertura parcial, en la que el tránsito vehicular será distribuido de distintas maneras en los próximos días. En la primera jornada se habilitó el flujo para camiones, buses y automóviles. El delegado presidencial biprovincial de Los Andes-San Felipe, Cristian Aravena, señaló que el plan de contingencia en la zona ha funcionado, en sus palabras, de forma bastante expedita. Asimismo, el jefe de la Subcomisaría Fronteriza Los Libertadores, capitán Giovanni Tamburrino, afirmó que en esta primera jornada no se han presentado accidentes de tránsito. Por su parte, el seremi de Obras Públicas de la región de Valparaíso, Yanino Riquelme, consignó que en el lugar se están realizando los trabajos para habilitar de forma completa las pistas del paso fronterizo. Es importante señalar que la coordinadora argentina cifró en cerca de 6 mil los camiones que esperan ingresar a Chile desde el país trasandino. Además, desde el Ministerio de Obras Públicas informaron que se estiman 3 meses de trabajo en los puntos con mayor afectaciones en la ruta.
[2023-07-08T00:22:13.596+0000] {process_utils.py:189} INFO - Más de 1.500 vehículos cruzaron la frontera tras reapertura parcial del paso Cristo Redentor https://www.biobiochile.cl/noticias/nacional/region-de-valparaiso/2023/07/07/mas-de-1-500-vehiculos-cruzaron-la-frontera-tras-reapertura-parcial-del-paso-cristo-redentor.shtml
[2023-07-08T00:22:13.596+0000] {process_utils.py:189} INFO - INSEPECTING ELEMENT
[2023-07-08T00:22:13.596+0000] {process_utils.py:189} INFO - Traceback (most recent call last):
[2023-07-08T00:22:13.596+0000] {process_utils.py:189} INFO -   File "/tmp/venvoaqnhflz/script.py", line 165, in <module>
[2023-07-08T00:22:13.596+0000] {process_utils.py:189} INFO -     res = scrapData(*arg_dict["args"], **arg_dict["kwargs"])
[2023-07-08T00:22:13.597+0000] {process_utils.py:189} INFO -   File "/tmp/venvoaqnhflz/script.py", line 146, in scrapData
[2023-07-08T00:22:13.597+0000] {process_utils.py:189} INFO -     title = str(elem.find_element(By.CLASS_NAME, 'article-title').text)
[2023-07-08T00:22:13.597+0000] {process_utils.py:189} INFO -   File "/tmp/venvoaqnhflz/lib/python3.7/site-packages/selenium/webdriver/remote/webelement.py", line 417, in find_element
[2023-07-08T00:22:13.597+0000] {process_utils.py:189} INFO -     return self._execute(Command.FIND_CHILD_ELEMENT, {"using": by, "value": value})["value"]
[2023-07-08T00:22:13.597+0000] {process_utils.py:189} INFO -   File "/tmp/venvoaqnhflz/lib/python3.7/site-packages/selenium/webdriver/remote/webelement.py", line 395, in _execute
[2023-07-08T00:22:13.597+0000] {process_utils.py:189} INFO -     return self._parent.execute(command, params)
[2023-07-08T00:22:13.598+0000] {process_utils.py:189} INFO -   File "/tmp/venvoaqnhflz/lib/python3.7/site-packages/selenium/webdriver/remote/webdriver.py", line 346, in execute
[2023-07-08T00:22:13.598+0000] {process_utils.py:189} INFO -     self.error_handler.check_response(response)
[2023-07-08T00:22:13.598+0000] {process_utils.py:189} INFO -   File "/tmp/venvoaqnhflz/lib/python3.7/site-packages/selenium/webdriver/remote/errorhandler.py", line 245, in check_response
[2023-07-08T00:22:13.598+0000] {process_utils.py:189} INFO -     raise exception_class(message, screen, stacktrace)
[2023-07-08T00:22:13.598+0000] {process_utils.py:189} INFO - selenium.common.exceptions.StaleElementReferenceException: Message: stale element reference: stale element not found
[2023-07-08T00:22:13.598+0000] {process_utils.py:189} INFO -   (Session info: headless chrome=114.0.5735.106); For documentation on this error, please visit: https://www.selenium.dev/documentation/webdriver/troubleshooting/errors#stale-element-reference-exception
[2023-07-08T00:22:13.598+0000] {process_utils.py:189} INFO - Stacktrace:
[2023-07-08T00:22:13.599+0000] {process_utils.py:189} INFO - #0 0x55e42ab4c743 <unknown>
[2023-07-08T00:22:13.599+0000] {process_utils.py:189} INFO - #1 0x55e42a87c6ac <unknown>
[2023-07-08T00:22:13.599+0000] {process_utils.py:189} INFO - #2 0x55e42a88967c <unknown>
[2023-07-08T00:22:13.599+0000] {process_utils.py:189} INFO - #3 0x55e42a881074 <unknown>
[2023-07-08T00:22:13.599+0000] {process_utils.py:189} INFO - #4 0x55e42a880272 <unknown>
[2023-07-08T00:22:13.599+0000] {process_utils.py:189} INFO - #5 0x55e42a882235 <unknown>
[2023-07-08T00:22:13.599+0000] {process_utils.py:189} INFO - #6 0x55e42a882314 <unknown>
[2023-07-08T00:22:13.599+0000] {process_utils.py:189} INFO - #7 0x55e42a8b6e1b <unknown>
[2023-07-08T00:22:13.599+0000] {process_utils.py:189} INFO - #8 0x55e42a8b75f1 <unknown>
[2023-07-08T00:22:13.599+0000] {process_utils.py:189} INFO - #9 0x55e42a8adeb7 <unknown>
[2023-07-08T00:22:13.600+0000] {process_utils.py:189} INFO - #10 0x55e42a8d88ed <unknown>
[2023-07-08T00:22:13.600+0000] {process_utils.py:189} INFO - #11 0x55e42a8addca <unknown>
[2023-07-08T00:22:13.600+0000] {process_utils.py:189} INFO - #12 0x55e42a8d8b4e <unknown>
[2023-07-08T00:22:13.600+0000] {process_utils.py:189} INFO - #13 0x55e42a8efa21 <unknown>
[2023-07-08T00:22:13.600+0000] {process_utils.py:189} INFO - #14 0x55e42a8d8683 <unknown>
[2023-07-08T00:22:13.600+0000] {process_utils.py:189} INFO - #15 0x55e42a8abf63 <unknown>
[2023-07-08T00:22:13.600+0000] {process_utils.py:189} INFO - #16 0x55e42a8ad4d2 <unknown>
[2023-07-08T00:22:13.600+0000] {process_utils.py:189} INFO - #17 0x55e42ab1ace8 <unknown>
[2023-07-08T00:22:13.600+0000] {process_utils.py:189} INFO - #18 0x55e42ab1ea13 <unknown>
[2023-07-08T00:22:13.601+0000] {process_utils.py:189} INFO - #19 0x55e42ab1e4b6 <unknown>
[2023-07-08T00:22:13.601+0000] {process_utils.py:189} INFO - #20 0x55e42ab1eef5 <unknown>
[2023-07-08T00:22:13.601+0000] {process_utils.py:189} INFO - #21 0x55e42ab256e6 <unknown>
[2023-07-08T00:22:13.601+0000] {process_utils.py:189} INFO - #22 0x55e42ab1f273 <unknown>
[2023-07-08T00:22:13.601+0000] {process_utils.py:189} INFO - #23 0x55e42aaf49b6 <unknown>
[2023-07-08T00:22:13.601+0000] {process_utils.py:189} INFO - #24 0x55e42ab38be5 <unknown>
[2023-07-08T00:22:13.601+0000] {process_utils.py:189} INFO - #25 0x55e42ab38d8e <unknown>
[2023-07-08T00:22:13.601+0000] {process_utils.py:189} INFO - #26 0x55e42ab46aef <unknown>
[2023-07-08T00:22:13.601+0000] {process_utils.py:189} INFO - #27 0x7f64b7c51fd4 <unknown>
[2023-07-08T00:22:13.601+0000] {process_utils.py:189} INFO - 
[2023-07-08T00:22:13.684+0000] {taskinstance.py:1824} ERROR - Task failed with exception
Traceback (most recent call last):
  File "/home/airflow/.local/lib/python3.7/site-packages/airflow/decorators/base.py", line 220, in execute
    return_value = super().execute(context)
  File "/home/airflow/.local/lib/python3.7/site-packages/airflow/operators/python.py", line 374, in execute
    return super().execute(context=serializable_context)
  File "/home/airflow/.local/lib/python3.7/site-packages/airflow/operators/python.py", line 181, in execute
    return_value = self.execute_callable()
  File "/home/airflow/.local/lib/python3.7/site-packages/airflow/operators/python.py", line 578, in execute_callable
    result = self._execute_python_callable_in_subprocess(python_path, tmp_path)
  File "/home/airflow/.local/lib/python3.7/site-packages/airflow/operators/python.py", line 434, in _execute_python_callable_in_subprocess
    os.fspath(string_args_path),
  File "/home/airflow/.local/lib/python3.7/site-packages/airflow/utils/process_utils.py", line 170, in execute_in_subprocess
    execute_in_subprocess_with_kwargs(cmd, cwd=cwd)
  File "/home/airflow/.local/lib/python3.7/site-packages/airflow/utils/process_utils.py", line 193, in execute_in_subprocess_with_kwargs
    raise subprocess.CalledProcessError(exit_code, cmd)
subprocess.CalledProcessError: Command '['/tmp/venvoaqnhflz/bin/python', '/tmp/venvoaqnhflz/script.py', '/tmp/venvoaqnhflz/script.in', '/tmp/venvoaqnhflz/script.out', '/tmp/venvoaqnhflz/string_args.txt']' returned non-zero exit status 1.
[2023-07-08T00:22:13.691+0000] {taskinstance.py:1350} INFO - Marking task as FAILED. dag_id=dag_scrap_biobio_v12, task_id=scrap_data, execution_date=20230708T002153, start_date=20230708T002155, end_date=20230708T002213
[2023-07-08T00:22:13.702+0000] {standard_task_runner.py:109} ERROR - Failed to execute job 133 for task scrap_data (Command '['/tmp/venvoaqnhflz/bin/python', '/tmp/venvoaqnhflz/script.py', '/tmp/venvoaqnhflz/script.in', '/tmp/venvoaqnhflz/script.out', '/tmp/venvoaqnhflz/string_args.txt']' returned non-zero exit status 1.; 2591)
[2023-07-08T00:22:13.747+0000] {local_task_job_runner.py:225} INFO - Task exited with return code 1
[2023-07-08T00:22:13.766+0000] {taskinstance.py:2653} INFO - 0 downstream tasks scheduled from follow-on schedule check
