[2023-07-10T00:00:02.101+0000] {taskinstance.py:1103} INFO - Dependencies all met for dep_context=non-requeueable deps ti=<TaskInstance: dag_scrap_biobio_v12.scrap_data scheduled__2023-07-09T00:00:00+00:00 [queued]>
[2023-07-10T00:00:02.107+0000] {taskinstance.py:1103} INFO - Dependencies all met for dep_context=requeueable deps ti=<TaskInstance: dag_scrap_biobio_v12.scrap_data scheduled__2023-07-09T00:00:00+00:00 [queued]>
[2023-07-10T00:00:02.107+0000] {taskinstance.py:1308} INFO - Starting attempt 1 of 1
[2023-07-10T00:00:02.117+0000] {taskinstance.py:1327} INFO - Executing <Task(_PythonVirtualenvDecoratedOperator): scrap_data> on 2023-07-09 00:00:00+00:00
[2023-07-10T00:00:02.121+0000] {standard_task_runner.py:57} INFO - Started process 9712 to run task
[2023-07-10T00:00:02.123+0000] {standard_task_runner.py:84} INFO - Running: ['***', 'tasks', 'run', 'dag_scrap_biobio_v12', 'scrap_data', 'scheduled__2023-07-09T00:00:00+00:00', '--job-id', '147', '--raw', '--subdir', 'DAGS_FOLDER/dag_scrap_biobio.py', '--cfg-path', '/tmp/tmpx845gj02']
[2023-07-10T00:00:02.123+0000] {standard_task_runner.py:85} INFO - Job 147: Subtask scrap_data
[2023-07-10T00:00:02.150+0000] {task_command.py:410} INFO - Running <TaskInstance: dag_scrap_biobio_v12.scrap_data scheduled__2023-07-09T00:00:00+00:00 [running]> on host 3371e7602d27
[2023-07-10T00:00:02.210+0000] {taskinstance.py:1547} INFO - Exporting env vars: AIRFLOW_CTX_DAG_OWNER='***' AIRFLOW_CTX_DAG_ID='dag_scrap_biobio_v12' AIRFLOW_CTX_TASK_ID='scrap_data' AIRFLOW_CTX_EXECUTION_DATE='2023-07-09T00:00:00+00:00' AIRFLOW_CTX_TRY_NUMBER='1' AIRFLOW_CTX_DAG_RUN_ID='scheduled__2023-07-09T00:00:00+00:00'
[2023-07-10T00:00:02.211+0000] {process_utils.py:181} INFO - Executing cmd: /usr/local/bin/python -m virtualenv /tmp/venv_7v0slxm
[2023-07-10T00:00:02.218+0000] {process_utils.py:185} INFO - Output:
[2023-07-10T00:00:03.099+0000] {process_utils.py:189} INFO - created virtual environment CPython3.7.17.final.0-64 in 332ms
[2023-07-10T00:00:03.100+0000] {process_utils.py:189} INFO -   creator CPython3Posix(dest=/tmp/venv_7v0slxm, clear=False, no_vcs_ignore=False, global=False)
[2023-07-10T00:00:03.100+0000] {process_utils.py:189} INFO -   seeder FromAppData(download=False, pip=bundle, setuptools=bundle, wheel=bundle, via=copy, app_data_dir=/home/***/.local/share/virtualenv)
[2023-07-10T00:00:03.100+0000] {process_utils.py:189} INFO -     added seed packages: pip==23.1.2, setuptools==67.8.0, wheel==0.40.0
[2023-07-10T00:00:03.100+0000] {process_utils.py:189} INFO -   activators BashActivator,CShellActivator,FishActivator,NushellActivator,PowerShellActivator,PythonActivator
[2023-07-10T00:00:03.124+0000] {process_utils.py:181} INFO - Executing cmd: /tmp/venv_7v0slxm/bin/pip install -r /tmp/venv_7v0slxm/requirements.txt
[2023-07-10T00:00:03.132+0000] {process_utils.py:185} INFO - Output:
[2023-07-10T00:00:04.003+0000] {process_utils.py:189} INFO - WARNING: The directory '/home/***/.cache/pip' or its parent directory is not owned or is not writable by the current user. The cache has been disabled. Check the permissions and owner of that directory. If executing pip with sudo, you should use sudo's -H flag.
[2023-07-10T00:00:04.471+0000] {process_utils.py:189} INFO - Collecting selenium (from -r /tmp/venv_7v0slxm/requirements.txt (line 1))
[2023-07-10T00:00:04.598+0000] {process_utils.py:189} INFO -   Downloading selenium-4.10.0-py3-none-any.whl (6.7 MB)
[2023-07-10T00:00:04.783+0000] {process_utils.py:189} INFO -      ━━━━━━━━━━━━━━━━━━━━━━━━━━━━━━━━━━━━━━━━ 6.7/6.7 MB 36.9 MB/s eta 0:00:00
[2023-07-10T00:00:04.970+0000] {process_utils.py:189} INFO - Collecting dateparser (from -r /tmp/venv_7v0slxm/requirements.txt (line 2))
[2023-07-10T00:00:05.004+0000] {process_utils.py:189} INFO -   Downloading dateparser-1.1.8-py2.py3-none-any.whl (293 kB)
[2023-07-10T00:00:05.013+0000] {process_utils.py:189} INFO -      ━━━━━━━━━━━━━━━━━━━━━━━━━━━━━━━━━━━━━━ 293.8/293.8 kB 48.1 MB/s eta 0:00:00
[2023-07-10T00:00:05.105+0000] {process_utils.py:189} INFO - Collecting urllib3[socks]<3,>=1.26 (from selenium->-r /tmp/venv_7v0slxm/requirements.txt (line 1))
[2023-07-10T00:00:05.132+0000] {process_utils.py:189} INFO -   Downloading urllib3-2.0.3-py3-none-any.whl (123 kB)
[2023-07-10T00:00:05.137+0000] {process_utils.py:189} INFO -      ━━━━━━━━━━━━━━━━━━━━━━━━━━━━━━━━━━━━━━ 123.6/123.6 kB 40.2 MB/s eta 0:00:00
[2023-07-10T00:00:05.314+0000] {process_utils.py:189} INFO - Collecting trio~=0.17 (from selenium->-r /tmp/venv_7v0slxm/requirements.txt (line 1))
[2023-07-10T00:00:05.336+0000] {process_utils.py:189} INFO -   Downloading trio-0.22.1-py3-none-any.whl (399 kB)
[2023-07-10T00:00:05.348+0000] {process_utils.py:189} INFO -      ━━━━━━━━━━━━━━━━━━━━━━━━━━━━━━━━━━━━━━ 399.3/399.3 kB 48.9 MB/s eta 0:00:00
[2023-07-10T00:00:05.522+0000] {process_utils.py:189} INFO - Collecting trio-websocket~=0.9 (from selenium->-r /tmp/venv_7v0slxm/requirements.txt (line 1))
[2023-07-10T00:00:05.546+0000] {process_utils.py:189} INFO -   Downloading trio_websocket-0.10.3-py3-none-any.whl (17 kB)
[2023-07-10T00:00:05.616+0000] {process_utils.py:189} INFO - Collecting certifi>=2021.10.8 (from selenium->-r /tmp/venv_7v0slxm/requirements.txt (line 1))
[2023-07-10T00:00:05.646+0000] {process_utils.py:189} INFO -   Downloading certifi-2023.5.7-py3-none-any.whl (156 kB)
[2023-07-10T00:00:05.652+0000] {process_utils.py:189} INFO -      ━━━━━━━━━━━━━━━━━━━━━━━━━━━━━━━━━━━━━━ 157.0/157.0 kB 33.7 MB/s eta 0:00:00
[2023-07-10T00:00:05.697+0000] {process_utils.py:189} INFO - Collecting python-dateutil (from dateparser->-r /tmp/venv_7v0slxm/requirements.txt (line 2))
[2023-07-10T00:00:05.728+0000] {process_utils.py:189} INFO -   Downloading python_dateutil-2.8.2-py2.py3-none-any.whl (247 kB)
[2023-07-10T00:00:05.735+0000] {process_utils.py:189} INFO -      ━━━━━━━━━━━━━━━━━━━━━━━━━━━━━━━━━━━━━━ 247.7/247.7 kB 50.4 MB/s eta 0:00:00
[2023-07-10T00:00:05.868+0000] {process_utils.py:189} INFO - Collecting pytz (from dateparser->-r /tmp/venv_7v0slxm/requirements.txt (line 2))
[2023-07-10T00:00:05.898+0000] {process_utils.py:189} INFO -   Downloading pytz-2023.3-py2.py3-none-any.whl (502 kB)
[2023-07-10T00:00:05.911+0000] {process_utils.py:189} INFO -      ━━━━━━━━━━━━━━━━━━━━━━━━━━━━━━━━━━━━━━ 502.3/502.3 kB 45.4 MB/s eta 0:00:00
[2023-07-10T00:00:06.605+0000] {process_utils.py:189} INFO - Collecting regex!=2019.02.19,!=2021.8.27 (from dateparser->-r /tmp/venv_7v0slxm/requirements.txt (line 2))
[2023-07-10T00:00:06.631+0000] {process_utils.py:189} INFO -   Downloading regex-2023.6.3-cp37-cp37m-manylinux_2_17_x86_64.manylinux2014_x86_64.whl (755 kB)
[2023-07-10T00:00:06.644+0000] {process_utils.py:189} INFO -      ━━━━━━━━━━━━━━━━━━━━━━━━━━━━━━━━━━━━━━ 755.7/755.7 kB 68.9 MB/s eta 0:00:00
[2023-07-10T00:00:06.799+0000] {process_utils.py:189} INFO - Collecting tzlocal (from dateparser->-r /tmp/venv_7v0slxm/requirements.txt (line 2))
[2023-07-10T00:00:06.829+0000] {process_utils.py:189} INFO -   Downloading tzlocal-5.0.1-py3-none-any.whl (20 kB)
[2023-07-10T00:00:06.904+0000] {process_utils.py:189} INFO - Collecting attrs>=20.1.0 (from trio~=0.17->selenium->-r /tmp/venv_7v0slxm/requirements.txt (line 1))
[2023-07-10T00:00:06.931+0000] {process_utils.py:189} INFO -   Downloading attrs-23.1.0-py3-none-any.whl (61 kB)
[2023-07-10T00:00:06.935+0000] {process_utils.py:189} INFO -      ━━━━━━━━━━━━━━━━━━━━━━━━━━━━━━━━━━━━━━━━ 61.2/61.2 kB 34.1 MB/s eta 0:00:00
[2023-07-10T00:00:07.109+0000] {process_utils.py:189} INFO - Collecting sortedcontainers (from trio~=0.17->selenium->-r /tmp/venv_7v0slxm/requirements.txt (line 1))
[2023-07-10T00:00:07.139+0000] {process_utils.py:189} INFO -   Downloading sortedcontainers-2.4.0-py2.py3-none-any.whl (29 kB)
[2023-07-10T00:00:07.178+0000] {process_utils.py:189} INFO - Collecting idna (from trio~=0.17->selenium->-r /tmp/venv_7v0slxm/requirements.txt (line 1))
[2023-07-10T00:00:07.200+0000] {process_utils.py:189} INFO -   Downloading idna-3.4-py3-none-any.whl (61 kB)
[2023-07-10T00:00:07.202+0000] {process_utils.py:189} INFO -      ━━━━━━━━━━━━━━━━━━━━━━━━━━━━━━━━━━━━━━━ 61.5/61.5 kB 144.9 MB/s eta 0:00:00
[2023-07-10T00:00:07.352+0000] {process_utils.py:189} INFO - Collecting outcome (from trio~=0.17->selenium->-r /tmp/venv_7v0slxm/requirements.txt (line 1))
[2023-07-10T00:00:07.379+0000] {process_utils.py:189} INFO -   Downloading outcome-1.2.0-py2.py3-none-any.whl (9.7 kB)
[2023-07-10T00:00:07.418+0000] {process_utils.py:189} INFO - Collecting sniffio (from trio~=0.17->selenium->-r /tmp/venv_7v0slxm/requirements.txt (line 1))
[2023-07-10T00:00:07.443+0000] {process_utils.py:189} INFO -   Downloading sniffio-1.3.0-py3-none-any.whl (10 kB)
[2023-07-10T00:00:07.496+0000] {process_utils.py:189} INFO - Collecting exceptiongroup>=1.0.0rc9 (from trio~=0.17->selenium->-r /tmp/venv_7v0slxm/requirements.txt (line 1))
[2023-07-10T00:00:07.522+0000] {process_utils.py:189} INFO -   Downloading exceptiongroup-1.1.2-py3-none-any.whl (14 kB)
[2023-07-10T00:00:07.690+0000] {process_utils.py:189} INFO - Collecting wsproto>=0.14 (from trio-websocket~=0.9->selenium->-r /tmp/venv_7v0slxm/requirements.txt (line 1))
[2023-07-10T00:00:07.713+0000] {process_utils.py:189} INFO -   Downloading wsproto-1.2.0-py3-none-any.whl (24 kB)
[2023-07-10T00:00:07.883+0000] {process_utils.py:189} INFO - Collecting pysocks!=1.5.7,<2.0,>=1.5.6 (from urllib3[socks]<3,>=1.26->selenium->-r /tmp/venv_7v0slxm/requirements.txt (line 1))
[2023-07-10T00:00:07.914+0000] {process_utils.py:189} INFO -   Downloading PySocks-1.7.1-py3-none-any.whl (16 kB)
[2023-07-10T00:00:07.960+0000] {process_utils.py:189} INFO - Collecting six>=1.5 (from python-dateutil->dateparser->-r /tmp/venv_7v0slxm/requirements.txt (line 2))
[2023-07-10T00:00:07.983+0000] {process_utils.py:189} INFO -   Downloading six-1.16.0-py2.py3-none-any.whl (11 kB)
[2023-07-10T00:00:08.172+0000] {process_utils.py:189} INFO - Collecting backports.zoneinfo (from tzlocal->dateparser->-r /tmp/venv_7v0slxm/requirements.txt (line 2))
[2023-07-10T00:00:08.207+0000] {process_utils.py:189} INFO -   Downloading backports.zoneinfo-0.2.1-cp37-cp37m-manylinux1_x86_64.whl (70 kB)
[2023-07-10T00:00:08.212+0000] {process_utils.py:189} INFO -      ━━━━━━━━━━━━━━━━━━━━━━━━━━━━━━━━━━━━━━━━ 70.7/70.7 kB 47.2 MB/s eta 0:00:00
[2023-07-10T00:00:08.334+0000] {process_utils.py:189} INFO - Collecting importlib-metadata (from attrs>=20.1.0->trio~=0.17->selenium->-r /tmp/venv_7v0slxm/requirements.txt (line 1))
[2023-07-10T00:00:08.362+0000] {process_utils.py:189} INFO -   Downloading importlib_metadata-6.7.0-py3-none-any.whl (22 kB)
[2023-07-10T00:00:08.420+0000] {process_utils.py:189} INFO - Collecting h11<1,>=0.9.0 (from wsproto>=0.14->trio-websocket~=0.9->selenium->-r /tmp/venv_7v0slxm/requirements.txt (line 1))
[2023-07-10T00:00:08.447+0000] {process_utils.py:189} INFO -   Downloading h11-0.14.0-py3-none-any.whl (58 kB)
[2023-07-10T00:00:08.451+0000] {process_utils.py:189} INFO -      ━━━━━━━━━━━━━━━━━━━━━━━━━━━━━━━━━━━━━━━━ 58.3/58.3 kB 28.1 MB/s eta 0:00:00
[2023-07-10T00:00:08.538+0000] {process_utils.py:189} INFO - Collecting typing-extensions (from h11<1,>=0.9.0->wsproto>=0.14->trio-websocket~=0.9->selenium->-r /tmp/venv_7v0slxm/requirements.txt (line 1))
[2023-07-10T00:00:08.566+0000] {process_utils.py:189} INFO -   Downloading typing_extensions-4.7.1-py3-none-any.whl (33 kB)
[2023-07-10T00:00:08.650+0000] {process_utils.py:189} INFO - Collecting zipp>=0.5 (from importlib-metadata->attrs>=20.1.0->trio~=0.17->selenium->-r /tmp/venv_7v0slxm/requirements.txt (line 1))
[2023-07-10T00:00:08.675+0000] {process_utils.py:189} INFO -   Downloading zipp-3.15.0-py3-none-any.whl (6.8 kB)
[2023-07-10T00:00:08.899+0000] {process_utils.py:189} INFO - Installing collected packages: sortedcontainers, pytz, zipp, urllib3, typing-extensions, sniffio, six, regex, pysocks, idna, exceptiongroup, certifi, backports.zoneinfo, tzlocal, python-dateutil, importlib-metadata, h11, wsproto, dateparser, attrs, outcome, trio, trio-websocket, selenium
[2023-07-10T00:00:10.314+0000] {process_utils.py:189} INFO - Successfully installed attrs-23.1.0 backports.zoneinfo-0.2.1 certifi-2023.5.7 dateparser-1.1.8 exceptiongroup-1.1.2 h11-0.14.0 idna-3.4 importlib-metadata-6.7.0 outcome-1.2.0 pysocks-1.7.1 python-dateutil-2.8.2 pytz-2023.3 regex-2023.6.3 selenium-4.10.0 six-1.16.0 sniffio-1.3.0 sortedcontainers-2.4.0 trio-0.22.1 trio-websocket-0.10.3 typing-extensions-4.7.1 tzlocal-5.0.1 urllib3-2.0.3 wsproto-1.2.0 zipp-3.15.0
[2023-07-10T00:00:10.644+0000] {process_utils.py:181} INFO - Executing cmd: /tmp/venv_7v0slxm/bin/python /tmp/venv_7v0slxm/script.py /tmp/venv_7v0slxm/script.in /tmp/venv_7v0slxm/script.out /tmp/venv_7v0slxm/string_args.txt
[2023-07-10T00:00:10.655+0000] {process_utils.py:185} INFO - Output:
[2023-07-10T00:00:19.869+0000] {process_utils.py:189} INFO - 1) BROWSER OK
[2023-07-10T00:00:19.869+0000] {process_utils.py:189} INFO - 2) GET OK
[2023-07-10T00:00:19.869+0000] {process_utils.py:189} INFO - 3) BUTTON OK
[2023-07-10T00:00:19.869+0000] {process_utils.py:189} INFO - 4) CLICK OK
[2023-07-10T00:00:19.870+0000] {process_utils.py:189} INFO - 5) FETCH OK
[2023-07-10T00:00:19.870+0000] {process_utils.py:189} INFO - 6) FETCH 2 OK
[2023-07-10T00:00:19.870+0000] {process_utils.py:189} INFO - Loading data...
[2023-07-10T00:00:19.870+0000] {process_utils.py:189} INFO - INSEPECTING ELEMENT
[2023-07-10T00:00:19.870+0000] {process_utils.py:189} INFO - INSEPECTING ELEMENT
[2023-07-10T00:00:19.870+0000] {process_utils.py:189} INFO - INSEPECTING ELEMENT
[2023-07-10T00:00:19.870+0000] {process_utils.py:189} INFO - INSEPECTING ELEMENT
[2023-07-10T00:00:19.870+0000] {process_utils.py:189} INFO - INSEPECTING ELEMENT
[2023-07-10T00:00:19.871+0000] {process_utils.py:189} INFO - INSEPECTING ELEMENT
[2023-07-10T00:00:19.871+0000] {process_utils.py:189} INFO - INSEPECTING ELEMENT
[2023-07-10T00:00:19.871+0000] {process_utils.py:189} INFO - INSEPECTING ELEMENT
[2023-07-10T00:00:19.871+0000] {process_utils.py:189} INFO - INSEPECTING ELEMENT
[2023-07-10T00:00:19.871+0000] {process_utils.py:189} INFO - INSEPECTING ELEMENT
[2023-07-10T00:00:19.871+0000] {process_utils.py:189} INFO - INSEPECTING ELEMENT
[2023-07-10T00:00:19.871+0000] {process_utils.py:189} INFO - INSEPECTING ELEMENT
[2023-07-10T00:00:19.872+0000] {process_utils.py:189} INFO - INSEPECTING ELEMENT
[2023-07-10T00:00:19.872+0000] {process_utils.py:189} INFO - INSEPECTING ELEMENT
[2023-07-10T00:00:19.872+0000] {process_utils.py:189} INFO - INSEPECTING ELEMENT
[2023-07-10T00:00:19.872+0000] {process_utils.py:189} INFO - INSEPECTING ELEMENT
[2023-07-10T00:00:19.872+0000] {process_utils.py:189} INFO - INSEPECTING ELEMENT
[2023-07-10T00:00:19.872+0000] {process_utils.py:189} INFO - INSEPECTING ELEMENT
[2023-07-10T00:00:19.872+0000] {process_utils.py:189} INFO - INSEPECTING ELEMENT
[2023-07-10T00:00:19.872+0000] {process_utils.py:189} INFO - INSEPECTING ELEMENT
[2023-07-10T00:00:19.873+0000] {process_utils.py:189} INFO - INSEPECTING ELEMENT
[2023-07-10T00:00:19.873+0000] {process_utils.py:189} INFO - INSEPECTING ELEMENT
[2023-07-10T00:00:19.873+0000] {process_utils.py:189} INFO - INSEPECTING ELEMENT
[2023-07-10T00:00:19.873+0000] {process_utils.py:189} INFO - INSEPECTING ELEMENT
[2023-07-10T00:00:19.873+0000] {process_utils.py:189} INFO - INSEPECTING ELEMENT
[2023-07-10T00:00:19.873+0000] {process_utils.py:189} INFO - INSEPECTING ELEMENT
[2023-07-10T00:00:19.873+0000] {process_utils.py:189} INFO - INSEPECTING ELEMENT
[2023-07-10T00:00:19.874+0000] {process_utils.py:189} INFO - INSEPECTING ELEMENT
[2023-07-10T00:00:19.874+0000] {process_utils.py:189} INFO - INSEPECTING ELEMENT
[2023-07-10T00:00:19.953+0000] {python.py:183} INFO - Done. Returned value was: None
[2023-07-10T00:00:19.962+0000] {taskinstance.py:1350} INFO - Marking task as SUCCESS. dag_id=dag_scrap_biobio_v12, task_id=scrap_data, execution_date=20230709T000000, start_date=20230710T000002, end_date=20230710T000019
[2023-07-10T00:00:20.002+0000] {local_task_job_runner.py:225} INFO - Task exited with return code 0
[2023-07-10T00:00:20.017+0000] {taskinstance.py:2653} INFO - 0 downstream tasks scheduled from follow-on schedule check
