[2023-07-14T02:10:14.007+0000] {processor.py:157} INFO - Started process (PID=35) to work on /opt/airflow/dags/create_tables.py
[2023-07-14T02:10:14.008+0000] {processor.py:826} INFO - Processing file /opt/airflow/dags/create_tables.py for tasks to queue
[2023-07-14T02:10:14.008+0000] {logging_mixin.py:149} INFO - [2023-07-14T02:10:14.008+0000] {dagbag.py:541} INFO - Filling up the DagBag from /opt/airflow/dags/create_tables.py
[2023-07-14T02:10:14.013+0000] {processor.py:836} INFO - DAG(s) dict_keys(['postgres_operator_dag']) retrieved from /opt/airflow/dags/create_tables.py
[2023-07-14T02:10:14.096+0000] {logging_mixin.py:149} INFO - [2023-07-14T02:10:14.096+0000] {manager.py:504} INFO - Created Permission View: can edit on DAG:postgres_operator_dag
[2023-07-14T02:10:14.103+0000] {logging_mixin.py:149} INFO - [2023-07-14T02:10:14.103+0000] {manager.py:504} INFO - Created Permission View: can delete on DAG:postgres_operator_dag
[2023-07-14T02:10:14.107+0000] {logging_mixin.py:149} INFO - [2023-07-14T02:10:14.107+0000] {manager.py:504} INFO - Created Permission View: can read on DAG:postgres_operator_dag
[2023-07-14T02:10:14.117+0000] {logging_mixin.py:149} INFO - [2023-07-14T02:10:14.117+0000] {dag.py:2726} INFO - Sync 1 DAGs
[2023-07-14T02:10:14.127+0000] {logging_mixin.py:149} INFO - [2023-07-14T02:10:14.127+0000] {dag.py:2747} INFO - Creating ORM DAG for postgres_operator_dag
[2023-07-14T02:10:14.134+0000] {logging_mixin.py:149} INFO - [2023-07-14T02:10:14.134+0000] {dag.py:3490} INFO - Setting next_dagrun for postgres_operator_dag to 2023-02-02T00:00:00+00:00, run_after=2023-02-02T00:00:00+00:00
[2023-07-14T02:10:14.144+0000] {processor.py:179} INFO - Processing /opt/airflow/dags/create_tables.py took 0.140 seconds
[2023-07-14T02:10:44.348+0000] {processor.py:157} INFO - Started process (PID=46) to work on /opt/airflow/dags/create_tables.py
[2023-07-14T02:10:44.349+0000] {processor.py:826} INFO - Processing file /opt/airflow/dags/create_tables.py for tasks to queue
[2023-07-14T02:10:44.349+0000] {logging_mixin.py:149} INFO - [2023-07-14T02:10:44.349+0000] {dagbag.py:541} INFO - Filling up the DagBag from /opt/airflow/dags/create_tables.py
[2023-07-14T02:10:44.354+0000] {processor.py:836} INFO - DAG(s) dict_keys(['postgres_operator_dag']) retrieved from /opt/airflow/dags/create_tables.py
[2023-07-14T02:10:44.373+0000] {logging_mixin.py:149} INFO - [2023-07-14T02:10:44.373+0000] {dag.py:2726} INFO - Sync 1 DAGs
[2023-07-14T02:10:44.390+0000] {logging_mixin.py:149} INFO - [2023-07-14T02:10:44.390+0000] {dag.py:3490} INFO - Setting next_dagrun for postgres_operator_dag to 2023-02-02T00:00:00+00:00, run_after=2023-02-02T00:00:00+00:00
[2023-07-14T02:10:44.401+0000] {processor.py:179} INFO - Processing /opt/airflow/dags/create_tables.py took 0.054 seconds
[2023-07-14T02:11:14.692+0000] {processor.py:157} INFO - Started process (PID=57) to work on /opt/airflow/dags/create_tables.py
[2023-07-14T02:11:14.693+0000] {processor.py:826} INFO - Processing file /opt/airflow/dags/create_tables.py for tasks to queue
[2023-07-14T02:11:14.693+0000] {logging_mixin.py:149} INFO - [2023-07-14T02:11:14.693+0000] {dagbag.py:541} INFO - Filling up the DagBag from /opt/airflow/dags/create_tables.py
[2023-07-14T02:11:14.699+0000] {processor.py:836} INFO - DAG(s) dict_keys(['postgres_operator_dag']) retrieved from /opt/airflow/dags/create_tables.py
[2023-07-14T02:11:14.718+0000] {logging_mixin.py:149} INFO - [2023-07-14T02:11:14.718+0000] {dag.py:2726} INFO - Sync 1 DAGs
[2023-07-14T02:11:14.736+0000] {logging_mixin.py:149} INFO - [2023-07-14T02:11:14.736+0000] {dag.py:3490} INFO - Setting next_dagrun for postgres_operator_dag to 2023-02-02T00:00:00+00:00, run_after=2023-02-02T00:00:00+00:00
[2023-07-14T02:11:14.746+0000] {processor.py:179} INFO - Processing /opt/airflow/dags/create_tables.py took 0.057 seconds
