[2023-07-14T02:10:13.623+0000] {processor.py:157} INFO - Started process (PID=32) to work on /opt/airflow/dags/dag_scrap_biobio.py
[2023-07-14T02:10:13.623+0000] {processor.py:826} INFO - Processing file /opt/airflow/dags/dag_scrap_biobio.py for tasks to queue
[2023-07-14T02:10:13.624+0000] {logging_mixin.py:149} INFO - [2023-07-14T02:10:13.624+0000] {dagbag.py:541} INFO - Filling up the DagBag from /opt/airflow/dags/dag_scrap_biobio.py
[2023-07-14T02:10:13.634+0000] {processor.py:836} INFO - DAG(s) dict_keys(['dag_scrap_biobio_v17']) retrieved from /opt/airflow/dags/dag_scrap_biobio.py
[2023-07-14T02:10:13.784+0000] {logging_mixin.py:149} INFO - [2023-07-14T02:10:13.784+0000] {manager.py:504} INFO - Created Permission View: can edit on DAG:dag_scrap_biobio_v17
[2023-07-14T02:10:13.791+0000] {logging_mixin.py:149} INFO - [2023-07-14T02:10:13.791+0000] {manager.py:504} INFO - Created Permission View: can delete on DAG:dag_scrap_biobio_v17
[2023-07-14T02:10:13.796+0000] {logging_mixin.py:149} INFO - [2023-07-14T02:10:13.796+0000] {manager.py:504} INFO - Created Permission View: can read on DAG:dag_scrap_biobio_v17
[2023-07-14T02:10:13.809+0000] {logging_mixin.py:149} INFO - [2023-07-14T02:10:13.809+0000] {dag.py:2726} INFO - Sync 1 DAGs
[2023-07-14T02:10:13.820+0000] {logging_mixin.py:149} INFO - [2023-07-14T02:10:13.819+0000] {dag.py:2747} INFO - Creating ORM DAG for dag_scrap_biobio_v17
[2023-07-14T02:10:13.830+0000] {logging_mixin.py:149} INFO - [2023-07-14T02:10:13.830+0000] {dag.py:3490} INFO - Setting next_dagrun for dag_scrap_biobio_v17 to 2023-07-13T00:00:00+00:00, run_after=2023-07-14T00:00:00+00:00
[2023-07-14T02:10:13.843+0000] {processor.py:179} INFO - Processing /opt/airflow/dags/dag_scrap_biobio.py took 0.222 seconds
[2023-07-14T02:10:44.198+0000] {processor.py:157} INFO - Started process (PID=43) to work on /opt/airflow/dags/dag_scrap_biobio.py
[2023-07-14T02:10:44.204+0000] {processor.py:826} INFO - Processing file /opt/airflow/dags/dag_scrap_biobio.py for tasks to queue
[2023-07-14T02:10:44.204+0000] {logging_mixin.py:149} INFO - [2023-07-14T02:10:44.204+0000] {dagbag.py:541} INFO - Filling up the DagBag from /opt/airflow/dags/dag_scrap_biobio.py
[2023-07-14T02:10:44.212+0000] {processor.py:836} INFO - DAG(s) dict_keys(['dag_scrap_biobio_v17']) retrieved from /opt/airflow/dags/dag_scrap_biobio.py
[2023-07-14T02:10:44.232+0000] {logging_mixin.py:149} INFO - [2023-07-14T02:10:44.232+0000] {dag.py:2726} INFO - Sync 1 DAGs
[2023-07-14T02:10:44.251+0000] {logging_mixin.py:149} INFO - [2023-07-14T02:10:44.251+0000] {dag.py:3490} INFO - Setting next_dagrun for dag_scrap_biobio_v17 to 2023-07-13T00:00:00+00:00, run_after=2023-07-14T00:00:00+00:00
[2023-07-14T02:10:44.263+0000] {processor.py:179} INFO - Processing /opt/airflow/dags/dag_scrap_biobio.py took 0.068 seconds
[2023-07-14T02:11:14.548+0000] {processor.py:157} INFO - Started process (PID=54) to work on /opt/airflow/dags/dag_scrap_biobio.py
[2023-07-14T02:11:14.555+0000] {processor.py:826} INFO - Processing file /opt/airflow/dags/dag_scrap_biobio.py for tasks to queue
[2023-07-14T02:11:14.556+0000] {logging_mixin.py:149} INFO - [2023-07-14T02:11:14.556+0000] {dagbag.py:541} INFO - Filling up the DagBag from /opt/airflow/dags/dag_scrap_biobio.py
[2023-07-14T02:11:14.562+0000] {processor.py:836} INFO - DAG(s) dict_keys(['dag_scrap_biobio_v17']) retrieved from /opt/airflow/dags/dag_scrap_biobio.py
[2023-07-14T02:11:14.581+0000] {logging_mixin.py:149} INFO - [2023-07-14T02:11:14.581+0000] {dag.py:2726} INFO - Sync 1 DAGs
[2023-07-14T02:11:14.601+0000] {logging_mixin.py:149} INFO - [2023-07-14T02:11:14.601+0000] {dag.py:3490} INFO - Setting next_dagrun for dag_scrap_biobio_v17 to 2023-07-13T00:00:00+00:00, run_after=2023-07-14T00:00:00+00:00
[2023-07-14T02:11:14.612+0000] {processor.py:179} INFO - Processing /opt/airflow/dags/dag_scrap_biobio.py took 0.067 seconds
