[2023-07-14T02:10:13.854+0000] {processor.py:157} INFO - Started process (PID=34) to work on /opt/airflow/dags/scrap_data.py
[2023-07-14T02:10:13.854+0000] {processor.py:826} INFO - Processing file /opt/airflow/dags/scrap_data.py for tasks to queue
[2023-07-14T02:10:13.855+0000] {logging_mixin.py:149} INFO - [2023-07-14T02:10:13.855+0000] {dagbag.py:541} INFO - Filling up the DagBag from /opt/airflow/dags/scrap_data.py
[2023-07-14T02:10:13.859+0000] {processor.py:836} INFO - DAG(s) dict_keys(['test_imports_v11']) retrieved from /opt/airflow/dags/scrap_data.py
[2023-07-14T02:10:13.934+0000] {logging_mixin.py:149} INFO - [2023-07-14T02:10:13.934+0000] {manager.py:504} INFO - Created Permission View: can edit on DAG:test_imports_v11
[2023-07-14T02:10:13.944+0000] {logging_mixin.py:149} INFO - [2023-07-14T02:10:13.944+0000] {manager.py:504} INFO - Created Permission View: can delete on DAG:test_imports_v11
[2023-07-14T02:10:13.948+0000] {logging_mixin.py:149} INFO - [2023-07-14T02:10:13.948+0000] {manager.py:504} INFO - Created Permission View: can read on DAG:test_imports_v11
[2023-07-14T02:10:13.958+0000] {logging_mixin.py:149} INFO - [2023-07-14T02:10:13.958+0000] {dag.py:2726} INFO - Sync 1 DAGs
[2023-07-14T02:10:13.968+0000] {logging_mixin.py:149} INFO - [2023-07-14T02:10:13.968+0000] {dag.py:2747} INFO - Creating ORM DAG for test_imports_v11
[2023-07-14T02:10:13.978+0000] {logging_mixin.py:149} INFO - [2023-07-14T02:10:13.978+0000] {dag.py:3490} INFO - Setting next_dagrun for test_imports_v11 to 2023-07-05T00:00:00+00:00, run_after=2023-07-05T00:00:00+00:00
[2023-07-14T02:10:13.990+0000] {processor.py:179} INFO - Processing /opt/airflow/dags/scrap_data.py took 0.138 seconds
[2023-07-14T02:10:44.277+0000] {processor.py:157} INFO - Started process (PID=45) to work on /opt/airflow/dags/scrap_data.py
[2023-07-14T02:10:44.284+0000] {processor.py:826} INFO - Processing file /opt/airflow/dags/scrap_data.py for tasks to queue
[2023-07-14T02:10:44.284+0000] {logging_mixin.py:149} INFO - [2023-07-14T02:10:44.284+0000] {dagbag.py:541} INFO - Filling up the DagBag from /opt/airflow/dags/scrap_data.py
[2023-07-14T02:10:44.288+0000] {processor.py:836} INFO - DAG(s) dict_keys(['test_imports_v11']) retrieved from /opt/airflow/dags/scrap_data.py
[2023-07-14T02:10:44.308+0000] {logging_mixin.py:149} INFO - [2023-07-14T02:10:44.308+0000] {dag.py:2726} INFO - Sync 1 DAGs
[2023-07-14T02:10:44.326+0000] {logging_mixin.py:149} INFO - [2023-07-14T02:10:44.326+0000] {dag.py:3490} INFO - Setting next_dagrun for test_imports_v11 to 2023-07-05T00:00:00+00:00, run_after=2023-07-05T00:00:00+00:00
[2023-07-14T02:10:44.336+0000] {processor.py:179} INFO - Processing /opt/airflow/dags/scrap_data.py took 0.061 seconds
[2023-07-14T02:11:14.626+0000] {processor.py:157} INFO - Started process (PID=56) to work on /opt/airflow/dags/scrap_data.py
[2023-07-14T02:11:14.627+0000] {processor.py:826} INFO - Processing file /opt/airflow/dags/scrap_data.py for tasks to queue
[2023-07-14T02:11:14.627+0000] {logging_mixin.py:149} INFO - [2023-07-14T02:11:14.627+0000] {dagbag.py:541} INFO - Filling up the DagBag from /opt/airflow/dags/scrap_data.py
[2023-07-14T02:11:14.631+0000] {processor.py:836} INFO - DAG(s) dict_keys(['test_imports_v11']) retrieved from /opt/airflow/dags/scrap_data.py
[2023-07-14T02:11:14.650+0000] {logging_mixin.py:149} INFO - [2023-07-14T02:11:14.650+0000] {dag.py:2726} INFO - Sync 1 DAGs
[2023-07-14T02:11:14.668+0000] {logging_mixin.py:149} INFO - [2023-07-14T02:11:14.667+0000] {dag.py:3490} INFO - Setting next_dagrun for test_imports_v11 to 2023-07-05T00:00:00+00:00, run_after=2023-07-05T00:00:00+00:00
[2023-07-14T02:11:14.678+0000] {processor.py:179} INFO - Processing /opt/airflow/dags/scrap_data.py took 0.053 seconds
