[2023-07-01T00:05:38.594+0000] {taskinstance.py:1103} INFO - Dependencies all met for dep_context=non-requeueable deps ti=<TaskInstance: dag_with_postgres_operator_v03.insert_into_table scheduled__2023-06-30T00:00:00+00:00 [queued]>
[2023-07-01T00:05:38.600+0000] {taskinstance.py:1103} INFO - Dependencies all met for dep_context=requeueable deps ti=<TaskInstance: dag_with_postgres_operator_v03.insert_into_table scheduled__2023-06-30T00:00:00+00:00 [queued]>
[2023-07-01T00:05:38.600+0000] {taskinstance.py:1308} INFO - Starting attempt 1 of 6
[2023-07-01T00:05:38.610+0000] {taskinstance.py:1327} INFO - Executing <Task(PostgresOperator): insert_into_table> on 2023-06-30 00:00:00+00:00
[2023-07-01T00:05:38.614+0000] {standard_task_runner.py:57} INFO - Started process 88 to run task
[2023-07-01T00:05:38.616+0000] {standard_task_runner.py:84} INFO - Running: ['***', 'tasks', 'run', 'dag_with_postgres_operator_v03', 'insert_into_table', 'scheduled__2023-06-30T00:00:00+00:00', '--job-id', '112', '--raw', '--subdir', 'DAGS_FOLDER/dag_with_postgres_operator.py', '--cfg-path', '/tmp/tmp4quych81']
[2023-07-01T00:05:38.616+0000] {standard_task_runner.py:85} INFO - Job 112: Subtask insert_into_table
[2023-07-01T00:05:38.646+0000] {task_command.py:410} INFO - Running <TaskInstance: dag_with_postgres_operator_v03.insert_into_table scheduled__2023-06-30T00:00:00+00:00 [running]> on host 111d544596aa
[2023-07-01T00:05:38.701+0000] {taskinstance.py:1547} INFO - Exporting env vars: AIRFLOW_CTX_DAG_OWNER='stare' AIRFLOW_CTX_DAG_ID='dag_with_postgres_operator_v03' AIRFLOW_CTX_TASK_ID='insert_into_table' AIRFLOW_CTX_EXECUTION_DATE='2023-06-30T00:00:00+00:00' AIRFLOW_CTX_TRY_NUMBER='1' AIRFLOW_CTX_DAG_RUN_ID='scheduled__2023-06-30T00:00:00+00:00'
[2023-07-01T00:05:38.702+0000] {sql.py:265} INFO - Executing: 
            insert into dag_runs(dt, dag_id) values ('2023-06-30', 'dag_with_postgres_operator_v03')
        
[2023-07-01T00:05:38.706+0000] {base.py:73} INFO - Using connection ID 'postgres_localhost' for task execution.
[2023-07-01T00:05:38.751+0000] {base.py:73} INFO - Using connection ID 'postgres_localhost' for task execution.
[2023-07-01T00:05:38.754+0000] {sql.py:375} INFO - Running statement: 
            insert into dag_runs(dt, dag_id) values ('2023-06-30', 'dag_with_postgres_operator_v03')
        , parameters: None
[2023-07-01T00:05:38.754+0000] {sql.py:384} INFO - Rows affected: 1
[2023-07-01T00:05:38.762+0000] {taskinstance.py:1350} INFO - Marking task as SUCCESS. dag_id=dag_with_postgres_operator_v03, task_id=insert_into_table, execution_date=20230630T000000, start_date=20230701T000538, end_date=20230701T000538
[2023-07-01T00:05:38.788+0000] {local_task_job_runner.py:225} INFO - Task exited with return code 0
[2023-07-01T00:05:38.804+0000] {taskinstance.py:2653} INFO - 0 downstream tasks scheduled from follow-on schedule check
