[2023-07-02T18:48:08.303+0000] {taskinstance.py:1103} INFO - Dependencies all met for dep_context=non-requeueable deps ti=<TaskInstance: python_scrap_data_dag.virtualenv_python manual__2023-07-02T18:48:07.169122+00:00 [queued]>
[2023-07-02T18:48:08.309+0000] {taskinstance.py:1103} INFO - Dependencies all met for dep_context=requeueable deps ti=<TaskInstance: python_scrap_data_dag.virtualenv_python manual__2023-07-02T18:48:07.169122+00:00 [queued]>
[2023-07-02T18:48:08.310+0000] {taskinstance.py:1308} INFO - Starting attempt 1 of 1
[2023-07-02T18:48:08.320+0000] {taskinstance.py:1327} INFO - Executing <Task(_PythonVirtualenvDecoratedOperator): virtualenv_python> on 2023-07-02 18:48:07.169122+00:00
[2023-07-02T18:48:08.334+0000] {standard_task_runner.py:57} INFO - Started process 3809 to run task
[2023-07-02T18:48:08.337+0000] {standard_task_runner.py:84} INFO - Running: ['***', 'tasks', 'run', 'python_scrap_data_dag', 'virtualenv_python', 'manual__2023-07-02T18:48:07.169122+00:00', '--job-id', '17', '--raw', '--subdir', 'DAGS_FOLDER/scrap_data.py', '--cfg-path', '/tmp/tmpzs7m9ntn']
[2023-07-02T18:48:08.337+0000] {standard_task_runner.py:85} INFO - Job 17: Subtask virtualenv_python
[2023-07-02T18:48:08.367+0000] {task_command.py:410} INFO - Running <TaskInstance: python_scrap_data_dag.virtualenv_python manual__2023-07-02T18:48:07.169122+00:00 [running]> on host d409bdcb9602
[2023-07-02T18:48:08.449+0000] {taskinstance.py:1547} INFO - Exporting env vars: AIRFLOW_CTX_DAG_OWNER='***' AIRFLOW_CTX_DAG_ID='python_scrap_data_dag' AIRFLOW_CTX_TASK_ID='virtualenv_python' AIRFLOW_CTX_EXECUTION_DATE='2023-07-02T18:48:07.169122+00:00' AIRFLOW_CTX_TRY_NUMBER='1' AIRFLOW_CTX_DAG_RUN_ID='manual__2023-07-02T18:48:07.169122+00:00'
[2023-07-02T18:48:08.450+0000] {process_utils.py:181} INFO - Executing cmd: /usr/local/bin/python -m virtualenv /tmp/venvcud__ifr
[2023-07-02T18:48:08.459+0000] {process_utils.py:185} INFO - Output:
[2023-07-02T18:48:09.352+0000] {process_utils.py:189} INFO - created virtual environment CPython3.7.17.final.0-64 in 329ms
[2023-07-02T18:48:09.352+0000] {process_utils.py:189} INFO -   creator CPython3Posix(dest=/tmp/venvcud__ifr, clear=False, no_vcs_ignore=False, global=False)
[2023-07-02T18:48:09.352+0000] {process_utils.py:189} INFO -   seeder FromAppData(download=False, pip=bundle, setuptools=bundle, wheel=bundle, via=copy, app_data_dir=/home/***/.local/share/virtualenv)
[2023-07-02T18:48:09.352+0000] {process_utils.py:189} INFO -     added seed packages: pip==23.1, setuptools==67.6.1, wheel==0.40.0
[2023-07-02T18:48:09.352+0000] {process_utils.py:189} INFO -   activators BashActivator,CShellActivator,FishActivator,NushellActivator,PowerShellActivator,PythonActivator
[2023-07-02T18:48:09.380+0000] {process_utils.py:181} INFO - Executing cmd: /tmp/venvcud__ifr/bin/pip install -r /tmp/venvcud__ifr/requirements.txt
[2023-07-02T18:48:09.387+0000] {process_utils.py:185} INFO - Output:
[2023-07-02T18:48:10.651+0000] {process_utils.py:189} INFO - Collecting sklearn (from -r /tmp/venvcud__ifr/requirements.txt (line 1))
[2023-07-02T18:48:10.786+0000] {process_utils.py:189} INFO -   Downloading sklearn-0.0.post5.tar.gz (3.7 kB)
[2023-07-02T18:48:10.795+0000] {process_utils.py:189} INFO -   Preparing metadata (setup.py): started
[2023-07-02T18:48:11.169+0000] {process_utils.py:189} INFO -   Preparing metadata (setup.py): finished with status 'done'
[2023-07-02T18:48:11.172+0000] {process_utils.py:189} INFO - Building wheels for collected packages: sklearn
[2023-07-02T18:48:11.173+0000] {process_utils.py:189} INFO -   Building wheel for sklearn (setup.py): started
[2023-07-02T18:48:11.546+0000] {process_utils.py:189} INFO -   Building wheel for sklearn (setup.py): finished with status 'done'
[2023-07-02T18:48:11.547+0000] {process_utils.py:189} INFO -   Created wheel for sklearn: filename=sklearn-0.0.post5-py3-none-any.whl size=2950 sha256=3a77a540cdd459673637e3321034b108cfe1f1af49dc985f786b1abcf1c67939
[2023-07-02T18:48:11.548+0000] {process_utils.py:189} INFO -   Stored in directory: /home/***/.cache/pip/wheels/d7/16/66/2658c4919dbc6cdf8b4642da29d3bbf83de902fc01e2c9a999
[2023-07-02T18:48:11.555+0000] {process_utils.py:189} INFO - Successfully built sklearn
[2023-07-02T18:48:11.623+0000] {process_utils.py:189} INFO - Installing collected packages: sklearn
[2023-07-02T18:48:11.633+0000] {process_utils.py:189} INFO - Successfully installed sklearn-0.0.post5
[2023-07-02T18:48:11.798+0000] {process_utils.py:189} INFO - 
[2023-07-02T18:48:11.799+0000] {process_utils.py:189} INFO - [notice] A new release of pip is available: 23.1 -> 23.1.2
[2023-07-02T18:48:11.799+0000] {process_utils.py:189} INFO - [notice] To update, run: python -m pip install --upgrade pip
[2023-07-02T18:48:11.856+0000] {process_utils.py:181} INFO - Executing cmd: /tmp/venvcud__ifr/bin/python /tmp/venvcud__ifr/script.py /tmp/venvcud__ifr/script.in /tmp/venvcud__ifr/script.out /tmp/venvcud__ifr/string_args.txt
[2023-07-02T18:48:11.865+0000] {process_utils.py:185} INFO - Output:
[2023-07-02T18:48:11.925+0000] {process_utils.py:189} INFO - Traceback (most recent call last):
[2023-07-02T18:48:11.925+0000] {process_utils.py:189} INFO -   File "/tmp/venvcud__ifr/script.py", line 29, in <module>
[2023-07-02T18:48:11.926+0000] {process_utils.py:189} INFO -     res = callable_virtualenv(*arg_dict["args"], **arg_dict["kwargs"])
[2023-07-02T18:48:11.926+0000] {process_utils.py:189} INFO -   File "/tmp/venvcud__ifr/script.py", line 26, in callable_virtualenv
[2023-07-02T18:48:11.926+0000] {process_utils.py:189} INFO -     import sklearn
[2023-07-02T18:48:11.926+0000] {process_utils.py:189} INFO - ModuleNotFoundError: No module named 'sklearn'
[2023-07-02T18:48:11.951+0000] {taskinstance.py:1824} ERROR - Task failed with exception
Traceback (most recent call last):
  File "/home/airflow/.local/lib/python3.7/site-packages/airflow/decorators/base.py", line 220, in execute
    return_value = super().execute(context)
  File "/home/airflow/.local/lib/python3.7/site-packages/airflow/operators/python.py", line 374, in execute
    return super().execute(context=serializable_context)
  File "/home/airflow/.local/lib/python3.7/site-packages/airflow/operators/python.py", line 181, in execute
    return_value = self.execute_callable()
  File "/home/airflow/.local/lib/python3.7/site-packages/airflow/operators/python.py", line 578, in execute_callable
    result = self._execute_python_callable_in_subprocess(python_path, tmp_path)
  File "/home/airflow/.local/lib/python3.7/site-packages/airflow/operators/python.py", line 434, in _execute_python_callable_in_subprocess
    os.fspath(string_args_path),
  File "/home/airflow/.local/lib/python3.7/site-packages/airflow/utils/process_utils.py", line 170, in execute_in_subprocess
    execute_in_subprocess_with_kwargs(cmd, cwd=cwd)
  File "/home/airflow/.local/lib/python3.7/site-packages/airflow/utils/process_utils.py", line 193, in execute_in_subprocess_with_kwargs
    raise subprocess.CalledProcessError(exit_code, cmd)
subprocess.CalledProcessError: Command '['/tmp/venvcud__ifr/bin/python', '/tmp/venvcud__ifr/script.py', '/tmp/venvcud__ifr/script.in', '/tmp/venvcud__ifr/script.out', '/tmp/venvcud__ifr/string_args.txt']' returned non-zero exit status 1.
[2023-07-02T18:48:11.959+0000] {taskinstance.py:1350} INFO - Marking task as FAILED. dag_id=python_scrap_data_dag, task_id=virtualenv_python, execution_date=20230702T184807, start_date=20230702T184808, end_date=20230702T184811
[2023-07-02T18:48:11.970+0000] {standard_task_runner.py:109} ERROR - Failed to execute job 17 for task virtualenv_python (Command '['/tmp/venvcud__ifr/bin/python', '/tmp/venvcud__ifr/script.py', '/tmp/venvcud__ifr/script.in', '/tmp/venvcud__ifr/script.out', '/tmp/venvcud__ifr/string_args.txt']' returned non-zero exit status 1.; 3809)
[2023-07-02T18:48:12.008+0000] {local_task_job_runner.py:225} INFO - Task exited with return code 1
[2023-07-02T18:48:12.022+0000] {taskinstance.py:2653} INFO - 0 downstream tasks scheduled from follow-on schedule check
