[2023-07-02T17:52:14.847+0000] {taskinstance.py:1103} INFO - Dependencies all met for dep_context=non-requeueable deps ti=<TaskInstance: python_scrap_data_dag.virtualenv_python manual__2023-07-02T17:52:13.615100+00:00 [queued]>
[2023-07-02T17:52:14.855+0000] {taskinstance.py:1103} INFO - Dependencies all met for dep_context=requeueable deps ti=<TaskInstance: python_scrap_data_dag.virtualenv_python manual__2023-07-02T17:52:13.615100+00:00 [queued]>
[2023-07-02T17:52:14.856+0000] {taskinstance.py:1308} INFO - Starting attempt 1 of 1
[2023-07-02T17:52:14.868+0000] {taskinstance.py:1327} INFO - Executing <Task(_PythonVirtualenvDecoratedOperator): virtualenv_python> on 2023-07-02 17:52:13.615100+00:00
[2023-07-02T17:52:14.873+0000] {standard_task_runner.py:57} INFO - Started process 2804 to run task
[2023-07-02T17:52:14.875+0000] {standard_task_runner.py:84} INFO - Running: ['***', 'tasks', 'run', 'python_scrap_data_dag', 'virtualenv_python', 'manual__2023-07-02T17:52:13.615100+00:00', '--job-id', '16', '--raw', '--subdir', 'DAGS_FOLDER/scrap_data.py', '--cfg-path', '/tmp/tmp42cgas24']
[2023-07-02T17:52:14.876+0000] {standard_task_runner.py:85} INFO - Job 16: Subtask virtualenv_python
[2023-07-02T17:52:14.916+0000] {task_command.py:410} INFO - Running <TaskInstance: python_scrap_data_dag.virtualenv_python manual__2023-07-02T17:52:13.615100+00:00 [running]> on host d409bdcb9602
[2023-07-02T17:52:14.994+0000] {taskinstance.py:1547} INFO - Exporting env vars: AIRFLOW_CTX_DAG_OWNER='***' AIRFLOW_CTX_DAG_ID='python_scrap_data_dag' AIRFLOW_CTX_TASK_ID='virtualenv_python' AIRFLOW_CTX_EXECUTION_DATE='2023-07-02T17:52:13.615100+00:00' AIRFLOW_CTX_TRY_NUMBER='1' AIRFLOW_CTX_DAG_RUN_ID='manual__2023-07-02T17:52:13.615100+00:00'
[2023-07-02T17:52:14.995+0000] {process_utils.py:181} INFO - Executing cmd: /usr/local/bin/python -m virtualenv /tmp/venvrv0tbwlh
[2023-07-02T17:52:15.008+0000] {process_utils.py:185} INFO - Output:
[2023-07-02T17:52:15.781+0000] {process_utils.py:189} INFO - created virtual environment CPython3.7.17.final.0-64 in 173ms
[2023-07-02T17:52:15.782+0000] {process_utils.py:189} INFO -   creator CPython3Posix(dest=/tmp/venvrv0tbwlh, clear=False, no_vcs_ignore=False, global=False)
[2023-07-02T17:52:15.782+0000] {process_utils.py:189} INFO -   seeder FromAppData(download=False, pip=bundle, setuptools=bundle, wheel=bundle, via=copy, app_data_dir=/home/***/.local/share/virtualenv)
[2023-07-02T17:52:15.782+0000] {process_utils.py:189} INFO -     added seed packages: pip==23.1, setuptools==67.6.1, wheel==0.40.0
[2023-07-02T17:52:15.782+0000] {process_utils.py:189} INFO -   activators BashActivator,CShellActivator,FishActivator,NushellActivator,PowerShellActivator,PythonActivator
[2023-07-02T17:52:15.811+0000] {process_utils.py:181} INFO - Executing cmd: /tmp/venvrv0tbwlh/bin/pip install -r /tmp/venvrv0tbwlh/requirements.txt
[2023-07-02T17:52:15.818+0000] {process_utils.py:185} INFO - Output:
[2023-07-02T17:52:16.890+0000] {process_utils.py:189} INFO - Collecting colorama==0.4.0 (from -r /tmp/venvrv0tbwlh/requirements.txt (line 1))
[2023-07-02T17:52:16.892+0000] {process_utils.py:189} INFO -   Using cached colorama-0.4.0-py2.py3-none-any.whl (21 kB)
[2023-07-02T17:52:16.938+0000] {process_utils.py:189} INFO - Installing collected packages: colorama
[2023-07-02T17:52:16.951+0000] {process_utils.py:189} INFO - Successfully installed colorama-0.4.0
[2023-07-02T17:52:17.098+0000] {process_utils.py:189} INFO - 
[2023-07-02T17:52:17.098+0000] {process_utils.py:189} INFO - [notice] A new release of pip is available: 23.1 -> 23.1.2
[2023-07-02T17:52:17.098+0000] {process_utils.py:189} INFO - [notice] To update, run: python -m pip install --upgrade pip
[2023-07-02T17:52:17.162+0000] {process_utils.py:181} INFO - Executing cmd: /tmp/venvrv0tbwlh/bin/python /tmp/venvrv0tbwlh/script.py /tmp/venvrv0tbwlh/script.in /tmp/venvrv0tbwlh/script.out /tmp/venvrv0tbwlh/string_args.txt
[2023-07-02T17:52:17.169+0000] {process_utils.py:185} INFO - Output:
[2023-07-02T17:52:17.232+0000] {process_utils.py:189} INFO - [31msome red text
[2023-07-02T17:52:17.232+0000] {process_utils.py:189} INFO - [42mand with a green background
[2023-07-02T17:52:17.232+0000] {process_utils.py:189} INFO - [2mand in dim text
[2023-07-02T17:52:17.232+0000] {process_utils.py:189} INFO - [0m
[2023-07-02T17:52:17.232+0000] {process_utils.py:189} INFO - [2mPlease wait...
[2023-07-02T17:52:18.236+0000] {process_utils.py:189} INFO - [2mPlease wait...
[2023-07-02T17:52:19.238+0000] {process_utils.py:189} INFO - [2mPlease wait...
[2023-07-02T17:52:20.242+0000] {process_utils.py:189} INFO - [2mPlease wait...
[2023-07-02T17:52:21.246+0000] {process_utils.py:189} INFO - Finished
[2023-07-02T17:52:21.288+0000] {python.py:183} INFO - Done. Returned value was: None
[2023-07-02T17:52:21.300+0000] {taskinstance.py:1350} INFO - Marking task as SUCCESS. dag_id=python_scrap_data_dag, task_id=virtualenv_python, execution_date=20230702T175213, start_date=20230702T175214, end_date=20230702T175221
[2023-07-02T17:52:21.350+0000] {local_task_job_runner.py:225} INFO - Task exited with return code 0
[2023-07-02T17:52:21.363+0000] {taskinstance.py:2653} INFO - 0 downstream tasks scheduled from follow-on schedule check
