[2023-07-11T17:43:16.506+0000] {taskinstance.py:1103} INFO - Dependencies all met for dep_context=non-requeueable deps ti=<TaskInstance: dag_scrap_biobio_v14.scrap_data manual__2023-07-11T17:43:14.819139+00:00 [queued]>
[2023-07-11T17:43:16.513+0000] {taskinstance.py:1103} INFO - Dependencies all met for dep_context=requeueable deps ti=<TaskInstance: dag_scrap_biobio_v14.scrap_data manual__2023-07-11T17:43:14.819139+00:00 [queued]>
[2023-07-11T17:43:16.514+0000] {taskinstance.py:1308} INFO - Starting attempt 1 of 1
[2023-07-11T17:43:16.525+0000] {taskinstance.py:1327} INFO - Executing <Task(_PythonExternalDecoratedOperator): scrap_data> on 2023-07-11 17:43:14.819139+00:00
[2023-07-11T17:43:16.531+0000] {standard_task_runner.py:57} INFO - Started process 329 to run task
[2023-07-11T17:43:16.533+0000] {standard_task_runner.py:84} INFO - Running: ['***', 'tasks', 'run', 'dag_scrap_biobio_v14', 'scrap_data', 'manual__2023-07-11T17:43:14.819139+00:00', '--job-id', '10', '--raw', '--subdir', 'DAGS_FOLDER/dag_scrap_biobio.py', '--cfg-path', '/tmp/tmpxjdaegvh']
[2023-07-11T17:43:16.533+0000] {standard_task_runner.py:85} INFO - Job 10: Subtask scrap_data
[2023-07-11T17:43:16.580+0000] {task_command.py:410} INFO - Running <TaskInstance: dag_scrap_biobio_v14.scrap_data manual__2023-07-11T17:43:14.819139+00:00 [running]> on host 6d0768751585
[2023-07-11T17:43:16.671+0000] {taskinstance.py:1547} INFO - Exporting env vars: AIRFLOW_CTX_DAG_OWNER='***' AIRFLOW_CTX_DAG_ID='dag_scrap_biobio_v14' AIRFLOW_CTX_TASK_ID='scrap_data' AIRFLOW_CTX_EXECUTION_DATE='2023-07-11T17:43:14.819139+00:00' AIRFLOW_CTX_TRY_NUMBER='1' AIRFLOW_CTX_DAG_RUN_ID='manual__2023-07-11T17:43:14.819139+00:00'
[2023-07-11T17:43:17.405+0000] {process_utils.py:181} INFO - Executing cmd: /usr/local/bin/python3.7 /tmp/tmducyhgas3/script.py /tmp/tmducyhgas3/script.in /tmp/tmducyhgas3/script.out /tmp/tmducyhgas3/string_args.txt
[2023-07-11T17:43:17.416+0000] {process_utils.py:185} INFO - Output:
[2023-07-11T17:43:18.855+0000] {process_utils.py:189} INFO - /home/***/.local/lib/python3.7/site-packages/pyspark/bin/load-spark-env.sh: line 68: ps: command not found
[2023-07-11T17:43:20.447+0000] {process_utils.py:189} INFO - Setting default log level to "WARN".
[2023-07-11T17:43:20.447+0000] {process_utils.py:189} INFO - To adjust logging level use sc.setLogLevel(newLevel). For SparkR, use setLogLevel(newLevel).
[2023-07-11T17:43:20.656+0000] {process_utils.py:189} INFO - 23/07/11 17:43:20 WARN NativeCodeLoader: Unable to load native-hadoop library for your platform... using builtin-java classes where applicable
[2023-07-11T17:43:21.300+0000] {process_utils.py:189} INFO - 23/07/11 17:43:21 WARN Utils: Service 'SparkUI' could not bind on port 4040. Attempting port 4041.
[2023-07-11T17:43:21.733+0000] {process_utils.py:189} INFO - /home/***/.local/lib/python3.7/site-packages/pyspark/context.py:317 FutureWarning: Python 3.7 support is deprecated in Spark 3.4.
[2023-07-11T17:43:40.936+0000] {process_utils.py:189} INFO - [Stage 0:>                                                          (0 + 1) / 1]                                                                                1) BROWSER OK
[2023-07-11T17:43:40.942+0000] {process_utils.py:189} INFO - 2) GET OK
[2023-07-11T17:43:40.942+0000] {process_utils.py:189} INFO - 3) BUTTON OK
[2023-07-11T17:43:40.942+0000] {process_utils.py:189} INFO - 4) CLICK OK
[2023-07-11T17:43:40.942+0000] {process_utils.py:189} INFO - 5) FETCH OK
[2023-07-11T17:43:40.942+0000] {process_utils.py:189} INFO - 6) FETCH 2 OK
[2023-07-11T17:43:40.942+0000] {process_utils.py:189} INFO - Loading data...
[2023-07-11T17:43:40.942+0000] {process_utils.py:189} INFO - INSEPECTING ELEMENT
[2023-07-11T17:43:40.942+0000] {process_utils.py:189} INFO - INSEPECTING ELEMENT
[2023-07-11T17:43:40.942+0000] {process_utils.py:189} INFO - INSEPECTING ELEMENT
[2023-07-11T17:43:40.942+0000] {process_utils.py:189} INFO - INSEPECTING ELEMENT
[2023-07-11T17:43:40.943+0000] {process_utils.py:189} INFO - INSEPECTING ELEMENT
[2023-07-11T17:43:40.943+0000] {process_utils.py:189} INFO - INSEPECTING ELEMENT
[2023-07-11T17:43:40.943+0000] {process_utils.py:189} INFO - INSEPECTING ELEMENT
[2023-07-11T17:43:40.943+0000] {process_utils.py:189} INFO - INSEPECTING ELEMENT
[2023-07-11T17:43:40.943+0000] {process_utils.py:189} INFO - INSEPECTING ELEMENT
[2023-07-11T17:43:40.943+0000] {process_utils.py:189} INFO - INSEPECTING ELEMENT
[2023-07-11T17:43:40.943+0000] {process_utils.py:189} INFO - INSEPECTING ELEMENT
[2023-07-11T17:43:40.943+0000] {process_utils.py:189} INFO - INSEPECTING ELEMENT
[2023-07-11T17:43:40.943+0000] {process_utils.py:189} INFO - INSEPECTING ELEMENT
[2023-07-11T17:43:40.943+0000] {process_utils.py:189} INFO - INSEPECTING ELEMENT
[2023-07-11T17:43:40.943+0000] {process_utils.py:189} INFO - INSEPECTING ELEMENT
[2023-07-11T17:43:40.944+0000] {process_utils.py:189} INFO - INSEPECTING ELEMENT
[2023-07-11T17:43:40.944+0000] {process_utils.py:189} INFO - INSEPECTING ELEMENT
[2023-07-11T17:43:40.944+0000] {process_utils.py:189} INFO - INSEPECTING ELEMENT
[2023-07-11T17:43:40.944+0000] {process_utils.py:189} INFO - INSEPECTING ELEMENT
[2023-07-11T17:43:40.944+0000] {process_utils.py:189} INFO - INSEPECTING ELEMENT
[2023-07-11T17:43:40.944+0000] {process_utils.py:189} INFO - INSEPECTING ELEMENT
[2023-07-11T17:43:40.944+0000] {process_utils.py:189} INFO - INSEPECTING ELEMENT
[2023-07-11T17:43:40.944+0000] {process_utils.py:189} INFO - INSEPECTING ELEMENT
[2023-07-11T17:43:40.944+0000] {process_utils.py:189} INFO - INSEPECTING ELEMENT
[2023-07-11T17:43:40.944+0000] {process_utils.py:189} INFO - INSEPECTING ELEMENT
[2023-07-11T17:43:40.945+0000] {process_utils.py:189} INFO - INSEPECTING ELEMENT
[2023-07-11T17:43:40.945+0000] {process_utils.py:189} INFO - INSEPECTING ELEMENT
[2023-07-11T17:43:40.945+0000] {process_utils.py:189} INFO - INSEPECTING ELEMENT
[2023-07-11T17:43:40.945+0000] {process_utils.py:189} INFO - INSEPECTING ELEMENT
[2023-07-11T17:43:40.945+0000] {process_utils.py:189} INFO - +--------------------+--------------------+--------+------------+------------+-----------+--------------+--------------------+-----------------+--------------+----------------+
[2023-07-11T17:43:40.945+0000] {process_utils.py:189} INFO - |        article_hash|       article_title|category|publish_date|article_body|raw_content| source_entity|        article_link|generated_summary|negative_score|importance_score|
[2023-07-11T17:43:40.945+0000] {process_utils.py:189} INFO - +--------------------+--------------------+--------+------------+------------+-----------+--------------+--------------------+-----------------+--------------+----------------+
[2023-07-11T17:43:40.946+0000] {process_utils.py:189} INFO - |0b96189e595cecd44...|Diputada Pérez (R...|Nacional|        null|        null|       null|biobiochile.cl|https://www.biobi...|             null|          null|            null|
[2023-07-11T17:43:40.946+0000] {process_utils.py:189} INFO - |b2610f43a2efaf002...|Detienen a mamá d...|Nacional|        null|        null|       null|biobiochile.cl|https://www.biobi...|             null|          null|            null|
[2023-07-11T17:43:40.946+0000] {process_utils.py:189} INFO - |fa6c8abd209edc034...|"No venga a vesti...|Nacional|        null|        null|       null|biobiochile.cl|https://www.biobi...|             null|          null|            null|
[2023-07-11T17:43:40.946+0000] {process_utils.py:189} INFO - |57be750835115edcc...|Operación Huracán...|Nacional|        null|        null|       null|biobiochile.cl|https://www.biobi...|             null|          null|            null|
[2023-07-11T17:43:40.946+0000] {process_utils.py:189} INFO - |cafe2f5e4a38cda1c...|Becker y AC contr...|Nacional|        null|        null|       null|biobiochile.cl|https://www.biobi...|             null|          null|            null|
[2023-07-11T17:43:40.947+0000] {process_utils.py:189} INFO - |ac8afd91faf50e02b...|Fiscalía agrava c...|Nacional|        null|        null|       null|biobiochile.cl|https://www.biobi...|             null|          null|            null|
[2023-07-11T17:43:40.947+0000] {process_utils.py:189} INFO - |88dd6b55c8093ef97...|"Una pesadilla": ...|Nacional|        null|        null|       null|biobiochile.cl|https://www.biobi...|             null|          null|            null|
[2023-07-11T17:43:40.947+0000] {process_utils.py:189} INFO - |3a0d1735e3b05ac0b...|"El Presidente no...|Nacional|        null|        null|       null|biobiochile.cl|https://www.biobi...|             null|          null|            null|
[2023-07-11T17:43:40.947+0000] {process_utils.py:189} INFO - |66f2dbffcd02c5d08...|"Hay muchas denun...|Nacional|        null|        null|       null|biobiochile.cl|https://www.biobi...|             null|          null|            null|
[2023-07-11T17:43:40.948+0000] {process_utils.py:189} INFO - |1d622161c13a8b3e1...|Lo trató de "perv...|Nacional|        null|        null|       null|biobiochile.cl|https://www.biobi...|             null|          null|            null|
[2023-07-11T17:43:40.948+0000] {process_utils.py:189} INFO - |3c8580a2f22fd53ed...|¿Suspenderá la li...|Nacional|        null|        null|       null|biobiochile.cl|https://www.biobi...|             null|          null|            null|
[2023-07-11T17:43:40.948+0000] {process_utils.py:189} INFO - |ab1497f5de0ce5fe4...|PDI incorpora nue...|Nacional|        null|        null|       null|biobiochile.cl|https://www.biobi...|             null|          null|            null|
[2023-07-11T17:43:40.948+0000] {process_utils.py:189} INFO - |84bd79a9ff0143264...|Banco Central con...|Nacional|        null|        null|       null|biobiochile.cl|https://www.biobi...|             null|          null|            null|
[2023-07-11T17:43:40.949+0000] {process_utils.py:189} INFO - |2c888607b0f89f983...|Autoridades busca...|Nacional|        null|        null|       null|biobiochile.cl|https://www.biobi...|             null|          null|            null|
[2023-07-11T17:43:40.949+0000] {process_utils.py:189} INFO - |c5d66ddaab8e33c19...|Atropellan a cara...|Nacional|        null|        null|       null|biobiochile.cl|https://www.biobi...|             null|          null|            null|
[2023-07-11T17:43:40.950+0000] {process_utils.py:189} INFO - |4dd41b21e6cf91303...|Cordero asegura q...|Nacional|        null|        null|       null|biobiochile.cl|https://www.biobi...|             null|          null|            null|
[2023-07-11T17:43:40.950+0000] {process_utils.py:189} INFO - |6d53ce7e9be378f45...|Exministra Isabel...|Nacional|        null|        null|       null|biobiochile.cl|https://www.biobi...|             null|          null|            null|
[2023-07-11T17:43:40.950+0000] {process_utils.py:189} INFO - |a333edfbd8213b827...|Privados, mérito ...|Nacional|        null|        null|       null|biobiochile.cl|https://www.biobi...|             null|          null|            null|
[2023-07-11T17:43:40.950+0000] {process_utils.py:189} INFO - |5cfde110e7bc5dede...|Comisión Revisora...|Nacional|        null|        null|       null|biobiochile.cl|https://www.biobi...|             null|          null|            null|
[2023-07-11T17:43:40.951+0000] {process_utils.py:189} INFO - |d59acd1730d3ff299...|Valdivia: vecinos...|Nacional|        null|        null|       null|biobiochile.cl|https://www.biobi...|             null|          null|            null|
[2023-07-11T17:43:40.951+0000] {process_utils.py:189} INFO - +--------------------+--------------------+--------+------------+------------+-----------+--------------+--------------------+-----------------+--------------+----------------+
[2023-07-11T17:43:40.951+0000] {process_utils.py:189} INFO - only showing top 20 rows
[2023-07-11T17:43:40.951+0000] {process_utils.py:189} INFO - 
[2023-07-11T17:43:40.951+0000] {process_utils.py:189} INFO - Traceback (most recent call last):
[2023-07-11T17:43:40.951+0000] {process_utils.py:189} INFO -   File "/tmp/tmducyhgas3/script.py", line 160, in <module>
[2023-07-11T17:43:40.951+0000] {process_utils.py:189} INFO -     res = scrapData(*arg_dict["args"], **arg_dict["kwargs"])
[2023-07-11T17:43:40.951+0000] {process_utils.py:189} INFO -   File "/tmp/tmducyhgas3/script.py", line 156, in scrapData
[2023-07-11T17:43:40.952+0000] {process_utils.py:189} INFO -     writeToDB(data_df)
[2023-07-11T17:43:40.952+0000] {process_utils.py:189} INFO -   File "/tmp/tmducyhgas3/script.py", line 76, in writeToDB
[2023-07-11T17:43:40.952+0000] {process_utils.py:189} INFO -     .mode("append") \
[2023-07-11T17:43:40.952+0000] {process_utils.py:189} INFO -   File "/home/***/.local/lib/python3.7/site-packages/pyspark/sql/readwriter.py", line 1396, in save
[2023-07-11T17:43:40.952+0000] {process_utils.py:189} INFO -     self._jwrite.save()
[2023-07-11T17:43:40.952+0000] {process_utils.py:189} INFO -   File "/home/***/.local/lib/python3.7/site-packages/py4j/java_gateway.py", line 1323, in __call__
[2023-07-11T17:43:40.952+0000] {process_utils.py:189} INFO -     answer, self.gateway_client, self.target_id, self.name)
[2023-07-11T17:43:40.953+0000] {process_utils.py:189} INFO -   File "/home/***/.local/lib/python3.7/site-packages/pyspark/errors/exceptions/captured.py", line 169, in deco
[2023-07-11T17:43:40.953+0000] {process_utils.py:189} INFO -     return f(*a, **kw)
[2023-07-11T17:43:40.953+0000] {process_utils.py:189} INFO -   File "/home/***/.local/lib/python3.7/site-packages/py4j/protocol.py", line 328, in get_return_value
[2023-07-11T17:43:40.953+0000] {process_utils.py:189} INFO -     format(target_id, ".", name), value)
[2023-07-11T17:43:40.953+0000] {process_utils.py:189} INFO - py4j.protocol.Py4JJavaError: An error occurred while calling o45.save.
[2023-07-11T17:43:40.953+0000] {process_utils.py:189} INFO - : java.sql.SQLException: No suitable driver
[2023-07-11T17:43:40.953+0000] {process_utils.py:189} INFO - 	at java.sql/java.sql.DriverManager.getDriver(DriverManager.java:298)
[2023-07-11T17:43:40.953+0000] {process_utils.py:189} INFO - 	at org.apache.spark.sql.execution.datasources.jdbc.JDBCOptions.$anonfun$driverClass$2(JDBCOptions.scala:109)
[2023-07-11T17:43:40.954+0000] {process_utils.py:189} INFO - 	at scala.Option.getOrElse(Option.scala:189)
[2023-07-11T17:43:40.954+0000] {process_utils.py:189} INFO - 	at org.apache.spark.sql.execution.datasources.jdbc.JDBCOptions.<init>(JDBCOptions.scala:109)
[2023-07-11T17:43:40.954+0000] {process_utils.py:189} INFO - 	at org.apache.spark.sql.execution.datasources.jdbc.JdbcOptionsInWrite.<init>(JDBCOptions.scala:246)
[2023-07-11T17:43:40.954+0000] {process_utils.py:189} INFO - 	at org.apache.spark.sql.execution.datasources.jdbc.JdbcOptionsInWrite.<init>(JDBCOptions.scala:250)
[2023-07-11T17:43:40.954+0000] {process_utils.py:189} INFO - 	at org.apache.spark.sql.execution.datasources.jdbc.JdbcRelationProvider.createRelation(JdbcRelationProvider.scala:47)
[2023-07-11T17:43:40.954+0000] {process_utils.py:189} INFO - 	at org.apache.spark.sql.execution.datasources.SaveIntoDataSourceCommand.run(SaveIntoDataSourceCommand.scala:47)
[2023-07-11T17:43:40.955+0000] {process_utils.py:189} INFO - 	at org.apache.spark.sql.execution.command.ExecutedCommandExec.sideEffectResult$lzycompute(commands.scala:75)
[2023-07-11T17:43:40.955+0000] {process_utils.py:189} INFO - 	at org.apache.spark.sql.execution.command.ExecutedCommandExec.sideEffectResult(commands.scala:73)
[2023-07-11T17:43:40.955+0000] {process_utils.py:189} INFO - 	at org.apache.spark.sql.execution.command.ExecutedCommandExec.executeCollect(commands.scala:84)
[2023-07-11T17:43:40.955+0000] {process_utils.py:189} INFO - 	at org.apache.spark.sql.execution.QueryExecution$$anonfun$eagerlyExecuteCommands$1.$anonfun$applyOrElse$1(QueryExecution.scala:98)
[2023-07-11T17:43:40.955+0000] {process_utils.py:189} INFO - 	at org.apache.spark.sql.execution.SQLExecution$.$anonfun$withNewExecutionId$6(SQLExecution.scala:118)
[2023-07-11T17:43:40.955+0000] {process_utils.py:189} INFO - 	at org.apache.spark.sql.execution.SQLExecution$.withSQLConfPropagated(SQLExecution.scala:195)
[2023-07-11T17:43:40.955+0000] {process_utils.py:189} INFO - 	at org.apache.spark.sql.execution.SQLExecution$.$anonfun$withNewExecutionId$1(SQLExecution.scala:103)
[2023-07-11T17:43:40.956+0000] {process_utils.py:189} INFO - 	at org.apache.spark.sql.SparkSession.withActive(SparkSession.scala:827)
[2023-07-11T17:43:40.956+0000] {process_utils.py:189} INFO - 	at org.apache.spark.sql.execution.SQLExecution$.withNewExecutionId(SQLExecution.scala:65)
[2023-07-11T17:43:40.956+0000] {process_utils.py:189} INFO - 	at org.apache.spark.sql.execution.QueryExecution$$anonfun$eagerlyExecuteCommands$1.applyOrElse(QueryExecution.scala:98)
[2023-07-11T17:43:40.956+0000] {process_utils.py:189} INFO - 	at org.apache.spark.sql.execution.QueryExecution$$anonfun$eagerlyExecuteCommands$1.applyOrElse(QueryExecution.scala:94)
[2023-07-11T17:43:40.956+0000] {process_utils.py:189} INFO - 	at org.apache.spark.sql.catalyst.trees.TreeNode.$anonfun$transformDownWithPruning$1(TreeNode.scala:512)
[2023-07-11T17:43:40.956+0000] {process_utils.py:189} INFO - 	at org.apache.spark.sql.catalyst.trees.CurrentOrigin$.withOrigin(TreeNode.scala:104)
[2023-07-11T17:43:40.957+0000] {process_utils.py:189} INFO - 	at org.apache.spark.sql.catalyst.trees.TreeNode.transformDownWithPruning(TreeNode.scala:512)
[2023-07-11T17:43:40.957+0000] {process_utils.py:189} INFO - 	at org.apache.spark.sql.catalyst.plans.logical.LogicalPlan.org$apache$spark$sql$catalyst$plans$logical$AnalysisHelper$$super$transformDownWithPruning(LogicalPlan.scala:31)
[2023-07-11T17:43:40.957+0000] {process_utils.py:189} INFO - 	at org.apache.spark.sql.catalyst.plans.logical.AnalysisHelper.transformDownWithPruning(AnalysisHelper.scala:267)
[2023-07-11T17:43:40.957+0000] {process_utils.py:189} INFO - 	at org.apache.spark.sql.catalyst.plans.logical.AnalysisHelper.transformDownWithPruning$(AnalysisHelper.scala:263)
[2023-07-11T17:43:40.957+0000] {process_utils.py:189} INFO - 	at org.apache.spark.sql.catalyst.plans.logical.LogicalPlan.transformDownWithPruning(LogicalPlan.scala:31)
[2023-07-11T17:43:40.958+0000] {process_utils.py:189} INFO - 	at org.apache.spark.sql.catalyst.plans.logical.LogicalPlan.transformDownWithPruning(LogicalPlan.scala:31)
[2023-07-11T17:43:40.958+0000] {process_utils.py:189} INFO - 	at org.apache.spark.sql.catalyst.trees.TreeNode.transformDown(TreeNode.scala:488)
[2023-07-11T17:43:40.958+0000] {process_utils.py:189} INFO - 	at org.apache.spark.sql.execution.QueryExecution.eagerlyExecuteCommands(QueryExecution.scala:94)
[2023-07-11T17:43:40.958+0000] {process_utils.py:189} INFO - 	at org.apache.spark.sql.execution.QueryExecution.commandExecuted$lzycompute(QueryExecution.scala:81)
[2023-07-11T17:43:40.959+0000] {process_utils.py:189} INFO - 	at org.apache.spark.sql.execution.QueryExecution.commandExecuted(QueryExecution.scala:79)
[2023-07-11T17:43:40.959+0000] {process_utils.py:189} INFO - 	at org.apache.spark.sql.execution.QueryExecution.assertCommandExecuted(QueryExecution.scala:133)
[2023-07-11T17:43:40.959+0000] {process_utils.py:189} INFO - 	at org.apache.spark.sql.DataFrameWriter.runCommand(DataFrameWriter.scala:856)
[2023-07-11T17:43:40.959+0000] {process_utils.py:189} INFO - 	at org.apache.spark.sql.DataFrameWriter.saveToV1Source(DataFrameWriter.scala:387)
[2023-07-11T17:43:40.959+0000] {process_utils.py:189} INFO - 	at org.apache.spark.sql.DataFrameWriter.saveInternal(DataFrameWriter.scala:360)
[2023-07-11T17:43:40.959+0000] {process_utils.py:189} INFO - 	at org.apache.spark.sql.DataFrameWriter.save(DataFrameWriter.scala:247)
[2023-07-11T17:43:40.959+0000] {process_utils.py:189} INFO - 	at java.base/jdk.internal.reflect.NativeMethodAccessorImpl.invoke0(Native Method)
[2023-07-11T17:43:40.960+0000] {process_utils.py:189} INFO - 	at java.base/jdk.internal.reflect.NativeMethodAccessorImpl.invoke(NativeMethodAccessorImpl.java:62)
[2023-07-11T17:43:40.960+0000] {process_utils.py:189} INFO - 	at java.base/jdk.internal.reflect.DelegatingMethodAccessorImpl.invoke(DelegatingMethodAccessorImpl.java:43)
[2023-07-11T17:43:40.960+0000] {process_utils.py:189} INFO - 	at java.base/java.lang.reflect.Method.invoke(Method.java:566)
[2023-07-11T17:43:40.960+0000] {process_utils.py:189} INFO - 	at py4j.reflection.MethodInvoker.invoke(MethodInvoker.java:244)
[2023-07-11T17:43:40.960+0000] {process_utils.py:189} INFO - 	at py4j.reflection.ReflectionEngine.invoke(ReflectionEngine.java:374)
[2023-07-11T17:43:40.960+0000] {process_utils.py:189} INFO - 	at py4j.Gateway.invoke(Gateway.java:282)
[2023-07-11T17:43:40.960+0000] {process_utils.py:189} INFO - 	at py4j.commands.AbstractCommand.invokeMethod(AbstractCommand.java:132)
[2023-07-11T17:43:40.961+0000] {process_utils.py:189} INFO - 	at py4j.commands.CallCommand.execute(CallCommand.java:79)
[2023-07-11T17:43:40.961+0000] {process_utils.py:189} INFO - 	at py4j.ClientServerConnection.waitForCommands(ClientServerConnection.java:182)
[2023-07-11T17:43:40.961+0000] {process_utils.py:189} INFO - 	at py4j.ClientServerConnection.run(ClientServerConnection.java:106)
[2023-07-11T17:43:40.961+0000] {process_utils.py:189} INFO - 	at java.base/java.lang.Thread.run(Thread.java:829)
[2023-07-11T17:43:40.961+0000] {process_utils.py:189} INFO - 
[2023-07-11T17:43:41.496+0000] {taskinstance.py:1824} ERROR - Task failed with exception
Traceback (most recent call last):
  File "/home/airflow/.local/lib/python3.7/site-packages/airflow/decorators/base.py", line 220, in execute
    return_value = super().execute(context)
  File "/home/airflow/.local/lib/python3.7/site-packages/airflow/operators/python.py", line 374, in execute
    return super().execute(context=serializable_context)
  File "/home/airflow/.local/lib/python3.7/site-packages/airflow/operators/python.py", line 181, in execute
    return_value = self.execute_callable()
  File "/home/airflow/.local/lib/python3.7/site-packages/airflow/operators/python.py", line 696, in execute_callable
    return self._execute_python_callable_in_subprocess(python_path, tmp_path)
  File "/home/airflow/.local/lib/python3.7/site-packages/airflow/operators/python.py", line 434, in _execute_python_callable_in_subprocess
    os.fspath(string_args_path),
  File "/home/airflow/.local/lib/python3.7/site-packages/airflow/utils/process_utils.py", line 170, in execute_in_subprocess
    execute_in_subprocess_with_kwargs(cmd, cwd=cwd)
  File "/home/airflow/.local/lib/python3.7/site-packages/airflow/utils/process_utils.py", line 193, in execute_in_subprocess_with_kwargs
    raise subprocess.CalledProcessError(exit_code, cmd)
subprocess.CalledProcessError: Command '['/usr/local/bin/python3.7', '/tmp/tmducyhgas3/script.py', '/tmp/tmducyhgas3/script.in', '/tmp/tmducyhgas3/script.out', '/tmp/tmducyhgas3/string_args.txt']' returned non-zero exit status 1.
[2023-07-11T17:43:41.504+0000] {taskinstance.py:1350} INFO - Marking task as FAILED. dag_id=dag_scrap_biobio_v14, task_id=scrap_data, execution_date=20230711T174314, start_date=20230711T174316, end_date=20230711T174341
[2023-07-11T17:43:41.514+0000] {standard_task_runner.py:109} ERROR - Failed to execute job 10 for task scrap_data (Command '['/usr/local/bin/python3.7', '/tmp/tmducyhgas3/script.py', '/tmp/tmducyhgas3/script.in', '/tmp/tmducyhgas3/script.out', '/tmp/tmducyhgas3/string_args.txt']' returned non-zero exit status 1.; 329)
[2023-07-11T17:43:41.547+0000] {local_task_job_runner.py:225} INFO - Task exited with return code 1
[2023-07-11T17:43:41.569+0000] {taskinstance.py:2653} INFO - 0 downstream tasks scheduled from follow-on schedule check
