[2023-07-01T05:50:31.301+0000] {taskinstance.py:1103} INFO - Dependencies all met for dep_context=non-requeueable deps ti=<TaskInstance: dag_python_deps_NEW3.get_age manual__2023-07-01T05:50:30.241888+00:00 [queued]>
[2023-07-01T05:50:31.311+0000] {taskinstance.py:1103} INFO - Dependencies all met for dep_context=requeueable deps ti=<TaskInstance: dag_python_deps_NEW3.get_age manual__2023-07-01T05:50:30.241888+00:00 [queued]>
[2023-07-01T05:50:31.311+0000] {taskinstance.py:1308} INFO - Starting attempt 1 of 6
[2023-07-01T05:50:31.323+0000] {taskinstance.py:1327} INFO - Executing <Task(_PythonDecoratedOperator): get_age> on 2023-07-01 05:50:30.241888+00:00
[2023-07-01T05:50:31.328+0000] {standard_task_runner.py:57} INFO - Started process 6216 to run task
[2023-07-01T05:50:31.330+0000] {standard_task_runner.py:84} INFO - Running: ['***', 'tasks', 'run', 'dag_python_deps_NEW3', 'get_age', 'manual__2023-07-01T05:50:30.241888+00:00', '--job-id', '199', '--raw', '--subdir', 'DAGS_FOLDER/dag_with_python_deps.py', '--cfg-path', '/tmp/tmpmpg0ncqr']
[2023-07-01T05:50:31.331+0000] {standard_task_runner.py:85} INFO - Job 199: Subtask get_age
[2023-07-01T05:50:31.365+0000] {task_command.py:410} INFO - Running <TaskInstance: dag_python_deps_NEW3.get_age manual__2023-07-01T05:50:30.241888+00:00 [running]> on host 111d544596aa
[2023-07-01T05:50:31.432+0000] {taskinstance.py:1547} INFO - Exporting env vars: AIRFLOW_CTX_DAG_OWNER='stare' AIRFLOW_CTX_DAG_ID='dag_python_deps_NEW3' AIRFLOW_CTX_TASK_ID='get_age' AIRFLOW_CTX_EXECUTION_DATE='2023-07-01T05:50:30.241888+00:00' AIRFLOW_CTX_TRY_NUMBER='1' AIRFLOW_CTX_DAG_RUN_ID='manual__2023-07-01T05:50:30.241888+00:00'
[2023-07-01T05:50:31.433+0000] {logging_mixin.py:149} INFO - /usr/local/bin
[2023-07-01T05:50:31.433+0000] {logging_mixin.py:149} INFO - ['/home/***/.local/bin',
 '/usr/local/lib/python37.zip',
 '/usr/local/lib/python3.7',
 '/usr/local/lib/python3.7/lib-dynload',
 '/home/***/.local/lib/python3.7/site-packages',
 '/usr/local/lib/python3.7/site-packages',
 '/opt/***/dags',
 '/opt/***/config',
 '/opt/***/plugins']
[2023-07-01T05:50:31.434+0000] {taskinstance.py:1824} ERROR - Task failed with exception
Traceback (most recent call last):
  File "/home/airflow/.local/lib/python3.7/site-packages/airflow/decorators/base.py", line 220, in execute
    return_value = super().execute(context)
  File "/home/airflow/.local/lib/python3.7/site-packages/airflow/operators/python.py", line 181, in execute
    return_value = self.execute_callable()
  File "/home/airflow/.local/lib/python3.7/site-packages/airflow/operators/python.py", line 198, in execute_callable
    return self.python_callable(*self.op_args, **self.op_kwargs)
  File "/opt/airflow/dags/dag_with_python_deps.py", line 31, in get_age
    import sklearn
ModuleNotFoundError: No module named 'sklearn'
[2023-07-01T05:50:31.441+0000] {taskinstance.py:1350} INFO - Marking task as UP_FOR_RETRY. dag_id=dag_python_deps_NEW3, task_id=get_age, execution_date=20230701T055030, start_date=20230701T055031, end_date=20230701T055031
[2023-07-01T05:50:31.450+0000] {standard_task_runner.py:109} ERROR - Failed to execute job 199 for task get_age (No module named 'sklearn'; 6216)
[2023-07-01T05:50:31.462+0000] {local_task_job_runner.py:225} INFO - Task exited with return code 1
[2023-07-01T05:50:31.509+0000] {taskinstance.py:2653} INFO - 0 downstream tasks scheduled from follow-on schedule check
