[2023-07-05T16:22:06.520+0000] {taskinstance.py:1103} INFO - Dependencies all met for dep_context=non-requeueable deps ti=<TaskInstance: initiallize_python_scrap_data_dag.print_the_context manual__2023-07-05T16:22:05.429781+00:00 [queued]>
[2023-07-05T16:22:06.528+0000] {taskinstance.py:1103} INFO - Dependencies all met for dep_context=requeueable deps ti=<TaskInstance: initiallize_python_scrap_data_dag.print_the_context manual__2023-07-05T16:22:05.429781+00:00 [queued]>
[2023-07-05T16:22:06.529+0000] {taskinstance.py:1308} INFO - Starting attempt 1 of 1
[2023-07-05T16:22:06.541+0000] {taskinstance.py:1327} INFO - Executing <Task(_PythonDecoratedOperator): print_the_context> on 2023-07-05 16:22:05.429781+00:00
[2023-07-05T16:22:06.546+0000] {standard_task_runner.py:57} INFO - Started process 1986 to run task
[2023-07-05T16:22:06.548+0000] {standard_task_runner.py:84} INFO - Running: ['***', 'tasks', 'run', 'initiallize_python_scrap_data_dag', 'print_the_context', 'manual__2023-07-05T16:22:05.429781+00:00', '--job-id', '40', '--raw', '--subdir', 'DAGS_FOLDER/scrap_data.py', '--cfg-path', '/tmp/tmplgfvon3q']
[2023-07-05T16:22:06.548+0000] {standard_task_runner.py:85} INFO - Job 40: Subtask print_the_context
[2023-07-05T16:22:06.580+0000] {task_command.py:410} INFO - Running <TaskInstance: initiallize_python_scrap_data_dag.print_the_context manual__2023-07-05T16:22:05.429781+00:00 [running]> on host d409bdcb9602
[2023-07-05T16:22:06.646+0000] {taskinstance.py:1547} INFO - Exporting env vars: AIRFLOW_CTX_DAG_OWNER='***' AIRFLOW_CTX_DAG_ID='initiallize_python_scrap_data_dag' AIRFLOW_CTX_TASK_ID='print_the_context' AIRFLOW_CTX_EXECUTION_DATE='2023-07-05T16:22:05.429781+00:00' AIRFLOW_CTX_TRY_NUMBER='1' AIRFLOW_CTX_DAG_RUN_ID='manual__2023-07-05T16:22:05.429781+00:00'
[2023-07-05T16:22:06.648+0000] {warnings.py:110} WARNING - /home/***/.local/lib/python3.7/site-packages/***/utils/context.py:313: AirflowContextDeprecationWarning: Accessing 'execution_date' from the template is deprecated and will be removed in a future version. Please use 'data_interval_start' or 'logical_date' instead.
  warnings.warn(_create_deprecation_warning(k, replacements))

[2023-07-05T16:22:06.648+0000] {warnings.py:110} WARNING - /home/***/.local/lib/python3.7/site-packages/***/utils/context.py:313: AirflowContextDeprecationWarning: Accessing 'next_ds' from the template is deprecated and will be removed in a future version. Please use '{{ data_interval_end | ds }}' instead.
  warnings.warn(_create_deprecation_warning(k, replacements))

[2023-07-05T16:22:06.648+0000] {warnings.py:110} WARNING - /home/***/.local/lib/python3.7/site-packages/***/utils/context.py:313: AirflowContextDeprecationWarning: Accessing 'next_ds_nodash' from the template is deprecated and will be removed in a future version. Please use '{{ data_interval_end | ds_nodash }}' instead.
  warnings.warn(_create_deprecation_warning(k, replacements))

[2023-07-05T16:22:06.648+0000] {warnings.py:110} WARNING - /home/***/.local/lib/python3.7/site-packages/***/utils/context.py:313: AirflowContextDeprecationWarning: Accessing 'next_execution_date' from the template is deprecated and will be removed in a future version. Please use 'data_interval_end' instead.
  warnings.warn(_create_deprecation_warning(k, replacements))

[2023-07-05T16:22:06.648+0000] {warnings.py:110} WARNING - /home/***/.local/lib/python3.7/site-packages/***/utils/context.py:313: AirflowContextDeprecationWarning: Accessing 'prev_ds' from the template is deprecated and will be removed in a future version.
  warnings.warn(_create_deprecation_warning(k, replacements))

[2023-07-05T16:22:06.648+0000] {warnings.py:110} WARNING - /home/***/.local/lib/python3.7/site-packages/***/utils/context.py:313: AirflowContextDeprecationWarning: Accessing 'prev_ds_nodash' from the template is deprecated and will be removed in a future version.
  warnings.warn(_create_deprecation_warning(k, replacements))

[2023-07-05T16:22:06.648+0000] {warnings.py:110} WARNING - /home/***/.local/lib/python3.7/site-packages/***/utils/context.py:313: AirflowContextDeprecationWarning: Accessing 'prev_execution_date' from the template is deprecated and will be removed in a future version.
  warnings.warn(_create_deprecation_warning(k, replacements))

[2023-07-05T16:22:06.648+0000] {warnings.py:110} WARNING - /home/***/.local/lib/python3.7/site-packages/***/utils/context.py:313: AirflowContextDeprecationWarning: Accessing 'prev_execution_date_success' from the template is deprecated and will be removed in a future version. Please use 'prev_data_interval_start_success' instead.
  warnings.warn(_create_deprecation_warning(k, replacements))

[2023-07-05T16:22:06.649+0000] {warnings.py:110} WARNING - /home/***/.local/lib/python3.7/site-packages/***/utils/context.py:313: AirflowContextDeprecationWarning: Accessing 'tomorrow_ds' from the template is deprecated and will be removed in a future version.
  warnings.warn(_create_deprecation_warning(k, replacements))

[2023-07-05T16:22:06.649+0000] {warnings.py:110} WARNING - /home/***/.local/lib/python3.7/site-packages/***/utils/context.py:313: AirflowContextDeprecationWarning: Accessing 'tomorrow_ds_nodash' from the template is deprecated and will be removed in a future version.
  warnings.warn(_create_deprecation_warning(k, replacements))

[2023-07-05T16:22:06.655+0000] {warnings.py:110} WARNING - /home/***/.local/lib/python3.7/site-packages/***/utils/context.py:313: AirflowContextDeprecationWarning: Accessing 'yesterday_ds' from the template is deprecated and will be removed in a future version.
  warnings.warn(_create_deprecation_warning(k, replacements))

[2023-07-05T16:22:06.655+0000] {warnings.py:110} WARNING - /home/***/.local/lib/python3.7/site-packages/***/utils/context.py:313: AirflowContextDeprecationWarning: Accessing 'yesterday_ds_nodash' from the template is deprecated and will be removed in a future version.
  warnings.warn(_create_deprecation_warning(k, replacements))

[2023-07-05T16:22:06.655+0000] {logging_mixin.py:149} INFO - {'conf': <***.configuration.AirflowConfigParser object at 0x7f666c245590>,
 'conn': None,
 'dag': <DAG: initiallize_python_scrap_data_dag>,
 'dag_run': <DagRun initiallize_python_scrap_data_dag @ 2023-07-05 16:22:05.429781+00:00: manual__2023-07-05T16:22:05.429781+00:00, state:running, queued_at: 2023-07-05 16:22:05.444644+00:00. externally triggered: True>,
 'data_interval_end': DateTime(2023, 7, 5, 16, 22, 5, 429781, tzinfo=Timezone('UTC')),
 'data_interval_start': DateTime(2023, 7, 5, 16, 22, 5, 429781, tzinfo=Timezone('UTC')),
 'ds_nodash': '20230705',
 'execution_date': <Proxy at 0x7f665f8474b0 with factory functools.partial(<function lazy_mapping_from_context.<locals>._deprecated_proxy_factory at 0x7f665f7d3cb0>, 'execution_date', DateTime(2023, 7, 5, 16, 22, 5, 429781, tzinfo=Timezone('UTC')))>,
 'expanded_ti_count': None,
 'inlets': [],
 'logical_date': DateTime(2023, 7, 5, 16, 22, 5, 429781, tzinfo=Timezone('UTC')),
 'macros': <module '***.macros' from '/home/***/.local/lib/python3.7/site-packages/***/macros/__init__.py'>,
 'next_ds': <Proxy at 0x7f665f847aa0 with factory functools.partial(<function lazy_mapping_from_context.<locals>._deprecated_proxy_factory at 0x7f665f7d3cb0>, 'next_ds', '2023-07-05')>,
 'next_ds_nodash': <Proxy at 0x7f665f8194b0 with factory functools.partial(<function lazy_mapping_from_context.<locals>._deprecated_proxy_factory at 0x7f665f7d3cb0>, 'next_ds_nodash', '20230705')>,
 'next_execution_date': <Proxy at 0x7f665f7d5f50 with factory functools.partial(<function lazy_mapping_from_context.<locals>._deprecated_proxy_factory at 0x7f665f7d3cb0>, 'next_execution_date', DateTime(2023, 7, 5, 16, 22, 5, 429781, tzinfo=Timezone('UTC')))>,
 'outlets': [],
 'params': {},
 'prev_data_interval_end_success': None,
 'prev_data_interval_start_success': None,
 'prev_ds': <Proxy at 0x7f665f7d5230 with factory functools.partial(<function lazy_mapping_from_context.<locals>._deprecated_proxy_factory at 0x7f665f7d3cb0>, 'prev_ds', '2023-07-05')>,
 'prev_ds_nodash': <Proxy at 0x7f665f7d5190 with factory functools.partial(<function lazy_mapping_from_context.<locals>._deprecated_proxy_factory at 0x7f665f7d3cb0>, 'prev_ds_nodash', '20230705')>,
 'prev_execution_date': <Proxy at 0x7f665f7d51e0 with factory functools.partial(<function lazy_mapping_from_context.<locals>._deprecated_proxy_factory at 0x7f665f7d3cb0>, 'prev_execution_date', DateTime(2023, 7, 5, 16, 22, 5, 429781, tzinfo=Timezone('UTC')))>,
 'prev_execution_date_success': <Proxy at 0x7f665f883c80 with factory functools.partial(<function lazy_mapping_from_context.<locals>._deprecated_proxy_factory at 0x7f665f7d3cb0>, 'prev_execution_date_success', None)>,
 'prev_start_date_success': None,
 'run_id': 'manual__2023-07-05T16:22:05.429781+00:00',
 'task': <Task(_PythonDecoratedOperator): print_the_context>,
 'task_instance': <TaskInstance: initiallize_python_scrap_data_dag.print_the_context manual__2023-07-05T16:22:05.429781+00:00 [running]>,
 'task_instance_key_str': 'initiallize_python_scrap_data_dag__print_the_context__20230705',
 'templates_dict': None,
 'test_mode': False,
 'ti': <TaskInstance: initiallize_python_scrap_data_dag.print_the_context manual__2023-07-05T16:22:05.429781+00:00 [running]>,
 'tomorrow_ds': <Proxy at 0x7f665f88b4b0 with factory functools.partial(<function lazy_mapping_from_context.<locals>._deprecated_proxy_factory at 0x7f665f7d3cb0>, 'tomorrow_ds', '2023-07-06')>,
 'tomorrow_ds_nodash': <Proxy at 0x7f665f88b640 with factory functools.partial(<function lazy_mapping_from_context.<locals>._deprecated_proxy_factory at 0x7f665f7d3cb0>, 'tomorrow_ds_nodash', '20230706')>,
 'triggering_dataset_events': {},
 'ts': '2023-07-05T16:22:05.429781+00:00',
 'ts_nodash': '20230705T162205',
 'ts_nodash_with_tz': '20230705T162205.429781+0000',
 'var': {'json': None, 'value': None},
 'yesterday_ds': <Proxy at 0x7f665f815fa0 with factory functools.partial(<function lazy_mapping_from_context.<locals>._deprecated_proxy_factory at 0x7f665f7d3cb0>, 'yesterday_ds', '2023-07-04')>,
 'yesterday_ds_nodash': <Proxy at 0x7f665f815f00 with factory functools.partial(<function lazy_mapping_from_context.<locals>._deprecated_proxy_factory at 0x7f665f7d3cb0>, 'yesterday_ds_nodash', '20230704')>}
[2023-07-05T16:22:06.656+0000] {logging_mixin.py:149} INFO - 2023-07-05
[2023-07-05T16:22:06.656+0000] {python.py:183} INFO - Done. Returned value was: Whatever you return gets printed in the logs
[2023-07-05T16:22:06.669+0000] {taskinstance.py:1350} INFO - Marking task as SUCCESS. dag_id=initiallize_python_scrap_data_dag, task_id=print_the_context, execution_date=20230705T162205, start_date=20230705T162206, end_date=20230705T162206
[2023-07-05T16:22:06.720+0000] {local_task_job_runner.py:225} INFO - Task exited with return code 0
[2023-07-05T16:22:06.734+0000] {taskinstance.py:2653} INFO - 0 downstream tasks scheduled from follow-on schedule check
