[2023-06-30T19:38:59.793+0000] {taskinstance.py:1103} INFO - Dependencies all met for dep_context=non-requeueable deps ti=<TaskInstance: dag_with_python_deps.get_sklearn manual__2023-06-30T19:28:53.998268+00:00 [queued]>
[2023-06-30T19:38:59.799+0000] {taskinstance.py:1103} INFO - Dependencies all met for dep_context=requeueable deps ti=<TaskInstance: dag_with_python_deps.get_sklearn manual__2023-06-30T19:28:53.998268+00:00 [queued]>
[2023-06-30T19:38:59.799+0000] {taskinstance.py:1308} INFO - Starting attempt 6 of 6
[2023-06-30T19:38:59.808+0000] {taskinstance.py:1327} INFO - Executing <Task(PythonOperator): get_sklearn> on 2023-06-30 19:28:53.998268+00:00
[2023-06-30T19:38:59.812+0000] {standard_task_runner.py:57} INFO - Started process 1449 to run task
[2023-06-30T19:38:59.813+0000] {standard_task_runner.py:84} INFO - Running: ['***', 'tasks', 'run', 'dag_with_python_deps', 'get_sklearn', 'manual__2023-06-30T19:28:53.998268+00:00', '--job-id', '97', '--raw', '--subdir', 'DAGS_FOLDER/dag_with_python_deps.py', '--cfg-path', '/tmp/tmppcwwyb3a']
[2023-06-30T19:38:59.814+0000] {standard_task_runner.py:85} INFO - Job 97: Subtask get_sklearn
[2023-06-30T19:38:59.843+0000] {task_command.py:410} INFO - Running <TaskInstance: dag_with_python_deps.get_sklearn manual__2023-06-30T19:28:53.998268+00:00 [running]> on host 40ec38a36dc7
[2023-06-30T19:38:59.897+0000] {taskinstance.py:1547} INFO - Exporting env vars: AIRFLOW_CTX_DAG_OWNER='stare' AIRFLOW_CTX_DAG_ID='dag_with_python_deps' AIRFLOW_CTX_TASK_ID='get_sklearn' AIRFLOW_CTX_EXECUTION_DATE='2023-06-30T19:28:53.998268+00:00' AIRFLOW_CTX_TRY_NUMBER='6' AIRFLOW_CTX_DAG_RUN_ID='manual__2023-06-30T19:28:53.998268+00:00'
[2023-06-30T19:38:59.898+0000] {taskinstance.py:1824} ERROR - Task failed with exception
Traceback (most recent call last):
  File "/home/airflow/.local/lib/python3.7/site-packages/airflow/operators/python.py", line 181, in execute
    return_value = self.execute_callable()
  File "/home/airflow/.local/lib/python3.7/site-packages/airflow/operators/python.py", line 198, in execute_callable
    return self.python_callable(*self.op_args, **self.op_kwargs)
  File "/opt/airflow/dags/dag_with_python_deps.py", line 13, in get_sklearn
    import sklearn
ModuleNotFoundError: No module named 'sklearn'
[2023-06-30T19:38:59.902+0000] {taskinstance.py:1350} INFO - Marking task as FAILED. dag_id=dag_with_python_deps, task_id=get_sklearn, execution_date=20230630T192853, start_date=20230630T193859, end_date=20230630T193859
[2023-06-30T19:38:59.909+0000] {standard_task_runner.py:109} ERROR - Failed to execute job 97 for task get_sklearn (No module named 'sklearn'; 1449)
[2023-06-30T19:38:59.945+0000] {local_task_job_runner.py:225} INFO - Task exited with return code 1
[2023-06-30T19:38:59.959+0000] {taskinstance.py:2653} INFO - 0 downstream tasks scheduled from follow-on schedule check
