[2023-07-02T17:52:12.563+0000] {taskinstance.py:1103} INFO - Dependencies all met for dep_context=non-requeueable deps ti=<TaskInstance: python_scrap_data_dag.print_the_context scheduled__2023-02-02T00:00:00+00:00 [queued]>
[2023-07-02T17:52:12.568+0000] {taskinstance.py:1103} INFO - Dependencies all met for dep_context=requeueable deps ti=<TaskInstance: python_scrap_data_dag.print_the_context scheduled__2023-02-02T00:00:00+00:00 [queued]>
[2023-07-02T17:52:12.569+0000] {taskinstance.py:1308} INFO - Starting attempt 1 of 1
[2023-07-02T17:52:12.579+0000] {taskinstance.py:1327} INFO - Executing <Task(_PythonDecoratedOperator): print_the_context> on 2023-02-02 00:00:00+00:00
[2023-07-02T17:52:12.583+0000] {standard_task_runner.py:57} INFO - Started process 2769 to run task
[2023-07-02T17:52:12.584+0000] {standard_task_runner.py:84} INFO - Running: ['***', 'tasks', 'run', 'python_scrap_data_dag', 'print_the_context', 'scheduled__2023-02-02T00:00:00+00:00', '--job-id', '14', '--raw', '--subdir', 'DAGS_FOLDER/scrap_data.py', '--cfg-path', '/tmp/tmpkl9ri28f']
[2023-07-02T17:52:12.585+0000] {standard_task_runner.py:85} INFO - Job 14: Subtask print_the_context
[2023-07-02T17:52:12.616+0000] {task_command.py:410} INFO - Running <TaskInstance: python_scrap_data_dag.print_the_context scheduled__2023-02-02T00:00:00+00:00 [running]> on host d409bdcb9602
[2023-07-02T17:52:12.670+0000] {taskinstance.py:1547} INFO - Exporting env vars: AIRFLOW_CTX_DAG_OWNER='***' AIRFLOW_CTX_DAG_ID='python_scrap_data_dag' AIRFLOW_CTX_TASK_ID='print_the_context' AIRFLOW_CTX_EXECUTION_DATE='2023-02-02T00:00:00+00:00' AIRFLOW_CTX_TRY_NUMBER='1' AIRFLOW_CTX_DAG_RUN_ID='scheduled__2023-02-02T00:00:00+00:00'
[2023-07-02T17:52:12.671+0000] {warnings.py:110} WARNING - /home/***/.local/lib/python3.7/site-packages/***/utils/context.py:313: AirflowContextDeprecationWarning: Accessing 'execution_date' from the template is deprecated and will be removed in a future version. Please use 'data_interval_start' or 'logical_date' instead.
  warnings.warn(_create_deprecation_warning(k, replacements))

[2023-07-02T17:52:12.672+0000] {warnings.py:110} WARNING - /home/***/.local/lib/python3.7/site-packages/***/utils/context.py:313: AirflowContextDeprecationWarning: Accessing 'next_ds' from the template is deprecated and will be removed in a future version. Please use '{{ data_interval_end | ds }}' instead.
  warnings.warn(_create_deprecation_warning(k, replacements))

[2023-07-02T17:52:12.672+0000] {warnings.py:110} WARNING - /home/***/.local/lib/python3.7/site-packages/***/utils/context.py:313: AirflowContextDeprecationWarning: Accessing 'next_ds_nodash' from the template is deprecated and will be removed in a future version. Please use '{{ data_interval_end | ds_nodash }}' instead.
  warnings.warn(_create_deprecation_warning(k, replacements))

[2023-07-02T17:52:12.672+0000] {warnings.py:110} WARNING - /home/***/.local/lib/python3.7/site-packages/***/utils/context.py:313: AirflowContextDeprecationWarning: Accessing 'next_execution_date' from the template is deprecated and will be removed in a future version. Please use 'data_interval_end' instead.
  warnings.warn(_create_deprecation_warning(k, replacements))

[2023-07-02T17:52:12.672+0000] {warnings.py:110} WARNING - /home/***/.local/lib/python3.7/site-packages/***/utils/context.py:313: AirflowContextDeprecationWarning: Accessing 'prev_ds' from the template is deprecated and will be removed in a future version.
  warnings.warn(_create_deprecation_warning(k, replacements))

[2023-07-02T17:52:12.672+0000] {warnings.py:110} WARNING - /home/***/.local/lib/python3.7/site-packages/***/utils/context.py:313: AirflowContextDeprecationWarning: Accessing 'prev_ds_nodash' from the template is deprecated and will be removed in a future version.
  warnings.warn(_create_deprecation_warning(k, replacements))

[2023-07-02T17:52:12.672+0000] {warnings.py:110} WARNING - /home/***/.local/lib/python3.7/site-packages/***/utils/context.py:313: AirflowContextDeprecationWarning: Accessing 'prev_execution_date' from the template is deprecated and will be removed in a future version.
  warnings.warn(_create_deprecation_warning(k, replacements))

[2023-07-02T17:52:12.672+0000] {warnings.py:110} WARNING - /home/***/.local/lib/python3.7/site-packages/***/utils/context.py:313: AirflowContextDeprecationWarning: Accessing 'prev_execution_date_success' from the template is deprecated and will be removed in a future version. Please use 'prev_data_interval_start_success' instead.
  warnings.warn(_create_deprecation_warning(k, replacements))

[2023-07-02T17:52:12.672+0000] {warnings.py:110} WARNING - /home/***/.local/lib/python3.7/site-packages/***/utils/context.py:313: AirflowContextDeprecationWarning: Accessing 'tomorrow_ds' from the template is deprecated and will be removed in a future version.
  warnings.warn(_create_deprecation_warning(k, replacements))

[2023-07-02T17:52:12.672+0000] {warnings.py:110} WARNING - /home/***/.local/lib/python3.7/site-packages/***/utils/context.py:313: AirflowContextDeprecationWarning: Accessing 'tomorrow_ds_nodash' from the template is deprecated and will be removed in a future version.
  warnings.warn(_create_deprecation_warning(k, replacements))

[2023-07-02T17:52:12.679+0000] {warnings.py:110} WARNING - /home/***/.local/lib/python3.7/site-packages/***/utils/context.py:313: AirflowContextDeprecationWarning: Accessing 'yesterday_ds' from the template is deprecated and will be removed in a future version.
  warnings.warn(_create_deprecation_warning(k, replacements))

[2023-07-02T17:52:12.679+0000] {warnings.py:110} WARNING - /home/***/.local/lib/python3.7/site-packages/***/utils/context.py:313: AirflowContextDeprecationWarning: Accessing 'yesterday_ds_nodash' from the template is deprecated and will be removed in a future version.
  warnings.warn(_create_deprecation_warning(k, replacements))

[2023-07-02T17:52:12.679+0000] {logging_mixin.py:149} INFO - {'conf': <***.configuration.AirflowConfigParser object at 0x7fcabd5a84d0>,
 'conn': None,
 'dag': <DAG: python_scrap_data_dag>,
 'dag_run': <DagRun python_scrap_data_dag @ 2023-02-02 00:00:00+00:00: scheduled__2023-02-02T00:00:00+00:00, state:running, queued_at: 2023-07-02 17:52:12.116306+00:00. externally triggered: False>,
 'data_interval_end': DateTime(2023, 2, 2, 0, 0, 0, tzinfo=Timezone('UTC')),
 'data_interval_start': DateTime(2023, 2, 2, 0, 0, 0, tzinfo=Timezone('UTC')),
 'ds_nodash': '20230202',
 'execution_date': <Proxy at 0x7fcab0d4b2d0 with factory functools.partial(<function lazy_mapping_from_context.<locals>._deprecated_proxy_factory at 0x7fcab0d0b830>, 'execution_date', DateTime(2023, 2, 2, 0, 0, 0, tzinfo=Timezone('UTC')))>,
 'expanded_ti_count': None,
 'inlets': [],
 'logical_date': DateTime(2023, 2, 2, 0, 0, 0, tzinfo=Timezone('UTC')),
 'macros': <module '***.macros' from '/home/***/.local/lib/python3.7/site-packages/***/macros/__init__.py'>,
 'next_ds': <Proxy at 0x7fcab0d07f00 with factory functools.partial(<function lazy_mapping_from_context.<locals>._deprecated_proxy_factory at 0x7fcab0d0b830>, 'next_ds', None)>,
 'next_ds_nodash': <Proxy at 0x7fcab0d07e10 with factory functools.partial(<function lazy_mapping_from_context.<locals>._deprecated_proxy_factory at 0x7fcab0d0b830>, 'next_ds_nodash', None)>,
 'next_execution_date': <Proxy at 0x7fcab0d070f0 with factory functools.partial(<function lazy_mapping_from_context.<locals>._deprecated_proxy_factory at 0x7fcab0d0b830>, 'next_execution_date', None)>,
 'outlets': [],
 'params': {},
 'prev_data_interval_end_success': None,
 'prev_data_interval_start_success': None,
 'prev_ds': <Proxy at 0x7fcab0d07140 with factory functools.partial(<function lazy_mapping_from_context.<locals>._deprecated_proxy_factory at 0x7fcab0d0b830>, 'prev_ds', None)>,
 'prev_ds_nodash': <Proxy at 0x7fcab0d401e0 with factory functools.partial(<function lazy_mapping_from_context.<locals>._deprecated_proxy_factory at 0x7fcab0d0b830>, 'prev_ds_nodash', None)>,
 'prev_execution_date': <Proxy at 0x7fcab0d402d0 with factory functools.partial(<function lazy_mapping_from_context.<locals>._deprecated_proxy_factory at 0x7fcab0d0b830>, 'prev_execution_date', None)>,
 'prev_execution_date_success': <Proxy at 0x7fcab0d38b40 with factory functools.partial(<function lazy_mapping_from_context.<locals>._deprecated_proxy_factory at 0x7fcab0d0b830>, 'prev_execution_date_success', None)>,
 'prev_start_date_success': None,
 'run_id': 'scheduled__2023-02-02T00:00:00+00:00',
 'task': <Task(_PythonDecoratedOperator): print_the_context>,
 'task_instance': <TaskInstance: python_scrap_data_dag.print_the_context scheduled__2023-02-02T00:00:00+00:00 [running]>,
 'task_instance_key_str': 'python_scrap_data_dag__print_the_context__20230202',
 'templates_dict': None,
 'test_mode': False,
 'ti': <TaskInstance: python_scrap_data_dag.print_the_context scheduled__2023-02-02T00:00:00+00:00 [running]>,
 'tomorrow_ds': <Proxy at 0x7fcab0d3e460 with factory functools.partial(<function lazy_mapping_from_context.<locals>._deprecated_proxy_factory at 0x7fcab0d0b830>, 'tomorrow_ds', '2023-02-03')>,
 'tomorrow_ds_nodash': <Proxy at 0x7fcab0d50e10 with factory functools.partial(<function lazy_mapping_from_context.<locals>._deprecated_proxy_factory at 0x7fcab0d0b830>, 'tomorrow_ds_nodash', '20230203')>,
 'triggering_dataset_events': {},
 'ts': '2023-02-02T00:00:00+00:00',
 'ts_nodash': '20230202T000000',
 'ts_nodash_with_tz': '20230202T000000+0000',
 'var': {'json': None, 'value': None},
 'yesterday_ds': <Proxy at 0x7fcab0d50d70 with factory functools.partial(<function lazy_mapping_from_context.<locals>._deprecated_proxy_factory at 0x7fcab0d0b830>, 'yesterday_ds', '2023-02-01')>,
 'yesterday_ds_nodash': <Proxy at 0x7fcab0cf4870 with factory functools.partial(<function lazy_mapping_from_context.<locals>._deprecated_proxy_factory at 0x7fcab0d0b830>, 'yesterday_ds_nodash', '20230201')>}
[2023-07-02T17:52:12.679+0000] {logging_mixin.py:149} INFO - 2023-02-02
[2023-07-02T17:52:12.679+0000] {python.py:183} INFO - Done. Returned value was: Whatever you return gets printed in the logs
[2023-07-02T17:52:12.691+0000] {taskinstance.py:1350} INFO - Marking task as SUCCESS. dag_id=python_scrap_data_dag, task_id=print_the_context, execution_date=20230202T000000, start_date=20230702T175212, end_date=20230702T175212
[2023-07-02T17:52:12.716+0000] {local_task_job_runner.py:225} INFO - Task exited with return code 0
[2023-07-02T17:52:12.729+0000] {taskinstance.py:2653} INFO - 0 downstream tasks scheduled from follow-on schedule check
