[2023-06-30T01:56:59.874+0000] {taskinstance.py:1103} INFO - Dependencies all met for dep_context=non-requeueable deps ti=<TaskInstance: dag_with_postgres_operator_v02.create_postgres_table manual__2023-06-30T01:56:59.206974+00:00 [queued]>
[2023-06-30T01:56:59.882+0000] {taskinstance.py:1103} INFO - Dependencies all met for dep_context=requeueable deps ti=<TaskInstance: dag_with_postgres_operator_v02.create_postgres_table manual__2023-06-30T01:56:59.206974+00:00 [queued]>
[2023-06-30T01:56:59.883+0000] {taskinstance.py:1308} INFO - Starting attempt 1 of 6
[2023-06-30T01:56:59.894+0000] {taskinstance.py:1327} INFO - Executing <Task(PostgresOperator): create_postgres_table> on 2023-06-30 01:56:59.206974+00:00
[2023-06-30T01:56:59.900+0000] {standard_task_runner.py:57} INFO - Started process 323 to run task
[2023-06-30T01:56:59.902+0000] {standard_task_runner.py:84} INFO - Running: ['***', 'tasks', 'run', 'dag_with_postgres_operator_v02', 'create_postgres_table', 'manual__2023-06-30T01:56:59.206974+00:00', '--job-id', '68', '--raw', '--subdir', 'DAGS_FOLDER/dag_with_postgres_operator.py', '--cfg-path', '/tmp/tmpde2_s3_r']
[2023-06-30T01:56:59.902+0000] {standard_task_runner.py:85} INFO - Job 68: Subtask create_postgres_table
[2023-06-30T01:56:59.938+0000] {task_command.py:410} INFO - Running <TaskInstance: dag_with_postgres_operator_v02.create_postgres_table manual__2023-06-30T01:56:59.206974+00:00 [running]> on host 40ec38a36dc7
[2023-06-30T01:56:59.999+0000] {taskinstance.py:1547} INFO - Exporting env vars: AIRFLOW_CTX_DAG_OWNER='stare' AIRFLOW_CTX_DAG_ID='dag_with_postgres_operator_v02' AIRFLOW_CTX_TASK_ID='create_postgres_table' AIRFLOW_CTX_EXECUTION_DATE='2023-06-30T01:56:59.206974+00:00' AIRFLOW_CTX_TRY_NUMBER='1' AIRFLOW_CTX_DAG_RUN_ID='manual__2023-06-30T01:56:59.206974+00:00'
[2023-06-30T01:56:59.999+0000] {sql.py:265} INFO - Executing: 
            create table if not exists dag_runs (
                dt date,
                dag_id character varying,
                primary key (dt, dag_id)

            )
        
[2023-06-30T01:57:00.005+0000] {base.py:73} INFO - Using connection ID 'postgres_localhost' for task execution.
[2023-06-30T01:57:00.053+0000] {base.py:73} INFO - Using connection ID 'postgres_localhost' for task execution.
[2023-06-30T01:57:00.056+0000] {sql.py:375} INFO - Running statement: 
            create table if not exists dag_runs (
                dt date,
                dag_id character varying,
                primary key (dt, dag_id)

            )
        , parameters: None
[2023-06-30T01:57:00.063+0000] {taskinstance.py:1350} INFO - Marking task as SUCCESS. dag_id=dag_with_postgres_operator_v02, task_id=create_postgres_table, execution_date=20230630T015659, start_date=20230630T015659, end_date=20230630T015700
[2023-06-30T01:57:00.115+0000] {local_task_job_runner.py:225} INFO - Task exited with return code 0
[2023-06-30T01:57:00.134+0000] {taskinstance.py:2653} INFO - 1 downstream tasks scheduled from follow-on schedule check
