[2023-07-05T16:22:40.811+0000] {taskinstance.py:1103} INFO - Dependencies all met for dep_context=non-requeueable deps ti=<TaskInstance: initiallize_python_scrap_data_dag.get_data manual__2023-07-05T16:22:40.104585+00:00 [queued]>
[2023-07-05T16:22:40.820+0000] {taskinstance.py:1103} INFO - Dependencies all met for dep_context=requeueable deps ti=<TaskInstance: initiallize_python_scrap_data_dag.get_data manual__2023-07-05T16:22:40.104585+00:00 [queued]>
[2023-07-05T16:22:40.820+0000] {taskinstance.py:1308} INFO - Starting attempt 1 of 1
[2023-07-05T16:22:40.831+0000] {taskinstance.py:1327} INFO - Executing <Task(_PythonVirtualenvDecoratedOperator): get_data> on 2023-07-05 16:22:40.104585+00:00
[2023-07-05T16:22:40.838+0000] {standard_task_runner.py:57} INFO - Started process 2057 to run task
[2023-07-05T16:22:40.840+0000] {standard_task_runner.py:84} INFO - Running: ['***', 'tasks', 'run', 'initiallize_python_scrap_data_dag', 'get_data', 'manual__2023-07-05T16:22:40.104585+00:00', '--job-id', '42', '--raw', '--subdir', 'DAGS_FOLDER/scrap_data.py', '--cfg-path', '/tmp/tmp3d4fkiyx']
[2023-07-05T16:22:40.841+0000] {standard_task_runner.py:85} INFO - Job 42: Subtask get_data
[2023-07-05T16:22:40.877+0000] {task_command.py:410} INFO - Running <TaskInstance: initiallize_python_scrap_data_dag.get_data manual__2023-07-05T16:22:40.104585+00:00 [running]> on host d409bdcb9602
[2023-07-05T16:22:40.943+0000] {taskinstance.py:1547} INFO - Exporting env vars: AIRFLOW_CTX_DAG_OWNER='***' AIRFLOW_CTX_DAG_ID='initiallize_python_scrap_data_dag' AIRFLOW_CTX_TASK_ID='get_data' AIRFLOW_CTX_EXECUTION_DATE='2023-07-05T16:22:40.104585+00:00' AIRFLOW_CTX_TRY_NUMBER='1' AIRFLOW_CTX_DAG_RUN_ID='manual__2023-07-05T16:22:40.104585+00:00'
[2023-07-05T16:22:40.943+0000] {process_utils.py:181} INFO - Executing cmd: /usr/local/bin/python -m virtualenv /tmp/venvk1xms41d
[2023-07-05T16:22:40.954+0000] {process_utils.py:185} INFO - Output:
[2023-07-05T16:22:41.644+0000] {process_utils.py:189} INFO - created virtual environment CPython3.7.17.final.0-64 in 154ms
[2023-07-05T16:22:41.644+0000] {process_utils.py:189} INFO -   creator CPython3Posix(dest=/tmp/venvk1xms41d, clear=False, no_vcs_ignore=False, global=False)
[2023-07-05T16:22:41.644+0000] {process_utils.py:189} INFO -   seeder FromAppData(download=False, pip=bundle, setuptools=bundle, wheel=bundle, via=copy, app_data_dir=/home/***/.local/share/virtualenv)
[2023-07-05T16:22:41.644+0000] {process_utils.py:189} INFO -     added seed packages: pip==23.1.2, setuptools==67.8.0, wheel==0.40.0
[2023-07-05T16:22:41.644+0000] {process_utils.py:189} INFO -   activators BashActivator,CShellActivator,FishActivator,NushellActivator,PowerShellActivator,PythonActivator
[2023-07-05T16:22:41.694+0000] {process_utils.py:181} INFO - Executing cmd: /tmp/venvk1xms41d/bin/pip install -r /tmp/venvk1xms41d/requirements.txt
[2023-07-05T16:22:41.704+0000] {process_utils.py:185} INFO - Output:
[2023-07-05T16:22:42.831+0000] {process_utils.py:189} INFO - Collecting requests (from -r /tmp/venvk1xms41d/requirements.txt (line 1))
[2023-07-05T16:22:42.833+0000] {process_utils.py:189} INFO -   Using cached requests-2.31.0-py3-none-any.whl (62 kB)
[2023-07-05T16:22:42.879+0000] {process_utils.py:189} INFO - Collecting beautifulsoup4 (from -r /tmp/venvk1xms41d/requirements.txt (line 2))
[2023-07-05T16:22:42.880+0000] {process_utils.py:189} INFO -   Using cached beautifulsoup4-4.12.2-py3-none-any.whl (142 kB)
[2023-07-05T16:22:43.154+0000] {process_utils.py:189} INFO - Collecting lxml (from -r /tmp/venvk1xms41d/requirements.txt (line 3))
[2023-07-05T16:22:43.169+0000] {process_utils.py:189} INFO -   Using cached lxml-4.9.3-cp37-cp37m-manylinux_2_28_x86_64.whl (7.4 MB)
[2023-07-05T16:22:43.253+0000] {process_utils.py:189} INFO - Collecting selenium (from -r /tmp/venvk1xms41d/requirements.txt (line 4))
[2023-07-05T16:22:43.265+0000] {process_utils.py:189} INFO -   Using cached selenium-4.10.0-py3-none-any.whl (6.7 MB)
[2023-07-05T16:22:43.501+0000] {process_utils.py:189} INFO - Collecting pandas (from -r /tmp/venvk1xms41d/requirements.txt (line 5))
[2023-07-05T16:22:43.523+0000] {process_utils.py:189} INFO -   Using cached pandas-1.3.5-cp37-cp37m-manylinux_2_17_x86_64.manylinux2014_x86_64.whl (11.3 MB)
[2023-07-05T16:22:43.681+0000] {process_utils.py:189} INFO - Collecting charset-normalizer<4,>=2 (from requests->-r /tmp/venvk1xms41d/requirements.txt (line 1))
[2023-07-05T16:22:43.683+0000] {process_utils.py:189} INFO -   Using cached charset_normalizer-3.1.0-cp37-cp37m-manylinux_2_17_x86_64.manylinux2014_x86_64.whl (171 kB)
[2023-07-05T16:22:43.723+0000] {process_utils.py:189} INFO - Collecting idna<4,>=2.5 (from requests->-r /tmp/venvk1xms41d/requirements.txt (line 1))
[2023-07-05T16:22:43.725+0000] {process_utils.py:189} INFO -   Using cached idna-3.4-py3-none-any.whl (61 kB)
[2023-07-05T16:22:43.798+0000] {process_utils.py:189} INFO - Collecting urllib3<3,>=1.21.1 (from requests->-r /tmp/venvk1xms41d/requirements.txt (line 1))
[2023-07-05T16:22:43.800+0000] {process_utils.py:189} INFO -   Using cached urllib3-2.0.3-py3-none-any.whl (123 kB)
[2023-07-05T16:22:43.848+0000] {process_utils.py:189} INFO - Collecting certifi>=2017.4.17 (from requests->-r /tmp/venvk1xms41d/requirements.txt (line 1))
[2023-07-05T16:22:43.850+0000] {process_utils.py:189} INFO -   Using cached certifi-2023.5.7-py3-none-any.whl (156 kB)
[2023-07-05T16:22:43.924+0000] {process_utils.py:189} INFO - Collecting soupsieve>1.2 (from beautifulsoup4->-r /tmp/venvk1xms41d/requirements.txt (line 2))
[2023-07-05T16:22:43.926+0000] {process_utils.py:189} INFO -   Using cached soupsieve-2.4.1-py3-none-any.whl (36 kB)
[2023-07-05T16:22:43.989+0000] {process_utils.py:189} INFO - Collecting trio~=0.17 (from selenium->-r /tmp/venvk1xms41d/requirements.txt (line 4))
[2023-07-05T16:22:43.991+0000] {process_utils.py:189} INFO -   Using cached trio-0.22.1-py3-none-any.whl (399 kB)
[2023-07-05T16:22:44.030+0000] {process_utils.py:189} INFO - Collecting trio-websocket~=0.9 (from selenium->-r /tmp/venvk1xms41d/requirements.txt (line 4))
[2023-07-05T16:22:44.032+0000] {process_utils.py:189} INFO -   Using cached trio_websocket-0.10.3-py3-none-any.whl (17 kB)
[2023-07-05T16:22:44.093+0000] {process_utils.py:189} INFO - Collecting python-dateutil>=2.7.3 (from pandas->-r /tmp/venvk1xms41d/requirements.txt (line 5))
[2023-07-05T16:22:44.094+0000] {process_utils.py:189} INFO -   Using cached python_dateutil-2.8.2-py2.py3-none-any.whl (247 kB)
[2023-07-05T16:22:44.182+0000] {process_utils.py:189} INFO - Collecting pytz>=2017.3 (from pandas->-r /tmp/venvk1xms41d/requirements.txt (line 5))
[2023-07-05T16:22:44.184+0000] {process_utils.py:189} INFO -   Using cached pytz-2023.3-py2.py3-none-any.whl (502 kB)
[2023-07-05T16:22:44.498+0000] {process_utils.py:189} INFO - Collecting numpy>=1.17.3 (from pandas->-r /tmp/venvk1xms41d/requirements.txt (line 5))
[2023-07-05T16:22:44.528+0000] {process_utils.py:189} INFO -   Using cached numpy-1.21.6-cp37-cp37m-manylinux_2_12_x86_64.manylinux2010_x86_64.whl (15.7 MB)
[2023-07-05T16:22:44.623+0000] {process_utils.py:189} INFO - Collecting six>=1.5 (from python-dateutil>=2.7.3->pandas->-r /tmp/venvk1xms41d/requirements.txt (line 5))
[2023-07-05T16:22:44.625+0000] {process_utils.py:189} INFO -   Using cached six-1.16.0-py2.py3-none-any.whl (11 kB)
[2023-07-05T16:22:44.681+0000] {process_utils.py:189} INFO - Collecting attrs>=20.1.0 (from trio~=0.17->selenium->-r /tmp/venvk1xms41d/requirements.txt (line 4))
[2023-07-05T16:22:44.683+0000] {process_utils.py:189} INFO -   Using cached attrs-23.1.0-py3-none-any.whl (61 kB)
[2023-07-05T16:22:44.749+0000] {process_utils.py:189} INFO - Collecting sortedcontainers (from trio~=0.17->selenium->-r /tmp/venvk1xms41d/requirements.txt (line 4))
[2023-07-05T16:22:44.750+0000] {process_utils.py:189} INFO -   Using cached sortedcontainers-2.4.0-py2.py3-none-any.whl (29 kB)
[2023-07-05T16:22:44.794+0000] {process_utils.py:189} INFO - Collecting outcome (from trio~=0.17->selenium->-r /tmp/venvk1xms41d/requirements.txt (line 4))
[2023-07-05T16:22:44.795+0000] {process_utils.py:189} INFO -   Using cached outcome-1.2.0-py2.py3-none-any.whl (9.7 kB)
[2023-07-05T16:22:44.837+0000] {process_utils.py:189} INFO - Collecting sniffio (from trio~=0.17->selenium->-r /tmp/venvk1xms41d/requirements.txt (line 4))
[2023-07-05T16:22:44.838+0000] {process_utils.py:189} INFO -   Using cached sniffio-1.3.0-py3-none-any.whl (10 kB)
[2023-07-05T16:22:44.881+0000] {process_utils.py:189} INFO - Collecting exceptiongroup>=1.0.0rc9 (from trio~=0.17->selenium->-r /tmp/venvk1xms41d/requirements.txt (line 4))
[2023-07-05T16:22:44.883+0000] {process_utils.py:189} INFO -   Using cached exceptiongroup-1.1.2-py3-none-any.whl (14 kB)
[2023-07-05T16:22:44.933+0000] {process_utils.py:189} INFO - Collecting wsproto>=0.14 (from trio-websocket~=0.9->selenium->-r /tmp/venvk1xms41d/requirements.txt (line 4))
[2023-07-05T16:22:44.935+0000] {process_utils.py:189} INFO -   Using cached wsproto-1.2.0-py3-none-any.whl (24 kB)
[2023-07-05T16:22:44.987+0000] {process_utils.py:189} INFO - Collecting pysocks!=1.5.7,<2.0,>=1.5.6 (from urllib3<3,>=1.21.1->requests->-r /tmp/venvk1xms41d/requirements.txt (line 1))
[2023-07-05T16:22:44.989+0000] {process_utils.py:189} INFO -   Using cached PySocks-1.7.1-py3-none-any.whl (16 kB)
[2023-07-05T16:22:45.103+0000] {process_utils.py:189} INFO - Collecting importlib-metadata (from attrs>=20.1.0->trio~=0.17->selenium->-r /tmp/venvk1xms41d/requirements.txt (line 4))
[2023-07-05T16:22:45.105+0000] {process_utils.py:189} INFO -   Using cached importlib_metadata-6.7.0-py3-none-any.whl (22 kB)
[2023-07-05T16:22:45.161+0000] {process_utils.py:189} INFO - Collecting h11<1,>=0.9.0 (from wsproto>=0.14->trio-websocket~=0.9->selenium->-r /tmp/venvk1xms41d/requirements.txt (line 4))
[2023-07-05T16:22:45.162+0000] {process_utils.py:189} INFO -   Using cached h11-0.14.0-py3-none-any.whl (58 kB)
[2023-07-05T16:22:45.232+0000] {process_utils.py:189} INFO - Collecting typing-extensions (from h11<1,>=0.9.0->wsproto>=0.14->trio-websocket~=0.9->selenium->-r /tmp/venvk1xms41d/requirements.txt (line 4))
[2023-07-05T16:22:45.233+0000] {process_utils.py:189} INFO -   Using cached typing_extensions-4.7.1-py3-none-any.whl (33 kB)
[2023-07-05T16:22:45.323+0000] {process_utils.py:189} INFO - Collecting zipp>=0.5 (from importlib-metadata->attrs>=20.1.0->trio~=0.17->selenium->-r /tmp/venvk1xms41d/requirements.txt (line 4))
[2023-07-05T16:22:45.325+0000] {process_utils.py:189} INFO -   Using cached zipp-3.15.0-py3-none-any.whl (6.8 kB)
[2023-07-05T16:22:45.564+0000] {process_utils.py:189} INFO - Installing collected packages: sortedcontainers, pytz, zipp, urllib3, typing-extensions, soupsieve, sniffio, six, pysocks, numpy, lxml, idna, exceptiongroup, charset-normalizer, certifi, requests, python-dateutil, importlib-metadata, h11, beautifulsoup4, wsproto, pandas, attrs, outcome, trio, trio-websocket, selenium
[2023-07-05T16:22:51.558+0000] {process_utils.py:189} INFO - Successfully installed attrs-23.1.0 beautifulsoup4-4.12.2 certifi-2023.5.7 charset-normalizer-3.1.0 exceptiongroup-1.1.2 h11-0.14.0 idna-3.4 importlib-metadata-6.7.0 lxml-4.9.3 numpy-1.21.6 outcome-1.2.0 pandas-1.3.5 pysocks-1.7.1 python-dateutil-2.8.2 pytz-2023.3 requests-2.31.0 selenium-4.10.0 six-1.16.0 sniffio-1.3.0 sortedcontainers-2.4.0 soupsieve-2.4.1 trio-0.22.1 trio-websocket-0.10.3 typing-extensions-4.7.1 urllib3-2.0.3 wsproto-1.2.0 zipp-3.15.0
[2023-07-05T16:22:51.910+0000] {process_utils.py:181} INFO - Executing cmd: /tmp/venvk1xms41d/bin/python /tmp/venvk1xms41d/script.py /tmp/venvk1xms41d/script.in /tmp/venvk1xms41d/script.out /tmp/venvk1xms41d/string_args.txt
[2023-07-05T16:22:51.919+0000] {process_utils.py:185} INFO - Output:
[2023-07-05T16:22:52.355+0000] {process_utils.py:189} INFO - 1.3.5
[2023-07-05T16:22:52.559+0000] {python.py:183} INFO - Done. Returned value was: None
[2023-07-05T16:22:52.569+0000] {taskinstance.py:1350} INFO - Marking task as SUCCESS. dag_id=initiallize_python_scrap_data_dag, task_id=get_data, execution_date=20230705T162240, start_date=20230705T162240, end_date=20230705T162252
[2023-07-05T16:22:52.636+0000] {local_task_job_runner.py:225} INFO - Task exited with return code 0
[2023-07-05T16:22:52.651+0000] {taskinstance.py:2653} INFO - 0 downstream tasks scheduled from follow-on schedule check
