[2023-07-12T01:10:27.253+0000] {taskinstance.py:1103} INFO - Dependencies all met for dep_context=non-requeueable deps ti=<TaskInstance: dag_scrap_biobio_v15.initializeTask scheduled__2023-07-11T00:00:00+00:00 [queued]>
[2023-07-12T01:10:27.259+0000] {taskinstance.py:1103} INFO - Dependencies all met for dep_context=requeueable deps ti=<TaskInstance: dag_scrap_biobio_v15.initializeTask scheduled__2023-07-11T00:00:00+00:00 [queued]>
[2023-07-12T01:10:27.260+0000] {taskinstance.py:1308} INFO - Starting attempt 1 of 1
[2023-07-12T01:10:27.269+0000] {taskinstance.py:1327} INFO - Executing <Task(_PythonDecoratedOperator): initializeTask> on 2023-07-11 00:00:00+00:00
[2023-07-12T01:10:27.275+0000] {standard_task_runner.py:57} INFO - Started process 3753 to run task
[2023-07-12T01:10:27.277+0000] {standard_task_runner.py:84} INFO - Running: ['***', 'tasks', 'run', 'dag_scrap_biobio_v15', 'initializeTask', 'scheduled__2023-07-11T00:00:00+00:00', '--job-id', '15', '--raw', '--subdir', 'DAGS_FOLDER/dag_scrap_biobio.py', '--cfg-path', '/tmp/tmps_uv8iud']
[2023-07-12T01:10:27.277+0000] {standard_task_runner.py:85} INFO - Job 15: Subtask initializeTask
[2023-07-12T01:10:27.312+0000] {task_command.py:410} INFO - Running <TaskInstance: dag_scrap_biobio_v15.initializeTask scheduled__2023-07-11T00:00:00+00:00 [running]> on host 5a2aa5f79b19
[2023-07-12T01:10:27.376+0000] {taskinstance.py:1547} INFO - Exporting env vars: AIRFLOW_CTX_DAG_OWNER='***' AIRFLOW_CTX_DAG_ID='dag_scrap_biobio_v15' AIRFLOW_CTX_TASK_ID='initializeTask' AIRFLOW_CTX_EXECUTION_DATE='2023-07-11T00:00:00+00:00' AIRFLOW_CTX_TRY_NUMBER='1' AIRFLOW_CTX_DAG_RUN_ID='scheduled__2023-07-11T00:00:00+00:00'
[2023-07-12T01:10:27.377+0000] {logging_mixin.py:149} INFO - dag_scrap_biobio_v15 running...
[2023-07-12T01:10:27.377+0000] {python.py:183} INFO - Done. Returned value was: None
[2023-07-12T01:10:27.385+0000] {taskinstance.py:1350} INFO - Marking task as SUCCESS. dag_id=dag_scrap_biobio_v15, task_id=initializeTask, execution_date=20230711T000000, start_date=20230712T011027, end_date=20230712T011027
[2023-07-12T01:10:27.409+0000] {local_task_job_runner.py:225} INFO - Task exited with return code 0
[2023-07-12T01:10:27.426+0000] {taskinstance.py:2653} INFO - 1 downstream tasks scheduled from follow-on schedule check
[2023-07-12T01:37:07.504+0000] {taskinstance.py:1103} INFO - Dependencies all met for dep_context=non-requeueable deps ti=<TaskInstance: dag_scrap_biobio_v15.initializeTask scheduled__2023-07-11T00:00:00+00:00 [queued]>
[2023-07-12T01:37:07.516+0000] {taskinstance.py:1103} INFO - Dependencies all met for dep_context=requeueable deps ti=<TaskInstance: dag_scrap_biobio_v15.initializeTask scheduled__2023-07-11T00:00:00+00:00 [queued]>
[2023-07-12T01:37:07.516+0000] {taskinstance.py:1308} INFO - Starting attempt 1 of 1
[2023-07-12T01:37:07.527+0000] {taskinstance.py:1327} INFO - Executing <Task(_PythonDecoratedOperator): initializeTask> on 2023-07-11 00:00:00+00:00
[2023-07-12T01:37:07.533+0000] {standard_task_runner.py:57} INFO - Started process 94 to run task
[2023-07-12T01:37:07.535+0000] {standard_task_runner.py:84} INFO - Running: ['***', 'tasks', 'run', 'dag_scrap_biobio_v15', 'initializeTask', 'scheduled__2023-07-11T00:00:00+00:00', '--job-id', '6', '--raw', '--subdir', 'DAGS_FOLDER/dag_scrap_biobio.py', '--cfg-path', '/tmp/tmpe04bihjj']
[2023-07-12T01:37:07.535+0000] {standard_task_runner.py:85} INFO - Job 6: Subtask initializeTask
[2023-07-12T01:37:07.573+0000] {task_command.py:410} INFO - Running <TaskInstance: dag_scrap_biobio_v15.initializeTask scheduled__2023-07-11T00:00:00+00:00 [running]> on host bfd1c2ede1e4
[2023-07-12T01:37:07.647+0000] {taskinstance.py:1547} INFO - Exporting env vars: AIRFLOW_CTX_DAG_OWNER='***' AIRFLOW_CTX_DAG_ID='dag_scrap_biobio_v15' AIRFLOW_CTX_TASK_ID='initializeTask' AIRFLOW_CTX_EXECUTION_DATE='2023-07-11T00:00:00+00:00' AIRFLOW_CTX_TRY_NUMBER='1' AIRFLOW_CTX_DAG_RUN_ID='scheduled__2023-07-11T00:00:00+00:00'
[2023-07-12T01:37:07.648+0000] {logging_mixin.py:149} INFO - dag_scrap_biobio_v15 running...
[2023-07-12T01:37:07.648+0000] {python.py:183} INFO - Done. Returned value was: None
[2023-07-12T01:37:07.658+0000] {taskinstance.py:1350} INFO - Marking task as SUCCESS. dag_id=dag_scrap_biobio_v15, task_id=initializeTask, execution_date=20230711T000000, start_date=20230712T013707, end_date=20230712T013707
[2023-07-12T01:37:07.707+0000] {local_task_job_runner.py:225} INFO - Task exited with return code 0
[2023-07-12T01:37:07.728+0000] {taskinstance.py:2653} INFO - 1 downstream tasks scheduled from follow-on schedule check
