[2023-06-29T23:36:04.704+0000] {processor.py:157} INFO - Started process (PID=4164) to work on /opt/airflow/dags/dag_cron_expression.py
[2023-06-29T23:36:04.705+0000] {processor.py:826} INFO - Processing file /opt/airflow/dags/dag_cron_expression.py for tasks to queue
[2023-06-29T23:36:04.705+0000] {logging_mixin.py:149} INFO - [2023-06-29T23:36:04.705+0000] {dagbag.py:541} INFO - Filling up the DagBag from /opt/airflow/dags/dag_cron_expression.py
[2023-06-29T23:36:04.712+0000] {processor.py:836} INFO - DAG(s) dict_keys(['dag_cron_expression']) retrieved from /opt/airflow/dags/dag_cron_expression.py
[2023-06-29T23:36:04.792+0000] {logging_mixin.py:149} INFO - [2023-06-29T23:36:04.792+0000] {manager.py:504} INFO - Created Permission View: can edit on DAG:dag_cron_expression
[2023-06-29T23:36:04.798+0000] {logging_mixin.py:149} INFO - [2023-06-29T23:36:04.798+0000] {manager.py:504} INFO - Created Permission View: can delete on DAG:dag_cron_expression
[2023-06-29T23:36:04.802+0000] {logging_mixin.py:149} INFO - [2023-06-29T23:36:04.802+0000] {manager.py:504} INFO - Created Permission View: can read on DAG:dag_cron_expression
[2023-06-29T23:36:04.812+0000] {logging_mixin.py:149} INFO - [2023-06-29T23:36:04.812+0000] {dag.py:2726} INFO - Sync 1 DAGs
[2023-06-29T23:36:04.821+0000] {logging_mixin.py:149} INFO - [2023-06-29T23:36:04.821+0000] {dag.py:2747} INFO - Creating ORM DAG for dag_cron_expression
[2023-06-29T23:36:04.829+0000] {logging_mixin.py:149} INFO - [2023-06-29T23:36:04.829+0000] {dag.py:3490} INFO - Setting next_dagrun for dag_cron_expression to 2023-06-29T04:05:00+00:00, run_after=2023-06-30T04:05:00+00:00
[2023-06-29T23:36:04.840+0000] {processor.py:179} INFO - Processing /opt/airflow/dags/dag_cron_expression.py took 0.138 seconds
[2023-06-29T23:36:35.027+0000] {processor.py:157} INFO - Started process (PID=4180) to work on /opt/airflow/dags/dag_cron_expression.py
[2023-06-29T23:36:35.032+0000] {processor.py:826} INFO - Processing file /opt/airflow/dags/dag_cron_expression.py for tasks to queue
[2023-06-29T23:36:35.032+0000] {logging_mixin.py:149} INFO - [2023-06-29T23:36:35.032+0000] {dagbag.py:541} INFO - Filling up the DagBag from /opt/airflow/dags/dag_cron_expression.py
[2023-06-29T23:36:35.042+0000] {processor.py:836} INFO - DAG(s) dict_keys(['dag_cron_expression']) retrieved from /opt/airflow/dags/dag_cron_expression.py
[2023-06-29T23:36:35.062+0000] {logging_mixin.py:149} INFO - [2023-06-29T23:36:35.062+0000] {dag.py:2726} INFO - Sync 1 DAGs
[2023-06-29T23:36:35.081+0000] {logging_mixin.py:149} INFO - [2023-06-29T23:36:35.081+0000] {dag.py:3490} INFO - Setting next_dagrun for dag_cron_expression to 2023-06-29T04:05:00+00:00, run_after=2023-06-30T04:05:00+00:00
[2023-06-29T23:36:35.094+0000] {processor.py:179} INFO - Processing /opt/airflow/dags/dag_cron_expression.py took 0.070 seconds
[2023-06-29T23:37:05.375+0000] {processor.py:157} INFO - Started process (PID=4192) to work on /opt/airflow/dags/dag_cron_expression.py
[2023-06-29T23:37:05.380+0000] {processor.py:826} INFO - Processing file /opt/airflow/dags/dag_cron_expression.py for tasks to queue
[2023-06-29T23:37:05.381+0000] {logging_mixin.py:149} INFO - [2023-06-29T23:37:05.381+0000] {dagbag.py:541} INFO - Filling up the DagBag from /opt/airflow/dags/dag_cron_expression.py
[2023-06-29T23:37:05.388+0000] {processor.py:836} INFO - DAG(s) dict_keys(['dag_cron_expression']) retrieved from /opt/airflow/dags/dag_cron_expression.py
[2023-06-29T23:37:05.410+0000] {logging_mixin.py:149} INFO - [2023-06-29T23:37:05.410+0000] {dag.py:2726} INFO - Sync 1 DAGs
[2023-06-29T23:37:05.431+0000] {logging_mixin.py:149} INFO - [2023-06-29T23:37:05.431+0000] {dag.py:3490} INFO - Setting next_dagrun for dag_cron_expression to 2023-06-29T04:05:00+00:00, run_after=2023-06-30T04:05:00+00:00
[2023-06-29T23:37:05.443+0000] {processor.py:179} INFO - Processing /opt/airflow/dags/dag_cron_expression.py took 0.070 seconds
[2023-06-29T23:37:35.725+0000] {processor.py:157} INFO - Started process (PID=4204) to work on /opt/airflow/dags/dag_cron_expression.py
[2023-06-29T23:37:35.730+0000] {processor.py:826} INFO - Processing file /opt/airflow/dags/dag_cron_expression.py for tasks to queue
[2023-06-29T23:37:35.731+0000] {logging_mixin.py:149} INFO - [2023-06-29T23:37:35.731+0000] {dagbag.py:541} INFO - Filling up the DagBag from /opt/airflow/dags/dag_cron_expression.py
[2023-06-29T23:37:35.738+0000] {processor.py:836} INFO - DAG(s) dict_keys(['dag_cron_expression']) retrieved from /opt/airflow/dags/dag_cron_expression.py
[2023-06-29T23:37:35.759+0000] {logging_mixin.py:149} INFO - [2023-06-29T23:37:35.759+0000] {dag.py:2726} INFO - Sync 1 DAGs
[2023-06-29T23:37:35.780+0000] {logging_mixin.py:149} INFO - [2023-06-29T23:37:35.779+0000] {dag.py:3490} INFO - Setting next_dagrun for dag_cron_expression to 2023-06-29T04:05:00+00:00, run_after=2023-06-30T04:05:00+00:00
[2023-06-29T23:37:35.792+0000] {processor.py:179} INFO - Processing /opt/airflow/dags/dag_cron_expression.py took 0.069 seconds
[2023-06-29T23:38:06.064+0000] {processor.py:157} INFO - Started process (PID=4216) to work on /opt/airflow/dags/dag_cron_expression.py
[2023-06-29T23:38:06.069+0000] {processor.py:826} INFO - Processing file /opt/airflow/dags/dag_cron_expression.py for tasks to queue
[2023-06-29T23:38:06.069+0000] {logging_mixin.py:149} INFO - [2023-06-29T23:38:06.069+0000] {dagbag.py:541} INFO - Filling up the DagBag from /opt/airflow/dags/dag_cron_expression.py
[2023-06-29T23:38:06.076+0000] {processor.py:836} INFO - DAG(s) dict_keys(['dag_cron_expression']) retrieved from /opt/airflow/dags/dag_cron_expression.py
[2023-06-29T23:38:06.097+0000] {logging_mixin.py:149} INFO - [2023-06-29T23:38:06.097+0000] {dag.py:2726} INFO - Sync 1 DAGs
[2023-06-29T23:38:06.116+0000] {logging_mixin.py:149} INFO - [2023-06-29T23:38:06.116+0000] {dag.py:3490} INFO - Setting next_dagrun for dag_cron_expression to 2023-06-29T04:05:00+00:00, run_after=2023-06-30T04:05:00+00:00
[2023-06-29T23:38:06.128+0000] {processor.py:179} INFO - Processing /opt/airflow/dags/dag_cron_expression.py took 0.066 seconds
[2023-06-29T23:38:36.416+0000] {processor.py:157} INFO - Started process (PID=4228) to work on /opt/airflow/dags/dag_cron_expression.py
[2023-06-29T23:38:36.423+0000] {processor.py:826} INFO - Processing file /opt/airflow/dags/dag_cron_expression.py for tasks to queue
[2023-06-29T23:38:36.423+0000] {logging_mixin.py:149} INFO - [2023-06-29T23:38:36.423+0000] {dagbag.py:541} INFO - Filling up the DagBag from /opt/airflow/dags/dag_cron_expression.py
[2023-06-29T23:38:36.431+0000] {processor.py:836} INFO - DAG(s) dict_keys(['dag_cron_expression']) retrieved from /opt/airflow/dags/dag_cron_expression.py
[2023-06-29T23:38:36.450+0000] {logging_mixin.py:149} INFO - [2023-06-29T23:38:36.450+0000] {dag.py:2726} INFO - Sync 1 DAGs
[2023-06-29T23:38:36.469+0000] {logging_mixin.py:149} INFO - [2023-06-29T23:38:36.469+0000] {dag.py:3490} INFO - Setting next_dagrun for dag_cron_expression to 2023-06-29T04:05:00+00:00, run_after=2023-06-30T04:05:00+00:00
[2023-06-29T23:38:36.481+0000] {processor.py:179} INFO - Processing /opt/airflow/dags/dag_cron_expression.py took 0.067 seconds
[2023-06-29T23:39:06.769+0000] {processor.py:157} INFO - Started process (PID=4240) to work on /opt/airflow/dags/dag_cron_expression.py
[2023-06-29T23:39:06.769+0000] {processor.py:826} INFO - Processing file /opt/airflow/dags/dag_cron_expression.py for tasks to queue
[2023-06-29T23:39:06.770+0000] {logging_mixin.py:149} INFO - [2023-06-29T23:39:06.770+0000] {dagbag.py:541} INFO - Filling up the DagBag from /opt/airflow/dags/dag_cron_expression.py
[2023-06-29T23:39:06.778+0000] {processor.py:836} INFO - DAG(s) dict_keys(['dag_cron_expression']) retrieved from /opt/airflow/dags/dag_cron_expression.py
[2023-06-29T23:39:06.798+0000] {logging_mixin.py:149} INFO - [2023-06-29T23:39:06.798+0000] {dag.py:2726} INFO - Sync 1 DAGs
[2023-06-29T23:39:06.818+0000] {logging_mixin.py:149} INFO - [2023-06-29T23:39:06.817+0000] {dag.py:3490} INFO - Setting next_dagrun for dag_cron_expression to 2023-06-29T04:05:00+00:00, run_after=2023-06-30T04:05:00+00:00
[2023-06-29T23:39:06.829+0000] {processor.py:179} INFO - Processing /opt/airflow/dags/dag_cron_expression.py took 0.062 seconds
[2023-06-29T23:39:37.100+0000] {processor.py:157} INFO - Started process (PID=4252) to work on /opt/airflow/dags/dag_cron_expression.py
[2023-06-29T23:39:37.107+0000] {processor.py:826} INFO - Processing file /opt/airflow/dags/dag_cron_expression.py for tasks to queue
[2023-06-29T23:39:37.108+0000] {logging_mixin.py:149} INFO - [2023-06-29T23:39:37.107+0000] {dagbag.py:541} INFO - Filling up the DagBag from /opt/airflow/dags/dag_cron_expression.py
[2023-06-29T23:39:37.115+0000] {processor.py:836} INFO - DAG(s) dict_keys(['dag_cron_expression']) retrieved from /opt/airflow/dags/dag_cron_expression.py
[2023-06-29T23:39:37.136+0000] {logging_mixin.py:149} INFO - [2023-06-29T23:39:37.136+0000] {dag.py:2726} INFO - Sync 1 DAGs
[2023-06-29T23:39:37.156+0000] {logging_mixin.py:149} INFO - [2023-06-29T23:39:37.156+0000] {dag.py:3490} INFO - Setting next_dagrun for dag_cron_expression to 2023-06-29T04:05:00+00:00, run_after=2023-06-30T04:05:00+00:00
[2023-06-29T23:39:37.167+0000] {processor.py:179} INFO - Processing /opt/airflow/dags/dag_cron_expression.py took 0.069 seconds
[2023-06-29T23:40:07.431+0000] {processor.py:157} INFO - Started process (PID=4264) to work on /opt/airflow/dags/dag_cron_expression.py
[2023-06-29T23:40:07.432+0000] {processor.py:826} INFO - Processing file /opt/airflow/dags/dag_cron_expression.py for tasks to queue
[2023-06-29T23:40:07.432+0000] {logging_mixin.py:149} INFO - [2023-06-29T23:40:07.432+0000] {dagbag.py:541} INFO - Filling up the DagBag from /opt/airflow/dags/dag_cron_expression.py
[2023-06-29T23:40:07.440+0000] {processor.py:836} INFO - DAG(s) dict_keys(['dag_cron_expression']) retrieved from /opt/airflow/dags/dag_cron_expression.py
[2023-06-29T23:40:07.462+0000] {logging_mixin.py:149} INFO - [2023-06-29T23:40:07.462+0000] {dag.py:2726} INFO - Sync 1 DAGs
[2023-06-29T23:40:07.484+0000] {logging_mixin.py:149} INFO - [2023-06-29T23:40:07.484+0000] {dag.py:3490} INFO - Setting next_dagrun for dag_cron_expression to 2023-06-29T04:05:00+00:00, run_after=2023-06-30T04:05:00+00:00
[2023-06-29T23:40:07.495+0000] {processor.py:179} INFO - Processing /opt/airflow/dags/dag_cron_expression.py took 0.067 seconds
[2023-06-29T23:40:37.809+0000] {processor.py:157} INFO - Started process (PID=4276) to work on /opt/airflow/dags/dag_cron_expression.py
[2023-06-29T23:40:37.810+0000] {processor.py:826} INFO - Processing file /opt/airflow/dags/dag_cron_expression.py for tasks to queue
[2023-06-29T23:40:37.810+0000] {logging_mixin.py:149} INFO - [2023-06-29T23:40:37.810+0000] {dagbag.py:541} INFO - Filling up the DagBag from /opt/airflow/dags/dag_cron_expression.py
[2023-06-29T23:40:37.817+0000] {processor.py:836} INFO - DAG(s) dict_keys(['dag_cron_expression']) retrieved from /opt/airflow/dags/dag_cron_expression.py
[2023-06-29T23:40:37.839+0000] {logging_mixin.py:149} INFO - [2023-06-29T23:40:37.839+0000] {dag.py:2726} INFO - Sync 1 DAGs
[2023-06-29T23:40:37.857+0000] {logging_mixin.py:149} INFO - [2023-06-29T23:40:37.857+0000] {dag.py:3490} INFO - Setting next_dagrun for dag_cron_expression to 2023-06-29T04:05:00+00:00, run_after=2023-06-30T04:05:00+00:00
[2023-06-29T23:40:37.868+0000] {processor.py:179} INFO - Processing /opt/airflow/dags/dag_cron_expression.py took 0.062 seconds
[2023-06-29T23:41:08.143+0000] {processor.py:157} INFO - Started process (PID=4288) to work on /opt/airflow/dags/dag_cron_expression.py
[2023-06-29T23:41:08.143+0000] {processor.py:826} INFO - Processing file /opt/airflow/dags/dag_cron_expression.py for tasks to queue
[2023-06-29T23:41:08.144+0000] {logging_mixin.py:149} INFO - [2023-06-29T23:41:08.144+0000] {dagbag.py:541} INFO - Filling up the DagBag from /opt/airflow/dags/dag_cron_expression.py
[2023-06-29T23:41:08.152+0000] {processor.py:836} INFO - DAG(s) dict_keys(['dag_cron_expression']) retrieved from /opt/airflow/dags/dag_cron_expression.py
[2023-06-29T23:41:08.181+0000] {logging_mixin.py:149} INFO - [2023-06-29T23:41:08.181+0000] {dag.py:2726} INFO - Sync 1 DAGs
[2023-06-29T23:41:08.214+0000] {logging_mixin.py:149} INFO - [2023-06-29T23:41:08.214+0000] {dag.py:3490} INFO - Setting next_dagrun for dag_cron_expression to 2023-06-29T04:05:00+00:00, run_after=2023-06-30T04:05:00+00:00
[2023-06-29T23:41:08.229+0000] {processor.py:179} INFO - Processing /opt/airflow/dags/dag_cron_expression.py took 0.088 seconds
[2023-06-29T23:41:38.459+0000] {processor.py:157} INFO - Started process (PID=4300) to work on /opt/airflow/dags/dag_cron_expression.py
[2023-06-29T23:41:38.465+0000] {processor.py:826} INFO - Processing file /opt/airflow/dags/dag_cron_expression.py for tasks to queue
[2023-06-29T23:41:38.466+0000] {logging_mixin.py:149} INFO - [2023-06-29T23:41:38.466+0000] {dagbag.py:541} INFO - Filling up the DagBag from /opt/airflow/dags/dag_cron_expression.py
[2023-06-29T23:41:38.473+0000] {processor.py:836} INFO - DAG(s) dict_keys(['dag_cron_expression']) retrieved from /opt/airflow/dags/dag_cron_expression.py
[2023-06-29T23:41:38.492+0000] {logging_mixin.py:149} INFO - [2023-06-29T23:41:38.491+0000] {dag.py:2726} INFO - Sync 1 DAGs
[2023-06-29T23:41:38.511+0000] {logging_mixin.py:149} INFO - [2023-06-29T23:41:38.511+0000] {dag.py:3490} INFO - Setting next_dagrun for dag_cron_expression to 2023-06-29T04:05:00+00:00, run_after=2023-06-30T04:05:00+00:00
[2023-06-29T23:41:38.522+0000] {processor.py:179} INFO - Processing /opt/airflow/dags/dag_cron_expression.py took 0.065 seconds
[2023-06-29T23:42:08.785+0000] {processor.py:157} INFO - Started process (PID=4312) to work on /opt/airflow/dags/dag_cron_expression.py
[2023-06-29T23:42:08.785+0000] {processor.py:826} INFO - Processing file /opt/airflow/dags/dag_cron_expression.py for tasks to queue
[2023-06-29T23:42:08.786+0000] {logging_mixin.py:149} INFO - [2023-06-29T23:42:08.786+0000] {dagbag.py:541} INFO - Filling up the DagBag from /opt/airflow/dags/dag_cron_expression.py
[2023-06-29T23:42:08.793+0000] {processor.py:836} INFO - DAG(s) dict_keys(['dag_cron_expression']) retrieved from /opt/airflow/dags/dag_cron_expression.py
[2023-06-29T23:42:08.811+0000] {logging_mixin.py:149} INFO - [2023-06-29T23:42:08.811+0000] {dag.py:2726} INFO - Sync 1 DAGs
[2023-06-29T23:42:08.832+0000] {logging_mixin.py:149} INFO - [2023-06-29T23:42:08.832+0000] {dag.py:3490} INFO - Setting next_dagrun for dag_cron_expression to 2023-06-29T04:05:00+00:00, run_after=2023-06-30T04:05:00+00:00
[2023-06-29T23:42:08.843+0000] {processor.py:179} INFO - Processing /opt/airflow/dags/dag_cron_expression.py took 0.061 seconds
[2023-06-29T23:42:39.116+0000] {processor.py:157} INFO - Started process (PID=4324) to work on /opt/airflow/dags/dag_cron_expression.py
[2023-06-29T23:42:39.122+0000] {processor.py:826} INFO - Processing file /opt/airflow/dags/dag_cron_expression.py for tasks to queue
[2023-06-29T23:42:39.123+0000] {logging_mixin.py:149} INFO - [2023-06-29T23:42:39.123+0000] {dagbag.py:541} INFO - Filling up the DagBag from /opt/airflow/dags/dag_cron_expression.py
[2023-06-29T23:42:39.130+0000] {processor.py:836} INFO - DAG(s) dict_keys(['dag_cron_expression']) retrieved from /opt/airflow/dags/dag_cron_expression.py
[2023-06-29T23:42:39.150+0000] {logging_mixin.py:149} INFO - [2023-06-29T23:42:39.149+0000] {dag.py:2726} INFO - Sync 1 DAGs
[2023-06-29T23:42:39.169+0000] {logging_mixin.py:149} INFO - [2023-06-29T23:42:39.169+0000] {dag.py:3490} INFO - Setting next_dagrun for dag_cron_expression to 2023-06-29T04:05:00+00:00, run_after=2023-06-30T04:05:00+00:00
[2023-06-29T23:42:39.180+0000] {processor.py:179} INFO - Processing /opt/airflow/dags/dag_cron_expression.py took 0.067 seconds
[2023-06-29T23:43:09.451+0000] {processor.py:157} INFO - Started process (PID=4336) to work on /opt/airflow/dags/dag_cron_expression.py
[2023-06-29T23:43:09.457+0000] {processor.py:826} INFO - Processing file /opt/airflow/dags/dag_cron_expression.py for tasks to queue
[2023-06-29T23:43:09.458+0000] {logging_mixin.py:149} INFO - [2023-06-29T23:43:09.457+0000] {dagbag.py:541} INFO - Filling up the DagBag from /opt/airflow/dags/dag_cron_expression.py
[2023-06-29T23:43:09.464+0000] {processor.py:836} INFO - DAG(s) dict_keys(['dag_cron_expression']) retrieved from /opt/airflow/dags/dag_cron_expression.py
[2023-06-29T23:43:09.484+0000] {logging_mixin.py:149} INFO - [2023-06-29T23:43:09.484+0000] {dag.py:2726} INFO - Sync 1 DAGs
[2023-06-29T23:43:09.503+0000] {logging_mixin.py:149} INFO - [2023-06-29T23:43:09.503+0000] {dag.py:3490} INFO - Setting next_dagrun for dag_cron_expression to 2023-06-29T04:05:00+00:00, run_after=2023-06-30T04:05:00+00:00
[2023-06-29T23:43:09.514+0000] {processor.py:179} INFO - Processing /opt/airflow/dags/dag_cron_expression.py took 0.066 seconds
[2023-06-29T23:43:39.784+0000] {processor.py:157} INFO - Started process (PID=4348) to work on /opt/airflow/dags/dag_cron_expression.py
[2023-06-29T23:43:39.789+0000] {processor.py:826} INFO - Processing file /opt/airflow/dags/dag_cron_expression.py for tasks to queue
[2023-06-29T23:43:39.789+0000] {logging_mixin.py:149} INFO - [2023-06-29T23:43:39.789+0000] {dagbag.py:541} INFO - Filling up the DagBag from /opt/airflow/dags/dag_cron_expression.py
[2023-06-29T23:43:39.797+0000] {processor.py:836} INFO - DAG(s) dict_keys(['dag_cron_expression']) retrieved from /opt/airflow/dags/dag_cron_expression.py
[2023-06-29T23:43:39.816+0000] {logging_mixin.py:149} INFO - [2023-06-29T23:43:39.816+0000] {dag.py:2726} INFO - Sync 1 DAGs
[2023-06-29T23:43:39.837+0000] {logging_mixin.py:149} INFO - [2023-06-29T23:43:39.836+0000] {dag.py:3490} INFO - Setting next_dagrun for dag_cron_expression to 2023-06-29T04:05:00+00:00, run_after=2023-06-30T04:05:00+00:00
[2023-06-29T23:43:39.849+0000] {processor.py:179} INFO - Processing /opt/airflow/dags/dag_cron_expression.py took 0.068 seconds
[2023-06-29T23:44:10.143+0000] {processor.py:157} INFO - Started process (PID=4360) to work on /opt/airflow/dags/dag_cron_expression.py
[2023-06-29T23:44:10.152+0000] {processor.py:826} INFO - Processing file /opt/airflow/dags/dag_cron_expression.py for tasks to queue
[2023-06-29T23:44:10.152+0000] {logging_mixin.py:149} INFO - [2023-06-29T23:44:10.152+0000] {dagbag.py:541} INFO - Filling up the DagBag from /opt/airflow/dags/dag_cron_expression.py
[2023-06-29T23:44:10.159+0000] {processor.py:836} INFO - DAG(s) dict_keys(['dag_cron_expression']) retrieved from /opt/airflow/dags/dag_cron_expression.py
[2023-06-29T23:44:10.179+0000] {logging_mixin.py:149} INFO - [2023-06-29T23:44:10.179+0000] {dag.py:2726} INFO - Sync 1 DAGs
[2023-06-29T23:44:10.200+0000] {logging_mixin.py:149} INFO - [2023-06-29T23:44:10.200+0000] {dag.py:3490} INFO - Setting next_dagrun for dag_cron_expression to 2023-06-29T04:05:00+00:00, run_after=2023-06-30T04:05:00+00:00
[2023-06-29T23:44:10.211+0000] {processor.py:179} INFO - Processing /opt/airflow/dags/dag_cron_expression.py took 0.070 seconds
[2023-06-29T23:44:40.465+0000] {processor.py:157} INFO - Started process (PID=4372) to work on /opt/airflow/dags/dag_cron_expression.py
[2023-06-29T23:44:40.470+0000] {processor.py:826} INFO - Processing file /opt/airflow/dags/dag_cron_expression.py for tasks to queue
[2023-06-29T23:44:40.471+0000] {logging_mixin.py:149} INFO - [2023-06-29T23:44:40.470+0000] {dagbag.py:541} INFO - Filling up the DagBag from /opt/airflow/dags/dag_cron_expression.py
[2023-06-29T23:44:40.478+0000] {processor.py:836} INFO - DAG(s) dict_keys(['dag_cron_expression']) retrieved from /opt/airflow/dags/dag_cron_expression.py
[2023-06-29T23:44:40.501+0000] {logging_mixin.py:149} INFO - [2023-06-29T23:44:40.500+0000] {dag.py:2726} INFO - Sync 1 DAGs
[2023-06-29T23:44:40.523+0000] {logging_mixin.py:149} INFO - [2023-06-29T23:44:40.523+0000] {dag.py:3490} INFO - Setting next_dagrun for dag_cron_expression to 2023-06-29T04:05:00+00:00, run_after=2023-06-30T04:05:00+00:00
[2023-06-29T23:44:40.536+0000] {processor.py:179} INFO - Processing /opt/airflow/dags/dag_cron_expression.py took 0.074 seconds
[2023-06-29T23:45:10.822+0000] {processor.py:157} INFO - Started process (PID=4384) to work on /opt/airflow/dags/dag_cron_expression.py
[2023-06-29T23:45:10.829+0000] {processor.py:826} INFO - Processing file /opt/airflow/dags/dag_cron_expression.py for tasks to queue
[2023-06-29T23:45:10.829+0000] {logging_mixin.py:149} INFO - [2023-06-29T23:45:10.829+0000] {dagbag.py:541} INFO - Filling up the DagBag from /opt/airflow/dags/dag_cron_expression.py
[2023-06-29T23:45:10.836+0000] {processor.py:836} INFO - DAG(s) dict_keys(['dag_cron_expression']) retrieved from /opt/airflow/dags/dag_cron_expression.py
[2023-06-29T23:45:10.856+0000] {logging_mixin.py:149} INFO - [2023-06-29T23:45:10.855+0000] {dag.py:2726} INFO - Sync 1 DAGs
[2023-06-29T23:45:10.875+0000] {logging_mixin.py:149} INFO - [2023-06-29T23:45:10.875+0000] {dag.py:3490} INFO - Setting next_dagrun for dag_cron_expression to 2023-06-29T04:05:00+00:00, run_after=2023-06-30T04:05:00+00:00
[2023-06-29T23:45:10.887+0000] {processor.py:179} INFO - Processing /opt/airflow/dags/dag_cron_expression.py took 0.067 seconds
[2023-06-29T23:45:41.150+0000] {processor.py:157} INFO - Started process (PID=4396) to work on /opt/airflow/dags/dag_cron_expression.py
[2023-06-29T23:45:41.151+0000] {processor.py:826} INFO - Processing file /opt/airflow/dags/dag_cron_expression.py for tasks to queue
[2023-06-29T23:45:41.152+0000] {logging_mixin.py:149} INFO - [2023-06-29T23:45:41.151+0000] {dagbag.py:541} INFO - Filling up the DagBag from /opt/airflow/dags/dag_cron_expression.py
[2023-06-29T23:45:41.159+0000] {processor.py:836} INFO - DAG(s) dict_keys(['dag_cron_expression']) retrieved from /opt/airflow/dags/dag_cron_expression.py
[2023-06-29T23:45:41.178+0000] {logging_mixin.py:149} INFO - [2023-06-29T23:45:41.178+0000] {dag.py:2726} INFO - Sync 1 DAGs
[2023-06-29T23:45:41.198+0000] {logging_mixin.py:149} INFO - [2023-06-29T23:45:41.198+0000] {dag.py:3490} INFO - Setting next_dagrun for dag_cron_expression to 2023-06-29T04:05:00+00:00, run_after=2023-06-30T04:05:00+00:00
[2023-06-29T23:45:41.208+0000] {processor.py:179} INFO - Processing /opt/airflow/dags/dag_cron_expression.py took 0.061 seconds
[2023-06-29T23:46:11.637+0000] {processor.py:157} INFO - Started process (PID=4408) to work on /opt/airflow/dags/dag_cron_expression.py
[2023-06-29T23:46:11.637+0000] {processor.py:826} INFO - Processing file /opt/airflow/dags/dag_cron_expression.py for tasks to queue
[2023-06-29T23:46:11.638+0000] {logging_mixin.py:149} INFO - [2023-06-29T23:46:11.638+0000] {dagbag.py:541} INFO - Filling up the DagBag from /opt/airflow/dags/dag_cron_expression.py
[2023-06-29T23:46:11.644+0000] {processor.py:836} INFO - DAG(s) dict_keys(['dag_cron_expression']) retrieved from /opt/airflow/dags/dag_cron_expression.py
[2023-06-29T23:46:11.665+0000] {logging_mixin.py:149} INFO - [2023-06-29T23:46:11.665+0000] {dag.py:2726} INFO - Sync 1 DAGs
[2023-06-29T23:46:11.685+0000] {logging_mixin.py:149} INFO - [2023-06-29T23:46:11.685+0000] {dag.py:3490} INFO - Setting next_dagrun for dag_cron_expression to 2023-06-29T04:05:00+00:00, run_after=2023-06-30T04:05:00+00:00
[2023-06-29T23:46:11.697+0000] {processor.py:179} INFO - Processing /opt/airflow/dags/dag_cron_expression.py took 0.062 seconds
[2023-06-29T23:46:42.024+0000] {processor.py:157} INFO - Started process (PID=4420) to work on /opt/airflow/dags/dag_cron_expression.py
[2023-06-29T23:46:42.035+0000] {processor.py:826} INFO - Processing file /opt/airflow/dags/dag_cron_expression.py for tasks to queue
[2023-06-29T23:46:42.035+0000] {logging_mixin.py:149} INFO - [2023-06-29T23:46:42.035+0000] {dagbag.py:541} INFO - Filling up the DagBag from /opt/airflow/dags/dag_cron_expression.py
[2023-06-29T23:46:42.042+0000] {processor.py:836} INFO - DAG(s) dict_keys(['dag_cron_expression']) retrieved from /opt/airflow/dags/dag_cron_expression.py
[2023-06-29T23:46:42.062+0000] {logging_mixin.py:149} INFO - [2023-06-29T23:46:42.062+0000] {dag.py:2726} INFO - Sync 1 DAGs
[2023-06-29T23:46:42.080+0000] {logging_mixin.py:149} INFO - [2023-06-29T23:46:42.080+0000] {dag.py:3490} INFO - Setting next_dagrun for dag_cron_expression to 2023-06-29T04:05:00+00:00, run_after=2023-06-30T04:05:00+00:00
[2023-06-29T23:46:42.091+0000] {processor.py:179} INFO - Processing /opt/airflow/dags/dag_cron_expression.py took 0.069 seconds
[2023-06-29T23:47:12.349+0000] {processor.py:157} INFO - Started process (PID=4432) to work on /opt/airflow/dags/dag_cron_expression.py
[2023-06-29T23:47:12.360+0000] {processor.py:826} INFO - Processing file /opt/airflow/dags/dag_cron_expression.py for tasks to queue
[2023-06-29T23:47:12.360+0000] {logging_mixin.py:149} INFO - [2023-06-29T23:47:12.360+0000] {dagbag.py:541} INFO - Filling up the DagBag from /opt/airflow/dags/dag_cron_expression.py
[2023-06-29T23:47:12.367+0000] {processor.py:836} INFO - DAG(s) dict_keys(['dag_cron_expression']) retrieved from /opt/airflow/dags/dag_cron_expression.py
[2023-06-29T23:47:12.387+0000] {logging_mixin.py:149} INFO - [2023-06-29T23:47:12.386+0000] {dag.py:2726} INFO - Sync 1 DAGs
[2023-06-29T23:47:12.405+0000] {logging_mixin.py:149} INFO - [2023-06-29T23:47:12.405+0000] {dag.py:3490} INFO - Setting next_dagrun for dag_cron_expression to 2023-06-29T04:05:00+00:00, run_after=2023-06-30T04:05:00+00:00
[2023-06-29T23:47:12.417+0000] {processor.py:179} INFO - Processing /opt/airflow/dags/dag_cron_expression.py took 0.071 seconds
[2023-06-29T23:47:42.691+0000] {processor.py:157} INFO - Started process (PID=4444) to work on /opt/airflow/dags/dag_cron_expression.py
[2023-06-29T23:47:42.698+0000] {processor.py:826} INFO - Processing file /opt/airflow/dags/dag_cron_expression.py for tasks to queue
[2023-06-29T23:47:42.698+0000] {logging_mixin.py:149} INFO - [2023-06-29T23:47:42.698+0000] {dagbag.py:541} INFO - Filling up the DagBag from /opt/airflow/dags/dag_cron_expression.py
[2023-06-29T23:47:42.705+0000] {processor.py:836} INFO - DAG(s) dict_keys(['dag_cron_expression']) retrieved from /opt/airflow/dags/dag_cron_expression.py
[2023-06-29T23:47:42.726+0000] {logging_mixin.py:149} INFO - [2023-06-29T23:47:42.726+0000] {dag.py:2726} INFO - Sync 1 DAGs
[2023-06-29T23:47:42.745+0000] {logging_mixin.py:149} INFO - [2023-06-29T23:47:42.745+0000] {dag.py:3490} INFO - Setting next_dagrun for dag_cron_expression to 2023-06-29T04:05:00+00:00, run_after=2023-06-30T04:05:00+00:00
[2023-06-29T23:47:42.756+0000] {processor.py:179} INFO - Processing /opt/airflow/dags/dag_cron_expression.py took 0.068 seconds
[2023-06-29T23:48:13.024+0000] {processor.py:157} INFO - Started process (PID=4456) to work on /opt/airflow/dags/dag_cron_expression.py
[2023-06-29T23:48:13.029+0000] {processor.py:826} INFO - Processing file /opt/airflow/dags/dag_cron_expression.py for tasks to queue
[2023-06-29T23:48:13.029+0000] {logging_mixin.py:149} INFO - [2023-06-29T23:48:13.029+0000] {dagbag.py:541} INFO - Filling up the DagBag from /opt/airflow/dags/dag_cron_expression.py
[2023-06-29T23:48:13.036+0000] {processor.py:836} INFO - DAG(s) dict_keys(['dag_cron_expression']) retrieved from /opt/airflow/dags/dag_cron_expression.py
[2023-06-29T23:48:13.055+0000] {logging_mixin.py:149} INFO - [2023-06-29T23:48:13.055+0000] {dag.py:2726} INFO - Sync 1 DAGs
[2023-06-29T23:48:13.074+0000] {logging_mixin.py:149} INFO - [2023-06-29T23:48:13.073+0000] {dag.py:3490} INFO - Setting next_dagrun for dag_cron_expression to 2023-06-29T04:05:00+00:00, run_after=2023-06-30T04:05:00+00:00
[2023-06-29T23:48:13.085+0000] {processor.py:179} INFO - Processing /opt/airflow/dags/dag_cron_expression.py took 0.064 seconds
[2023-06-29T23:48:43.367+0000] {processor.py:157} INFO - Started process (PID=4468) to work on /opt/airflow/dags/dag_cron_expression.py
[2023-06-29T23:48:43.368+0000] {processor.py:826} INFO - Processing file /opt/airflow/dags/dag_cron_expression.py for tasks to queue
[2023-06-29T23:48:43.368+0000] {logging_mixin.py:149} INFO - [2023-06-29T23:48:43.368+0000] {dagbag.py:541} INFO - Filling up the DagBag from /opt/airflow/dags/dag_cron_expression.py
[2023-06-29T23:48:43.375+0000] {processor.py:836} INFO - DAG(s) dict_keys(['dag_cron_expression']) retrieved from /opt/airflow/dags/dag_cron_expression.py
[2023-06-29T23:48:43.395+0000] {logging_mixin.py:149} INFO - [2023-06-29T23:48:43.395+0000] {dag.py:2726} INFO - Sync 1 DAGs
[2023-06-29T23:48:43.414+0000] {logging_mixin.py:149} INFO - [2023-06-29T23:48:43.414+0000] {dag.py:3490} INFO - Setting next_dagrun for dag_cron_expression to 2023-06-29T04:05:00+00:00, run_after=2023-06-30T04:05:00+00:00
[2023-06-29T23:48:43.425+0000] {processor.py:179} INFO - Processing /opt/airflow/dags/dag_cron_expression.py took 0.060 seconds
[2023-06-29T23:49:13.704+0000] {processor.py:157} INFO - Started process (PID=4480) to work on /opt/airflow/dags/dag_cron_expression.py
[2023-06-29T23:49:13.715+0000] {processor.py:826} INFO - Processing file /opt/airflow/dags/dag_cron_expression.py for tasks to queue
[2023-06-29T23:49:13.715+0000] {logging_mixin.py:149} INFO - [2023-06-29T23:49:13.715+0000] {dagbag.py:541} INFO - Filling up the DagBag from /opt/airflow/dags/dag_cron_expression.py
[2023-06-29T23:49:13.722+0000] {processor.py:836} INFO - DAG(s) dict_keys(['dag_cron_expression']) retrieved from /opt/airflow/dags/dag_cron_expression.py
[2023-06-29T23:49:13.741+0000] {logging_mixin.py:149} INFO - [2023-06-29T23:49:13.741+0000] {dag.py:2726} INFO - Sync 1 DAGs
[2023-06-29T23:49:13.760+0000] {logging_mixin.py:149} INFO - [2023-06-29T23:49:13.760+0000] {dag.py:3490} INFO - Setting next_dagrun for dag_cron_expression to 2023-06-29T04:05:00+00:00, run_after=2023-06-30T04:05:00+00:00
[2023-06-29T23:49:13.772+0000] {processor.py:179} INFO - Processing /opt/airflow/dags/dag_cron_expression.py took 0.071 seconds
[2023-06-29T23:49:44.028+0000] {processor.py:157} INFO - Started process (PID=4492) to work on /opt/airflow/dags/dag_cron_expression.py
[2023-06-29T23:49:44.037+0000] {processor.py:826} INFO - Processing file /opt/airflow/dags/dag_cron_expression.py for tasks to queue
[2023-06-29T23:49:44.038+0000] {logging_mixin.py:149} INFO - [2023-06-29T23:49:44.038+0000] {dagbag.py:541} INFO - Filling up the DagBag from /opt/airflow/dags/dag_cron_expression.py
[2023-06-29T23:49:44.044+0000] {processor.py:836} INFO - DAG(s) dict_keys(['dag_cron_expression']) retrieved from /opt/airflow/dags/dag_cron_expression.py
[2023-06-29T23:49:44.064+0000] {logging_mixin.py:149} INFO - [2023-06-29T23:49:44.064+0000] {dag.py:2726} INFO - Sync 1 DAGs
[2023-06-29T23:49:44.083+0000] {logging_mixin.py:149} INFO - [2023-06-29T23:49:44.083+0000] {dag.py:3490} INFO - Setting next_dagrun for dag_cron_expression to 2023-06-29T04:05:00+00:00, run_after=2023-06-30T04:05:00+00:00
[2023-06-29T23:49:44.093+0000] {processor.py:179} INFO - Processing /opt/airflow/dags/dag_cron_expression.py took 0.067 seconds
[2023-06-29T23:50:14.363+0000] {processor.py:157} INFO - Started process (PID=4504) to work on /opt/airflow/dags/dag_cron_expression.py
[2023-06-29T23:50:14.368+0000] {processor.py:826} INFO - Processing file /opt/airflow/dags/dag_cron_expression.py for tasks to queue
[2023-06-29T23:50:14.368+0000] {logging_mixin.py:149} INFO - [2023-06-29T23:50:14.368+0000] {dagbag.py:541} INFO - Filling up the DagBag from /opt/airflow/dags/dag_cron_expression.py
[2023-06-29T23:50:14.375+0000] {processor.py:836} INFO - DAG(s) dict_keys(['dag_cron_expression']) retrieved from /opt/airflow/dags/dag_cron_expression.py
[2023-06-29T23:50:14.394+0000] {logging_mixin.py:149} INFO - [2023-06-29T23:50:14.394+0000] {dag.py:2726} INFO - Sync 1 DAGs
[2023-06-29T23:50:14.413+0000] {logging_mixin.py:149} INFO - [2023-06-29T23:50:14.413+0000] {dag.py:3490} INFO - Setting next_dagrun for dag_cron_expression to 2023-06-29T04:05:00+00:00, run_after=2023-06-30T04:05:00+00:00
[2023-06-29T23:50:14.425+0000] {processor.py:179} INFO - Processing /opt/airflow/dags/dag_cron_expression.py took 0.065 seconds
[2023-06-29T23:50:44.692+0000] {processor.py:157} INFO - Started process (PID=4516) to work on /opt/airflow/dags/dag_cron_expression.py
[2023-06-29T23:50:44.698+0000] {processor.py:826} INFO - Processing file /opt/airflow/dags/dag_cron_expression.py for tasks to queue
[2023-06-29T23:50:44.698+0000] {logging_mixin.py:149} INFO - [2023-06-29T23:50:44.698+0000] {dagbag.py:541} INFO - Filling up the DagBag from /opt/airflow/dags/dag_cron_expression.py
[2023-06-29T23:50:44.705+0000] {processor.py:836} INFO - DAG(s) dict_keys(['dag_cron_expression']) retrieved from /opt/airflow/dags/dag_cron_expression.py
[2023-06-29T23:50:44.724+0000] {logging_mixin.py:149} INFO - [2023-06-29T23:50:44.724+0000] {dag.py:2726} INFO - Sync 1 DAGs
[2023-06-29T23:50:44.744+0000] {logging_mixin.py:149} INFO - [2023-06-29T23:50:44.744+0000] {dag.py:3490} INFO - Setting next_dagrun for dag_cron_expression to 2023-06-29T04:05:00+00:00, run_after=2023-06-30T04:05:00+00:00
[2023-06-29T23:50:44.755+0000] {processor.py:179} INFO - Processing /opt/airflow/dags/dag_cron_expression.py took 0.065 seconds
[2023-06-29T23:51:15.032+0000] {processor.py:157} INFO - Started process (PID=4528) to work on /opt/airflow/dags/dag_cron_expression.py
[2023-06-29T23:51:15.037+0000] {processor.py:826} INFO - Processing file /opt/airflow/dags/dag_cron_expression.py for tasks to queue
[2023-06-29T23:51:15.038+0000] {logging_mixin.py:149} INFO - [2023-06-29T23:51:15.038+0000] {dagbag.py:541} INFO - Filling up the DagBag from /opt/airflow/dags/dag_cron_expression.py
[2023-06-29T23:51:15.045+0000] {processor.py:836} INFO - DAG(s) dict_keys(['dag_cron_expression']) retrieved from /opt/airflow/dags/dag_cron_expression.py
[2023-06-29T23:51:15.063+0000] {logging_mixin.py:149} INFO - [2023-06-29T23:51:15.063+0000] {dag.py:2726} INFO - Sync 1 DAGs
[2023-06-29T23:51:15.082+0000] {logging_mixin.py:149} INFO - [2023-06-29T23:51:15.082+0000] {dag.py:3490} INFO - Setting next_dagrun for dag_cron_expression to 2023-06-29T04:05:00+00:00, run_after=2023-06-30T04:05:00+00:00
[2023-06-29T23:51:15.093+0000] {processor.py:179} INFO - Processing /opt/airflow/dags/dag_cron_expression.py took 0.064 seconds
[2023-06-29T23:51:45.364+0000] {processor.py:157} INFO - Started process (PID=4540) to work on /opt/airflow/dags/dag_cron_expression.py
[2023-06-29T23:51:45.370+0000] {processor.py:826} INFO - Processing file /opt/airflow/dags/dag_cron_expression.py for tasks to queue
[2023-06-29T23:51:45.371+0000] {logging_mixin.py:149} INFO - [2023-06-29T23:51:45.371+0000] {dagbag.py:541} INFO - Filling up the DagBag from /opt/airflow/dags/dag_cron_expression.py
[2023-06-29T23:51:45.378+0000] {processor.py:836} INFO - DAG(s) dict_keys(['dag_cron_expression']) retrieved from /opt/airflow/dags/dag_cron_expression.py
[2023-06-29T23:51:45.397+0000] {logging_mixin.py:149} INFO - [2023-06-29T23:51:45.397+0000] {dag.py:2726} INFO - Sync 1 DAGs
[2023-06-29T23:51:45.415+0000] {logging_mixin.py:149} INFO - [2023-06-29T23:51:45.415+0000] {dag.py:3490} INFO - Setting next_dagrun for dag_cron_expression to 2023-06-29T04:05:00+00:00, run_after=2023-06-30T04:05:00+00:00
[2023-06-29T23:51:45.426+0000] {processor.py:179} INFO - Processing /opt/airflow/dags/dag_cron_expression.py took 0.065 seconds
[2023-06-29T23:52:15.688+0000] {processor.py:157} INFO - Started process (PID=4552) to work on /opt/airflow/dags/dag_cron_expression.py
[2023-06-29T23:52:15.695+0000] {processor.py:826} INFO - Processing file /opt/airflow/dags/dag_cron_expression.py for tasks to queue
[2023-06-29T23:52:15.696+0000] {logging_mixin.py:149} INFO - [2023-06-29T23:52:15.696+0000] {dagbag.py:541} INFO - Filling up the DagBag from /opt/airflow/dags/dag_cron_expression.py
[2023-06-29T23:52:15.702+0000] {processor.py:836} INFO - DAG(s) dict_keys(['dag_cron_expression']) retrieved from /opt/airflow/dags/dag_cron_expression.py
[2023-06-29T23:52:15.723+0000] {logging_mixin.py:149} INFO - [2023-06-29T23:52:15.722+0000] {dag.py:2726} INFO - Sync 1 DAGs
[2023-06-29T23:52:15.742+0000] {logging_mixin.py:149} INFO - [2023-06-29T23:52:15.742+0000] {dag.py:3490} INFO - Setting next_dagrun for dag_cron_expression to 2023-06-29T04:05:00+00:00, run_after=2023-06-30T04:05:00+00:00
[2023-06-29T23:52:15.753+0000] {processor.py:179} INFO - Processing /opt/airflow/dags/dag_cron_expression.py took 0.068 seconds
[2023-06-29T23:52:46.071+0000] {processor.py:157} INFO - Started process (PID=4564) to work on /opt/airflow/dags/dag_cron_expression.py
[2023-06-29T23:52:46.081+0000] {processor.py:826} INFO - Processing file /opt/airflow/dags/dag_cron_expression.py for tasks to queue
[2023-06-29T23:52:46.082+0000] {logging_mixin.py:149} INFO - [2023-06-29T23:52:46.081+0000] {dagbag.py:541} INFO - Filling up the DagBag from /opt/airflow/dags/dag_cron_expression.py
[2023-06-29T23:52:46.091+0000] {processor.py:836} INFO - DAG(s) dict_keys(['dag_cron_expression']) retrieved from /opt/airflow/dags/dag_cron_expression.py
[2023-06-29T23:52:46.115+0000] {logging_mixin.py:149} INFO - [2023-06-29T23:52:46.115+0000] {dag.py:2726} INFO - Sync 1 DAGs
[2023-06-29T23:52:46.134+0000] {logging_mixin.py:149} INFO - [2023-06-29T23:52:46.134+0000] {dag.py:3490} INFO - Setting next_dagrun for dag_cron_expression to 2023-06-29T04:05:00+00:00, run_after=2023-06-30T04:05:00+00:00
[2023-06-29T23:52:46.146+0000] {processor.py:179} INFO - Processing /opt/airflow/dags/dag_cron_expression.py took 0.077 seconds
[2023-06-29T23:53:16.411+0000] {processor.py:157} INFO - Started process (PID=4576) to work on /opt/airflow/dags/dag_cron_expression.py
[2023-06-29T23:53:16.418+0000] {processor.py:826} INFO - Processing file /opt/airflow/dags/dag_cron_expression.py for tasks to queue
[2023-06-29T23:53:16.418+0000] {logging_mixin.py:149} INFO - [2023-06-29T23:53:16.418+0000] {dagbag.py:541} INFO - Filling up the DagBag from /opt/airflow/dags/dag_cron_expression.py
[2023-06-29T23:53:16.426+0000] {processor.py:836} INFO - DAG(s) dict_keys(['dag_cron_expression']) retrieved from /opt/airflow/dags/dag_cron_expression.py
[2023-06-29T23:53:16.448+0000] {logging_mixin.py:149} INFO - [2023-06-29T23:53:16.447+0000] {dag.py:2726} INFO - Sync 1 DAGs
[2023-06-29T23:53:16.468+0000] {logging_mixin.py:149} INFO - [2023-06-29T23:53:16.468+0000] {dag.py:3490} INFO - Setting next_dagrun for dag_cron_expression to 2023-06-29T04:05:00+00:00, run_after=2023-06-30T04:05:00+00:00
[2023-06-29T23:53:16.481+0000] {processor.py:179} INFO - Processing /opt/airflow/dags/dag_cron_expression.py took 0.072 seconds
[2023-06-29T23:53:46.770+0000] {processor.py:157} INFO - Started process (PID=4588) to work on /opt/airflow/dags/dag_cron_expression.py
[2023-06-29T23:53:46.776+0000] {processor.py:826} INFO - Processing file /opt/airflow/dags/dag_cron_expression.py for tasks to queue
[2023-06-29T23:53:46.776+0000] {logging_mixin.py:149} INFO - [2023-06-29T23:53:46.776+0000] {dagbag.py:541} INFO - Filling up the DagBag from /opt/airflow/dags/dag_cron_expression.py
[2023-06-29T23:53:46.783+0000] {processor.py:836} INFO - DAG(s) dict_keys(['dag_cron_expression']) retrieved from /opt/airflow/dags/dag_cron_expression.py
[2023-06-29T23:53:46.803+0000] {logging_mixin.py:149} INFO - [2023-06-29T23:53:46.803+0000] {dag.py:2726} INFO - Sync 1 DAGs
[2023-06-29T23:53:46.825+0000] {logging_mixin.py:149} INFO - [2023-06-29T23:53:46.825+0000] {dag.py:3490} INFO - Setting next_dagrun for dag_cron_expression to 2023-06-29T04:05:00+00:00, run_after=2023-06-30T04:05:00+00:00
[2023-06-29T23:53:46.837+0000] {processor.py:179} INFO - Processing /opt/airflow/dags/dag_cron_expression.py took 0.069 seconds
[2023-06-29T23:54:17.103+0000] {processor.py:157} INFO - Started process (PID=4600) to work on /opt/airflow/dags/dag_cron_expression.py
[2023-06-29T23:54:17.113+0000] {processor.py:826} INFO - Processing file /opt/airflow/dags/dag_cron_expression.py for tasks to queue
[2023-06-29T23:54:17.114+0000] {logging_mixin.py:149} INFO - [2023-06-29T23:54:17.113+0000] {dagbag.py:541} INFO - Filling up the DagBag from /opt/airflow/dags/dag_cron_expression.py
[2023-06-29T23:54:17.120+0000] {processor.py:836} INFO - DAG(s) dict_keys(['dag_cron_expression']) retrieved from /opt/airflow/dags/dag_cron_expression.py
[2023-06-29T23:54:17.141+0000] {logging_mixin.py:149} INFO - [2023-06-29T23:54:17.141+0000] {dag.py:2726} INFO - Sync 1 DAGs
[2023-06-29T23:54:17.160+0000] {logging_mixin.py:149} INFO - [2023-06-29T23:54:17.160+0000] {dag.py:3490} INFO - Setting next_dagrun for dag_cron_expression to 2023-06-29T04:05:00+00:00, run_after=2023-06-30T04:05:00+00:00
[2023-06-29T23:54:17.171+0000] {processor.py:179} INFO - Processing /opt/airflow/dags/dag_cron_expression.py took 0.071 seconds
[2023-06-29T23:54:47.433+0000] {processor.py:157} INFO - Started process (PID=4612) to work on /opt/airflow/dags/dag_cron_expression.py
[2023-06-29T23:54:47.439+0000] {processor.py:826} INFO - Processing file /opt/airflow/dags/dag_cron_expression.py for tasks to queue
[2023-06-29T23:54:47.439+0000] {logging_mixin.py:149} INFO - [2023-06-29T23:54:47.439+0000] {dagbag.py:541} INFO - Filling up the DagBag from /opt/airflow/dags/dag_cron_expression.py
[2023-06-29T23:54:47.446+0000] {processor.py:836} INFO - DAG(s) dict_keys(['dag_cron_expression']) retrieved from /opt/airflow/dags/dag_cron_expression.py
[2023-06-29T23:54:47.468+0000] {logging_mixin.py:149} INFO - [2023-06-29T23:54:47.467+0000] {dag.py:2726} INFO - Sync 1 DAGs
[2023-06-29T23:54:47.488+0000] {logging_mixin.py:149} INFO - [2023-06-29T23:54:47.488+0000] {dag.py:3490} INFO - Setting next_dagrun for dag_cron_expression to 2023-06-29T04:05:00+00:00, run_after=2023-06-30T04:05:00+00:00
[2023-06-29T23:54:47.500+0000] {processor.py:179} INFO - Processing /opt/airflow/dags/dag_cron_expression.py took 0.069 seconds
[2023-06-29T23:55:17.786+0000] {processor.py:157} INFO - Started process (PID=4624) to work on /opt/airflow/dags/dag_cron_expression.py
[2023-06-29T23:55:17.792+0000] {processor.py:826} INFO - Processing file /opt/airflow/dags/dag_cron_expression.py for tasks to queue
[2023-06-29T23:55:17.793+0000] {logging_mixin.py:149} INFO - [2023-06-29T23:55:17.793+0000] {dagbag.py:541} INFO - Filling up the DagBag from /opt/airflow/dags/dag_cron_expression.py
[2023-06-29T23:55:17.800+0000] {processor.py:836} INFO - DAG(s) dict_keys(['dag_cron_expression']) retrieved from /opt/airflow/dags/dag_cron_expression.py
[2023-06-29T23:55:17.820+0000] {logging_mixin.py:149} INFO - [2023-06-29T23:55:17.820+0000] {dag.py:2726} INFO - Sync 1 DAGs
[2023-06-29T23:55:17.839+0000] {logging_mixin.py:149} INFO - [2023-06-29T23:55:17.839+0000] {dag.py:3490} INFO - Setting next_dagrun for dag_cron_expression to 2023-06-29T04:05:00+00:00, run_after=2023-06-30T04:05:00+00:00
[2023-06-29T23:55:17.851+0000] {processor.py:179} INFO - Processing /opt/airflow/dags/dag_cron_expression.py took 0.067 seconds
[2023-06-29T23:55:48.145+0000] {processor.py:157} INFO - Started process (PID=4636) to work on /opt/airflow/dags/dag_cron_expression.py
[2023-06-29T23:55:48.154+0000] {processor.py:826} INFO - Processing file /opt/airflow/dags/dag_cron_expression.py for tasks to queue
[2023-06-29T23:55:48.154+0000] {logging_mixin.py:149} INFO - [2023-06-29T23:55:48.154+0000] {dagbag.py:541} INFO - Filling up the DagBag from /opt/airflow/dags/dag_cron_expression.py
[2023-06-29T23:55:48.161+0000] {processor.py:836} INFO - DAG(s) dict_keys(['dag_cron_expression']) retrieved from /opt/airflow/dags/dag_cron_expression.py
[2023-06-29T23:55:48.180+0000] {logging_mixin.py:149} INFO - [2023-06-29T23:55:48.180+0000] {dag.py:2726} INFO - Sync 1 DAGs
[2023-06-29T23:55:48.199+0000] {logging_mixin.py:149} INFO - [2023-06-29T23:55:48.199+0000] {dag.py:3490} INFO - Setting next_dagrun for dag_cron_expression to 2023-06-29T04:05:00+00:00, run_after=2023-06-30T04:05:00+00:00
[2023-06-29T23:55:48.211+0000] {processor.py:179} INFO - Processing /opt/airflow/dags/dag_cron_expression.py took 0.069 seconds
[2023-06-29T23:56:18.481+0000] {processor.py:157} INFO - Started process (PID=4648) to work on /opt/airflow/dags/dag_cron_expression.py
[2023-06-29T23:56:18.487+0000] {processor.py:826} INFO - Processing file /opt/airflow/dags/dag_cron_expression.py for tasks to queue
[2023-06-29T23:56:18.487+0000] {logging_mixin.py:149} INFO - [2023-06-29T23:56:18.487+0000] {dagbag.py:541} INFO - Filling up the DagBag from /opt/airflow/dags/dag_cron_expression.py
[2023-06-29T23:56:18.494+0000] {processor.py:836} INFO - DAG(s) dict_keys(['dag_cron_expression']) retrieved from /opt/airflow/dags/dag_cron_expression.py
[2023-06-29T23:56:18.514+0000] {logging_mixin.py:149} INFO - [2023-06-29T23:56:18.513+0000] {dag.py:2726} INFO - Sync 1 DAGs
[2023-06-29T23:56:18.535+0000] {logging_mixin.py:149} INFO - [2023-06-29T23:56:18.535+0000] {dag.py:3490} INFO - Setting next_dagrun for dag_cron_expression to 2023-06-29T04:05:00+00:00, run_after=2023-06-30T04:05:00+00:00
[2023-06-29T23:56:18.547+0000] {processor.py:179} INFO - Processing /opt/airflow/dags/dag_cron_expression.py took 0.068 seconds
[2023-06-29T23:56:48.788+0000] {processor.py:157} INFO - Started process (PID=4660) to work on /opt/airflow/dags/dag_cron_expression.py
[2023-06-29T23:56:48.794+0000] {processor.py:826} INFO - Processing file /opt/airflow/dags/dag_cron_expression.py for tasks to queue
[2023-06-29T23:56:48.795+0000] {logging_mixin.py:149} INFO - [2023-06-29T23:56:48.795+0000] {dagbag.py:541} INFO - Filling up the DagBag from /opt/airflow/dags/dag_cron_expression.py
[2023-06-29T23:56:48.802+0000] {processor.py:836} INFO - DAG(s) dict_keys(['dag_cron_expression']) retrieved from /opt/airflow/dags/dag_cron_expression.py
[2023-06-29T23:56:48.821+0000] {logging_mixin.py:149} INFO - [2023-06-29T23:56:48.821+0000] {dag.py:2726} INFO - Sync 1 DAGs
[2023-06-29T23:56:48.840+0000] {logging_mixin.py:149} INFO - [2023-06-29T23:56:48.840+0000] {dag.py:3490} INFO - Setting next_dagrun for dag_cron_expression to 2023-06-29T04:05:00+00:00, run_after=2023-06-30T04:05:00+00:00
[2023-06-29T23:56:48.851+0000] {processor.py:179} INFO - Processing /opt/airflow/dags/dag_cron_expression.py took 0.065 seconds
[2023-06-29T23:57:19.132+0000] {processor.py:157} INFO - Started process (PID=4672) to work on /opt/airflow/dags/dag_cron_expression.py
[2023-06-29T23:57:19.132+0000] {processor.py:826} INFO - Processing file /opt/airflow/dags/dag_cron_expression.py for tasks to queue
[2023-06-29T23:57:19.133+0000] {logging_mixin.py:149} INFO - [2023-06-29T23:57:19.133+0000] {dagbag.py:541} INFO - Filling up the DagBag from /opt/airflow/dags/dag_cron_expression.py
[2023-06-29T23:57:19.141+0000] {processor.py:836} INFO - DAG(s) dict_keys(['dag_cron_expression']) retrieved from /opt/airflow/dags/dag_cron_expression.py
[2023-06-29T23:57:19.162+0000] {logging_mixin.py:149} INFO - [2023-06-29T23:57:19.162+0000] {dag.py:2726} INFO - Sync 1 DAGs
[2023-06-29T23:57:19.182+0000] {logging_mixin.py:149} INFO - [2023-06-29T23:57:19.182+0000] {dag.py:3490} INFO - Setting next_dagrun for dag_cron_expression to 2023-06-29T04:05:00+00:00, run_after=2023-06-30T04:05:00+00:00
[2023-06-29T23:57:19.194+0000] {processor.py:179} INFO - Processing /opt/airflow/dags/dag_cron_expression.py took 0.064 seconds
[2023-06-29T23:57:49.442+0000] {processor.py:157} INFO - Started process (PID=4684) to work on /opt/airflow/dags/dag_cron_expression.py
[2023-06-29T23:57:49.448+0000] {processor.py:826} INFO - Processing file /opt/airflow/dags/dag_cron_expression.py for tasks to queue
[2023-06-29T23:57:49.448+0000] {logging_mixin.py:149} INFO - [2023-06-29T23:57:49.448+0000] {dagbag.py:541} INFO - Filling up the DagBag from /opt/airflow/dags/dag_cron_expression.py
[2023-06-29T23:57:49.455+0000] {processor.py:836} INFO - DAG(s) dict_keys(['dag_cron_expression']) retrieved from /opt/airflow/dags/dag_cron_expression.py
[2023-06-29T23:57:49.474+0000] {logging_mixin.py:149} INFO - [2023-06-29T23:57:49.474+0000] {dag.py:2726} INFO - Sync 1 DAGs
[2023-06-29T23:57:49.494+0000] {logging_mixin.py:149} INFO - [2023-06-29T23:57:49.494+0000] {dag.py:3490} INFO - Setting next_dagrun for dag_cron_expression to 2023-06-29T04:05:00+00:00, run_after=2023-06-30T04:05:00+00:00
[2023-06-29T23:57:49.505+0000] {processor.py:179} INFO - Processing /opt/airflow/dags/dag_cron_expression.py took 0.066 seconds
[2023-06-29T23:58:19.781+0000] {processor.py:157} INFO - Started process (PID=4696) to work on /opt/airflow/dags/dag_cron_expression.py
[2023-06-29T23:58:19.791+0000] {processor.py:826} INFO - Processing file /opt/airflow/dags/dag_cron_expression.py for tasks to queue
[2023-06-29T23:58:19.791+0000] {logging_mixin.py:149} INFO - [2023-06-29T23:58:19.791+0000] {dagbag.py:541} INFO - Filling up the DagBag from /opt/airflow/dags/dag_cron_expression.py
[2023-06-29T23:58:19.801+0000] {processor.py:836} INFO - DAG(s) dict_keys(['dag_cron_expression']) retrieved from /opt/airflow/dags/dag_cron_expression.py
[2023-06-29T23:58:19.825+0000] {logging_mixin.py:149} INFO - [2023-06-29T23:58:19.824+0000] {dag.py:2726} INFO - Sync 1 DAGs
[2023-06-29T23:58:19.843+0000] {logging_mixin.py:149} INFO - [2023-06-29T23:58:19.843+0000] {dag.py:3490} INFO - Setting next_dagrun for dag_cron_expression to 2023-06-29T04:05:00+00:00, run_after=2023-06-30T04:05:00+00:00
[2023-06-29T23:58:19.855+0000] {processor.py:179} INFO - Processing /opt/airflow/dags/dag_cron_expression.py took 0.077 seconds
[2023-06-29T23:58:50.135+0000] {processor.py:157} INFO - Started process (PID=4708) to work on /opt/airflow/dags/dag_cron_expression.py
[2023-06-29T23:58:50.143+0000] {processor.py:826} INFO - Processing file /opt/airflow/dags/dag_cron_expression.py for tasks to queue
[2023-06-29T23:58:50.144+0000] {logging_mixin.py:149} INFO - [2023-06-29T23:58:50.144+0000] {dagbag.py:541} INFO - Filling up the DagBag from /opt/airflow/dags/dag_cron_expression.py
[2023-06-29T23:58:50.151+0000] {processor.py:836} INFO - DAG(s) dict_keys(['dag_cron_expression']) retrieved from /opt/airflow/dags/dag_cron_expression.py
[2023-06-29T23:58:50.170+0000] {logging_mixin.py:149} INFO - [2023-06-29T23:58:50.170+0000] {dag.py:2726} INFO - Sync 1 DAGs
[2023-06-29T23:58:50.190+0000] {logging_mixin.py:149} INFO - [2023-06-29T23:58:50.190+0000] {dag.py:3490} INFO - Setting next_dagrun for dag_cron_expression to 2023-06-29T04:05:00+00:00, run_after=2023-06-30T04:05:00+00:00
[2023-06-29T23:58:50.202+0000] {processor.py:179} INFO - Processing /opt/airflow/dags/dag_cron_expression.py took 0.069 seconds
[2023-06-29T23:59:20.477+0000] {processor.py:157} INFO - Started process (PID=4720) to work on /opt/airflow/dags/dag_cron_expression.py
[2023-06-29T23:59:20.486+0000] {processor.py:826} INFO - Processing file /opt/airflow/dags/dag_cron_expression.py for tasks to queue
[2023-06-29T23:59:20.486+0000] {logging_mixin.py:149} INFO - [2023-06-29T23:59:20.486+0000] {dagbag.py:541} INFO - Filling up the DagBag from /opt/airflow/dags/dag_cron_expression.py
[2023-06-29T23:59:20.493+0000] {processor.py:836} INFO - DAG(s) dict_keys(['dag_cron_expression']) retrieved from /opt/airflow/dags/dag_cron_expression.py
[2023-06-29T23:59:20.512+0000] {logging_mixin.py:149} INFO - [2023-06-29T23:59:20.512+0000] {dag.py:2726} INFO - Sync 1 DAGs
[2023-06-29T23:59:20.531+0000] {logging_mixin.py:149} INFO - [2023-06-29T23:59:20.531+0000] {dag.py:3490} INFO - Setting next_dagrun for dag_cron_expression to 2023-06-29T04:05:00+00:00, run_after=2023-06-30T04:05:00+00:00
[2023-06-29T23:59:20.542+0000] {processor.py:179} INFO - Processing /opt/airflow/dags/dag_cron_expression.py took 0.068 seconds
[2023-06-29T23:59:50.803+0000] {processor.py:157} INFO - Started process (PID=4732) to work on /opt/airflow/dags/dag_cron_expression.py
[2023-06-29T23:59:50.812+0000] {processor.py:826} INFO - Processing file /opt/airflow/dags/dag_cron_expression.py for tasks to queue
[2023-06-29T23:59:50.813+0000] {logging_mixin.py:149} INFO - [2023-06-29T23:59:50.812+0000] {dagbag.py:541} INFO - Filling up the DagBag from /opt/airflow/dags/dag_cron_expression.py
[2023-06-29T23:59:50.820+0000] {processor.py:836} INFO - DAG(s) dict_keys(['dag_cron_expression']) retrieved from /opt/airflow/dags/dag_cron_expression.py
[2023-06-29T23:59:50.843+0000] {logging_mixin.py:149} INFO - [2023-06-29T23:59:50.843+0000] {dag.py:2726} INFO - Sync 1 DAGs
[2023-06-29T23:59:50.862+0000] {logging_mixin.py:149} INFO - [2023-06-29T23:59:50.862+0000] {dag.py:3490} INFO - Setting next_dagrun for dag_cron_expression to 2023-06-29T04:05:00+00:00, run_after=2023-06-30T04:05:00+00:00
[2023-06-29T23:59:50.875+0000] {processor.py:179} INFO - Processing /opt/airflow/dags/dag_cron_expression.py took 0.074 seconds
