[2023-07-10T16:44:29.895+0000] {taskinstance.py:1103} INFO - Dependencies all met for dep_context=non-requeueable deps ti=<TaskInstance: dag_scrap_biobio_v14.scrap_data scheduled__2023-07-09T00:00:00+00:00 [queued]>
[2023-07-10T16:44:29.901+0000] {taskinstance.py:1103} INFO - Dependencies all met for dep_context=requeueable deps ti=<TaskInstance: dag_scrap_biobio_v14.scrap_data scheduled__2023-07-09T00:00:00+00:00 [queued]>
[2023-07-10T16:44:29.901+0000] {taskinstance.py:1308} INFO - Starting attempt 1 of 1
[2023-07-10T16:44:29.910+0000] {taskinstance.py:1327} INFO - Executing <Task(_PythonExternalDecoratedOperator): scrap_data> on 2023-07-09 00:00:00+00:00
[2023-07-10T16:44:29.914+0000] {standard_task_runner.py:57} INFO - Started process 3259 to run task
[2023-07-10T16:44:29.916+0000] {standard_task_runner.py:84} INFO - Running: ['***', 'tasks', 'run', 'dag_scrap_biobio_v14', 'scrap_data', 'scheduled__2023-07-09T00:00:00+00:00', '--job-id', '173', '--raw', '--subdir', 'DAGS_FOLDER/dag_scrap_biobio.py', '--cfg-path', '/tmp/tmpj5__6dpn']
[2023-07-10T16:44:29.917+0000] {standard_task_runner.py:85} INFO - Job 173: Subtask scrap_data
[2023-07-10T16:44:29.949+0000] {task_command.py:410} INFO - Running <TaskInstance: dag_scrap_biobio_v14.scrap_data scheduled__2023-07-09T00:00:00+00:00 [running]> on host 3371e7602d27
[2023-07-10T16:44:30.017+0000] {taskinstance.py:1547} INFO - Exporting env vars: AIRFLOW_CTX_DAG_OWNER='***' AIRFLOW_CTX_DAG_ID='dag_scrap_biobio_v14' AIRFLOW_CTX_TASK_ID='scrap_data' AIRFLOW_CTX_EXECUTION_DATE='2023-07-09T00:00:00+00:00' AIRFLOW_CTX_TRY_NUMBER='1' AIRFLOW_CTX_DAG_RUN_ID='scheduled__2023-07-09T00:00:00+00:00'
[2023-07-10T16:44:30.693+0000] {process_utils.py:181} INFO - Executing cmd: /usr/local/bin/python3.7 /tmp/tmdp_fvf3zz/script.py /tmp/tmdp_fvf3zz/script.in /tmp/tmdp_fvf3zz/script.out /tmp/tmdp_fvf3zz/string_args.txt
[2023-07-10T16:44:30.701+0000] {process_utils.py:185} INFO - Output:
[2023-07-10T16:44:31.646+0000] {process_utils.py:189} INFO - Traceback (most recent call last):
[2023-07-10T16:44:31.646+0000] {process_utils.py:189} INFO -   File "/tmp/tmdp_fvf3zz/script.py", line 160, in <module>
[2023-07-10T16:44:31.646+0000] {process_utils.py:189} INFO -     res = scrapData(*arg_dict["args"], **arg_dict["kwargs"])
[2023-07-10T16:44:31.646+0000] {process_utils.py:189} INFO -   File "/tmp/tmdp_fvf3zz/script.py", line 37, in scrapData
[2023-07-10T16:44:31.647+0000] {process_utils.py:189} INFO -     from pyspark.sql import SparkSession
[2023-07-10T16:44:31.647+0000] {process_utils.py:189} INFO - ModuleNotFoundError: No module named 'pyspark'
[2023-07-10T16:44:31.714+0000] {taskinstance.py:1824} ERROR - Task failed with exception
Traceback (most recent call last):
  File "/home/airflow/.local/lib/python3.7/site-packages/airflow/decorators/base.py", line 220, in execute
    return_value = super().execute(context)
  File "/home/airflow/.local/lib/python3.7/site-packages/airflow/operators/python.py", line 374, in execute
    return super().execute(context=serializable_context)
  File "/home/airflow/.local/lib/python3.7/site-packages/airflow/operators/python.py", line 181, in execute
    return_value = self.execute_callable()
  File "/home/airflow/.local/lib/python3.7/site-packages/airflow/operators/python.py", line 696, in execute_callable
    return self._execute_python_callable_in_subprocess(python_path, tmp_path)
  File "/home/airflow/.local/lib/python3.7/site-packages/airflow/operators/python.py", line 434, in _execute_python_callable_in_subprocess
    os.fspath(string_args_path),
  File "/home/airflow/.local/lib/python3.7/site-packages/airflow/utils/process_utils.py", line 170, in execute_in_subprocess
    execute_in_subprocess_with_kwargs(cmd, cwd=cwd)
  File "/home/airflow/.local/lib/python3.7/site-packages/airflow/utils/process_utils.py", line 193, in execute_in_subprocess_with_kwargs
    raise subprocess.CalledProcessError(exit_code, cmd)
subprocess.CalledProcessError: Command '['/usr/local/bin/python3.7', '/tmp/tmdp_fvf3zz/script.py', '/tmp/tmdp_fvf3zz/script.in', '/tmp/tmdp_fvf3zz/script.out', '/tmp/tmdp_fvf3zz/string_args.txt']' returned non-zero exit status 1.
[2023-07-10T16:44:31.721+0000] {taskinstance.py:1350} INFO - Marking task as FAILED. dag_id=dag_scrap_biobio_v14, task_id=scrap_data, execution_date=20230709T000000, start_date=20230710T164429, end_date=20230710T164431
[2023-07-10T16:44:31.730+0000] {standard_task_runner.py:109} ERROR - Failed to execute job 173 for task scrap_data (Command '['/usr/local/bin/python3.7', '/tmp/tmdp_fvf3zz/script.py', '/tmp/tmdp_fvf3zz/script.in', '/tmp/tmdp_fvf3zz/script.out', '/tmp/tmdp_fvf3zz/string_args.txt']' returned non-zero exit status 1.; 3259)
[2023-07-10T16:44:31.738+0000] {local_task_job_runner.py:225} INFO - Task exited with return code 1
[2023-07-10T16:44:31.758+0000] {taskinstance.py:2653} INFO - 0 downstream tasks scheduled from follow-on schedule check
