[2023-06-30T02:00:56.606+0000] {taskinstance.py:1103} INFO - Dependencies all met for dep_context=non-requeueable deps ti=<TaskInstance: dag_with_postgres_operator_v02.delete_from_table manual__2023-06-30T01:56:59.206974+00:00 [queued]>
[2023-06-30T02:00:56.612+0000] {taskinstance.py:1103} INFO - Dependencies all met for dep_context=requeueable deps ti=<TaskInstance: dag_with_postgres_operator_v02.delete_from_table manual__2023-06-30T01:56:59.206974+00:00 [queued]>
[2023-06-30T02:00:56.613+0000] {taskinstance.py:1308} INFO - Starting attempt 1 of 6
[2023-06-30T02:00:56.628+0000] {taskinstance.py:1327} INFO - Executing <Task(PostgresOperator): delete_from_table> on 2023-06-30 01:56:59.206974+00:00
[2023-06-30T02:00:56.632+0000] {standard_task_runner.py:57} INFO - Started process 397 to run task
[2023-06-30T02:00:56.634+0000] {standard_task_runner.py:84} INFO - Running: ['***', 'tasks', 'run', 'dag_with_postgres_operator_v02', 'delete_from_table', 'manual__2023-06-30T01:56:59.206974+00:00', '--job-id', '73', '--raw', '--subdir', 'DAGS_FOLDER/dag_with_postgres_operator.py', '--cfg-path', '/tmp/tmpz0h9ypkb']
[2023-06-30T02:00:56.635+0000] {standard_task_runner.py:85} INFO - Job 73: Subtask delete_from_table
[2023-06-30T02:00:56.665+0000] {task_command.py:410} INFO - Running <TaskInstance: dag_with_postgres_operator_v02.delete_from_table manual__2023-06-30T01:56:59.206974+00:00 [running]> on host 40ec38a36dc7
[2023-06-30T02:00:56.722+0000] {taskinstance.py:1547} INFO - Exporting env vars: AIRFLOW_CTX_DAG_OWNER='stare' AIRFLOW_CTX_DAG_ID='dag_with_postgres_operator_v02' AIRFLOW_CTX_TASK_ID='delete_from_table' AIRFLOW_CTX_EXECUTION_DATE='2023-06-30T01:56:59.206974+00:00' AIRFLOW_CTX_TRY_NUMBER='1' AIRFLOW_CTX_DAG_RUN_ID='manual__2023-06-30T01:56:59.206974+00:00'
[2023-06-30T02:00:56.722+0000] {sql.py:265} INFO - Executing: 
            delete from dag_runs where dt = '2023-06-30' and dag_id = 'dag_with_postgres_operator_v02'
        
[2023-06-30T02:00:56.729+0000] {base.py:73} INFO - Using connection ID 'postgres_localhost' for task execution.
[2023-06-30T02:00:56.775+0000] {base.py:73} INFO - Using connection ID 'postgres_localhost' for task execution.
[2023-06-30T02:00:56.778+0000] {sql.py:375} INFO - Running statement: 
            delete from dag_runs where dt = '2023-06-30' and dag_id = 'dag_with_postgres_operator_v02'
        , parameters: None
[2023-06-30T02:00:56.779+0000] {sql.py:384} INFO - Rows affected: 1
[2023-06-30T02:00:56.787+0000] {taskinstance.py:1350} INFO - Marking task as SUCCESS. dag_id=dag_with_postgres_operator_v02, task_id=delete_from_table, execution_date=20230630T015659, start_date=20230630T020056, end_date=20230630T020056
[2023-06-30T02:00:56.806+0000] {local_task_job_runner.py:225} INFO - Task exited with return code 0
[2023-06-30T02:00:56.825+0000] {taskinstance.py:2653} INFO - 0 downstream tasks scheduled from follow-on schedule check
