[2023-07-05T16:22:06.503+0000] {taskinstance.py:1103} INFO - Dependencies all met for dep_context=non-requeueable deps ti=<TaskInstance: initiallize_python_scrap_data_dag.virtualenv_python manual__2023-07-05T16:22:05.429781+00:00 [queued]>
[2023-07-05T16:22:06.511+0000] {taskinstance.py:1103} INFO - Dependencies all met for dep_context=requeueable deps ti=<TaskInstance: initiallize_python_scrap_data_dag.virtualenv_python manual__2023-07-05T16:22:05.429781+00:00 [queued]>
[2023-07-05T16:22:06.512+0000] {taskinstance.py:1308} INFO - Starting attempt 1 of 1
[2023-07-05T16:22:06.526+0000] {taskinstance.py:1327} INFO - Executing <Task(_PythonVirtualenvDecoratedOperator): virtualenv_python> on 2023-07-05 16:22:05.429781+00:00
[2023-07-05T16:22:06.533+0000] {standard_task_runner.py:57} INFO - Started process 1985 to run task
[2023-07-05T16:22:06.535+0000] {standard_task_runner.py:84} INFO - Running: ['***', 'tasks', 'run', 'initiallize_python_scrap_data_dag', 'virtualenv_python', 'manual__2023-07-05T16:22:05.429781+00:00', '--job-id', '38', '--raw', '--subdir', 'DAGS_FOLDER/scrap_data.py', '--cfg-path', '/tmp/tmp41gv5b_w']
[2023-07-05T16:22:06.535+0000] {standard_task_runner.py:85} INFO - Job 38: Subtask virtualenv_python
[2023-07-05T16:22:06.571+0000] {task_command.py:410} INFO - Running <TaskInstance: initiallize_python_scrap_data_dag.virtualenv_python manual__2023-07-05T16:22:05.429781+00:00 [running]> on host d409bdcb9602
[2023-07-05T16:22:06.637+0000] {taskinstance.py:1547} INFO - Exporting env vars: AIRFLOW_CTX_DAG_OWNER='***' AIRFLOW_CTX_DAG_ID='initiallize_python_scrap_data_dag' AIRFLOW_CTX_TASK_ID='virtualenv_python' AIRFLOW_CTX_EXECUTION_DATE='2023-07-05T16:22:05.429781+00:00' AIRFLOW_CTX_TRY_NUMBER='1' AIRFLOW_CTX_DAG_RUN_ID='manual__2023-07-05T16:22:05.429781+00:00'
[2023-07-05T16:22:06.638+0000] {process_utils.py:181} INFO - Executing cmd: /usr/local/bin/python -m virtualenv /tmp/venvgbuuhvgl
[2023-07-05T16:22:06.650+0000] {process_utils.py:185} INFO - Output:
[2023-07-05T16:22:07.359+0000] {process_utils.py:189} INFO - created virtual environment CPython3.7.17.final.0-64 in 159ms
[2023-07-05T16:22:07.359+0000] {process_utils.py:189} INFO -   creator CPython3Posix(dest=/tmp/venvgbuuhvgl, clear=False, no_vcs_ignore=False, global=False)
[2023-07-05T16:22:07.359+0000] {process_utils.py:189} INFO -   seeder FromAppData(download=False, pip=bundle, setuptools=bundle, wheel=bundle, via=copy, app_data_dir=/home/***/.local/share/virtualenv)
[2023-07-05T16:22:07.359+0000] {process_utils.py:189} INFO -     added seed packages: pip==23.1.2, setuptools==67.8.0, wheel==0.40.0
[2023-07-05T16:22:07.359+0000] {process_utils.py:189} INFO -   activators BashActivator,CShellActivator,FishActivator,NushellActivator,PowerShellActivator,PythonActivator
[2023-07-05T16:22:07.397+0000] {process_utils.py:181} INFO - Executing cmd: /tmp/venvgbuuhvgl/bin/pip install -r /tmp/venvgbuuhvgl/requirements.txt
[2023-07-05T16:22:07.405+0000] {process_utils.py:185} INFO - Output:
[2023-07-05T16:22:08.511+0000] {process_utils.py:189} INFO - Collecting requests (from -r /tmp/venvgbuuhvgl/requirements.txt (line 1))
[2023-07-05T16:22:08.513+0000] {process_utils.py:189} INFO -   Using cached requests-2.31.0-py3-none-any.whl (62 kB)
[2023-07-05T16:22:08.557+0000] {process_utils.py:189} INFO - Collecting beautifulsoup4 (from -r /tmp/venvgbuuhvgl/requirements.txt (line 2))
[2023-07-05T16:22:08.558+0000] {process_utils.py:189} INFO -   Using cached beautifulsoup4-4.12.2-py3-none-any.whl (142 kB)
[2023-07-05T16:22:08.826+0000] {process_utils.py:189} INFO - Collecting lxml (from -r /tmp/venvgbuuhvgl/requirements.txt (line 3))
[2023-07-05T16:22:08.842+0000] {process_utils.py:189} INFO -   Using cached lxml-4.9.3-cp37-cp37m-manylinux_2_28_x86_64.whl (7.4 MB)
[2023-07-05T16:22:08.932+0000] {process_utils.py:189} INFO - Collecting selenium (from -r /tmp/venvgbuuhvgl/requirements.txt (line 4))
[2023-07-05T16:22:08.949+0000] {process_utils.py:189} INFO -   Using cached selenium-4.10.0-py3-none-any.whl (6.7 MB)
[2023-07-05T16:22:09.185+0000] {process_utils.py:189} INFO - Collecting pandas (from -r /tmp/venvgbuuhvgl/requirements.txt (line 5))
[2023-07-05T16:22:09.209+0000] {process_utils.py:189} INFO -   Using cached pandas-1.3.5-cp37-cp37m-manylinux_2_17_x86_64.manylinux2014_x86_64.whl (11.3 MB)
[2023-07-05T16:22:09.369+0000] {process_utils.py:189} INFO - Collecting charset-normalizer<4,>=2 (from requests->-r /tmp/venvgbuuhvgl/requirements.txt (line 1))
[2023-07-05T16:22:09.371+0000] {process_utils.py:189} INFO -   Using cached charset_normalizer-3.1.0-cp37-cp37m-manylinux_2_17_x86_64.manylinux2014_x86_64.whl (171 kB)
[2023-07-05T16:22:09.425+0000] {process_utils.py:189} INFO - Collecting idna<4,>=2.5 (from requests->-r /tmp/venvgbuuhvgl/requirements.txt (line 1))
[2023-07-05T16:22:09.427+0000] {process_utils.py:189} INFO -   Using cached idna-3.4-py3-none-any.whl (61 kB)
[2023-07-05T16:22:09.605+0000] {process_utils.py:189} INFO - Collecting urllib3<3,>=1.21.1 (from requests->-r /tmp/venvgbuuhvgl/requirements.txt (line 1))
[2023-07-05T16:22:09.607+0000] {process_utils.py:189} INFO -   Using cached urllib3-2.0.3-py3-none-any.whl (123 kB)
[2023-07-05T16:22:09.658+0000] {process_utils.py:189} INFO - Collecting certifi>=2017.4.17 (from requests->-r /tmp/venvgbuuhvgl/requirements.txt (line 1))
[2023-07-05T16:22:09.660+0000] {process_utils.py:189} INFO -   Using cached certifi-2023.5.7-py3-none-any.whl (156 kB)
[2023-07-05T16:22:09.727+0000] {process_utils.py:189} INFO - Collecting soupsieve>1.2 (from beautifulsoup4->-r /tmp/venvgbuuhvgl/requirements.txt (line 2))
[2023-07-05T16:22:09.729+0000] {process_utils.py:189} INFO -   Using cached soupsieve-2.4.1-py3-none-any.whl (36 kB)
[2023-07-05T16:22:09.784+0000] {process_utils.py:189} INFO - Collecting trio~=0.17 (from selenium->-r /tmp/venvgbuuhvgl/requirements.txt (line 4))
[2023-07-05T16:22:09.786+0000] {process_utils.py:189} INFO -   Using cached trio-0.22.1-py3-none-any.whl (399 kB)
[2023-07-05T16:22:09.823+0000] {process_utils.py:189} INFO - Collecting trio-websocket~=0.9 (from selenium->-r /tmp/venvgbuuhvgl/requirements.txt (line 4))
[2023-07-05T16:22:09.825+0000] {process_utils.py:189} INFO -   Using cached trio_websocket-0.10.3-py3-none-any.whl (17 kB)
[2023-07-05T16:22:09.882+0000] {process_utils.py:189} INFO - Collecting python-dateutil>=2.7.3 (from pandas->-r /tmp/venvgbuuhvgl/requirements.txt (line 5))
[2023-07-05T16:22:09.884+0000] {process_utils.py:189} INFO -   Using cached python_dateutil-2.8.2-py2.py3-none-any.whl (247 kB)
[2023-07-05T16:22:09.971+0000] {process_utils.py:189} INFO - Collecting pytz>=2017.3 (from pandas->-r /tmp/venvgbuuhvgl/requirements.txt (line 5))
[2023-07-05T16:22:09.974+0000] {process_utils.py:189} INFO -   Using cached pytz-2023.3-py2.py3-none-any.whl (502 kB)
[2023-07-05T16:22:10.281+0000] {process_utils.py:189} INFO - Collecting numpy>=1.17.3 (from pandas->-r /tmp/venvgbuuhvgl/requirements.txt (line 5))
[2023-07-05T16:22:10.313+0000] {process_utils.py:189} INFO -   Using cached numpy-1.21.6-cp37-cp37m-manylinux_2_12_x86_64.manylinux2010_x86_64.whl (15.7 MB)
[2023-07-05T16:22:10.405+0000] {process_utils.py:189} INFO - Collecting six>=1.5 (from python-dateutil>=2.7.3->pandas->-r /tmp/venvgbuuhvgl/requirements.txt (line 5))
[2023-07-05T16:22:10.406+0000] {process_utils.py:189} INFO -   Using cached six-1.16.0-py2.py3-none-any.whl (11 kB)
[2023-07-05T16:22:10.468+0000] {process_utils.py:189} INFO - Collecting attrs>=20.1.0 (from trio~=0.17->selenium->-r /tmp/venvgbuuhvgl/requirements.txt (line 4))
[2023-07-05T16:22:10.470+0000] {process_utils.py:189} INFO -   Using cached attrs-23.1.0-py3-none-any.whl (61 kB)
[2023-07-05T16:22:10.507+0000] {process_utils.py:189} INFO - Collecting sortedcontainers (from trio~=0.17->selenium->-r /tmp/venvgbuuhvgl/requirements.txt (line 4))
[2023-07-05T16:22:10.508+0000] {process_utils.py:189} INFO -   Using cached sortedcontainers-2.4.0-py2.py3-none-any.whl (29 kB)
[2023-07-05T16:22:10.540+0000] {process_utils.py:189} INFO - Collecting outcome (from trio~=0.17->selenium->-r /tmp/venvgbuuhvgl/requirements.txt (line 4))
[2023-07-05T16:22:10.542+0000] {process_utils.py:189} INFO -   Using cached outcome-1.2.0-py2.py3-none-any.whl (9.7 kB)
[2023-07-05T16:22:10.574+0000] {process_utils.py:189} INFO - Collecting sniffio (from trio~=0.17->selenium->-r /tmp/venvgbuuhvgl/requirements.txt (line 4))
[2023-07-05T16:22:10.575+0000] {process_utils.py:189} INFO -   Using cached sniffio-1.3.0-py3-none-any.whl (10 kB)
[2023-07-05T16:22:10.619+0000] {process_utils.py:189} INFO - Collecting exceptiongroup>=1.0.0rc9 (from trio~=0.17->selenium->-r /tmp/venvgbuuhvgl/requirements.txt (line 4))
[2023-07-05T16:22:10.621+0000] {process_utils.py:189} INFO -   Using cached exceptiongroup-1.1.2-py3-none-any.whl (14 kB)
[2023-07-05T16:22:10.663+0000] {process_utils.py:189} INFO - Collecting wsproto>=0.14 (from trio-websocket~=0.9->selenium->-r /tmp/venvgbuuhvgl/requirements.txt (line 4))
[2023-07-05T16:22:10.664+0000] {process_utils.py:189} INFO -   Using cached wsproto-1.2.0-py3-none-any.whl (24 kB)
[2023-07-05T16:22:10.715+0000] {process_utils.py:189} INFO - Collecting pysocks!=1.5.7,<2.0,>=1.5.6 (from urllib3<3,>=1.21.1->requests->-r /tmp/venvgbuuhvgl/requirements.txt (line 1))
[2023-07-05T16:22:10.717+0000] {process_utils.py:189} INFO -   Using cached PySocks-1.7.1-py3-none-any.whl (16 kB)
[2023-07-05T16:22:10.821+0000] {process_utils.py:189} INFO - Collecting importlib-metadata (from attrs>=20.1.0->trio~=0.17->selenium->-r /tmp/venvgbuuhvgl/requirements.txt (line 4))
[2023-07-05T16:22:10.823+0000] {process_utils.py:189} INFO -   Using cached importlib_metadata-6.7.0-py3-none-any.whl (22 kB)
[2023-07-05T16:22:10.875+0000] {process_utils.py:189} INFO - Collecting h11<1,>=0.9.0 (from wsproto>=0.14->trio-websocket~=0.9->selenium->-r /tmp/venvgbuuhvgl/requirements.txt (line 4))
[2023-07-05T16:22:10.877+0000] {process_utils.py:189} INFO -   Using cached h11-0.14.0-py3-none-any.whl (58 kB)
[2023-07-05T16:22:10.951+0000] {process_utils.py:189} INFO - Collecting typing-extensions (from h11<1,>=0.9.0->wsproto>=0.14->trio-websocket~=0.9->selenium->-r /tmp/venvgbuuhvgl/requirements.txt (line 4))
[2023-07-05T16:22:10.952+0000] {process_utils.py:189} INFO -   Using cached typing_extensions-4.7.1-py3-none-any.whl (33 kB)
[2023-07-05T16:22:11.026+0000] {process_utils.py:189} INFO - Collecting zipp>=0.5 (from importlib-metadata->attrs>=20.1.0->trio~=0.17->selenium->-r /tmp/venvgbuuhvgl/requirements.txt (line 4))
[2023-07-05T16:22:11.027+0000] {process_utils.py:189} INFO -   Using cached zipp-3.15.0-py3-none-any.whl (6.8 kB)
[2023-07-05T16:22:11.265+0000] {process_utils.py:189} INFO - Installing collected packages: sortedcontainers, pytz, zipp, urllib3, typing-extensions, soupsieve, sniffio, six, pysocks, numpy, lxml, idna, exceptiongroup, charset-normalizer, certifi, requests, python-dateutil, importlib-metadata, h11, beautifulsoup4, wsproto, pandas, attrs, outcome, trio, trio-websocket, selenium
[2023-07-05T16:22:16.426+0000] {process_utils.py:189} INFO - Successfully installed attrs-23.1.0 beautifulsoup4-4.12.2 certifi-2023.5.7 charset-normalizer-3.1.0 exceptiongroup-1.1.2 h11-0.14.0 idna-3.4 importlib-metadata-6.7.0 lxml-4.9.3 numpy-1.21.6 outcome-1.2.0 pandas-1.3.5 pysocks-1.7.1 python-dateutil-2.8.2 pytz-2023.3 requests-2.31.0 selenium-4.10.0 six-1.16.0 sniffio-1.3.0 sortedcontainers-2.4.0 soupsieve-2.4.1 trio-0.22.1 trio-websocket-0.10.3 typing-extensions-4.7.1 urllib3-2.0.3 wsproto-1.2.0 zipp-3.15.0
[2023-07-05T16:22:16.780+0000] {process_utils.py:181} INFO - Executing cmd: /tmp/venvgbuuhvgl/bin/python /tmp/venvgbuuhvgl/script.py /tmp/venvgbuuhvgl/script.in /tmp/venvgbuuhvgl/script.out /tmp/venvgbuuhvgl/string_args.txt
[2023-07-05T16:22:16.788+0000] {process_utils.py:185} INFO - Output:
[2023-07-05T16:22:17.210+0000] {process_utils.py:189} INFO - 1.3.5
[2023-07-05T16:22:17.416+0000] {python.py:183} INFO - Done. Returned value was: None
[2023-07-05T16:22:17.427+0000] {taskinstance.py:1350} INFO - Marking task as SUCCESS. dag_id=initiallize_python_scrap_data_dag, task_id=virtualenv_python, execution_date=20230705T162205, start_date=20230705T162206, end_date=20230705T162217
[2023-07-05T16:22:17.458+0000] {local_task_job_runner.py:225} INFO - Task exited with return code 0
[2023-07-05T16:22:17.478+0000] {taskinstance.py:2653} INFO - 0 downstream tasks scheduled from follow-on schedule check
