[2023-07-02T02:17:14.512+0000] {processor.py:157} INFO - Started process (PID=39) to work on /home/airflow/.local/lib/python3.7/site-packages/airflow/example_dags/example_params_trigger_ui.py
[2023-07-02T02:17:14.512+0000] {processor.py:826} INFO - Processing file /home/airflow/.local/lib/python3.7/site-packages/airflow/example_dags/example_params_trigger_ui.py for tasks to queue
[2023-07-02T02:17:14.513+0000] {logging_mixin.py:149} INFO - [2023-07-02T02:17:14.513+0000] {dagbag.py:541} INFO - Filling up the DagBag from /home/airflow/.local/lib/python3.7/site-packages/airflow/example_dags/example_params_trigger_ui.py
[2023-07-02T02:17:14.532+0000] {processor.py:836} INFO - DAG(s) dict_keys(['example_params_trigger_ui']) retrieved from /home/airflow/.local/lib/python3.7/site-packages/airflow/example_dags/example_params_trigger_ui.py
[2023-07-02T02:17:14.541+0000] {logging_mixin.py:149} INFO - [2023-07-02T02:17:14.541+0000] {dag.py:2726} INFO - Sync 1 DAGs
[2023-07-02T02:17:14.570+0000] {logging_mixin.py:149} INFO - [2023-07-02T02:17:14.570+0000] {dag.py:3490} INFO - Setting next_dagrun for example_params_trigger_ui to None, run_after=None
[2023-07-02T02:17:14.586+0000] {processor.py:179} INFO - Processing /home/airflow/.local/lib/python3.7/site-packages/airflow/example_dags/example_params_trigger_ui.py took 0.076 seconds
[2023-07-02T02:17:45.184+0000] {processor.py:157} INFO - Started process (PID=104) to work on /home/airflow/.local/lib/python3.7/site-packages/airflow/example_dags/example_params_trigger_ui.py
[2023-07-02T02:17:45.184+0000] {processor.py:826} INFO - Processing file /home/airflow/.local/lib/python3.7/site-packages/airflow/example_dags/example_params_trigger_ui.py for tasks to queue
[2023-07-02T02:17:45.185+0000] {logging_mixin.py:149} INFO - [2023-07-02T02:17:45.185+0000] {dagbag.py:541} INFO - Filling up the DagBag from /home/airflow/.local/lib/python3.7/site-packages/airflow/example_dags/example_params_trigger_ui.py
[2023-07-02T02:17:45.200+0000] {processor.py:836} INFO - DAG(s) dict_keys(['example_params_trigger_ui']) retrieved from /home/airflow/.local/lib/python3.7/site-packages/airflow/example_dags/example_params_trigger_ui.py
[2023-07-02T02:17:45.282+0000] {logging_mixin.py:149} INFO - [2023-07-02T02:17:45.281+0000] {dag.py:2726} INFO - Sync 1 DAGs
[2023-07-02T02:17:45.302+0000] {logging_mixin.py:149} INFO - [2023-07-02T02:17:45.302+0000] {dag.py:3490} INFO - Setting next_dagrun for example_params_trigger_ui to None, run_after=None
[2023-07-02T02:17:45.315+0000] {processor.py:179} INFO - Processing /home/airflow/.local/lib/python3.7/site-packages/airflow/example_dags/example_params_trigger_ui.py took 0.134 seconds
[2023-07-02T02:18:16.342+0000] {processor.py:157} INFO - Started process (PID=169) to work on /home/airflow/.local/lib/python3.7/site-packages/airflow/example_dags/example_params_trigger_ui.py
[2023-07-02T02:18:16.388+0000] {processor.py:826} INFO - Processing file /home/airflow/.local/lib/python3.7/site-packages/airflow/example_dags/example_params_trigger_ui.py for tasks to queue
[2023-07-02T02:18:16.389+0000] {logging_mixin.py:149} INFO - [2023-07-02T02:18:16.389+0000] {dagbag.py:541} INFO - Filling up the DagBag from /home/airflow/.local/lib/python3.7/site-packages/airflow/example_dags/example_params_trigger_ui.py
[2023-07-02T02:18:16.412+0000] {processor.py:836} INFO - DAG(s) dict_keys(['example_params_trigger_ui']) retrieved from /home/airflow/.local/lib/python3.7/site-packages/airflow/example_dags/example_params_trigger_ui.py
[2023-07-02T02:18:16.495+0000] {logging_mixin.py:149} INFO - [2023-07-02T02:18:16.495+0000] {dag.py:2726} INFO - Sync 1 DAGs
[2023-07-02T02:18:16.520+0000] {logging_mixin.py:149} INFO - [2023-07-02T02:18:16.520+0000] {dag.py:3490} INFO - Setting next_dagrun for example_params_trigger_ui to None, run_after=None
[2023-07-02T02:18:16.602+0000] {processor.py:179} INFO - Processing /home/airflow/.local/lib/python3.7/site-packages/airflow/example_dags/example_params_trigger_ui.py took 0.262 seconds
