[2023-07-02T02:17:15.845+0000] {processor.py:157} INFO - Started process (PID=60) to work on /home/airflow/.local/lib/python3.7/site-packages/airflow/example_dags/example_nested_branch_dag.py
[2023-07-02T02:17:15.845+0000] {processor.py:826} INFO - Processing file /home/airflow/.local/lib/python3.7/site-packages/airflow/example_dags/example_nested_branch_dag.py for tasks to queue
[2023-07-02T02:17:15.846+0000] {logging_mixin.py:149} INFO - [2023-07-02T02:17:15.846+0000] {dagbag.py:541} INFO - Filling up the DagBag from /home/airflow/.local/lib/python3.7/site-packages/airflow/example_dags/example_nested_branch_dag.py
[2023-07-02T02:17:15.856+0000] {processor.py:836} INFO - DAG(s) dict_keys(['example_nested_branch_dag']) retrieved from /home/airflow/.local/lib/python3.7/site-packages/airflow/example_dags/example_nested_branch_dag.py
[2023-07-02T02:17:15.866+0000] {logging_mixin.py:149} INFO - [2023-07-02T02:17:15.866+0000] {dag.py:2726} INFO - Sync 1 DAGs
[2023-07-02T02:17:15.898+0000] {logging_mixin.py:149} INFO - [2023-07-02T02:17:15.898+0000] {dag.py:3490} INFO - Setting next_dagrun for example_nested_branch_dag to 2023-07-01T00:00:00+00:00, run_after=2023-07-02T00:00:00+00:00
[2023-07-02T02:17:15.917+0000] {processor.py:179} INFO - Processing /home/airflow/.local/lib/python3.7/site-packages/airflow/example_dags/example_nested_branch_dag.py took 0.075 seconds
[2023-07-02T02:17:46.258+0000] {processor.py:157} INFO - Started process (PID=125) to work on /home/airflow/.local/lib/python3.7/site-packages/airflow/example_dags/example_nested_branch_dag.py
[2023-07-02T02:17:46.259+0000] {processor.py:826} INFO - Processing file /home/airflow/.local/lib/python3.7/site-packages/airflow/example_dags/example_nested_branch_dag.py for tasks to queue
[2023-07-02T02:17:46.260+0000] {logging_mixin.py:149} INFO - [2023-07-02T02:17:46.259+0000] {dagbag.py:541} INFO - Filling up the DagBag from /home/airflow/.local/lib/python3.7/site-packages/airflow/example_dags/example_nested_branch_dag.py
[2023-07-02T02:17:46.269+0000] {processor.py:836} INFO - DAG(s) dict_keys(['example_nested_branch_dag']) retrieved from /home/airflow/.local/lib/python3.7/site-packages/airflow/example_dags/example_nested_branch_dag.py
[2023-07-02T02:17:46.294+0000] {logging_mixin.py:149} INFO - [2023-07-02T02:17:46.294+0000] {dag.py:2726} INFO - Sync 1 DAGs
[2023-07-02T02:17:46.326+0000] {logging_mixin.py:149} INFO - [2023-07-02T02:17:46.326+0000] {dag.py:3490} INFO - Setting next_dagrun for example_nested_branch_dag to 2023-07-01T00:00:00+00:00, run_after=2023-07-02T00:00:00+00:00
[2023-07-02T02:17:46.346+0000] {processor.py:179} INFO - Processing /home/airflow/.local/lib/python3.7/site-packages/airflow/example_dags/example_nested_branch_dag.py took 0.089 seconds
[2023-07-02T02:18:18.113+0000] {processor.py:157} INFO - Started process (PID=190) to work on /home/airflow/.local/lib/python3.7/site-packages/airflow/example_dags/example_nested_branch_dag.py
[2023-07-02T02:18:18.114+0000] {processor.py:826} INFO - Processing file /home/airflow/.local/lib/python3.7/site-packages/airflow/example_dags/example_nested_branch_dag.py for tasks to queue
[2023-07-02T02:18:18.114+0000] {logging_mixin.py:149} INFO - [2023-07-02T02:18:18.114+0000] {dagbag.py:541} INFO - Filling up the DagBag from /home/airflow/.local/lib/python3.7/site-packages/airflow/example_dags/example_nested_branch_dag.py
[2023-07-02T02:18:18.121+0000] {processor.py:836} INFO - DAG(s) dict_keys(['example_nested_branch_dag']) retrieved from /home/airflow/.local/lib/python3.7/site-packages/airflow/example_dags/example_nested_branch_dag.py
[2023-07-02T02:18:18.144+0000] {logging_mixin.py:149} INFO - [2023-07-02T02:18:18.144+0000] {dag.py:2726} INFO - Sync 1 DAGs
[2023-07-02T02:18:18.168+0000] {logging_mixin.py:149} INFO - [2023-07-02T02:18:18.168+0000] {dag.py:3490} INFO - Setting next_dagrun for example_nested_branch_dag to 2023-07-01T00:00:00+00:00, run_after=2023-07-02T00:00:00+00:00
[2023-07-02T02:18:18.183+0000] {processor.py:179} INFO - Processing /home/airflow/.local/lib/python3.7/site-packages/airflow/example_dags/example_nested_branch_dag.py took 0.072 seconds
