[2023-07-02T02:17:16.235+0000] {processor.py:157} INFO - Started process (PID=67) to work on /home/airflow/.local/lib/python3.7/site-packages/airflow/example_dags/example_skip_dag.py
[2023-07-02T02:17:16.235+0000] {processor.py:826} INFO - Processing file /home/airflow/.local/lib/python3.7/site-packages/airflow/example_dags/example_skip_dag.py for tasks to queue
[2023-07-02T02:17:16.236+0000] {logging_mixin.py:149} INFO - [2023-07-02T02:17:16.236+0000] {dagbag.py:541} INFO - Filling up the DagBag from /home/airflow/.local/lib/python3.7/site-packages/airflow/example_dags/example_skip_dag.py
[2023-07-02T02:17:16.241+0000] {processor.py:836} INFO - DAG(s) dict_keys(['example_skip_dag']) retrieved from /home/airflow/.local/lib/python3.7/site-packages/airflow/example_dags/example_skip_dag.py
[2023-07-02T02:17:16.251+0000] {logging_mixin.py:149} INFO - [2023-07-02T02:17:16.251+0000] {dag.py:2726} INFO - Sync 1 DAGs
[2023-07-02T02:17:16.282+0000] {logging_mixin.py:149} INFO - [2023-07-02T02:17:16.282+0000] {dag.py:3490} INFO - Setting next_dagrun for example_skip_dag to 2023-07-01T02:17:16.282276+00:00, run_after=2023-07-02T02:17:16.282276+00:00
[2023-07-02T02:17:16.301+0000] {processor.py:179} INFO - Processing /home/airflow/.local/lib/python3.7/site-packages/airflow/example_dags/example_skip_dag.py took 0.068 seconds
[2023-07-02T02:17:46.649+0000] {processor.py:157} INFO - Started process (PID=132) to work on /home/airflow/.local/lib/python3.7/site-packages/airflow/example_dags/example_skip_dag.py
[2023-07-02T02:17:46.649+0000] {processor.py:826} INFO - Processing file /home/airflow/.local/lib/python3.7/site-packages/airflow/example_dags/example_skip_dag.py for tasks to queue
[2023-07-02T02:17:46.650+0000] {logging_mixin.py:149} INFO - [2023-07-02T02:17:46.650+0000] {dagbag.py:541} INFO - Filling up the DagBag from /home/airflow/.local/lib/python3.7/site-packages/airflow/example_dags/example_skip_dag.py
[2023-07-02T02:17:46.654+0000] {processor.py:836} INFO - DAG(s) dict_keys(['example_skip_dag']) retrieved from /home/airflow/.local/lib/python3.7/site-packages/airflow/example_dags/example_skip_dag.py
[2023-07-02T02:17:46.674+0000] {logging_mixin.py:149} INFO - [2023-07-02T02:17:46.674+0000] {dag.py:2726} INFO - Sync 1 DAGs
[2023-07-02T02:17:46.698+0000] {logging_mixin.py:149} INFO - [2023-07-02T02:17:46.698+0000] {dag.py:3490} INFO - Setting next_dagrun for example_skip_dag to 2023-07-01T02:17:46.698161+00:00, run_after=2023-07-02T02:17:46.698161+00:00
[2023-07-02T02:17:46.713+0000] {processor.py:179} INFO - Processing /home/airflow/.local/lib/python3.7/site-packages/airflow/example_dags/example_skip_dag.py took 0.066 seconds
[2023-07-02T02:18:18.526+0000] {processor.py:157} INFO - Started process (PID=197) to work on /home/airflow/.local/lib/python3.7/site-packages/airflow/example_dags/example_skip_dag.py
[2023-07-02T02:18:18.527+0000] {processor.py:826} INFO - Processing file /home/airflow/.local/lib/python3.7/site-packages/airflow/example_dags/example_skip_dag.py for tasks to queue
[2023-07-02T02:18:18.527+0000] {logging_mixin.py:149} INFO - [2023-07-02T02:18:18.527+0000] {dagbag.py:541} INFO - Filling up the DagBag from /home/airflow/.local/lib/python3.7/site-packages/airflow/example_dags/example_skip_dag.py
[2023-07-02T02:18:18.533+0000] {processor.py:836} INFO - DAG(s) dict_keys(['example_skip_dag']) retrieved from /home/airflow/.local/lib/python3.7/site-packages/airflow/example_dags/example_skip_dag.py
[2023-07-02T02:18:18.553+0000] {logging_mixin.py:149} INFO - [2023-07-02T02:18:18.553+0000] {dag.py:2726} INFO - Sync 1 DAGs
[2023-07-02T02:18:18.573+0000] {logging_mixin.py:149} INFO - [2023-07-02T02:18:18.573+0000] {dag.py:3490} INFO - Setting next_dagrun for example_skip_dag to 2023-07-01T02:18:18.573602+00:00, run_after=2023-07-02T02:18:18.573602+00:00
[2023-07-02T02:18:18.587+0000] {processor.py:179} INFO - Processing /home/airflow/.local/lib/python3.7/site-packages/airflow/example_dags/example_skip_dag.py took 0.064 seconds
