[2023-07-02T02:17:15.938+0000] {processor.py:157} INFO - Started process (PID=62) to work on /home/airflow/.local/lib/python3.7/site-packages/airflow/example_dags/example_complex.py
[2023-07-02T02:17:15.939+0000] {processor.py:826} INFO - Processing file /home/airflow/.local/lib/python3.7/site-packages/airflow/example_dags/example_complex.py for tasks to queue
[2023-07-02T02:17:15.940+0000] {logging_mixin.py:149} INFO - [2023-07-02T02:17:15.939+0000] {dagbag.py:541} INFO - Filling up the DagBag from /home/airflow/.local/lib/python3.7/site-packages/airflow/example_dags/example_complex.py
[2023-07-02T02:17:15.954+0000] {processor.py:836} INFO - DAG(s) dict_keys(['example_complex']) retrieved from /home/airflow/.local/lib/python3.7/site-packages/airflow/example_dags/example_complex.py
[2023-07-02T02:17:15.963+0000] {logging_mixin.py:149} INFO - [2023-07-02T02:17:15.963+0000] {dag.py:2726} INFO - Sync 1 DAGs
[2023-07-02T02:17:15.986+0000] {logging_mixin.py:149} INFO - [2023-07-02T02:17:15.986+0000] {dag.py:3490} INFO - Setting next_dagrun for example_complex to None, run_after=None
[2023-07-02T02:17:16.005+0000] {processor.py:179} INFO - Processing /home/airflow/.local/lib/python3.7/site-packages/airflow/example_dags/example_complex.py took 0.070 seconds
[2023-07-02T02:17:46.362+0000] {processor.py:157} INFO - Started process (PID=127) to work on /home/airflow/.local/lib/python3.7/site-packages/airflow/example_dags/example_complex.py
[2023-07-02T02:17:46.362+0000] {processor.py:826} INFO - Processing file /home/airflow/.local/lib/python3.7/site-packages/airflow/example_dags/example_complex.py for tasks to queue
[2023-07-02T02:17:46.363+0000] {logging_mixin.py:149} INFO - [2023-07-02T02:17:46.363+0000] {dagbag.py:541} INFO - Filling up the DagBag from /home/airflow/.local/lib/python3.7/site-packages/airflow/example_dags/example_complex.py
[2023-07-02T02:17:46.372+0000] {processor.py:836} INFO - DAG(s) dict_keys(['example_complex']) retrieved from /home/airflow/.local/lib/python3.7/site-packages/airflow/example_dags/example_complex.py
[2023-07-02T02:17:46.410+0000] {logging_mixin.py:149} INFO - [2023-07-02T02:17:46.410+0000] {dag.py:2726} INFO - Sync 1 DAGs
[2023-07-02T02:17:46.440+0000] {logging_mixin.py:149} INFO - [2023-07-02T02:17:46.440+0000] {dag.py:3490} INFO - Setting next_dagrun for example_complex to None, run_after=None
[2023-07-02T02:17:46.457+0000] {processor.py:179} INFO - Processing /home/airflow/.local/lib/python3.7/site-packages/airflow/example_dags/example_complex.py took 0.097 seconds
[2023-07-02T02:18:18.202+0000] {processor.py:157} INFO - Started process (PID=192) to work on /home/airflow/.local/lib/python3.7/site-packages/airflow/example_dags/example_complex.py
[2023-07-02T02:18:18.203+0000] {processor.py:826} INFO - Processing file /home/airflow/.local/lib/python3.7/site-packages/airflow/example_dags/example_complex.py for tasks to queue
[2023-07-02T02:18:18.203+0000] {logging_mixin.py:149} INFO - [2023-07-02T02:18:18.203+0000] {dagbag.py:541} INFO - Filling up the DagBag from /home/airflow/.local/lib/python3.7/site-packages/airflow/example_dags/example_complex.py
[2023-07-02T02:18:18.213+0000] {processor.py:836} INFO - DAG(s) dict_keys(['example_complex']) retrieved from /home/airflow/.local/lib/python3.7/site-packages/airflow/example_dags/example_complex.py
[2023-07-02T02:18:18.240+0000] {logging_mixin.py:149} INFO - [2023-07-02T02:18:18.240+0000] {dag.py:2726} INFO - Sync 1 DAGs
[2023-07-02T02:18:18.259+0000] {logging_mixin.py:149} INFO - [2023-07-02T02:18:18.259+0000] {dag.py:3490} INFO - Setting next_dagrun for example_complex to None, run_after=None
[2023-07-02T02:18:18.272+0000] {processor.py:179} INFO - Processing /home/airflow/.local/lib/python3.7/site-packages/airflow/example_dags/example_complex.py took 0.072 seconds
