[2023-07-02T02:17:15.861+0000] {processor.py:157} INFO - Started process (PID=61) to work on /home/airflow/.local/lib/python3.7/site-packages/airflow/example_dags/example_kubernetes_executor.py
[2023-07-02T02:17:15.862+0000] {processor.py:826} INFO - Processing file /home/airflow/.local/lib/python3.7/site-packages/airflow/example_dags/example_kubernetes_executor.py for tasks to queue
[2023-07-02T02:17:15.862+0000] {logging_mixin.py:149} INFO - [2023-07-02T02:17:15.862+0000] {dagbag.py:541} INFO - Filling up the DagBag from /home/airflow/.local/lib/python3.7/site-packages/airflow/example_dags/example_kubernetes_executor.py
[2023-07-02T02:17:16.065+0000] {processor.py:836} INFO - DAG(s) dict_keys(['example_kubernetes_executor']) retrieved from /home/airflow/.local/lib/python3.7/site-packages/airflow/example_dags/example_kubernetes_executor.py
[2023-07-02T02:17:16.076+0000] {logging_mixin.py:149} INFO - [2023-07-02T02:17:16.075+0000] {dag.py:2726} INFO - Sync 1 DAGs
[2023-07-02T02:17:16.105+0000] {logging_mixin.py:149} INFO - [2023-07-02T02:17:16.105+0000] {dag.py:3490} INFO - Setting next_dagrun for example_kubernetes_executor to None, run_after=None
[2023-07-02T02:17:16.124+0000] {processor.py:179} INFO - Processing /home/airflow/.local/lib/python3.7/site-packages/airflow/example_dags/example_kubernetes_executor.py took 0.266 seconds
[2023-07-02T02:17:46.276+0000] {processor.py:157} INFO - Started process (PID=126) to work on /home/airflow/.local/lib/python3.7/site-packages/airflow/example_dags/example_kubernetes_executor.py
[2023-07-02T02:17:46.277+0000] {processor.py:826} INFO - Processing file /home/airflow/.local/lib/python3.7/site-packages/airflow/example_dags/example_kubernetes_executor.py for tasks to queue
[2023-07-02T02:17:46.277+0000] {logging_mixin.py:149} INFO - [2023-07-02T02:17:46.277+0000] {dagbag.py:541} INFO - Filling up the DagBag from /home/airflow/.local/lib/python3.7/site-packages/airflow/example_dags/example_kubernetes_executor.py
[2023-07-02T02:17:46.472+0000] {processor.py:836} INFO - DAG(s) dict_keys(['example_kubernetes_executor']) retrieved from /home/airflow/.local/lib/python3.7/site-packages/airflow/example_dags/example_kubernetes_executor.py
[2023-07-02T02:17:46.500+0000] {logging_mixin.py:149} INFO - [2023-07-02T02:17:46.500+0000] {dag.py:2726} INFO - Sync 1 DAGs
[2023-07-02T02:17:46.522+0000] {logging_mixin.py:149} INFO - [2023-07-02T02:17:46.522+0000] {dag.py:3490} INFO - Setting next_dagrun for example_kubernetes_executor to None, run_after=None
[2023-07-02T02:17:46.535+0000] {processor.py:179} INFO - Processing /home/airflow/.local/lib/python3.7/site-packages/airflow/example_dags/example_kubernetes_executor.py took 0.261 seconds
[2023-07-02T02:18:18.159+0000] {processor.py:157} INFO - Started process (PID=191) to work on /home/airflow/.local/lib/python3.7/site-packages/airflow/example_dags/example_kubernetes_executor.py
[2023-07-02T02:18:18.160+0000] {processor.py:826} INFO - Processing file /home/airflow/.local/lib/python3.7/site-packages/airflow/example_dags/example_kubernetes_executor.py for tasks to queue
[2023-07-02T02:18:18.160+0000] {logging_mixin.py:149} INFO - [2023-07-02T02:18:18.160+0000] {dagbag.py:541} INFO - Filling up the DagBag from /home/airflow/.local/lib/python3.7/site-packages/airflow/example_dags/example_kubernetes_executor.py
[2023-07-02T02:18:18.327+0000] {processor.py:836} INFO - DAG(s) dict_keys(['example_kubernetes_executor']) retrieved from /home/airflow/.local/lib/python3.7/site-packages/airflow/example_dags/example_kubernetes_executor.py
[2023-07-02T02:18:18.357+0000] {logging_mixin.py:149} INFO - [2023-07-02T02:18:18.356+0000] {dag.py:2726} INFO - Sync 1 DAGs
[2023-07-02T02:18:18.382+0000] {logging_mixin.py:149} INFO - [2023-07-02T02:18:18.382+0000] {dag.py:3490} INFO - Setting next_dagrun for example_kubernetes_executor to None, run_after=None
[2023-07-02T02:18:18.399+0000] {processor.py:179} INFO - Processing /home/airflow/.local/lib/python3.7/site-packages/airflow/example_dags/example_kubernetes_executor.py took 0.242 seconds
