[2023-07-02T02:17:15.061+0000] {processor.py:157} INFO - Started process (PID=48) to work on /home/airflow/.local/lib/python3.7/site-packages/airflow/example_dags/example_dynamic_task_mapping_with_no_taskflow_operators.py
[2023-07-02T02:17:15.062+0000] {processor.py:826} INFO - Processing file /home/airflow/.local/lib/python3.7/site-packages/airflow/example_dags/example_dynamic_task_mapping_with_no_taskflow_operators.py for tasks to queue
[2023-07-02T02:17:15.062+0000] {logging_mixin.py:149} INFO - [2023-07-02T02:17:15.062+0000] {dagbag.py:541} INFO - Filling up the DagBag from /home/airflow/.local/lib/python3.7/site-packages/airflow/example_dags/example_dynamic_task_mapping_with_no_taskflow_operators.py
[2023-07-02T02:17:15.067+0000] {processor.py:836} INFO - DAG(s) dict_keys(['example_dynamic_task_mapping_with_no_taskflow_operators']) retrieved from /home/airflow/.local/lib/python3.7/site-packages/airflow/example_dags/example_dynamic_task_mapping_with_no_taskflow_operators.py
[2023-07-02T02:17:15.078+0000] {logging_mixin.py:149} INFO - [2023-07-02T02:17:15.077+0000] {dag.py:2726} INFO - Sync 1 DAGs
[2023-07-02T02:17:15.105+0000] {logging_mixin.py:149} INFO - [2023-07-02T02:17:15.105+0000] {dag.py:3490} INFO - Setting next_dagrun for example_dynamic_task_mapping_with_no_taskflow_operators to 2023-07-01T02:17:15.104919+00:00, run_after=2023-07-02T02:17:15.104919+00:00
[2023-07-02T02:17:15.122+0000] {processor.py:179} INFO - Processing /home/airflow/.local/lib/python3.7/site-packages/airflow/example_dags/example_dynamic_task_mapping_with_no_taskflow_operators.py took 0.064 seconds
[2023-07-02T02:17:45.647+0000] {processor.py:157} INFO - Started process (PID=112) to work on /home/airflow/.local/lib/python3.7/site-packages/airflow/example_dags/example_dynamic_task_mapping_with_no_taskflow_operators.py
[2023-07-02T02:17:45.647+0000] {processor.py:826} INFO - Processing file /home/airflow/.local/lib/python3.7/site-packages/airflow/example_dags/example_dynamic_task_mapping_with_no_taskflow_operators.py for tasks to queue
[2023-07-02T02:17:45.648+0000] {logging_mixin.py:149} INFO - [2023-07-02T02:17:45.648+0000] {dagbag.py:541} INFO - Filling up the DagBag from /home/airflow/.local/lib/python3.7/site-packages/airflow/example_dags/example_dynamic_task_mapping_with_no_taskflow_operators.py
[2023-07-02T02:17:45.652+0000] {processor.py:836} INFO - DAG(s) dict_keys(['example_dynamic_task_mapping_with_no_taskflow_operators']) retrieved from /home/airflow/.local/lib/python3.7/site-packages/airflow/example_dags/example_dynamic_task_mapping_with_no_taskflow_operators.py
[2023-07-02T02:17:45.670+0000] {logging_mixin.py:149} INFO - [2023-07-02T02:17:45.670+0000] {dag.py:2726} INFO - Sync 1 DAGs
[2023-07-02T02:17:45.691+0000] {logging_mixin.py:149} INFO - [2023-07-02T02:17:45.691+0000] {dag.py:3490} INFO - Setting next_dagrun for example_dynamic_task_mapping_with_no_taskflow_operators to 2023-07-01T02:17:45.690907+00:00, run_after=2023-07-02T02:17:45.690907+00:00
[2023-07-02T02:17:45.705+0000] {processor.py:179} INFO - Processing /home/airflow/.local/lib/python3.7/site-packages/airflow/example_dags/example_dynamic_task_mapping_with_no_taskflow_operators.py took 0.061 seconds
[2023-07-02T02:18:17.319+0000] {processor.py:157} INFO - Started process (PID=178) to work on /home/airflow/.local/lib/python3.7/site-packages/airflow/example_dags/example_dynamic_task_mapping_with_no_taskflow_operators.py
[2023-07-02T02:18:17.363+0000] {processor.py:826} INFO - Processing file /home/airflow/.local/lib/python3.7/site-packages/airflow/example_dags/example_dynamic_task_mapping_with_no_taskflow_operators.py for tasks to queue
[2023-07-02T02:18:17.364+0000] {logging_mixin.py:149} INFO - [2023-07-02T02:18:17.363+0000] {dagbag.py:541} INFO - Filling up the DagBag from /home/airflow/.local/lib/python3.7/site-packages/airflow/example_dags/example_dynamic_task_mapping_with_no_taskflow_operators.py
[2023-07-02T02:18:17.369+0000] {processor.py:836} INFO - DAG(s) dict_keys(['example_dynamic_task_mapping_with_no_taskflow_operators']) retrieved from /home/airflow/.local/lib/python3.7/site-packages/airflow/example_dags/example_dynamic_task_mapping_with_no_taskflow_operators.py
[2023-07-02T02:18:17.391+0000] {logging_mixin.py:149} INFO - [2023-07-02T02:18:17.391+0000] {dag.py:2726} INFO - Sync 1 DAGs
[2023-07-02T02:18:17.415+0000] {logging_mixin.py:149} INFO - [2023-07-02T02:18:17.415+0000] {dag.py:3490} INFO - Setting next_dagrun for example_dynamic_task_mapping_with_no_taskflow_operators to 2023-07-01T02:18:17.415382+00:00, run_after=2023-07-02T02:18:17.415382+00:00
[2023-07-02T02:18:17.568+0000] {processor.py:179} INFO - Processing /home/airflow/.local/lib/python3.7/site-packages/airflow/example_dags/example_dynamic_task_mapping_with_no_taskflow_operators.py took 0.251 seconds
