[2023-07-02T02:17:14.444+0000] {processor.py:157} INFO - Started process (PID=38) to work on /home/airflow/.local/lib/python3.7/site-packages/airflow/example_dags/example_short_circuit_operator.py
[2023-07-02T02:17:14.444+0000] {processor.py:826} INFO - Processing file /home/airflow/.local/lib/python3.7/site-packages/airflow/example_dags/example_short_circuit_operator.py for tasks to queue
[2023-07-02T02:17:14.445+0000] {logging_mixin.py:149} INFO - [2023-07-02T02:17:14.445+0000] {dagbag.py:541} INFO - Filling up the DagBag from /home/airflow/.local/lib/python3.7/site-packages/airflow/example_dags/example_short_circuit_operator.py
[2023-07-02T02:17:14.452+0000] {processor.py:836} INFO - DAG(s) dict_keys(['example_short_circuit_operator']) retrieved from /home/airflow/.local/lib/python3.7/site-packages/airflow/example_dags/example_short_circuit_operator.py
[2023-07-02T02:17:14.462+0000] {logging_mixin.py:149} INFO - [2023-07-02T02:17:14.462+0000] {dag.py:2726} INFO - Sync 1 DAGs
[2023-07-02T02:17:14.485+0000] {logging_mixin.py:149} INFO - [2023-07-02T02:17:14.485+0000] {dag.py:3490} INFO - Setting next_dagrun for example_short_circuit_operator to 2023-07-01T02:17:14.484809+00:00, run_after=2023-07-02T02:17:14.484809+00:00
[2023-07-02T02:17:14.503+0000] {processor.py:179} INFO - Processing /home/airflow/.local/lib/python3.7/site-packages/airflow/example_dags/example_short_circuit_operator.py took 0.062 seconds
[2023-07-02T02:17:45.170+0000] {processor.py:157} INFO - Started process (PID=103) to work on /home/airflow/.local/lib/python3.7/site-packages/airflow/example_dags/example_short_circuit_operator.py
[2023-07-02T02:17:45.171+0000] {processor.py:826} INFO - Processing file /home/airflow/.local/lib/python3.7/site-packages/airflow/example_dags/example_short_circuit_operator.py for tasks to queue
[2023-07-02T02:17:45.171+0000] {logging_mixin.py:149} INFO - [2023-07-02T02:17:45.171+0000] {dagbag.py:541} INFO - Filling up the DagBag from /home/airflow/.local/lib/python3.7/site-packages/airflow/example_dags/example_short_circuit_operator.py
[2023-07-02T02:17:45.177+0000] {processor.py:836} INFO - DAG(s) dict_keys(['example_short_circuit_operator']) retrieved from /home/airflow/.local/lib/python3.7/site-packages/airflow/example_dags/example_short_circuit_operator.py
[2023-07-02T02:17:45.197+0000] {logging_mixin.py:149} INFO - [2023-07-02T02:17:45.197+0000] {dag.py:2726} INFO - Sync 1 DAGs
[2023-07-02T02:17:45.219+0000] {logging_mixin.py:149} INFO - [2023-07-02T02:17:45.219+0000] {dag.py:3490} INFO - Setting next_dagrun for example_short_circuit_operator to 2023-07-01T02:17:45.219562+00:00, run_after=2023-07-02T02:17:45.219562+00:00
[2023-07-02T02:17:45.233+0000] {processor.py:179} INFO - Processing /home/airflow/.local/lib/python3.7/site-packages/airflow/example_dags/example_short_circuit_operator.py took 0.065 seconds
[2023-07-02T02:18:16.215+0000] {processor.py:157} INFO - Started process (PID=168) to work on /home/airflow/.local/lib/python3.7/site-packages/airflow/example_dags/example_short_circuit_operator.py
[2023-07-02T02:18:16.252+0000] {processor.py:826} INFO - Processing file /home/airflow/.local/lib/python3.7/site-packages/airflow/example_dags/example_short_circuit_operator.py for tasks to queue
[2023-07-02T02:18:16.253+0000] {logging_mixin.py:149} INFO - [2023-07-02T02:18:16.253+0000] {dagbag.py:541} INFO - Filling up the DagBag from /home/airflow/.local/lib/python3.7/site-packages/airflow/example_dags/example_short_circuit_operator.py
[2023-07-02T02:18:16.258+0000] {processor.py:836} INFO - DAG(s) dict_keys(['example_short_circuit_operator']) retrieved from /home/airflow/.local/lib/python3.7/site-packages/airflow/example_dags/example_short_circuit_operator.py
[2023-07-02T02:18:16.284+0000] {logging_mixin.py:149} INFO - [2023-07-02T02:18:16.283+0000] {dag.py:2726} INFO - Sync 1 DAGs
[2023-07-02T02:18:16.310+0000] {logging_mixin.py:149} INFO - [2023-07-02T02:18:16.310+0000] {dag.py:3490} INFO - Setting next_dagrun for example_short_circuit_operator to 2023-07-01T02:18:16.310426+00:00, run_after=2023-07-02T02:18:16.310426+00:00
[2023-07-02T02:18:16.395+0000] {processor.py:179} INFO - Processing /home/airflow/.local/lib/python3.7/site-packages/airflow/example_dags/example_short_circuit_operator.py took 0.181 seconds
