[2023-07-02T02:17:16.108+0000] {processor.py:157} INFO - Started process (PID=64) to work on /home/airflow/.local/lib/python3.7/site-packages/airflow/example_dags/example_sensor_decorator.py
[2023-07-02T02:17:16.109+0000] {processor.py:826} INFO - Processing file /home/airflow/.local/lib/python3.7/site-packages/airflow/example_dags/example_sensor_decorator.py for tasks to queue
[2023-07-02T02:17:16.109+0000] {logging_mixin.py:149} INFO - [2023-07-02T02:17:16.109+0000] {dagbag.py:541} INFO - Filling up the DagBag from /home/airflow/.local/lib/python3.7/site-packages/airflow/example_dags/example_sensor_decorator.py
[2023-07-02T02:17:16.114+0000] {processor.py:836} INFO - DAG(s) dict_keys(['example_sensor_decorator']) retrieved from /home/airflow/.local/lib/python3.7/site-packages/airflow/example_dags/example_sensor_decorator.py
[2023-07-02T02:17:16.123+0000] {logging_mixin.py:149} INFO - [2023-07-02T02:17:16.123+0000] {dag.py:2726} INFO - Sync 1 DAGs
[2023-07-02T02:17:16.153+0000] {logging_mixin.py:149} INFO - [2023-07-02T02:17:16.153+0000] {dag.py:3490} INFO - Setting next_dagrun for example_sensor_decorator to None, run_after=None
[2023-07-02T02:17:16.171+0000] {processor.py:179} INFO - Processing /home/airflow/.local/lib/python3.7/site-packages/airflow/example_dags/example_sensor_decorator.py took 0.064 seconds
[2023-07-02T02:17:46.556+0000] {processor.py:157} INFO - Started process (PID=129) to work on /home/airflow/.local/lib/python3.7/site-packages/airflow/example_dags/example_sensor_decorator.py
[2023-07-02T02:17:46.557+0000] {processor.py:826} INFO - Processing file /home/airflow/.local/lib/python3.7/site-packages/airflow/example_dags/example_sensor_decorator.py for tasks to queue
[2023-07-02T02:17:46.557+0000] {logging_mixin.py:149} INFO - [2023-07-02T02:17:46.557+0000] {dagbag.py:541} INFO - Filling up the DagBag from /home/airflow/.local/lib/python3.7/site-packages/airflow/example_dags/example_sensor_decorator.py
[2023-07-02T02:17:46.560+0000] {processor.py:836} INFO - DAG(s) dict_keys(['example_sensor_decorator']) retrieved from /home/airflow/.local/lib/python3.7/site-packages/airflow/example_dags/example_sensor_decorator.py
[2023-07-02T02:17:46.579+0000] {logging_mixin.py:149} INFO - [2023-07-02T02:17:46.578+0000] {dag.py:2726} INFO - Sync 1 DAGs
[2023-07-02T02:17:46.600+0000] {logging_mixin.py:149} INFO - [2023-07-02T02:17:46.600+0000] {dag.py:3490} INFO - Setting next_dagrun for example_sensor_decorator to None, run_after=None
[2023-07-02T02:17:46.613+0000] {processor.py:179} INFO - Processing /home/airflow/.local/lib/python3.7/site-packages/airflow/example_dags/example_sensor_decorator.py took 0.059 seconds
[2023-07-02T02:18:18.386+0000] {processor.py:157} INFO - Started process (PID=194) to work on /home/airflow/.local/lib/python3.7/site-packages/airflow/example_dags/example_sensor_decorator.py
[2023-07-02T02:18:18.386+0000] {processor.py:826} INFO - Processing file /home/airflow/.local/lib/python3.7/site-packages/airflow/example_dags/example_sensor_decorator.py for tasks to queue
[2023-07-02T02:18:18.387+0000] {logging_mixin.py:149} INFO - [2023-07-02T02:18:18.387+0000] {dagbag.py:541} INFO - Filling up the DagBag from /home/airflow/.local/lib/python3.7/site-packages/airflow/example_dags/example_sensor_decorator.py
[2023-07-02T02:18:18.392+0000] {processor.py:836} INFO - DAG(s) dict_keys(['example_sensor_decorator']) retrieved from /home/airflow/.local/lib/python3.7/site-packages/airflow/example_dags/example_sensor_decorator.py
[2023-07-02T02:18:18.414+0000] {logging_mixin.py:149} INFO - [2023-07-02T02:18:18.413+0000] {dag.py:2726} INFO - Sync 1 DAGs
[2023-07-02T02:18:18.436+0000] {logging_mixin.py:149} INFO - [2023-07-02T02:18:18.436+0000] {dag.py:3490} INFO - Setting next_dagrun for example_sensor_decorator to None, run_after=None
[2023-07-02T02:18:18.452+0000] {processor.py:179} INFO - Processing /home/airflow/.local/lib/python3.7/site-packages/airflow/example_dags/example_sensor_decorator.py took 0.070 seconds
