[2023-07-02T02:17:14.902+0000] {processor.py:157} INFO - Started process (PID=46) to work on /home/airflow/.local/lib/python3.7/site-packages/airflow/example_dags/example_external_task_marker_dag.py
[2023-07-02T02:17:14.902+0000] {processor.py:826} INFO - Processing file /home/airflow/.local/lib/python3.7/site-packages/airflow/example_dags/example_external_task_marker_dag.py for tasks to queue
[2023-07-02T02:17:14.903+0000] {logging_mixin.py:149} INFO - [2023-07-02T02:17:14.903+0000] {dagbag.py:541} INFO - Filling up the DagBag from /home/airflow/.local/lib/python3.7/site-packages/airflow/example_dags/example_external_task_marker_dag.py
[2023-07-02T02:17:14.906+0000] {processor.py:836} INFO - DAG(s) dict_keys(['example_external_task_marker_parent', 'example_external_task_marker_child']) retrieved from /home/airflow/.local/lib/python3.7/site-packages/airflow/example_dags/example_external_task_marker_dag.py
[2023-07-02T02:17:14.917+0000] {logging_mixin.py:149} INFO - [2023-07-02T02:17:14.917+0000] {dag.py:2726} INFO - Sync 2 DAGs
[2023-07-02T02:17:14.938+0000] {logging_mixin.py:149} INFO - [2023-07-02T02:17:14.938+0000] {dag.py:3490} INFO - Setting next_dagrun for example_external_task_marker_child to None, run_after=None
[2023-07-02T02:17:14.940+0000] {logging_mixin.py:149} INFO - [2023-07-02T02:17:14.940+0000] {dag.py:3490} INFO - Setting next_dagrun for example_external_task_marker_parent to None, run_after=None
[2023-07-02T02:17:14.955+0000] {processor.py:179} INFO - Processing /home/airflow/.local/lib/python3.7/site-packages/airflow/example_dags/example_external_task_marker_dag.py took 0.056 seconds
[2023-07-02T02:17:45.507+0000] {processor.py:157} INFO - Started process (PID=110) to work on /home/airflow/.local/lib/python3.7/site-packages/airflow/example_dags/example_external_task_marker_dag.py
[2023-07-02T02:17:45.508+0000] {processor.py:826} INFO - Processing file /home/airflow/.local/lib/python3.7/site-packages/airflow/example_dags/example_external_task_marker_dag.py for tasks to queue
[2023-07-02T02:17:45.508+0000] {logging_mixin.py:149} INFO - [2023-07-02T02:17:45.508+0000] {dagbag.py:541} INFO - Filling up the DagBag from /home/airflow/.local/lib/python3.7/site-packages/airflow/example_dags/example_external_task_marker_dag.py
[2023-07-02T02:17:45.511+0000] {processor.py:836} INFO - DAG(s) dict_keys(['example_external_task_marker_child', 'example_external_task_marker_parent']) retrieved from /home/airflow/.local/lib/python3.7/site-packages/airflow/example_dags/example_external_task_marker_dag.py
[2023-07-02T02:17:45.668+0000] {logging_mixin.py:149} INFO - [2023-07-02T02:17:45.668+0000] {dag.py:2726} INFO - Sync 2 DAGs
[2023-07-02T02:17:45.685+0000] {logging_mixin.py:149} INFO - [2023-07-02T02:17:45.685+0000] {dag.py:3490} INFO - Setting next_dagrun for example_external_task_marker_child to None, run_after=None
[2023-07-02T02:17:45.688+0000] {logging_mixin.py:149} INFO - [2023-07-02T02:17:45.687+0000] {dag.py:3490} INFO - Setting next_dagrun for example_external_task_marker_parent to None, run_after=None
[2023-07-02T02:17:45.699+0000] {processor.py:179} INFO - Processing /home/airflow/.local/lib/python3.7/site-packages/airflow/example_dags/example_external_task_marker_dag.py took 0.194 seconds
[2023-07-02T02:18:17.171+0000] {processor.py:157} INFO - Started process (PID=176) to work on /home/airflow/.local/lib/python3.7/site-packages/airflow/example_dags/example_external_task_marker_dag.py
[2023-07-02T02:18:17.171+0000] {processor.py:826} INFO - Processing file /home/airflow/.local/lib/python3.7/site-packages/airflow/example_dags/example_external_task_marker_dag.py for tasks to queue
[2023-07-02T02:18:17.172+0000] {logging_mixin.py:149} INFO - [2023-07-02T02:18:17.172+0000] {dagbag.py:541} INFO - Filling up the DagBag from /home/airflow/.local/lib/python3.7/site-packages/airflow/example_dags/example_external_task_marker_dag.py
[2023-07-02T02:18:17.176+0000] {processor.py:836} INFO - DAG(s) dict_keys(['example_external_task_marker_parent', 'example_external_task_marker_child']) retrieved from /home/airflow/.local/lib/python3.7/site-packages/airflow/example_dags/example_external_task_marker_dag.py
[2023-07-02T02:18:17.199+0000] {logging_mixin.py:149} INFO - [2023-07-02T02:18:17.198+0000] {dag.py:2726} INFO - Sync 2 DAGs
[2023-07-02T02:18:17.218+0000] {logging_mixin.py:149} INFO - [2023-07-02T02:18:17.218+0000] {dag.py:3490} INFO - Setting next_dagrun for example_external_task_marker_child to None, run_after=None
[2023-07-02T02:18:17.220+0000] {logging_mixin.py:149} INFO - [2023-07-02T02:18:17.220+0000] {dag.py:3490} INFO - Setting next_dagrun for example_external_task_marker_parent to None, run_after=None
[2023-07-02T02:18:17.301+0000] {processor.py:179} INFO - Processing /home/airflow/.local/lib/python3.7/site-packages/airflow/example_dags/example_external_task_marker_dag.py took 0.133 seconds
