[2023-07-02T02:17:14.274+0000] {processor.py:157} INFO - Started process (PID=35) to work on /home/airflow/.local/lib/python3.7/site-packages/airflow/example_dags/example_latest_only.py
[2023-07-02T02:17:14.275+0000] {processor.py:826} INFO - Processing file /home/airflow/.local/lib/python3.7/site-packages/airflow/example_dags/example_latest_only.py for tasks to queue
[2023-07-02T02:17:14.275+0000] {logging_mixin.py:149} INFO - [2023-07-02T02:17:14.275+0000] {dagbag.py:541} INFO - Filling up the DagBag from /home/airflow/.local/lib/python3.7/site-packages/airflow/example_dags/example_latest_only.py
[2023-07-02T02:17:14.282+0000] {processor.py:836} INFO - DAG(s) dict_keys(['latest_only']) retrieved from /home/airflow/.local/lib/python3.7/site-packages/airflow/example_dags/example_latest_only.py
[2023-07-02T02:17:14.292+0000] {logging_mixin.py:149} INFO - [2023-07-02T02:17:14.292+0000] {dag.py:2726} INFO - Sync 1 DAGs
[2023-07-02T02:17:14.316+0000] {logging_mixin.py:149} INFO - [2023-07-02T02:17:14.316+0000] {dag.py:3490} INFO - Setting next_dagrun for latest_only to 2023-07-01T22:17:14.316428+00:00, run_after=2023-07-02T02:17:14.316428+00:00
[2023-07-02T02:17:14.333+0000] {processor.py:179} INFO - Processing /home/airflow/.local/lib/python3.7/site-packages/airflow/example_dags/example_latest_only.py took 0.060 seconds
[2023-07-02T02:17:45.042+0000] {processor.py:157} INFO - Started process (PID=100) to work on /home/airflow/.local/lib/python3.7/site-packages/airflow/example_dags/example_latest_only.py
[2023-07-02T02:17:45.042+0000] {processor.py:826} INFO - Processing file /home/airflow/.local/lib/python3.7/site-packages/airflow/example_dags/example_latest_only.py for tasks to queue
[2023-07-02T02:17:45.043+0000] {logging_mixin.py:149} INFO - [2023-07-02T02:17:45.043+0000] {dagbag.py:541} INFO - Filling up the DagBag from /home/airflow/.local/lib/python3.7/site-packages/airflow/example_dags/example_latest_only.py
[2023-07-02T02:17:45.046+0000] {processor.py:836} INFO - DAG(s) dict_keys(['latest_only']) retrieved from /home/airflow/.local/lib/python3.7/site-packages/airflow/example_dags/example_latest_only.py
[2023-07-02T02:17:45.063+0000] {logging_mixin.py:149} INFO - [2023-07-02T02:17:45.062+0000] {dag.py:2726} INFO - Sync 1 DAGs
[2023-07-02T02:17:45.086+0000] {logging_mixin.py:149} INFO - [2023-07-02T02:17:45.086+0000] {dag.py:3490} INFO - Setting next_dagrun for latest_only to 2023-07-01T22:17:45.085916+00:00, run_after=2023-07-02T02:17:45.085916+00:00
[2023-07-02T02:17:45.098+0000] {processor.py:179} INFO - Processing /home/airflow/.local/lib/python3.7/site-packages/airflow/example_dags/example_latest_only.py took 0.058 seconds
[2023-07-02T02:18:15.659+0000] {processor.py:157} INFO - Started process (PID=165) to work on /home/airflow/.local/lib/python3.7/site-packages/airflow/example_dags/example_latest_only.py
[2023-07-02T02:18:15.774+0000] {processor.py:826} INFO - Processing file /home/airflow/.local/lib/python3.7/site-packages/airflow/example_dags/example_latest_only.py for tasks to queue
[2023-07-02T02:18:15.774+0000] {logging_mixin.py:149} INFO - [2023-07-02T02:18:15.774+0000] {dagbag.py:541} INFO - Filling up the DagBag from /home/airflow/.local/lib/python3.7/site-packages/airflow/example_dags/example_latest_only.py
[2023-07-02T02:18:15.778+0000] {processor.py:836} INFO - DAG(s) dict_keys(['latest_only']) retrieved from /home/airflow/.local/lib/python3.7/site-packages/airflow/example_dags/example_latest_only.py
[2023-07-02T02:18:15.807+0000] {logging_mixin.py:149} INFO - [2023-07-02T02:18:15.806+0000] {dag.py:2726} INFO - Sync 1 DAGs
[2023-07-02T02:18:15.838+0000] {logging_mixin.py:149} INFO - [2023-07-02T02:18:15.838+0000] {dag.py:3490} INFO - Setting next_dagrun for latest_only to 2023-07-01T22:18:15.838207+00:00, run_after=2023-07-02T02:18:15.838207+00:00
[2023-07-02T02:18:16.059+0000] {processor.py:179} INFO - Processing /home/airflow/.local/lib/python3.7/site-packages/airflow/example_dags/example_latest_only.py took 0.402 seconds
