[2023-07-02T02:17:15.382+0000] {processor.py:157} INFO - Started process (PID=52) to work on /home/airflow/.local/lib/python3.7/site-packages/airflow/example_dags/example_branch_operator.py
[2023-07-02T02:17:15.383+0000] {processor.py:826} INFO - Processing file /home/airflow/.local/lib/python3.7/site-packages/airflow/example_dags/example_branch_operator.py for tasks to queue
[2023-07-02T02:17:15.383+0000] {logging_mixin.py:149} INFO - [2023-07-02T02:17:15.383+0000] {dagbag.py:541} INFO - Filling up the DagBag from /home/airflow/.local/lib/python3.7/site-packages/airflow/example_dags/example_branch_operator.py
[2023-07-02T02:17:15.391+0000] {processor.py:836} INFO - DAG(s) dict_keys(['example_branch_operator']) retrieved from /home/airflow/.local/lib/python3.7/site-packages/airflow/example_dags/example_branch_operator.py
[2023-07-02T02:17:15.402+0000] {logging_mixin.py:149} INFO - [2023-07-02T02:17:15.402+0000] {dag.py:2726} INFO - Sync 1 DAGs
[2023-07-02T02:17:15.431+0000] {logging_mixin.py:149} INFO - [2023-07-02T02:17:15.431+0000] {dag.py:3490} INFO - Setting next_dagrun for example_branch_operator to 2023-07-01T00:00:00+00:00, run_after=2023-07-02T00:00:00+00:00
[2023-07-02T02:17:15.447+0000] {processor.py:179} INFO - Processing /home/airflow/.local/lib/python3.7/site-packages/airflow/example_dags/example_branch_operator.py took 0.067 seconds
[2023-07-02T02:17:45.803+0000] {processor.py:157} INFO - Started process (PID=116) to work on /home/airflow/.local/lib/python3.7/site-packages/airflow/example_dags/example_branch_operator.py
[2023-07-02T02:17:45.804+0000] {processor.py:826} INFO - Processing file /home/airflow/.local/lib/python3.7/site-packages/airflow/example_dags/example_branch_operator.py for tasks to queue
[2023-07-02T02:17:45.804+0000] {logging_mixin.py:149} INFO - [2023-07-02T02:17:45.804+0000] {dagbag.py:541} INFO - Filling up the DagBag from /home/airflow/.local/lib/python3.7/site-packages/airflow/example_dags/example_branch_operator.py
[2023-07-02T02:17:45.810+0000] {processor.py:836} INFO - DAG(s) dict_keys(['example_branch_operator']) retrieved from /home/airflow/.local/lib/python3.7/site-packages/airflow/example_dags/example_branch_operator.py
[2023-07-02T02:17:45.828+0000] {logging_mixin.py:149} INFO - [2023-07-02T02:17:45.828+0000] {dag.py:2726} INFO - Sync 1 DAGs
[2023-07-02T02:17:45.850+0000] {logging_mixin.py:149} INFO - [2023-07-02T02:17:45.850+0000] {dag.py:3490} INFO - Setting next_dagrun for example_branch_operator to 2023-07-01T00:00:00+00:00, run_after=2023-07-02T00:00:00+00:00
[2023-07-02T02:17:45.862+0000] {processor.py:179} INFO - Processing /home/airflow/.local/lib/python3.7/site-packages/airflow/example_dags/example_branch_operator.py took 0.062 seconds
[2023-07-02T02:18:17.770+0000] {processor.py:157} INFO - Started process (PID=182) to work on /home/airflow/.local/lib/python3.7/site-packages/airflow/example_dags/example_branch_operator.py
[2023-07-02T02:18:17.771+0000] {processor.py:826} INFO - Processing file /home/airflow/.local/lib/python3.7/site-packages/airflow/example_dags/example_branch_operator.py for tasks to queue
[2023-07-02T02:18:17.771+0000] {logging_mixin.py:149} INFO - [2023-07-02T02:18:17.771+0000] {dagbag.py:541} INFO - Filling up the DagBag from /home/airflow/.local/lib/python3.7/site-packages/airflow/example_dags/example_branch_operator.py
[2023-07-02T02:18:17.778+0000] {processor.py:836} INFO - DAG(s) dict_keys(['example_branch_operator']) retrieved from /home/airflow/.local/lib/python3.7/site-packages/airflow/example_dags/example_branch_operator.py
[2023-07-02T02:18:17.799+0000] {logging_mixin.py:149} INFO - [2023-07-02T02:18:17.799+0000] {dag.py:2726} INFO - Sync 1 DAGs
[2023-07-02T02:18:17.820+0000] {logging_mixin.py:149} INFO - [2023-07-02T02:18:17.820+0000] {dag.py:3490} INFO - Setting next_dagrun for example_branch_operator to 2023-07-01T00:00:00+00:00, run_after=2023-07-02T00:00:00+00:00
[2023-07-02T02:18:17.834+0000] {processor.py:179} INFO - Processing /home/airflow/.local/lib/python3.7/site-packages/airflow/example_dags/example_branch_operator.py took 0.066 seconds
