[2023-07-02T02:17:16.278+0000] {processor.py:157} INFO - Started process (PID=68) to work on /home/airflow/.local/lib/python3.7/site-packages/airflow/example_dags/example_datasets.py
[2023-07-02T02:17:16.278+0000] {processor.py:826} INFO - Processing file /home/airflow/.local/lib/python3.7/site-packages/airflow/example_dags/example_datasets.py for tasks to queue
[2023-07-02T02:17:16.279+0000] {logging_mixin.py:149} INFO - [2023-07-02T02:17:16.279+0000] {dagbag.py:541} INFO - Filling up the DagBag from /home/airflow/.local/lib/python3.7/site-packages/airflow/example_dags/example_datasets.py
[2023-07-02T02:17:16.288+0000] {processor.py:836} INFO - DAG(s) dict_keys(['dataset_consumes_unknown_never_scheduled', 'dataset_produces_2', 'dataset_produces_1', 'dataset_consumes_1', 'dataset_consumes_1_never_scheduled', 'dataset_consumes_1_and_2']) retrieved from /home/airflow/.local/lib/python3.7/site-packages/airflow/example_dags/example_datasets.py
[2023-07-02T02:17:16.302+0000] {logging_mixin.py:149} INFO - [2023-07-02T02:17:16.302+0000] {dag.py:2726} INFO - Sync 6 DAGs
[2023-07-02T02:17:16.329+0000] {logging_mixin.py:149} INFO - [2023-07-02T02:17:16.329+0000] {dag.py:3490} INFO - Setting next_dagrun for dataset_consumes_1 to None, run_after=None
[2023-07-02T02:17:16.333+0000] {logging_mixin.py:149} INFO - [2023-07-02T02:17:16.332+0000] {dag.py:3490} INFO - Setting next_dagrun for dataset_consumes_1_and_2 to None, run_after=None
[2023-07-02T02:17:16.334+0000] {logging_mixin.py:149} INFO - [2023-07-02T02:17:16.334+0000] {dag.py:3490} INFO - Setting next_dagrun for dataset_consumes_1_never_scheduled to None, run_after=None
[2023-07-02T02:17:16.335+0000] {logging_mixin.py:149} INFO - [2023-07-02T02:17:16.334+0000] {dag.py:3490} INFO - Setting next_dagrun for dataset_consumes_unknown_never_scheduled to None, run_after=None
[2023-07-02T02:17:16.337+0000] {logging_mixin.py:149} INFO - [2023-07-02T02:17:16.337+0000] {dag.py:3490} INFO - Setting next_dagrun for dataset_produces_1 to 2023-07-01T00:00:00+00:00, run_after=2023-07-02T00:00:00+00:00
[2023-07-02T02:17:16.338+0000] {logging_mixin.py:149} INFO - [2023-07-02T02:17:16.338+0000] {dag.py:3490} INFO - Setting next_dagrun for dataset_produces_2 to None, run_after=None
[2023-07-02T02:17:16.367+0000] {processor.py:179} INFO - Processing /home/airflow/.local/lib/python3.7/site-packages/airflow/example_dags/example_datasets.py took 0.092 seconds
[2023-07-02T02:17:46.712+0000] {processor.py:157} INFO - Started process (PID=133) to work on /home/airflow/.local/lib/python3.7/site-packages/airflow/example_dags/example_datasets.py
[2023-07-02T02:17:46.713+0000] {processor.py:826} INFO - Processing file /home/airflow/.local/lib/python3.7/site-packages/airflow/example_dags/example_datasets.py for tasks to queue
[2023-07-02T02:17:46.713+0000] {logging_mixin.py:149} INFO - [2023-07-02T02:17:46.713+0000] {dagbag.py:541} INFO - Filling up the DagBag from /home/airflow/.local/lib/python3.7/site-packages/airflow/example_dags/example_datasets.py
[2023-07-02T02:17:46.720+0000] {processor.py:836} INFO - DAG(s) dict_keys(['dataset_produces_1', 'dataset_consumes_unknown_never_scheduled', 'dataset_produces_2', 'dataset_consumes_1_never_scheduled', 'dataset_consumes_1', 'dataset_consumes_1_and_2']) retrieved from /home/airflow/.local/lib/python3.7/site-packages/airflow/example_dags/example_datasets.py
[2023-07-02T02:17:46.848+0000] {logging_mixin.py:149} INFO - [2023-07-02T02:17:46.848+0000] {dag.py:2726} INFO - Sync 6 DAGs
[2023-07-02T02:17:46.868+0000] {logging_mixin.py:149} INFO - [2023-07-02T02:17:46.868+0000] {dag.py:3490} INFO - Setting next_dagrun for dataset_consumes_1 to None, run_after=None
[2023-07-02T02:17:46.870+0000] {logging_mixin.py:149} INFO - [2023-07-02T02:17:46.870+0000] {dag.py:3490} INFO - Setting next_dagrun for dataset_consumes_1_and_2 to None, run_after=None
[2023-07-02T02:17:46.871+0000] {logging_mixin.py:149} INFO - [2023-07-02T02:17:46.871+0000] {dag.py:3490} INFO - Setting next_dagrun for dataset_consumes_1_never_scheduled to None, run_after=None
[2023-07-02T02:17:46.872+0000] {logging_mixin.py:149} INFO - [2023-07-02T02:17:46.871+0000] {dag.py:3490} INFO - Setting next_dagrun for dataset_consumes_unknown_never_scheduled to None, run_after=None
[2023-07-02T02:17:46.874+0000] {logging_mixin.py:149} INFO - [2023-07-02T02:17:46.873+0000] {dag.py:3490} INFO - Setting next_dagrun for dataset_produces_1 to 2023-07-01T00:00:00+00:00, run_after=2023-07-02T00:00:00+00:00
[2023-07-02T02:17:46.874+0000] {logging_mixin.py:149} INFO - [2023-07-02T02:17:46.874+0000] {dag.py:3490} INFO - Setting next_dagrun for dataset_produces_2 to None, run_after=None
[2023-07-02T02:17:46.898+0000] {processor.py:179} INFO - Processing /home/airflow/.local/lib/python3.7/site-packages/airflow/example_dags/example_datasets.py took 0.189 seconds
[2023-07-02T02:18:18.551+0000] {processor.py:157} INFO - Started process (PID=198) to work on /home/airflow/.local/lib/python3.7/site-packages/airflow/example_dags/example_datasets.py
[2023-07-02T02:18:18.552+0000] {processor.py:826} INFO - Processing file /home/airflow/.local/lib/python3.7/site-packages/airflow/example_dags/example_datasets.py for tasks to queue
[2023-07-02T02:18:18.553+0000] {logging_mixin.py:149} INFO - [2023-07-02T02:18:18.552+0000] {dagbag.py:541} INFO - Filling up the DagBag from /home/airflow/.local/lib/python3.7/site-packages/airflow/example_dags/example_datasets.py
[2023-07-02T02:18:18.558+0000] {processor.py:836} INFO - DAG(s) dict_keys(['dataset_consumes_1_and_2', 'dataset_consumes_1_never_scheduled', 'dataset_produces_1', 'dataset_produces_2', 'dataset_consumes_unknown_never_scheduled', 'dataset_consumes_1']) retrieved from /home/airflow/.local/lib/python3.7/site-packages/airflow/example_dags/example_datasets.py
[2023-07-02T02:18:18.587+0000] {logging_mixin.py:149} INFO - [2023-07-02T02:18:18.587+0000] {dag.py:2726} INFO - Sync 6 DAGs
[2023-07-02T02:18:18.608+0000] {logging_mixin.py:149} INFO - [2023-07-02T02:18:18.608+0000] {dag.py:3490} INFO - Setting next_dagrun for dataset_consumes_1 to None, run_after=None
[2023-07-02T02:18:18.611+0000] {logging_mixin.py:149} INFO - [2023-07-02T02:18:18.611+0000] {dag.py:3490} INFO - Setting next_dagrun for dataset_consumes_1_and_2 to None, run_after=None
[2023-07-02T02:18:18.612+0000] {logging_mixin.py:149} INFO - [2023-07-02T02:18:18.612+0000] {dag.py:3490} INFO - Setting next_dagrun for dataset_consumes_1_never_scheduled to None, run_after=None
[2023-07-02T02:18:18.612+0000] {logging_mixin.py:149} INFO - [2023-07-02T02:18:18.612+0000] {dag.py:3490} INFO - Setting next_dagrun for dataset_consumes_unknown_never_scheduled to None, run_after=None
[2023-07-02T02:18:18.614+0000] {logging_mixin.py:149} INFO - [2023-07-02T02:18:18.614+0000] {dag.py:3490} INFO - Setting next_dagrun for dataset_produces_1 to 2023-07-01T00:00:00+00:00, run_after=2023-07-02T00:00:00+00:00
[2023-07-02T02:18:18.615+0000] {logging_mixin.py:149} INFO - [2023-07-02T02:18:18.615+0000] {dag.py:3490} INFO - Setting next_dagrun for dataset_produces_2 to None, run_after=None
[2023-07-02T02:18:18.639+0000] {processor.py:179} INFO - Processing /home/airflow/.local/lib/python3.7/site-packages/airflow/example_dags/example_datasets.py took 0.090 seconds
