[2023-07-02T02:17:15.533+0000] {processor.py:157} INFO - Started process (PID=54) to work on /home/airflow/.local/lib/python3.7/site-packages/airflow/example_dags/example_sensors.py
[2023-07-02T02:17:15.533+0000] {processor.py:826} INFO - Processing file /home/airflow/.local/lib/python3.7/site-packages/airflow/example_dags/example_sensors.py for tasks to queue
[2023-07-02T02:17:15.534+0000] {logging_mixin.py:149} INFO - [2023-07-02T02:17:15.534+0000] {dagbag.py:541} INFO - Filling up the DagBag from /home/airflow/.local/lib/python3.7/site-packages/airflow/example_dags/example_sensors.py
[2023-07-02T02:17:15.544+0000] {processor.py:836} INFO - DAG(s) dict_keys(['example_sensors']) retrieved from /home/airflow/.local/lib/python3.7/site-packages/airflow/example_dags/example_sensors.py
[2023-07-02T02:17:15.555+0000] {logging_mixin.py:149} INFO - [2023-07-02T02:17:15.554+0000] {dag.py:2726} INFO - Sync 1 DAGs
[2023-07-02T02:17:15.586+0000] {logging_mixin.py:149} INFO - [2023-07-02T02:17:15.586+0000] {dag.py:3490} INFO - Setting next_dagrun for example_sensors to None, run_after=None
[2023-07-02T02:17:15.606+0000] {processor.py:179} INFO - Processing /home/airflow/.local/lib/python3.7/site-packages/airflow/example_dags/example_sensors.py took 0.075 seconds
[2023-07-02T02:17:45.952+0000] {processor.py:157} INFO - Started process (PID=119) to work on /home/airflow/.local/lib/python3.7/site-packages/airflow/example_dags/example_sensors.py
[2023-07-02T02:17:45.953+0000] {processor.py:826} INFO - Processing file /home/airflow/.local/lib/python3.7/site-packages/airflow/example_dags/example_sensors.py for tasks to queue
[2023-07-02T02:17:45.953+0000] {logging_mixin.py:149} INFO - [2023-07-02T02:17:45.953+0000] {dagbag.py:541} INFO - Filling up the DagBag from /home/airflow/.local/lib/python3.7/site-packages/airflow/example_dags/example_sensors.py
[2023-07-02T02:17:45.960+0000] {processor.py:836} INFO - DAG(s) dict_keys(['example_sensors']) retrieved from /home/airflow/.local/lib/python3.7/site-packages/airflow/example_dags/example_sensors.py
[2023-07-02T02:17:45.983+0000] {logging_mixin.py:149} INFO - [2023-07-02T02:17:45.983+0000] {dag.py:2726} INFO - Sync 1 DAGs
[2023-07-02T02:17:46.007+0000] {logging_mixin.py:149} INFO - [2023-07-02T02:17:46.006+0000] {dag.py:3490} INFO - Setting next_dagrun for example_sensors to None, run_after=None
[2023-07-02T02:17:46.022+0000] {processor.py:179} INFO - Processing /home/airflow/.local/lib/python3.7/site-packages/airflow/example_dags/example_sensors.py took 0.072 seconds
[2023-07-02T02:18:17.852+0000] {processor.py:157} INFO - Started process (PID=184) to work on /home/airflow/.local/lib/python3.7/site-packages/airflow/example_dags/example_sensors.py
[2023-07-02T02:18:17.852+0000] {processor.py:826} INFO - Processing file /home/airflow/.local/lib/python3.7/site-packages/airflow/example_dags/example_sensors.py for tasks to queue
[2023-07-02T02:18:17.853+0000] {logging_mixin.py:149} INFO - [2023-07-02T02:18:17.853+0000] {dagbag.py:541} INFO - Filling up the DagBag from /home/airflow/.local/lib/python3.7/site-packages/airflow/example_dags/example_sensors.py
[2023-07-02T02:18:17.862+0000] {processor.py:836} INFO - DAG(s) dict_keys(['example_sensors']) retrieved from /home/airflow/.local/lib/python3.7/site-packages/airflow/example_dags/example_sensors.py
[2023-07-02T02:18:17.890+0000] {logging_mixin.py:149} INFO - [2023-07-02T02:18:17.890+0000] {dag.py:2726} INFO - Sync 1 DAGs
[2023-07-02T02:18:17.916+0000] {logging_mixin.py:149} INFO - [2023-07-02T02:18:17.916+0000] {dag.py:3490} INFO - Setting next_dagrun for example_sensors to None, run_after=None
[2023-07-02T02:18:17.930+0000] {processor.py:179} INFO - Processing /home/airflow/.local/lib/python3.7/site-packages/airflow/example_dags/example_sensors.py took 0.081 seconds
