[2023-07-02T02:17:15.626+0000] {processor.py:157} INFO - Started process (PID=55) to work on /home/airflow/.local/lib/python3.7/site-packages/airflow/example_dags/example_task_group.py
[2023-07-02T02:17:15.626+0000] {processor.py:826} INFO - Processing file /home/airflow/.local/lib/python3.7/site-packages/airflow/example_dags/example_task_group.py for tasks to queue
[2023-07-02T02:17:15.627+0000] {logging_mixin.py:149} INFO - [2023-07-02T02:17:15.627+0000] {dagbag.py:541} INFO - Filling up the DagBag from /home/airflow/.local/lib/python3.7/site-packages/airflow/example_dags/example_task_group.py
[2023-07-02T02:17:15.633+0000] {processor.py:836} INFO - DAG(s) dict_keys(['example_task_group']) retrieved from /home/airflow/.local/lib/python3.7/site-packages/airflow/example_dags/example_task_group.py
[2023-07-02T02:17:15.642+0000] {logging_mixin.py:149} INFO - [2023-07-02T02:17:15.642+0000] {dag.py:2726} INFO - Sync 1 DAGs
[2023-07-02T02:17:15.667+0000] {logging_mixin.py:149} INFO - [2023-07-02T02:17:15.666+0000] {dag.py:3490} INFO - Setting next_dagrun for example_task_group to 2023-07-01T02:17:15.666648+00:00, run_after=2023-07-02T02:17:15.666648+00:00
[2023-07-02T02:17:15.685+0000] {processor.py:179} INFO - Processing /home/airflow/.local/lib/python3.7/site-packages/airflow/example_dags/example_task_group.py took 0.061 seconds
[2023-07-02T02:17:46.042+0000] {processor.py:157} INFO - Started process (PID=120) to work on /home/airflow/.local/lib/python3.7/site-packages/airflow/example_dags/example_task_group.py
[2023-07-02T02:17:46.043+0000] {processor.py:826} INFO - Processing file /home/airflow/.local/lib/python3.7/site-packages/airflow/example_dags/example_task_group.py for tasks to queue
[2023-07-02T02:17:46.044+0000] {logging_mixin.py:149} INFO - [2023-07-02T02:17:46.043+0000] {dagbag.py:541} INFO - Filling up the DagBag from /home/airflow/.local/lib/python3.7/site-packages/airflow/example_dags/example_task_group.py
[2023-07-02T02:17:46.049+0000] {processor.py:836} INFO - DAG(s) dict_keys(['example_task_group']) retrieved from /home/airflow/.local/lib/python3.7/site-packages/airflow/example_dags/example_task_group.py
[2023-07-02T02:17:46.067+0000] {logging_mixin.py:149} INFO - [2023-07-02T02:17:46.067+0000] {dag.py:2726} INFO - Sync 1 DAGs
[2023-07-02T02:17:46.089+0000] {logging_mixin.py:149} INFO - [2023-07-02T02:17:46.088+0000] {dag.py:3490} INFO - Setting next_dagrun for example_task_group to 2023-07-01T02:17:46.088710+00:00, run_after=2023-07-02T02:17:46.088710+00:00
[2023-07-02T02:17:46.102+0000] {processor.py:179} INFO - Processing /home/airflow/.local/lib/python3.7/site-packages/airflow/example_dags/example_task_group.py took 0.061 seconds
[2023-07-02T02:18:17.910+0000] {processor.py:157} INFO - Started process (PID=185) to work on /home/airflow/.local/lib/python3.7/site-packages/airflow/example_dags/example_task_group.py
[2023-07-02T02:18:17.911+0000] {processor.py:826} INFO - Processing file /home/airflow/.local/lib/python3.7/site-packages/airflow/example_dags/example_task_group.py for tasks to queue
[2023-07-02T02:18:17.911+0000] {logging_mixin.py:149} INFO - [2023-07-02T02:18:17.911+0000] {dagbag.py:541} INFO - Filling up the DagBag from /home/airflow/.local/lib/python3.7/site-packages/airflow/example_dags/example_task_group.py
[2023-07-02T02:18:17.916+0000] {processor.py:836} INFO - DAG(s) dict_keys(['example_task_group']) retrieved from /home/airflow/.local/lib/python3.7/site-packages/airflow/example_dags/example_task_group.py
[2023-07-02T02:18:17.934+0000] {logging_mixin.py:149} INFO - [2023-07-02T02:18:17.934+0000] {dag.py:2726} INFO - Sync 1 DAGs
[2023-07-02T02:18:17.954+0000] {logging_mixin.py:149} INFO - [2023-07-02T02:18:17.954+0000] {dag.py:3490} INFO - Setting next_dagrun for example_task_group to 2023-07-01T02:18:17.954419+00:00, run_after=2023-07-02T02:18:17.954419+00:00
[2023-07-02T02:18:17.967+0000] {processor.py:179} INFO - Processing /home/airflow/.local/lib/python3.7/site-packages/airflow/example_dags/example_task_group.py took 0.059 seconds
