[2023-07-02T02:17:15.754+0000] {processor.py:157} INFO - Started process (PID=58) to work on /home/airflow/.local/lib/python3.7/site-packages/airflow/example_dags/example_sla_dag.py
[2023-07-02T02:17:15.755+0000] {processor.py:826} INFO - Processing file /home/airflow/.local/lib/python3.7/site-packages/airflow/example_dags/example_sla_dag.py for tasks to queue
[2023-07-02T02:17:15.755+0000] {logging_mixin.py:149} INFO - [2023-07-02T02:17:15.755+0000] {dagbag.py:541} INFO - Filling up the DagBag from /home/airflow/.local/lib/python3.7/site-packages/airflow/example_dags/example_sla_dag.py
[2023-07-02T02:17:15.762+0000] {processor.py:836} INFO - DAG(s) dict_keys(['example_sla_dag']) retrieved from /home/airflow/.local/lib/python3.7/site-packages/airflow/example_dags/example_sla_dag.py
[2023-07-02T02:17:15.772+0000] {logging_mixin.py:149} INFO - [2023-07-02T02:17:15.772+0000] {dag.py:2726} INFO - Sync 1 DAGs
[2023-07-02T02:17:15.806+0000] {logging_mixin.py:149} INFO - [2023-07-02T02:17:15.805+0000] {dag.py:3490} INFO - Setting next_dagrun for example_sla_dag to 2023-07-02T02:14:00+00:00, run_after=2023-07-02T02:16:00+00:00
[2023-07-02T02:17:15.826+0000] {processor.py:179} INFO - Processing /home/airflow/.local/lib/python3.7/site-packages/airflow/example_dags/example_sla_dag.py took 0.074 seconds
[2023-07-02T02:17:46.175+0000] {processor.py:157} INFO - Started process (PID=123) to work on /home/airflow/.local/lib/python3.7/site-packages/airflow/example_dags/example_sla_dag.py
[2023-07-02T02:17:46.176+0000] {processor.py:826} INFO - Processing file /home/airflow/.local/lib/python3.7/site-packages/airflow/example_dags/example_sla_dag.py for tasks to queue
[2023-07-02T02:17:46.176+0000] {logging_mixin.py:149} INFO - [2023-07-02T02:17:46.176+0000] {dagbag.py:541} INFO - Filling up the DagBag from /home/airflow/.local/lib/python3.7/site-packages/airflow/example_dags/example_sla_dag.py
[2023-07-02T02:17:46.183+0000] {processor.py:836} INFO - DAG(s) dict_keys(['example_sla_dag']) retrieved from /home/airflow/.local/lib/python3.7/site-packages/airflow/example_dags/example_sla_dag.py
[2023-07-02T02:17:46.201+0000] {logging_mixin.py:149} INFO - [2023-07-02T02:17:46.201+0000] {dag.py:2726} INFO - Sync 1 DAGs
[2023-07-02T02:17:46.226+0000] {logging_mixin.py:149} INFO - [2023-07-02T02:17:46.226+0000] {dag.py:3490} INFO - Setting next_dagrun for example_sla_dag to 2023-07-02T02:14:00+00:00, run_after=2023-07-02T02:16:00+00:00
[2023-07-02T02:17:46.240+0000] {processor.py:179} INFO - Processing /home/airflow/.local/lib/python3.7/site-packages/airflow/example_dags/example_sla_dag.py took 0.068 seconds
[2023-07-02T02:18:18.025+0000] {processor.py:157} INFO - Started process (PID=188) to work on /home/airflow/.local/lib/python3.7/site-packages/airflow/example_dags/example_sla_dag.py
[2023-07-02T02:18:18.026+0000] {processor.py:826} INFO - Processing file /home/airflow/.local/lib/python3.7/site-packages/airflow/example_dags/example_sla_dag.py for tasks to queue
[2023-07-02T02:18:18.026+0000] {logging_mixin.py:149} INFO - [2023-07-02T02:18:18.026+0000] {dagbag.py:541} INFO - Filling up the DagBag from /home/airflow/.local/lib/python3.7/site-packages/airflow/example_dags/example_sla_dag.py
[2023-07-02T02:18:18.034+0000] {processor.py:836} INFO - DAG(s) dict_keys(['example_sla_dag']) retrieved from /home/airflow/.local/lib/python3.7/site-packages/airflow/example_dags/example_sla_dag.py
[2023-07-02T02:18:18.054+0000] {logging_mixin.py:149} INFO - [2023-07-02T02:18:18.054+0000] {dag.py:2726} INFO - Sync 1 DAGs
[2023-07-02T02:18:18.082+0000] {logging_mixin.py:149} INFO - [2023-07-02T02:18:18.081+0000] {dag.py:3490} INFO - Setting next_dagrun for example_sla_dag to 2023-07-02T02:16:00+00:00, run_after=2023-07-02T02:18:00+00:00
[2023-07-02T02:18:18.097+0000] {processor.py:179} INFO - Processing /home/airflow/.local/lib/python3.7/site-packages/airflow/example_dags/example_sla_dag.py took 0.076 seconds
