[2023-07-02T02:17:14.630+0000] {processor.py:157} INFO - Started process (PID=42) to work on /home/airflow/.local/lib/python3.7/site-packages/airflow/example_dags/example_dynamic_task_mapping.py
[2023-07-02T02:17:14.631+0000] {processor.py:826} INFO - Processing file /home/airflow/.local/lib/python3.7/site-packages/airflow/example_dags/example_dynamic_task_mapping.py for tasks to queue
[2023-07-02T02:17:14.631+0000] {logging_mixin.py:149} INFO - [2023-07-02T02:17:14.631+0000] {dagbag.py:541} INFO - Filling up the DagBag from /home/airflow/.local/lib/python3.7/site-packages/airflow/example_dags/example_dynamic_task_mapping.py
[2023-07-02T02:17:14.637+0000] {processor.py:836} INFO - DAG(s) dict_keys(['example_dynamic_task_mapping']) retrieved from /home/airflow/.local/lib/python3.7/site-packages/airflow/example_dags/example_dynamic_task_mapping.py
[2023-07-02T02:17:14.647+0000] {logging_mixin.py:149} INFO - [2023-07-02T02:17:14.646+0000] {dag.py:2726} INFO - Sync 1 DAGs
[2023-07-02T02:17:14.670+0000] {logging_mixin.py:149} INFO - [2023-07-02T02:17:14.670+0000] {dag.py:3490} INFO - Setting next_dagrun for example_dynamic_task_mapping to 2022-03-04T00:00:00+00:00, run_after=2022-03-05T00:00:00+00:00
[2023-07-02T02:17:14.684+0000] {processor.py:179} INFO - Processing /home/airflow/.local/lib/python3.7/site-packages/airflow/example_dags/example_dynamic_task_mapping.py took 0.055 seconds
[2023-07-02T02:17:45.331+0000] {processor.py:157} INFO - Started process (PID=106) to work on /home/airflow/.local/lib/python3.7/site-packages/airflow/example_dags/example_dynamic_task_mapping.py
[2023-07-02T02:17:45.331+0000] {processor.py:826} INFO - Processing file /home/airflow/.local/lib/python3.7/site-packages/airflow/example_dags/example_dynamic_task_mapping.py for tasks to queue
[2023-07-02T02:17:45.332+0000] {logging_mixin.py:149} INFO - [2023-07-02T02:17:45.332+0000] {dagbag.py:541} INFO - Filling up the DagBag from /home/airflow/.local/lib/python3.7/site-packages/airflow/example_dags/example_dynamic_task_mapping.py
[2023-07-02T02:17:45.336+0000] {processor.py:836} INFO - DAG(s) dict_keys(['example_dynamic_task_mapping']) retrieved from /home/airflow/.local/lib/python3.7/site-packages/airflow/example_dags/example_dynamic_task_mapping.py
[2023-07-02T02:17:45.353+0000] {logging_mixin.py:149} INFO - [2023-07-02T02:17:45.353+0000] {dag.py:2726} INFO - Sync 1 DAGs
[2023-07-02T02:17:45.375+0000] {logging_mixin.py:149} INFO - [2023-07-02T02:17:45.375+0000] {dag.py:3490} INFO - Setting next_dagrun for example_dynamic_task_mapping to 2022-03-04T00:00:00+00:00, run_after=2022-03-05T00:00:00+00:00
[2023-07-02T02:17:45.391+0000] {processor.py:179} INFO - Processing /home/airflow/.local/lib/python3.7/site-packages/airflow/example_dags/example_dynamic_task_mapping.py took 0.062 seconds
[2023-07-02T02:18:16.688+0000] {processor.py:157} INFO - Started process (PID=172) to work on /home/airflow/.local/lib/python3.7/site-packages/airflow/example_dags/example_dynamic_task_mapping.py
[2023-07-02T02:18:16.688+0000] {processor.py:826} INFO - Processing file /home/airflow/.local/lib/python3.7/site-packages/airflow/example_dags/example_dynamic_task_mapping.py for tasks to queue
[2023-07-02T02:18:16.689+0000] {logging_mixin.py:149} INFO - [2023-07-02T02:18:16.689+0000] {dagbag.py:541} INFO - Filling up the DagBag from /home/airflow/.local/lib/python3.7/site-packages/airflow/example_dags/example_dynamic_task_mapping.py
[2023-07-02T02:18:16.693+0000] {processor.py:836} INFO - DAG(s) dict_keys(['example_dynamic_task_mapping']) retrieved from /home/airflow/.local/lib/python3.7/site-packages/airflow/example_dags/example_dynamic_task_mapping.py
[2023-07-02T02:18:16.710+0000] {logging_mixin.py:149} INFO - [2023-07-02T02:18:16.710+0000] {dag.py:2726} INFO - Sync 1 DAGs
[2023-07-02T02:18:16.734+0000] {logging_mixin.py:149} INFO - [2023-07-02T02:18:16.733+0000] {dag.py:3490} INFO - Setting next_dagrun for example_dynamic_task_mapping to 2022-03-04T00:00:00+00:00, run_after=2022-03-05T00:00:00+00:00
[2023-07-02T02:18:16.826+0000] {processor.py:179} INFO - Processing /home/airflow/.local/lib/python3.7/site-packages/airflow/example_dags/example_dynamic_task_mapping.py took 0.140 seconds
