[2023-07-02T02:17:16.576+0000] {processor.py:157} INFO - Started process (PID=73) to work on /home/airflow/.local/lib/python3.7/site-packages/airflow/example_dags/example_dag_decorator.py
[2023-07-02T02:17:16.577+0000] {processor.py:826} INFO - Processing file /home/airflow/.local/lib/python3.7/site-packages/airflow/example_dags/example_dag_decorator.py for tasks to queue
[2023-07-02T02:17:16.577+0000] {logging_mixin.py:149} INFO - [2023-07-02T02:17:16.577+0000] {dagbag.py:541} INFO - Filling up the DagBag from /home/airflow/.local/lib/python3.7/site-packages/airflow/example_dags/example_dag_decorator.py
[2023-07-02T02:17:16.589+0000] {processor.py:836} INFO - DAG(s) dict_keys(['example_dag_decorator']) retrieved from /home/airflow/.local/lib/python3.7/site-packages/airflow/example_dags/example_dag_decorator.py
[2023-07-02T02:17:16.601+0000] {logging_mixin.py:149} INFO - [2023-07-02T02:17:16.600+0000] {dag.py:2726} INFO - Sync 1 DAGs
[2023-07-02T02:17:16.630+0000] {logging_mixin.py:149} INFO - [2023-07-02T02:17:16.630+0000] {dag.py:3490} INFO - Setting next_dagrun for example_dag_decorator to None, run_after=None
[2023-07-02T02:17:16.673+0000] {processor.py:179} INFO - Processing /home/airflow/.local/lib/python3.7/site-packages/airflow/example_dags/example_dag_decorator.py took 0.100 seconds
[2023-07-02T02:17:46.990+0000] {processor.py:157} INFO - Started process (PID=138) to work on /home/airflow/.local/lib/python3.7/site-packages/airflow/example_dags/example_dag_decorator.py
[2023-07-02T02:17:46.991+0000] {processor.py:826} INFO - Processing file /home/airflow/.local/lib/python3.7/site-packages/airflow/example_dags/example_dag_decorator.py for tasks to queue
[2023-07-02T02:17:46.991+0000] {logging_mixin.py:149} INFO - [2023-07-02T02:17:46.991+0000] {dagbag.py:541} INFO - Filling up the DagBag from /home/airflow/.local/lib/python3.7/site-packages/airflow/example_dags/example_dag_decorator.py
[2023-07-02T02:17:47.002+0000] {processor.py:836} INFO - DAG(s) dict_keys(['example_dag_decorator']) retrieved from /home/airflow/.local/lib/python3.7/site-packages/airflow/example_dags/example_dag_decorator.py
[2023-07-02T02:17:47.107+0000] {logging_mixin.py:149} INFO - [2023-07-02T02:17:47.106+0000] {dag.py:2726} INFO - Sync 1 DAGs
[2023-07-02T02:17:47.131+0000] {logging_mixin.py:149} INFO - [2023-07-02T02:17:47.131+0000] {dag.py:3490} INFO - Setting next_dagrun for example_dag_decorator to None, run_after=None
[2023-07-02T02:17:47.146+0000] {processor.py:179} INFO - Processing /home/airflow/.local/lib/python3.7/site-packages/airflow/example_dags/example_dag_decorator.py took 0.158 seconds
[2023-07-02T02:18:18.761+0000] {processor.py:157} INFO - Started process (PID=203) to work on /home/airflow/.local/lib/python3.7/site-packages/airflow/example_dags/example_dag_decorator.py
[2023-07-02T02:18:18.762+0000] {processor.py:826} INFO - Processing file /home/airflow/.local/lib/python3.7/site-packages/airflow/example_dags/example_dag_decorator.py for tasks to queue
[2023-07-02T02:18:18.762+0000] {logging_mixin.py:149} INFO - [2023-07-02T02:18:18.762+0000] {dagbag.py:541} INFO - Filling up the DagBag from /home/airflow/.local/lib/python3.7/site-packages/airflow/example_dags/example_dag_decorator.py
[2023-07-02T02:18:18.773+0000] {processor.py:836} INFO - DAG(s) dict_keys(['example_dag_decorator']) retrieved from /home/airflow/.local/lib/python3.7/site-packages/airflow/example_dags/example_dag_decorator.py
[2023-07-02T02:18:18.873+0000] {logging_mixin.py:149} INFO - [2023-07-02T02:18:18.873+0000] {dag.py:2726} INFO - Sync 1 DAGs
[2023-07-02T02:18:18.893+0000] {logging_mixin.py:149} INFO - [2023-07-02T02:18:18.892+0000] {dag.py:3490} INFO - Setting next_dagrun for example_dag_decorator to None, run_after=None
[2023-07-02T02:18:18.907+0000] {processor.py:179} INFO - Processing /home/airflow/.local/lib/python3.7/site-packages/airflow/example_dags/example_dag_decorator.py took 0.148 seconds
