[2023-07-02T02:17:14.268+0000] {processor.py:157} INFO - Started process (PID=34) to work on /home/airflow/.local/lib/python3.7/site-packages/airflow/example_dags/example_xcomargs.py
[2023-07-02T02:17:14.268+0000] {processor.py:826} INFO - Processing file /home/airflow/.local/lib/python3.7/site-packages/airflow/example_dags/example_xcomargs.py for tasks to queue
[2023-07-02T02:17:14.268+0000] {logging_mixin.py:149} INFO - [2023-07-02T02:17:14.268+0000] {dagbag.py:541} INFO - Filling up the DagBag from /home/airflow/.local/lib/python3.7/site-packages/airflow/example_dags/example_xcomargs.py
[2023-07-02T02:17:14.275+0000] {processor.py:836} INFO - DAG(s) dict_keys(['example_xcom_args', 'example_xcom_args_with_operators']) retrieved from /home/airflow/.local/lib/python3.7/site-packages/airflow/example_dags/example_xcomargs.py
[2023-07-02T02:17:14.288+0000] {logging_mixin.py:149} INFO - [2023-07-02T02:17:14.288+0000] {dag.py:2726} INFO - Sync 2 DAGs
[2023-07-02T02:17:14.320+0000] {logging_mixin.py:149} INFO - [2023-07-02T02:17:14.320+0000] {dag.py:3490} INFO - Setting next_dagrun for example_xcom_args to None, run_after=None
[2023-07-02T02:17:14.323+0000] {logging_mixin.py:149} INFO - [2023-07-02T02:17:14.323+0000] {dag.py:3490} INFO - Setting next_dagrun for example_xcom_args_with_operators to None, run_after=None
[2023-07-02T02:17:14.338+0000] {processor.py:179} INFO - Processing /home/airflow/.local/lib/python3.7/site-packages/airflow/example_dags/example_xcomargs.py took 0.073 seconds
[2023-07-02T02:17:44.987+0000] {processor.py:157} INFO - Started process (PID=99) to work on /home/airflow/.local/lib/python3.7/site-packages/airflow/example_dags/example_xcomargs.py
[2023-07-02T02:17:44.988+0000] {processor.py:826} INFO - Processing file /home/airflow/.local/lib/python3.7/site-packages/airflow/example_dags/example_xcomargs.py for tasks to queue
[2023-07-02T02:17:44.988+0000] {logging_mixin.py:149} INFO - [2023-07-02T02:17:44.988+0000] {dagbag.py:541} INFO - Filling up the DagBag from /home/airflow/.local/lib/python3.7/site-packages/airflow/example_dags/example_xcomargs.py
[2023-07-02T02:17:44.993+0000] {processor.py:836} INFO - DAG(s) dict_keys(['example_xcom_args', 'example_xcom_args_with_operators']) retrieved from /home/airflow/.local/lib/python3.7/site-packages/airflow/example_dags/example_xcomargs.py
[2023-07-02T02:17:45.017+0000] {logging_mixin.py:149} INFO - [2023-07-02T02:17:45.017+0000] {dag.py:2726} INFO - Sync 2 DAGs
[2023-07-02T02:17:45.042+0000] {logging_mixin.py:149} INFO - [2023-07-02T02:17:45.042+0000] {dag.py:3490} INFO - Setting next_dagrun for example_xcom_args to None, run_after=None
[2023-07-02T02:17:45.044+0000] {logging_mixin.py:149} INFO - [2023-07-02T02:17:45.044+0000] {dag.py:3490} INFO - Setting next_dagrun for example_xcom_args_with_operators to None, run_after=None
[2023-07-02T02:17:45.056+0000] {processor.py:179} INFO - Processing /home/airflow/.local/lib/python3.7/site-packages/airflow/example_dags/example_xcomargs.py took 0.071 seconds
[2023-07-02T02:18:15.456+0000] {processor.py:157} INFO - Started process (PID=164) to work on /home/airflow/.local/lib/python3.7/site-packages/airflow/example_dags/example_xcomargs.py
[2023-07-02T02:18:15.566+0000] {processor.py:826} INFO - Processing file /home/airflow/.local/lib/python3.7/site-packages/airflow/example_dags/example_xcomargs.py for tasks to queue
[2023-07-02T02:18:15.567+0000] {logging_mixin.py:149} INFO - [2023-07-02T02:18:15.567+0000] {dagbag.py:541} INFO - Filling up the DagBag from /home/airflow/.local/lib/python3.7/site-packages/airflow/example_dags/example_xcomargs.py
[2023-07-02T02:18:15.572+0000] {processor.py:836} INFO - DAG(s) dict_keys(['example_xcom_args_with_operators', 'example_xcom_args']) retrieved from /home/airflow/.local/lib/python3.7/site-packages/airflow/example_dags/example_xcomargs.py
[2023-07-02T02:18:15.593+0000] {logging_mixin.py:149} INFO - [2023-07-02T02:18:15.593+0000] {dag.py:2726} INFO - Sync 2 DAGs
[2023-07-02T02:18:15.612+0000] {logging_mixin.py:149} INFO - [2023-07-02T02:18:15.612+0000] {dag.py:3490} INFO - Setting next_dagrun for example_xcom_args to None, run_after=None
[2023-07-02T02:18:15.614+0000] {logging_mixin.py:149} INFO - [2023-07-02T02:18:15.614+0000] {dag.py:3490} INFO - Setting next_dagrun for example_xcom_args_with_operators to None, run_after=None
[2023-07-02T02:18:15.786+0000] {processor.py:179} INFO - Processing /home/airflow/.local/lib/python3.7/site-packages/airflow/example_dags/example_xcomargs.py took 0.332 seconds
