[2023-07-02T02:17:15.667+0000] {processor.py:157} INFO - Started process (PID=56) to work on /home/airflow/.local/lib/python3.7/site-packages/airflow/example_dags/example_xcom.py
[2023-07-02T02:17:15.668+0000] {processor.py:826} INFO - Processing file /home/airflow/.local/lib/python3.7/site-packages/airflow/example_dags/example_xcom.py for tasks to queue
[2023-07-02T02:17:15.668+0000] {logging_mixin.py:149} INFO - [2023-07-02T02:17:15.668+0000] {dagbag.py:541} INFO - Filling up the DagBag from /home/airflow/.local/lib/python3.7/site-packages/airflow/example_dags/example_xcom.py
[2023-07-02T02:17:15.674+0000] {processor.py:836} INFO - DAG(s) dict_keys(['example_xcom']) retrieved from /home/airflow/.local/lib/python3.7/site-packages/airflow/example_dags/example_xcom.py
[2023-07-02T02:17:15.685+0000] {logging_mixin.py:149} INFO - [2023-07-02T02:17:15.685+0000] {dag.py:2726} INFO - Sync 1 DAGs
[2023-07-02T02:17:15.714+0000] {logging_mixin.py:149} INFO - [2023-07-02T02:17:15.714+0000] {dag.py:3490} INFO - Setting next_dagrun for example_xcom to 2021-01-01T00:00:00+00:00, run_after=2021-01-01T00:00:00+00:00
[2023-07-02T02:17:15.734+0000] {processor.py:179} INFO - Processing /home/airflow/.local/lib/python3.7/site-packages/airflow/example_dags/example_xcom.py took 0.069 seconds
[2023-07-02T02:17:46.094+0000] {processor.py:157} INFO - Started process (PID=121) to work on /home/airflow/.local/lib/python3.7/site-packages/airflow/example_dags/example_xcom.py
[2023-07-02T02:17:46.095+0000] {processor.py:826} INFO - Processing file /home/airflow/.local/lib/python3.7/site-packages/airflow/example_dags/example_xcom.py for tasks to queue
[2023-07-02T02:17:46.095+0000] {logging_mixin.py:149} INFO - [2023-07-02T02:17:46.095+0000] {dagbag.py:541} INFO - Filling up the DagBag from /home/airflow/.local/lib/python3.7/site-packages/airflow/example_dags/example_xcom.py
[2023-07-02T02:17:46.100+0000] {processor.py:836} INFO - DAG(s) dict_keys(['example_xcom']) retrieved from /home/airflow/.local/lib/python3.7/site-packages/airflow/example_dags/example_xcom.py
[2023-07-02T02:17:46.119+0000] {logging_mixin.py:149} INFO - [2023-07-02T02:17:46.119+0000] {dag.py:2726} INFO - Sync 1 DAGs
[2023-07-02T02:17:46.140+0000] {logging_mixin.py:149} INFO - [2023-07-02T02:17:46.140+0000] {dag.py:3490} INFO - Setting next_dagrun for example_xcom to 2021-01-01T00:00:00+00:00, run_after=2021-01-01T00:00:00+00:00
[2023-07-02T02:17:46.158+0000] {processor.py:179} INFO - Processing /home/airflow/.local/lib/python3.7/site-packages/airflow/example_dags/example_xcom.py took 0.066 seconds
[2023-07-02T02:18:17.946+0000] {processor.py:157} INFO - Started process (PID=186) to work on /home/airflow/.local/lib/python3.7/site-packages/airflow/example_dags/example_xcom.py
[2023-07-02T02:18:17.946+0000] {processor.py:826} INFO - Processing file /home/airflow/.local/lib/python3.7/site-packages/airflow/example_dags/example_xcom.py for tasks to queue
[2023-07-02T02:18:17.947+0000] {logging_mixin.py:149} INFO - [2023-07-02T02:18:17.947+0000] {dagbag.py:541} INFO - Filling up the DagBag from /home/airflow/.local/lib/python3.7/site-packages/airflow/example_dags/example_xcom.py
[2023-07-02T02:18:17.951+0000] {processor.py:836} INFO - DAG(s) dict_keys(['example_xcom']) retrieved from /home/airflow/.local/lib/python3.7/site-packages/airflow/example_dags/example_xcom.py
[2023-07-02T02:18:17.969+0000] {logging_mixin.py:149} INFO - [2023-07-02T02:18:17.969+0000] {dag.py:2726} INFO - Sync 1 DAGs
[2023-07-02T02:18:17.993+0000] {logging_mixin.py:149} INFO - [2023-07-02T02:18:17.993+0000] {dag.py:3490} INFO - Setting next_dagrun for example_xcom to 2021-01-01T00:00:00+00:00, run_after=2021-01-01T00:00:00+00:00
[2023-07-02T02:18:18.005+0000] {processor.py:179} INFO - Processing /home/airflow/.local/lib/python3.7/site-packages/airflow/example_dags/example_xcom.py took 0.062 seconds
