[2023-07-02T02:17:15.302+0000] {processor.py:157} INFO - Started process (PID=51) to work on /home/airflow/.local/lib/python3.7/site-packages/airflow/example_dags/example_trigger_target_dag.py
[2023-07-02T02:17:15.303+0000] {processor.py:826} INFO - Processing file /home/airflow/.local/lib/python3.7/site-packages/airflow/example_dags/example_trigger_target_dag.py for tasks to queue
[2023-07-02T02:17:15.304+0000] {logging_mixin.py:149} INFO - [2023-07-02T02:17:15.303+0000] {dagbag.py:541} INFO - Filling up the DagBag from /home/airflow/.local/lib/python3.7/site-packages/airflow/example_dags/example_trigger_target_dag.py
[2023-07-02T02:17:15.308+0000] {processor.py:836} INFO - DAG(s) dict_keys(['example_trigger_target_dag']) retrieved from /home/airflow/.local/lib/python3.7/site-packages/airflow/example_dags/example_trigger_target_dag.py
[2023-07-02T02:17:15.320+0000] {logging_mixin.py:149} INFO - [2023-07-02T02:17:15.320+0000] {dag.py:2726} INFO - Sync 1 DAGs
[2023-07-02T02:17:15.345+0000] {logging_mixin.py:149} INFO - [2023-07-02T02:17:15.345+0000] {dag.py:3490} INFO - Setting next_dagrun for example_trigger_target_dag to None, run_after=None
[2023-07-02T02:17:15.365+0000] {processor.py:179} INFO - Processing /home/airflow/.local/lib/python3.7/site-packages/airflow/example_dags/example_trigger_target_dag.py took 0.065 seconds
[2023-07-02T02:17:45.782+0000] {processor.py:157} INFO - Started process (PID=115) to work on /home/airflow/.local/lib/python3.7/site-packages/airflow/example_dags/example_trigger_target_dag.py
[2023-07-02T02:17:45.783+0000] {processor.py:826} INFO - Processing file /home/airflow/.local/lib/python3.7/site-packages/airflow/example_dags/example_trigger_target_dag.py for tasks to queue
[2023-07-02T02:17:45.783+0000] {logging_mixin.py:149} INFO - [2023-07-02T02:17:45.783+0000] {dagbag.py:541} INFO - Filling up the DagBag from /home/airflow/.local/lib/python3.7/site-packages/airflow/example_dags/example_trigger_target_dag.py
[2023-07-02T02:17:45.786+0000] {processor.py:836} INFO - DAG(s) dict_keys(['example_trigger_target_dag']) retrieved from /home/airflow/.local/lib/python3.7/site-packages/airflow/example_dags/example_trigger_target_dag.py
[2023-07-02T02:17:45.804+0000] {logging_mixin.py:149} INFO - [2023-07-02T02:17:45.804+0000] {dag.py:2726} INFO - Sync 1 DAGs
[2023-07-02T02:17:45.823+0000] {logging_mixin.py:149} INFO - [2023-07-02T02:17:45.823+0000] {dag.py:3490} INFO - Setting next_dagrun for example_trigger_target_dag to None, run_after=None
[2023-07-02T02:17:45.836+0000] {processor.py:179} INFO - Processing /home/airflow/.local/lib/python3.7/site-packages/airflow/example_dags/example_trigger_target_dag.py took 0.056 seconds
[2023-07-02T02:18:17.766+0000] {processor.py:157} INFO - Started process (PID=181) to work on /home/airflow/.local/lib/python3.7/site-packages/airflow/example_dags/example_trigger_target_dag.py
[2023-07-02T02:18:17.766+0000] {processor.py:826} INFO - Processing file /home/airflow/.local/lib/python3.7/site-packages/airflow/example_dags/example_trigger_target_dag.py for tasks to queue
[2023-07-02T02:18:17.767+0000] {logging_mixin.py:149} INFO - [2023-07-02T02:18:17.767+0000] {dagbag.py:541} INFO - Filling up the DagBag from /home/airflow/.local/lib/python3.7/site-packages/airflow/example_dags/example_trigger_target_dag.py
[2023-07-02T02:18:17.770+0000] {processor.py:836} INFO - DAG(s) dict_keys(['example_trigger_target_dag']) retrieved from /home/airflow/.local/lib/python3.7/site-packages/airflow/example_dags/example_trigger_target_dag.py
[2023-07-02T02:18:17.790+0000] {logging_mixin.py:149} INFO - [2023-07-02T02:18:17.790+0000] {dag.py:2726} INFO - Sync 1 DAGs
[2023-07-02T02:18:17.810+0000] {logging_mixin.py:149} INFO - [2023-07-02T02:18:17.809+0000] {dag.py:3490} INFO - Setting next_dagrun for example_trigger_target_dag to None, run_after=None
[2023-07-02T02:18:17.822+0000] {processor.py:179} INFO - Processing /home/airflow/.local/lib/python3.7/site-packages/airflow/example_dags/example_trigger_target_dag.py took 0.059 seconds
