[2023-07-02T02:17:16.027+0000] {processor.py:157} INFO - Started process (PID=63) to work on /home/airflow/.local/lib/python3.7/site-packages/airflow/example_dags/example_bash_operator.py
[2023-07-02T02:17:16.027+0000] {processor.py:826} INFO - Processing file /home/airflow/.local/lib/python3.7/site-packages/airflow/example_dags/example_bash_operator.py for tasks to queue
[2023-07-02T02:17:16.028+0000] {logging_mixin.py:149} INFO - [2023-07-02T02:17:16.028+0000] {dagbag.py:541} INFO - Filling up the DagBag from /home/airflow/.local/lib/python3.7/site-packages/airflow/example_dags/example_bash_operator.py
[2023-07-02T02:17:16.044+0000] {processor.py:836} INFO - DAG(s) dict_keys(['example_bash_operator']) retrieved from /home/airflow/.local/lib/python3.7/site-packages/airflow/example_dags/example_bash_operator.py
[2023-07-02T02:17:16.054+0000] {logging_mixin.py:149} INFO - [2023-07-02T02:17:16.054+0000] {dag.py:2726} INFO - Sync 1 DAGs
[2023-07-02T02:17:16.078+0000] {logging_mixin.py:149} INFO - [2023-07-02T02:17:16.078+0000] {dag.py:3490} INFO - Setting next_dagrun for example_bash_operator to 2023-07-01T00:00:00+00:00, run_after=2023-07-02T00:00:00+00:00
[2023-07-02T02:17:16.092+0000] {processor.py:179} INFO - Processing /home/airflow/.local/lib/python3.7/site-packages/airflow/example_dags/example_bash_operator.py took 0.068 seconds
[2023-07-02T02:17:46.473+0000] {processor.py:157} INFO - Started process (PID=128) to work on /home/airflow/.local/lib/python3.7/site-packages/airflow/example_dags/example_bash_operator.py
[2023-07-02T02:17:46.474+0000] {processor.py:826} INFO - Processing file /home/airflow/.local/lib/python3.7/site-packages/airflow/example_dags/example_bash_operator.py for tasks to queue
[2023-07-02T02:17:46.475+0000] {logging_mixin.py:149} INFO - [2023-07-02T02:17:46.475+0000] {dagbag.py:541} INFO - Filling up the DagBag from /home/airflow/.local/lib/python3.7/site-packages/airflow/example_dags/example_bash_operator.py
[2023-07-02T02:17:46.487+0000] {processor.py:836} INFO - DAG(s) dict_keys(['example_bash_operator']) retrieved from /home/airflow/.local/lib/python3.7/site-packages/airflow/example_dags/example_bash_operator.py
[2023-07-02T02:17:46.519+0000] {logging_mixin.py:149} INFO - [2023-07-02T02:17:46.518+0000] {dag.py:2726} INFO - Sync 1 DAGs
[2023-07-02T02:17:46.539+0000] {logging_mixin.py:149} INFO - [2023-07-02T02:17:46.539+0000] {dag.py:3490} INFO - Setting next_dagrun for example_bash_operator to 2023-07-01T00:00:00+00:00, run_after=2023-07-02T00:00:00+00:00
[2023-07-02T02:17:46.554+0000] {processor.py:179} INFO - Processing /home/airflow/.local/lib/python3.7/site-packages/airflow/example_dags/example_bash_operator.py took 0.082 seconds
[2023-07-02T02:18:18.288+0000] {processor.py:157} INFO - Started process (PID=193) to work on /home/airflow/.local/lib/python3.7/site-packages/airflow/example_dags/example_bash_operator.py
[2023-07-02T02:18:18.289+0000] {processor.py:826} INFO - Processing file /home/airflow/.local/lib/python3.7/site-packages/airflow/example_dags/example_bash_operator.py for tasks to queue
[2023-07-02T02:18:18.289+0000] {logging_mixin.py:149} INFO - [2023-07-02T02:18:18.289+0000] {dagbag.py:541} INFO - Filling up the DagBag from /home/airflow/.local/lib/python3.7/site-packages/airflow/example_dags/example_bash_operator.py
[2023-07-02T02:18:18.298+0000] {processor.py:836} INFO - DAG(s) dict_keys(['example_bash_operator']) retrieved from /home/airflow/.local/lib/python3.7/site-packages/airflow/example_dags/example_bash_operator.py
[2023-07-02T02:18:18.327+0000] {logging_mixin.py:149} INFO - [2023-07-02T02:18:18.327+0000] {dag.py:2726} INFO - Sync 1 DAGs
[2023-07-02T02:18:18.348+0000] {logging_mixin.py:149} INFO - [2023-07-02T02:18:18.348+0000] {dag.py:3490} INFO - Setting next_dagrun for example_bash_operator to 2023-07-01T00:00:00+00:00, run_after=2023-07-02T00:00:00+00:00
[2023-07-02T02:18:18.364+0000] {processor.py:179} INFO - Processing /home/airflow/.local/lib/python3.7/site-packages/airflow/example_dags/example_bash_operator.py took 0.078 seconds
