[2023-07-02T02:17:16.187+0000] {processor.py:157} INFO - Started process (PID=66) to work on /home/airflow/.local/lib/python3.7/site-packages/airflow/example_dags/example_short_circuit_decorator.py
[2023-07-02T02:17:16.188+0000] {processor.py:826} INFO - Processing file /home/airflow/.local/lib/python3.7/site-packages/airflow/example_dags/example_short_circuit_decorator.py for tasks to queue
[2023-07-02T02:17:16.188+0000] {logging_mixin.py:149} INFO - [2023-07-02T02:17:16.188+0000] {dagbag.py:541} INFO - Filling up the DagBag from /home/airflow/.local/lib/python3.7/site-packages/airflow/example_dags/example_short_circuit_decorator.py
[2023-07-02T02:17:16.196+0000] {processor.py:836} INFO - DAG(s) dict_keys(['example_short_circuit_decorator']) retrieved from /home/airflow/.local/lib/python3.7/site-packages/airflow/example_dags/example_short_circuit_decorator.py
[2023-07-02T02:17:16.207+0000] {logging_mixin.py:149} INFO - [2023-07-02T02:17:16.207+0000] {dag.py:2726} INFO - Sync 1 DAGs
[2023-07-02T02:17:16.241+0000] {logging_mixin.py:149} INFO - [2023-07-02T02:17:16.241+0000] {dag.py:3490} INFO - Setting next_dagrun for example_short_circuit_decorator to 2023-07-01T02:17:16.241075+00:00, run_after=2023-07-02T02:17:16.241075+00:00
[2023-07-02T02:17:16.260+0000] {processor.py:179} INFO - Processing /home/airflow/.local/lib/python3.7/site-packages/airflow/example_dags/example_short_circuit_decorator.py took 0.075 seconds
[2023-07-02T02:17:46.630+0000] {processor.py:157} INFO - Started process (PID=131) to work on /home/airflow/.local/lib/python3.7/site-packages/airflow/example_dags/example_short_circuit_decorator.py
[2023-07-02T02:17:46.631+0000] {processor.py:826} INFO - Processing file /home/airflow/.local/lib/python3.7/site-packages/airflow/example_dags/example_short_circuit_decorator.py for tasks to queue
[2023-07-02T02:17:46.631+0000] {logging_mixin.py:149} INFO - [2023-07-02T02:17:46.631+0000] {dagbag.py:541} INFO - Filling up the DagBag from /home/airflow/.local/lib/python3.7/site-packages/airflow/example_dags/example_short_circuit_decorator.py
[2023-07-02T02:17:46.637+0000] {processor.py:836} INFO - DAG(s) dict_keys(['example_short_circuit_decorator']) retrieved from /home/airflow/.local/lib/python3.7/site-packages/airflow/example_dags/example_short_circuit_decorator.py
[2023-07-02T02:17:46.658+0000] {logging_mixin.py:149} INFO - [2023-07-02T02:17:46.658+0000] {dag.py:2726} INFO - Sync 1 DAGs
[2023-07-02T02:17:46.681+0000] {logging_mixin.py:149} INFO - [2023-07-02T02:17:46.681+0000] {dag.py:3490} INFO - Setting next_dagrun for example_short_circuit_decorator to 2023-07-01T02:17:46.681358+00:00, run_after=2023-07-02T02:17:46.681358+00:00
[2023-07-02T02:17:46.694+0000] {processor.py:179} INFO - Processing /home/airflow/.local/lib/python3.7/site-packages/airflow/example_dags/example_short_circuit_decorator.py took 0.066 seconds
[2023-07-02T02:18:18.469+0000] {processor.py:157} INFO - Started process (PID=196) to work on /home/airflow/.local/lib/python3.7/site-packages/airflow/example_dags/example_short_circuit_decorator.py
[2023-07-02T02:18:18.469+0000] {processor.py:826} INFO - Processing file /home/airflow/.local/lib/python3.7/site-packages/airflow/example_dags/example_short_circuit_decorator.py for tasks to queue
[2023-07-02T02:18:18.470+0000] {logging_mixin.py:149} INFO - [2023-07-02T02:18:18.470+0000] {dagbag.py:541} INFO - Filling up the DagBag from /home/airflow/.local/lib/python3.7/site-packages/airflow/example_dags/example_short_circuit_decorator.py
[2023-07-02T02:18:18.476+0000] {processor.py:836} INFO - DAG(s) dict_keys(['example_short_circuit_decorator']) retrieved from /home/airflow/.local/lib/python3.7/site-packages/airflow/example_dags/example_short_circuit_decorator.py
[2023-07-02T02:18:18.498+0000] {logging_mixin.py:149} INFO - [2023-07-02T02:18:18.498+0000] {dag.py:2726} INFO - Sync 1 DAGs
[2023-07-02T02:18:18.519+0000] {logging_mixin.py:149} INFO - [2023-07-02T02:18:18.518+0000] {dag.py:3490} INFO - Setting next_dagrun for example_short_circuit_decorator to 2023-07-01T02:18:18.518717+00:00, run_after=2023-07-02T02:18:18.518717+00:00
[2023-07-02T02:18:18.535+0000] {processor.py:179} INFO - Processing /home/airflow/.local/lib/python3.7/site-packages/airflow/example_dags/example_short_circuit_decorator.py took 0.068 seconds
