[2023-07-02T02:17:14.800+0000] {processor.py:157} INFO - Started process (PID=44) to work on /home/airflow/.local/lib/python3.7/site-packages/airflow/example_dags/example_task_group_decorator.py
[2023-07-02T02:17:14.801+0000] {processor.py:826} INFO - Processing file /home/airflow/.local/lib/python3.7/site-packages/airflow/example_dags/example_task_group_decorator.py for tasks to queue
[2023-07-02T02:17:14.801+0000] {logging_mixin.py:149} INFO - [2023-07-02T02:17:14.801+0000] {dagbag.py:541} INFO - Filling up the DagBag from /home/airflow/.local/lib/python3.7/site-packages/airflow/example_dags/example_task_group_decorator.py
[2023-07-02T02:17:14.813+0000] {processor.py:836} INFO - DAG(s) dict_keys(['example_task_group_decorator']) retrieved from /home/airflow/.local/lib/python3.7/site-packages/airflow/example_dags/example_task_group_decorator.py
[2023-07-02T02:17:14.822+0000] {logging_mixin.py:149} INFO - [2023-07-02T02:17:14.822+0000] {dag.py:2726} INFO - Sync 1 DAGs
[2023-07-02T02:17:14.844+0000] {logging_mixin.py:149} INFO - [2023-07-02T02:17:14.844+0000] {dag.py:3490} INFO - Setting next_dagrun for example_task_group_decorator to 2023-07-01T02:17:14.843871+00:00, run_after=2023-07-02T02:17:14.843871+00:00
[2023-07-02T02:17:14.857+0000] {processor.py:179} INFO - Processing /home/airflow/.local/lib/python3.7/site-packages/airflow/example_dags/example_task_group_decorator.py took 0.060 seconds
[2023-07-02T02:17:45.476+0000] {processor.py:157} INFO - Started process (PID=108) to work on /home/airflow/.local/lib/python3.7/site-packages/airflow/example_dags/example_task_group_decorator.py
[2023-07-02T02:17:45.477+0000] {processor.py:826} INFO - Processing file /home/airflow/.local/lib/python3.7/site-packages/airflow/example_dags/example_task_group_decorator.py for tasks to queue
[2023-07-02T02:17:45.477+0000] {logging_mixin.py:149} INFO - [2023-07-02T02:17:45.477+0000] {dagbag.py:541} INFO - Filling up the DagBag from /home/airflow/.local/lib/python3.7/site-packages/airflow/example_dags/example_task_group_decorator.py
[2023-07-02T02:17:45.487+0000] {processor.py:836} INFO - DAG(s) dict_keys(['example_task_group_decorator']) retrieved from /home/airflow/.local/lib/python3.7/site-packages/airflow/example_dags/example_task_group_decorator.py
[2023-07-02T02:17:45.510+0000] {logging_mixin.py:149} INFO - [2023-07-02T02:17:45.510+0000] {dag.py:2726} INFO - Sync 1 DAGs
[2023-07-02T02:17:45.535+0000] {logging_mixin.py:149} INFO - [2023-07-02T02:17:45.535+0000] {dag.py:3490} INFO - Setting next_dagrun for example_task_group_decorator to 2023-07-01T02:17:45.535455+00:00, run_after=2023-07-02T02:17:45.535455+00:00
[2023-07-02T02:17:45.552+0000] {processor.py:179} INFO - Processing /home/airflow/.local/lib/python3.7/site-packages/airflow/example_dags/example_task_group_decorator.py took 0.078 seconds
[2023-07-02T02:18:17.012+0000] {processor.py:157} INFO - Started process (PID=174) to work on /home/airflow/.local/lib/python3.7/site-packages/airflow/example_dags/example_task_group_decorator.py
[2023-07-02T02:18:17.013+0000] {processor.py:826} INFO - Processing file /home/airflow/.local/lib/python3.7/site-packages/airflow/example_dags/example_task_group_decorator.py for tasks to queue
[2023-07-02T02:18:17.013+0000] {logging_mixin.py:149} INFO - [2023-07-02T02:18:17.013+0000] {dagbag.py:541} INFO - Filling up the DagBag from /home/airflow/.local/lib/python3.7/site-packages/airflow/example_dags/example_task_group_decorator.py
[2023-07-02T02:18:17.022+0000] {processor.py:836} INFO - DAG(s) dict_keys(['example_task_group_decorator']) retrieved from /home/airflow/.local/lib/python3.7/site-packages/airflow/example_dags/example_task_group_decorator.py
[2023-07-02T02:18:17.048+0000] {logging_mixin.py:149} INFO - [2023-07-02T02:18:17.048+0000] {dag.py:2726} INFO - Sync 1 DAGs
[2023-07-02T02:18:17.067+0000] {logging_mixin.py:149} INFO - [2023-07-02T02:18:17.067+0000] {dag.py:3490} INFO - Setting next_dagrun for example_task_group_decorator to 2023-07-01T02:18:17.067208+00:00, run_after=2023-07-02T02:18:17.067208+00:00
[2023-07-02T02:18:17.146+0000] {processor.py:179} INFO - Processing /home/airflow/.local/lib/python3.7/site-packages/airflow/example_dags/example_task_group_decorator.py took 0.136 seconds
