[2023-07-02T02:17:14.353+0000] {processor.py:157} INFO - Started process (PID=36) to work on /home/airflow/.local/lib/python3.7/site-packages/airflow/example_dags/example_subdag_operator.py
[2023-07-02T02:17:14.354+0000] {processor.py:826} INFO - Processing file /home/airflow/.local/lib/python3.7/site-packages/airflow/example_dags/example_subdag_operator.py for tasks to queue
[2023-07-02T02:17:14.354+0000] {logging_mixin.py:149} INFO - [2023-07-02T02:17:14.354+0000] {dagbag.py:541} INFO - Filling up the DagBag from /home/airflow/.local/lib/python3.7/site-packages/airflow/example_dags/example_subdag_operator.py
[2023-07-02T02:17:14.371+0000] {processor.py:836} INFO - DAG(s) dict_keys(['example_subdag_operator.section-1', 'example_subdag_operator.section-2', 'example_subdag_operator']) retrieved from /home/airflow/.local/lib/python3.7/site-packages/airflow/example_dags/example_subdag_operator.py
[2023-07-02T02:17:14.374+0000] {logging_mixin.py:149} INFO - [2023-07-02T02:17:14.374+0000] {dag.py:2726} INFO - Sync 3 DAGs
[2023-07-02T02:17:14.399+0000] {logging_mixin.py:149} INFO - [2023-07-02T02:17:14.399+0000] {dag.py:3490} INFO - Setting next_dagrun for example_subdag_operator to 2022-01-01T00:00:00+00:00, run_after=2022-01-01T00:00:00+00:00
[2023-07-02T02:17:14.403+0000] {logging_mixin.py:149} INFO - [2023-07-02T02:17:14.403+0000] {dag.py:3490} INFO - Setting next_dagrun for example_subdag_operator.section-1 to None, run_after=None
[2023-07-02T02:17:14.404+0000] {logging_mixin.py:149} INFO - [2023-07-02T02:17:14.404+0000] {dag.py:3490} INFO - Setting next_dagrun for example_subdag_operator.section-2 to None, run_after=None
[2023-07-02T02:17:14.409+0000] {logging_mixin.py:149} INFO - [2023-07-02T02:17:14.409+0000] {dag.py:2726} INFO - Sync 2 DAGs
[2023-07-02T02:17:14.415+0000] {logging_mixin.py:149} INFO - [2023-07-02T02:17:14.415+0000] {dag.py:3490} INFO - Setting next_dagrun for example_subdag_operator.section-1 to None, run_after=None
[2023-07-02T02:17:14.415+0000] {logging_mixin.py:149} INFO - [2023-07-02T02:17:14.415+0000] {dag.py:3490} INFO - Setting next_dagrun for example_subdag_operator.section-2 to None, run_after=None
[2023-07-02T02:17:14.424+0000] {processor.py:179} INFO - Processing /home/airflow/.local/lib/python3.7/site-packages/airflow/example_dags/example_subdag_operator.py took 0.073 seconds
[2023-07-02T02:17:45.072+0000] {processor.py:157} INFO - Started process (PID=101) to work on /home/airflow/.local/lib/python3.7/site-packages/airflow/example_dags/example_subdag_operator.py
[2023-07-02T02:17:45.073+0000] {processor.py:826} INFO - Processing file /home/airflow/.local/lib/python3.7/site-packages/airflow/example_dags/example_subdag_operator.py for tasks to queue
[2023-07-02T02:17:45.073+0000] {logging_mixin.py:149} INFO - [2023-07-02T02:17:45.073+0000] {dagbag.py:541} INFO - Filling up the DagBag from /home/airflow/.local/lib/python3.7/site-packages/airflow/example_dags/example_subdag_operator.py
[2023-07-02T02:17:45.095+0000] {processor.py:836} INFO - DAG(s) dict_keys(['example_subdag_operator.section-1', 'example_subdag_operator.section-2', 'example_subdag_operator']) retrieved from /home/airflow/.local/lib/python3.7/site-packages/airflow/example_dags/example_subdag_operator.py
[2023-07-02T02:17:45.115+0000] {logging_mixin.py:149} INFO - [2023-07-02T02:17:45.115+0000] {dag.py:2726} INFO - Sync 3 DAGs
[2023-07-02T02:17:45.135+0000] {logging_mixin.py:149} INFO - [2023-07-02T02:17:45.135+0000] {dag.py:3490} INFO - Setting next_dagrun for example_subdag_operator to 2022-01-01T00:00:00+00:00, run_after=2022-01-01T00:00:00+00:00
[2023-07-02T02:17:45.138+0000] {logging_mixin.py:149} INFO - [2023-07-02T02:17:45.138+0000] {dag.py:3490} INFO - Setting next_dagrun for example_subdag_operator.section-1 to None, run_after=None
[2023-07-02T02:17:45.138+0000] {logging_mixin.py:149} INFO - [2023-07-02T02:17:45.138+0000] {dag.py:3490} INFO - Setting next_dagrun for example_subdag_operator.section-2 to None, run_after=None
[2023-07-02T02:17:45.144+0000] {logging_mixin.py:149} INFO - [2023-07-02T02:17:45.143+0000] {dag.py:2726} INFO - Sync 2 DAGs
[2023-07-02T02:17:45.148+0000] {logging_mixin.py:149} INFO - [2023-07-02T02:17:45.147+0000] {dag.py:3490} INFO - Setting next_dagrun for example_subdag_operator.section-1 to None, run_after=None
[2023-07-02T02:17:45.148+0000] {logging_mixin.py:149} INFO - [2023-07-02T02:17:45.148+0000] {dag.py:3490} INFO - Setting next_dagrun for example_subdag_operator.section-2 to None, run_after=None
[2023-07-02T02:17:45.155+0000] {processor.py:179} INFO - Processing /home/airflow/.local/lib/python3.7/site-packages/airflow/example_dags/example_subdag_operator.py took 0.085 seconds
[2023-07-02T02:18:15.802+0000] {processor.py:157} INFO - Started process (PID=166) to work on /home/airflow/.local/lib/python3.7/site-packages/airflow/example_dags/example_subdag_operator.py
[2023-07-02T02:18:15.911+0000] {processor.py:826} INFO - Processing file /home/airflow/.local/lib/python3.7/site-packages/airflow/example_dags/example_subdag_operator.py for tasks to queue
[2023-07-02T02:18:15.912+0000] {logging_mixin.py:149} INFO - [2023-07-02T02:18:15.912+0000] {dagbag.py:541} INFO - Filling up the DagBag from /home/airflow/.local/lib/python3.7/site-packages/airflow/example_dags/example_subdag_operator.py
[2023-07-02T02:18:15.930+0000] {processor.py:836} INFO - DAG(s) dict_keys(['example_subdag_operator.section-1', 'example_subdag_operator.section-2', 'example_subdag_operator']) retrieved from /home/airflow/.local/lib/python3.7/site-packages/airflow/example_dags/example_subdag_operator.py
[2023-07-02T02:18:15.950+0000] {logging_mixin.py:149} INFO - [2023-07-02T02:18:15.950+0000] {dag.py:2726} INFO - Sync 3 DAGs
[2023-07-02T02:18:15.974+0000] {logging_mixin.py:149} INFO - [2023-07-02T02:18:15.973+0000] {dag.py:3490} INFO - Setting next_dagrun for example_subdag_operator to 2022-01-01T00:00:00+00:00, run_after=2022-01-01T00:00:00+00:00
[2023-07-02T02:18:15.976+0000] {logging_mixin.py:149} INFO - [2023-07-02T02:18:15.976+0000] {dag.py:3490} INFO - Setting next_dagrun for example_subdag_operator.section-1 to None, run_after=None
[2023-07-02T02:18:15.977+0000] {logging_mixin.py:149} INFO - [2023-07-02T02:18:15.977+0000] {dag.py:3490} INFO - Setting next_dagrun for example_subdag_operator.section-2 to None, run_after=None
[2023-07-02T02:18:15.982+0000] {logging_mixin.py:149} INFO - [2023-07-02T02:18:15.981+0000] {dag.py:2726} INFO - Sync 2 DAGs
[2023-07-02T02:18:15.986+0000] {logging_mixin.py:149} INFO - [2023-07-02T02:18:15.986+0000] {dag.py:3490} INFO - Setting next_dagrun for example_subdag_operator.section-1 to None, run_after=None
[2023-07-02T02:18:16.053+0000] {logging_mixin.py:149} INFO - [2023-07-02T02:18:16.052+0000] {dag.py:3490} INFO - Setting next_dagrun for example_subdag_operator.section-2 to None, run_after=None
[2023-07-02T02:18:16.197+0000] {processor.py:179} INFO - Processing /home/airflow/.local/lib/python3.7/site-packages/airflow/example_dags/example_subdag_operator.py took 0.397 seconds
