[2023-07-02T02:17:16.145+0000] {processor.py:157} INFO - Started process (PID=65) to work on /home/airflow/.local/lib/python3.7/site-packages/airflow/example_dags/example_branch_python_dop_operator_3.py
[2023-07-02T02:17:16.145+0000] {processor.py:826} INFO - Processing file /home/airflow/.local/lib/python3.7/site-packages/airflow/example_dags/example_branch_python_dop_operator_3.py for tasks to queue
[2023-07-02T02:17:16.146+0000] {logging_mixin.py:149} INFO - [2023-07-02T02:17:16.146+0000] {dagbag.py:541} INFO - Filling up the DagBag from /home/airflow/.local/lib/python3.7/site-packages/airflow/example_dags/example_branch_python_dop_operator_3.py
[2023-07-02T02:17:16.152+0000] {processor.py:836} INFO - DAG(s) dict_keys(['example_branch_dop_operator_v3']) retrieved from /home/airflow/.local/lib/python3.7/site-packages/airflow/example_dags/example_branch_python_dop_operator_3.py
[2023-07-02T02:17:16.162+0000] {logging_mixin.py:149} INFO - [2023-07-02T02:17:16.162+0000] {dag.py:2726} INFO - Sync 1 DAGs
[2023-07-02T02:17:16.197+0000] {logging_mixin.py:149} INFO - [2023-07-02T02:17:16.197+0000] {dag.py:3490} INFO - Setting next_dagrun for example_branch_dop_operator_v3 to 2023-07-02T02:16:00+00:00, run_after=2023-07-02T02:17:00+00:00
[2023-07-02T02:17:16.218+0000] {processor.py:179} INFO - Processing /home/airflow/.local/lib/python3.7/site-packages/airflow/example_dags/example_branch_python_dop_operator_3.py took 0.075 seconds
[2023-07-02T02:17:46.570+0000] {processor.py:157} INFO - Started process (PID=130) to work on /home/airflow/.local/lib/python3.7/site-packages/airflow/example_dags/example_branch_python_dop_operator_3.py
[2023-07-02T02:17:46.571+0000] {processor.py:826} INFO - Processing file /home/airflow/.local/lib/python3.7/site-packages/airflow/example_dags/example_branch_python_dop_operator_3.py for tasks to queue
[2023-07-02T02:17:46.571+0000] {logging_mixin.py:149} INFO - [2023-07-02T02:17:46.571+0000] {dagbag.py:541} INFO - Filling up the DagBag from /home/airflow/.local/lib/python3.7/site-packages/airflow/example_dags/example_branch_python_dop_operator_3.py
[2023-07-02T02:17:46.577+0000] {processor.py:836} INFO - DAG(s) dict_keys(['example_branch_dop_operator_v3']) retrieved from /home/airflow/.local/lib/python3.7/site-packages/airflow/example_dags/example_branch_python_dop_operator_3.py
[2023-07-02T02:17:46.595+0000] {logging_mixin.py:149} INFO - [2023-07-02T02:17:46.595+0000] {dag.py:2726} INFO - Sync 1 DAGs
[2023-07-02T02:17:46.618+0000] {logging_mixin.py:149} INFO - [2023-07-02T02:17:46.618+0000] {dag.py:3490} INFO - Setting next_dagrun for example_branch_dop_operator_v3 to 2023-07-02T02:16:00+00:00, run_after=2023-07-02T02:17:00+00:00
[2023-07-02T02:17:46.633+0000] {processor.py:179} INFO - Processing /home/airflow/.local/lib/python3.7/site-packages/airflow/example_dags/example_branch_python_dop_operator_3.py took 0.064 seconds
[2023-07-02T02:18:18.418+0000] {processor.py:157} INFO - Started process (PID=195) to work on /home/airflow/.local/lib/python3.7/site-packages/airflow/example_dags/example_branch_python_dop_operator_3.py
[2023-07-02T02:18:18.418+0000] {processor.py:826} INFO - Processing file /home/airflow/.local/lib/python3.7/site-packages/airflow/example_dags/example_branch_python_dop_operator_3.py for tasks to queue
[2023-07-02T02:18:18.419+0000] {logging_mixin.py:149} INFO - [2023-07-02T02:18:18.419+0000] {dagbag.py:541} INFO - Filling up the DagBag from /home/airflow/.local/lib/python3.7/site-packages/airflow/example_dags/example_branch_python_dop_operator_3.py
[2023-07-02T02:18:18.426+0000] {processor.py:836} INFO - DAG(s) dict_keys(['example_branch_dop_operator_v3']) retrieved from /home/airflow/.local/lib/python3.7/site-packages/airflow/example_dags/example_branch_python_dop_operator_3.py
[2023-07-02T02:18:18.451+0000] {logging_mixin.py:149} INFO - [2023-07-02T02:18:18.451+0000] {dag.py:2726} INFO - Sync 1 DAGs
[2023-07-02T02:18:18.476+0000] {logging_mixin.py:149} INFO - [2023-07-02T02:18:18.476+0000] {dag.py:3490} INFO - Setting next_dagrun for example_branch_dop_operator_v3 to 2023-07-02T02:17:00+00:00, run_after=2023-07-02T02:18:00+00:00
[2023-07-02T02:18:18.491+0000] {processor.py:179} INFO - Processing /home/airflow/.local/lib/python3.7/site-packages/airflow/example_dags/example_branch_python_dop_operator_3.py took 0.075 seconds
