[2023-07-02T02:17:16.410+0000] {processor.py:157} INFO - Started process (PID=71) to work on /home/airflow/.local/lib/python3.7/site-packages/airflow/example_dags/example_python_operator.py
[2023-07-02T02:17:16.410+0000] {processor.py:826} INFO - Processing file /home/airflow/.local/lib/python3.7/site-packages/airflow/example_dags/example_python_operator.py for tasks to queue
[2023-07-02T02:17:16.411+0000] {logging_mixin.py:149} INFO - [2023-07-02T02:17:16.411+0000] {dagbag.py:541} INFO - Filling up the DagBag from /home/airflow/.local/lib/python3.7/site-packages/airflow/example_dags/example_python_operator.py
[2023-07-02T02:17:16.421+0000] {processor.py:836} INFO - DAG(s) dict_keys(['example_python_operator']) retrieved from /home/airflow/.local/lib/python3.7/site-packages/airflow/example_dags/example_python_operator.py
[2023-07-02T02:17:16.433+0000] {logging_mixin.py:149} INFO - [2023-07-02T02:17:16.433+0000] {dag.py:2726} INFO - Sync 1 DAGs
[2023-07-02T02:17:16.462+0000] {logging_mixin.py:149} INFO - [2023-07-02T02:17:16.462+0000] {dag.py:3490} INFO - Setting next_dagrun for example_python_operator to None, run_after=None
[2023-07-02T02:17:16.481+0000] {processor.py:179} INFO - Processing /home/airflow/.local/lib/python3.7/site-packages/airflow/example_dags/example_python_operator.py took 0.074 seconds
[2023-07-02T02:17:46.901+0000] {processor.py:157} INFO - Started process (PID=136) to work on /home/airflow/.local/lib/python3.7/site-packages/airflow/example_dags/example_python_operator.py
[2023-07-02T02:17:46.902+0000] {processor.py:826} INFO - Processing file /home/airflow/.local/lib/python3.7/site-packages/airflow/example_dags/example_python_operator.py for tasks to queue
[2023-07-02T02:17:46.902+0000] {logging_mixin.py:149} INFO - [2023-07-02T02:17:46.902+0000] {dagbag.py:541} INFO - Filling up the DagBag from /home/airflow/.local/lib/python3.7/site-packages/airflow/example_dags/example_python_operator.py
[2023-07-02T02:17:46.910+0000] {processor.py:836} INFO - DAG(s) dict_keys(['example_python_operator']) retrieved from /home/airflow/.local/lib/python3.7/site-packages/airflow/example_dags/example_python_operator.py
[2023-07-02T02:17:47.008+0000] {logging_mixin.py:149} INFO - [2023-07-02T02:17:47.008+0000] {dag.py:2726} INFO - Sync 1 DAGs
[2023-07-02T02:17:47.026+0000] {logging_mixin.py:149} INFO - [2023-07-02T02:17:47.026+0000] {dag.py:3490} INFO - Setting next_dagrun for example_python_operator to None, run_after=None
[2023-07-02T02:17:47.039+0000] {processor.py:179} INFO - Processing /home/airflow/.local/lib/python3.7/site-packages/airflow/example_dags/example_python_operator.py took 0.140 seconds
[2023-07-02T02:18:18.679+0000] {processor.py:157} INFO - Started process (PID=201) to work on /home/airflow/.local/lib/python3.7/site-packages/airflow/example_dags/example_python_operator.py
[2023-07-02T02:18:18.680+0000] {processor.py:826} INFO - Processing file /home/airflow/.local/lib/python3.7/site-packages/airflow/example_dags/example_python_operator.py for tasks to queue
[2023-07-02T02:18:18.681+0000] {logging_mixin.py:149} INFO - [2023-07-02T02:18:18.680+0000] {dagbag.py:541} INFO - Filling up the DagBag from /home/airflow/.local/lib/python3.7/site-packages/airflow/example_dags/example_python_operator.py
[2023-07-02T02:18:18.688+0000] {processor.py:836} INFO - DAG(s) dict_keys(['example_python_operator']) retrieved from /home/airflow/.local/lib/python3.7/site-packages/airflow/example_dags/example_python_operator.py
[2023-07-02T02:18:18.708+0000] {logging_mixin.py:149} INFO - [2023-07-02T02:18:18.708+0000] {dag.py:2726} INFO - Sync 1 DAGs
[2023-07-02T02:18:18.728+0000] {logging_mixin.py:149} INFO - [2023-07-02T02:18:18.728+0000] {dag.py:3490} INFO - Setting next_dagrun for example_python_operator to None, run_after=None
[2023-07-02T02:18:18.742+0000] {processor.py:179} INFO - Processing /home/airflow/.local/lib/python3.7/site-packages/airflow/example_dags/example_python_operator.py took 0.065 seconds
