[2023-07-02T02:17:15.702+0000] {processor.py:157} INFO - Started process (PID=57) to work on /home/airflow/.local/lib/python3.7/site-packages/airflow/example_dags/tutorial.py
[2023-07-02T02:17:15.703+0000] {processor.py:826} INFO - Processing file /home/airflow/.local/lib/python3.7/site-packages/airflow/example_dags/tutorial.py for tasks to queue
[2023-07-02T02:17:15.703+0000] {logging_mixin.py:149} INFO - [2023-07-02T02:17:15.703+0000] {dagbag.py:541} INFO - Filling up the DagBag from /home/airflow/.local/lib/python3.7/site-packages/airflow/example_dags/tutorial.py
[2023-07-02T02:17:15.708+0000] {processor.py:836} INFO - DAG(s) dict_keys(['tutorial']) retrieved from /home/airflow/.local/lib/python3.7/site-packages/airflow/example_dags/tutorial.py
[2023-07-02T02:17:15.719+0000] {logging_mixin.py:149} INFO - [2023-07-02T02:17:15.719+0000] {dag.py:2726} INFO - Sync 1 DAGs
[2023-07-02T02:17:15.743+0000] {logging_mixin.py:149} INFO - [2023-07-02T02:17:15.743+0000] {dag.py:3490} INFO - Setting next_dagrun for tutorial to 2023-07-01T02:17:15.743096+00:00, run_after=2023-07-02T02:17:15.743096+00:00
[2023-07-02T02:17:15.760+0000] {processor.py:179} INFO - Processing /home/airflow/.local/lib/python3.7/site-packages/airflow/example_dags/tutorial.py took 0.061 seconds
[2023-07-02T02:17:46.119+0000] {processor.py:157} INFO - Started process (PID=122) to work on /home/airflow/.local/lib/python3.7/site-packages/airflow/example_dags/tutorial.py
[2023-07-02T02:17:46.120+0000] {processor.py:826} INFO - Processing file /home/airflow/.local/lib/python3.7/site-packages/airflow/example_dags/tutorial.py for tasks to queue
[2023-07-02T02:17:46.120+0000] {logging_mixin.py:149} INFO - [2023-07-02T02:17:46.120+0000] {dagbag.py:541} INFO - Filling up the DagBag from /home/airflow/.local/lib/python3.7/site-packages/airflow/example_dags/tutorial.py
[2023-07-02T02:17:46.125+0000] {processor.py:836} INFO - DAG(s) dict_keys(['tutorial']) retrieved from /home/airflow/.local/lib/python3.7/site-packages/airflow/example_dags/tutorial.py
[2023-07-02T02:17:46.142+0000] {logging_mixin.py:149} INFO - [2023-07-02T02:17:46.142+0000] {dag.py:2726} INFO - Sync 1 DAGs
[2023-07-02T02:17:46.162+0000] {logging_mixin.py:149} INFO - [2023-07-02T02:17:46.162+0000] {dag.py:3490} INFO - Setting next_dagrun for tutorial to 2023-07-01T02:17:46.161918+00:00, run_after=2023-07-02T02:17:46.161918+00:00
[2023-07-02T02:17:46.176+0000] {processor.py:179} INFO - Processing /home/airflow/.local/lib/python3.7/site-packages/airflow/example_dags/tutorial.py took 0.059 seconds
[2023-07-02T02:18:17.986+0000] {processor.py:157} INFO - Started process (PID=187) to work on /home/airflow/.local/lib/python3.7/site-packages/airflow/example_dags/tutorial.py
[2023-07-02T02:18:17.986+0000] {processor.py:826} INFO - Processing file /home/airflow/.local/lib/python3.7/site-packages/airflow/example_dags/tutorial.py for tasks to queue
[2023-07-02T02:18:17.987+0000] {logging_mixin.py:149} INFO - [2023-07-02T02:18:17.987+0000] {dagbag.py:541} INFO - Filling up the DagBag from /home/airflow/.local/lib/python3.7/site-packages/airflow/example_dags/tutorial.py
[2023-07-02T02:18:17.991+0000] {processor.py:836} INFO - DAG(s) dict_keys(['tutorial']) retrieved from /home/airflow/.local/lib/python3.7/site-packages/airflow/example_dags/tutorial.py
[2023-07-02T02:18:18.010+0000] {logging_mixin.py:149} INFO - [2023-07-02T02:18:18.009+0000] {dag.py:2726} INFO - Sync 1 DAGs
[2023-07-02T02:18:18.037+0000] {logging_mixin.py:149} INFO - [2023-07-02T02:18:18.037+0000] {dag.py:3490} INFO - Setting next_dagrun for tutorial to 2023-07-01T02:18:18.037441+00:00, run_after=2023-07-02T02:18:18.037441+00:00
[2023-07-02T02:18:18.055+0000] {processor.py:179} INFO - Processing /home/airflow/.local/lib/python3.7/site-packages/airflow/example_dags/tutorial.py took 0.071 seconds
