[2023-07-02T02:17:15.464+0000] {processor.py:157} INFO - Started process (PID=53) to work on /home/airflow/.local/lib/python3.7/site-packages/airflow/example_dags/tutorial_dag.py
[2023-07-02T02:17:15.464+0000] {processor.py:826} INFO - Processing file /home/airflow/.local/lib/python3.7/site-packages/airflow/example_dags/tutorial_dag.py for tasks to queue
[2023-07-02T02:17:15.464+0000] {logging_mixin.py:149} INFO - [2023-07-02T02:17:15.464+0000] {dagbag.py:541} INFO - Filling up the DagBag from /home/airflow/.local/lib/python3.7/site-packages/airflow/example_dags/tutorial_dag.py
[2023-07-02T02:17:15.468+0000] {processor.py:836} INFO - DAG(s) dict_keys(['tutorial_dag']) retrieved from /home/airflow/.local/lib/python3.7/site-packages/airflow/example_dags/tutorial_dag.py
[2023-07-02T02:17:15.477+0000] {logging_mixin.py:149} INFO - [2023-07-02T02:17:15.476+0000] {dag.py:2726} INFO - Sync 1 DAGs
[2023-07-02T02:17:15.499+0000] {logging_mixin.py:149} INFO - [2023-07-02T02:17:15.499+0000] {dag.py:3490} INFO - Setting next_dagrun for tutorial_dag to None, run_after=None
[2023-07-02T02:17:15.514+0000] {processor.py:179} INFO - Processing /home/airflow/.local/lib/python3.7/site-packages/airflow/example_dags/tutorial_dag.py took 0.053 seconds
[2023-07-02T02:17:45.882+0000] {processor.py:157} INFO - Started process (PID=118) to work on /home/airflow/.local/lib/python3.7/site-packages/airflow/example_dags/tutorial_dag.py
[2023-07-02T02:17:45.882+0000] {processor.py:826} INFO - Processing file /home/airflow/.local/lib/python3.7/site-packages/airflow/example_dags/tutorial_dag.py for tasks to queue
[2023-07-02T02:17:45.883+0000] {logging_mixin.py:149} INFO - [2023-07-02T02:17:45.883+0000] {dagbag.py:541} INFO - Filling up the DagBag from /home/airflow/.local/lib/python3.7/site-packages/airflow/example_dags/tutorial_dag.py
[2023-07-02T02:17:45.886+0000] {processor.py:836} INFO - DAG(s) dict_keys(['tutorial_dag']) retrieved from /home/airflow/.local/lib/python3.7/site-packages/airflow/example_dags/tutorial_dag.py
[2023-07-02T02:17:45.906+0000] {logging_mixin.py:149} INFO - [2023-07-02T02:17:45.906+0000] {dag.py:2726} INFO - Sync 1 DAGs
[2023-07-02T02:17:45.925+0000] {logging_mixin.py:149} INFO - [2023-07-02T02:17:45.925+0000] {dag.py:3490} INFO - Setting next_dagrun for tutorial_dag to None, run_after=None
[2023-07-02T02:17:45.937+0000] {processor.py:179} INFO - Processing /home/airflow/.local/lib/python3.7/site-packages/airflow/example_dags/tutorial_dag.py took 0.058 seconds
[2023-07-02T02:18:17.838+0000] {processor.py:157} INFO - Started process (PID=183) to work on /home/airflow/.local/lib/python3.7/site-packages/airflow/example_dags/tutorial_dag.py
[2023-07-02T02:18:17.838+0000] {processor.py:826} INFO - Processing file /home/airflow/.local/lib/python3.7/site-packages/airflow/example_dags/tutorial_dag.py for tasks to queue
[2023-07-02T02:18:17.839+0000] {logging_mixin.py:149} INFO - [2023-07-02T02:18:17.839+0000] {dagbag.py:541} INFO - Filling up the DagBag from /home/airflow/.local/lib/python3.7/site-packages/airflow/example_dags/tutorial_dag.py
[2023-07-02T02:18:17.842+0000] {processor.py:836} INFO - DAG(s) dict_keys(['tutorial_dag']) retrieved from /home/airflow/.local/lib/python3.7/site-packages/airflow/example_dags/tutorial_dag.py
[2023-07-02T02:18:17.863+0000] {logging_mixin.py:149} INFO - [2023-07-02T02:18:17.863+0000] {dag.py:2726} INFO - Sync 1 DAGs
[2023-07-02T02:18:17.884+0000] {logging_mixin.py:149} INFO - [2023-07-02T02:18:17.884+0000] {dag.py:3490} INFO - Setting next_dagrun for tutorial_dag to None, run_after=None
[2023-07-02T02:18:17.896+0000] {processor.py:179} INFO - Processing /home/airflow/.local/lib/python3.7/site-packages/airflow/example_dags/tutorial_dag.py took 0.060 seconds
