[2023-07-12T01:09:42.094+0000] {taskinstance.py:1103} INFO - Dependencies all met for dep_context=non-requeueable deps ti=<TaskInstance: postgres_operator_dag.create_images_table manual__2023-07-12T01:09:40.496584+00:00 [queued]>
[2023-07-12T01:09:42.100+0000] {taskinstance.py:1103} INFO - Dependencies all met for dep_context=requeueable deps ti=<TaskInstance: postgres_operator_dag.create_images_table manual__2023-07-12T01:09:40.496584+00:00 [queued]>
[2023-07-12T01:09:42.100+0000] {taskinstance.py:1308} INFO - Starting attempt 1 of 1
[2023-07-12T01:09:42.110+0000] {taskinstance.py:1327} INFO - Executing <Task(PostgresOperator): create_images_table> on 2023-07-12 01:09:40.496584+00:00
[2023-07-12T01:09:42.115+0000] {standard_task_runner.py:57} INFO - Started process 3742 to run task
[2023-07-12T01:09:42.116+0000] {standard_task_runner.py:84} INFO - Running: ['***', 'tasks', 'run', 'postgres_operator_dag', 'create_images_table', 'manual__2023-07-12T01:09:40.496584+00:00', '--job-id', '14', '--raw', '--subdir', 'DAGS_FOLDER/create_tables.py', '--cfg-path', '/tmp/tmpqpirpuwf']
[2023-07-12T01:09:42.117+0000] {standard_task_runner.py:85} INFO - Job 14: Subtask create_images_table
[2023-07-12T01:09:42.146+0000] {task_command.py:410} INFO - Running <TaskInstance: postgres_operator_dag.create_images_table manual__2023-07-12T01:09:40.496584+00:00 [running]> on host 5a2aa5f79b19
[2023-07-12T01:09:42.207+0000] {taskinstance.py:1547} INFO - Exporting env vars: AIRFLOW_CTX_DAG_OWNER='***' AIRFLOW_CTX_DAG_ID='postgres_operator_dag' AIRFLOW_CTX_TASK_ID='create_images_table' AIRFLOW_CTX_EXECUTION_DATE='2023-07-12T01:09:40.496584+00:00' AIRFLOW_CTX_TRY_NUMBER='1' AIRFLOW_CTX_DAG_RUN_ID='manual__2023-07-12T01:09:40.496584+00:00'
[2023-07-12T01:09:42.207+0000] {sql.py:265} INFO - Executing: 
            CREATE TABLE IF NOT EXISTS header_image (
                "article_hash" TEXT,
                "image_hash" TEXT,
                "article_image" BYTEA,

                PRIMARY KEY (image_hash),
                FOREIGN KEY (article_hash) REFERENCES article (article_hash)
            );
[2023-07-12T01:09:42.213+0000] {base.py:73} INFO - Using connection ID 'conn_postgres_id' for task execution.
[2023-07-12T01:09:42.260+0000] {base.py:73} INFO - Using connection ID 'conn_postgres_id' for task execution.
[2023-07-12T01:09:42.262+0000] {sql.py:375} INFO - Running statement: 
            CREATE TABLE IF NOT EXISTS header_image (
                "article_hash" TEXT,
                "image_hash" TEXT,
                "article_image" BYTEA,

                PRIMARY KEY (image_hash),
                FOREIGN KEY (article_hash) REFERENCES article (article_hash)
            );, parameters: None
[2023-07-12T01:09:42.275+0000] {taskinstance.py:1350} INFO - Marking task as SUCCESS. dag_id=postgres_operator_dag, task_id=create_images_table, execution_date=20230712T010940, start_date=20230712T010942, end_date=20230712T010942
[2023-07-12T01:09:42.288+0000] {local_task_job_runner.py:225} INFO - Task exited with return code 0
[2023-07-12T01:09:42.302+0000] {taskinstance.py:2653} INFO - 0 downstream tasks scheduled from follow-on schedule check
