[2023-07-02T00:00:01.968+0000] {taskinstance.py:1103} INFO - Dependencies all met for dep_context=non-requeueable deps ti=<TaskInstance: dag_with_postgres_operator_v03.delete_from_table scheduled__2023-07-01T00:00:00+00:00 [queued]>
[2023-07-02T00:00:01.977+0000] {taskinstance.py:1103} INFO - Dependencies all met for dep_context=requeueable deps ti=<TaskInstance: dag_with_postgres_operator_v03.delete_from_table scheduled__2023-07-01T00:00:00+00:00 [queued]>
[2023-07-02T00:00:01.977+0000] {taskinstance.py:1308} INFO - Starting attempt 1 of 6
[2023-07-02T00:00:01.993+0000] {taskinstance.py:1327} INFO - Executing <Task(PostgresOperator): delete_from_table> on 2023-07-01 00:00:00+00:00
[2023-07-02T00:00:01.998+0000] {standard_task_runner.py:57} INFO - Started process 11428 to run task
[2023-07-02T00:00:02.001+0000] {standard_task_runner.py:84} INFO - Running: ['***', 'tasks', 'run', 'dag_with_postgres_operator_v03', 'delete_from_table', 'scheduled__2023-07-01T00:00:00+00:00', '--job-id', '255', '--raw', '--subdir', 'DAGS_FOLDER/dag_with_postgres_operator.py', '--cfg-path', '/tmp/tmp718drd5b']
[2023-07-02T00:00:02.001+0000] {standard_task_runner.py:85} INFO - Job 255: Subtask delete_from_table
[2023-07-02T00:00:02.039+0000] {task_command.py:410} INFO - Running <TaskInstance: dag_with_postgres_operator_v03.delete_from_table scheduled__2023-07-01T00:00:00+00:00 [running]> on host 111d544596aa
[2023-07-02T00:00:02.117+0000] {taskinstance.py:1547} INFO - Exporting env vars: AIRFLOW_CTX_DAG_OWNER='stare' AIRFLOW_CTX_DAG_ID='dag_with_postgres_operator_v03' AIRFLOW_CTX_TASK_ID='delete_from_table' AIRFLOW_CTX_EXECUTION_DATE='2023-07-01T00:00:00+00:00' AIRFLOW_CTX_TRY_NUMBER='1' AIRFLOW_CTX_DAG_RUN_ID='scheduled__2023-07-01T00:00:00+00:00'
[2023-07-02T00:00:02.118+0000] {sql.py:265} INFO - Executing: 
            delete from dag_runs where dt = '2023-07-01' and dag_id = 'dag_with_postgres_operator_v03'
        
[2023-07-02T00:00:02.126+0000] {base.py:73} INFO - Using connection ID 'postgres_localhost' for task execution.
[2023-07-02T00:00:02.183+0000] {base.py:73} INFO - Using connection ID 'postgres_localhost' for task execution.
[2023-07-02T00:00:02.186+0000] {sql.py:375} INFO - Running statement: 
            delete from dag_runs where dt = '2023-07-01' and dag_id = 'dag_with_postgres_operator_v03'
        , parameters: None
[2023-07-02T00:00:02.196+0000] {sql.py:384} INFO - Rows affected: 0
[2023-07-02T00:00:02.204+0000] {taskinstance.py:1350} INFO - Marking task as SUCCESS. dag_id=dag_with_postgres_operator_v03, task_id=delete_from_table, execution_date=20230701T000000, start_date=20230702T000001, end_date=20230702T000002
[2023-07-02T00:00:02.253+0000] {local_task_job_runner.py:225} INFO - Task exited with return code 0
[2023-07-02T00:00:02.269+0000] {taskinstance.py:2653} INFO - 1 downstream tasks scheduled from follow-on schedule check
