[2023-07-12T01:08:09.587+0000] {taskinstance.py:1103} INFO - Dependencies all met for dep_context=non-requeueable deps ti=<TaskInstance: postgres_operator_dag.create_article_table scheduled__2023-02-02T00:00:00+00:00 [queued]>
[2023-07-12T01:08:09.594+0000] {taskinstance.py:1103} INFO - Dependencies all met for dep_context=requeueable deps ti=<TaskInstance: postgres_operator_dag.create_article_table scheduled__2023-02-02T00:00:00+00:00 [queued]>
[2023-07-12T01:08:09.595+0000] {taskinstance.py:1308} INFO - Starting attempt 1 of 1
[2023-07-12T01:08:09.606+0000] {taskinstance.py:1327} INFO - Executing <Task(PostgresOperator): create_article_table> on 2023-02-02 00:00:00+00:00
[2023-07-12T01:08:09.612+0000] {standard_task_runner.py:57} INFO - Started process 3711 to run task
[2023-07-12T01:08:09.614+0000] {standard_task_runner.py:84} INFO - Running: ['***', 'tasks', 'run', 'postgres_operator_dag', 'create_article_table', 'scheduled__2023-02-02T00:00:00+00:00', '--job-id', '12', '--raw', '--subdir', 'DAGS_FOLDER/create_tables.py', '--cfg-path', '/tmp/tmp48rfgh09']
[2023-07-12T01:08:09.614+0000] {standard_task_runner.py:85} INFO - Job 12: Subtask create_article_table
[2023-07-12T01:08:09.648+0000] {task_command.py:410} INFO - Running <TaskInstance: postgres_operator_dag.create_article_table scheduled__2023-02-02T00:00:00+00:00 [running]> on host 5a2aa5f79b19
[2023-07-12T01:08:09.714+0000] {taskinstance.py:1547} INFO - Exporting env vars: AIRFLOW_CTX_DAG_OWNER='***' AIRFLOW_CTX_DAG_ID='postgres_operator_dag' AIRFLOW_CTX_TASK_ID='create_article_table' AIRFLOW_CTX_EXECUTION_DATE='2023-02-02T00:00:00+00:00' AIRFLOW_CTX_TRY_NUMBER='1' AIRFLOW_CTX_DAG_RUN_ID='scheduled__2023-02-02T00:00:00+00:00'
[2023-07-12T01:08:09.715+0000] {sql.py:265} INFO - Executing: 
            CREATE TABLE IF NOT EXISTS article (
                "article_hash" TEXT,
                "article_title" TEXT,
                "category" TEXT,
                "publish_date" DATE,
                "article_body" TEXT,
                "raw_content" TEXT,
                "source_entity" TEXT,
                "article_link" TEXT,

                "generated_summary" TEXT,
                "negative_score" NUMERIC,
                "importance_score" NUMERIC,

                PRIMARY KEY (article_hash)
            );
[2023-07-12T01:08:09.728+0000] {taskinstance.py:1824} ERROR - Task failed with exception
Traceback (most recent call last):
  File "/home/airflow/.local/lib/python3.7/site-packages/airflow/providers/common/sql/operators/sql.py", line 266, in execute
    hook = self.get_db_hook()
  File "/home/airflow/.local/lib/python3.7/site-packages/airflow/providers/common/sql/operators/sql.py", line 181, in get_db_hook
    return self._hook
  File "/home/airflow/.local/lib/python3.7/site-packages/cached_property.py", line 36, in __get__
    value = obj.__dict__[self.func.__name__] = self.func(obj)
  File "/home/airflow/.local/lib/python3.7/site-packages/airflow/providers/common/sql/operators/sql.py", line 143, in _hook
    conn = BaseHook.get_connection(self.conn_id)
  File "/home/airflow/.local/lib/python3.7/site-packages/airflow/hooks/base.py", line 72, in get_connection
    conn = Connection.get_connection_from_secrets(conn_id)
  File "/home/airflow/.local/lib/python3.7/site-packages/airflow/models/connection.py", line 434, in get_connection_from_secrets
    raise AirflowNotFoundException(f"The conn_id `{conn_id}` isn't defined")
airflow.exceptions.AirflowNotFoundException: The conn_id `conn_postgres_id` isn't defined
[2023-07-12T01:08:09.738+0000] {taskinstance.py:1350} INFO - Marking task as FAILED. dag_id=postgres_operator_dag, task_id=create_article_table, execution_date=20230202T000000, start_date=20230712T010809, end_date=20230712T010809
[2023-07-12T01:08:09.746+0000] {standard_task_runner.py:109} ERROR - Failed to execute job 12 for task create_article_table (The conn_id `conn_postgres_id` isn't defined; 3711)
[2023-07-12T01:08:09.786+0000] {local_task_job_runner.py:225} INFO - Task exited with return code 1
[2023-07-12T01:08:09.806+0000] {taskinstance.py:2653} INFO - 0 downstream tasks scheduled from follow-on schedule check
[2023-07-12T01:36:04.300+0000] {taskinstance.py:1103} INFO - Dependencies all met for dep_context=non-requeueable deps ti=<TaskInstance: postgres_operator_dag.create_article_table scheduled__2023-02-02T00:00:00+00:00 [queued]>
[2023-07-12T01:36:04.307+0000] {taskinstance.py:1103} INFO - Dependencies all met for dep_context=requeueable deps ti=<TaskInstance: postgres_operator_dag.create_article_table scheduled__2023-02-02T00:00:00+00:00 [queued]>
[2023-07-12T01:36:04.307+0000] {taskinstance.py:1308} INFO - Starting attempt 1 of 1
[2023-07-12T01:36:04.316+0000] {taskinstance.py:1327} INFO - Executing <Task(PostgresOperator): create_article_table> on 2023-02-02 00:00:00+00:00
[2023-07-12T01:36:04.320+0000] {standard_task_runner.py:57} INFO - Started process 70 to run task
[2023-07-12T01:36:04.322+0000] {standard_task_runner.py:84} INFO - Running: ['***', 'tasks', 'run', 'postgres_operator_dag', 'create_article_table', 'scheduled__2023-02-02T00:00:00+00:00', '--job-id', '3', '--raw', '--subdir', 'DAGS_FOLDER/create_tables.py', '--cfg-path', '/tmp/tmptqhkexxt']
[2023-07-12T01:36:04.322+0000] {standard_task_runner.py:85} INFO - Job 3: Subtask create_article_table
[2023-07-12T01:36:04.352+0000] {task_command.py:410} INFO - Running <TaskInstance: postgres_operator_dag.create_article_table scheduled__2023-02-02T00:00:00+00:00 [running]> on host bfd1c2ede1e4
[2023-07-12T01:36:04.410+0000] {taskinstance.py:1547} INFO - Exporting env vars: AIRFLOW_CTX_DAG_OWNER='***' AIRFLOW_CTX_DAG_ID='postgres_operator_dag' AIRFLOW_CTX_TASK_ID='create_article_table' AIRFLOW_CTX_EXECUTION_DATE='2023-02-02T00:00:00+00:00' AIRFLOW_CTX_TRY_NUMBER='1' AIRFLOW_CTX_DAG_RUN_ID='scheduled__2023-02-02T00:00:00+00:00'
[2023-07-12T01:36:04.410+0000] {sql.py:265} INFO - Executing: 
            CREATE TABLE IF NOT EXISTS article (
                "article_hash" TEXT,
                "article_title" TEXT,
                "category" TEXT,
                "publish_date" DATE,
                "article_body" TEXT,
                "raw_content" TEXT,
                "source_entity" TEXT,
                "article_link" TEXT,

                "generated_summary" TEXT,
                "negative_score" NUMERIC,
                "importance_score" NUMERIC,

                PRIMARY KEY (article_hash)
            );
[2023-07-12T01:36:04.423+0000] {taskinstance.py:1824} ERROR - Task failed with exception
Traceback (most recent call last):
  File "/home/airflow/.local/lib/python3.7/site-packages/airflow/providers/common/sql/operators/sql.py", line 266, in execute
    hook = self.get_db_hook()
  File "/home/airflow/.local/lib/python3.7/site-packages/airflow/providers/common/sql/operators/sql.py", line 181, in get_db_hook
    return self._hook
  File "/home/airflow/.local/lib/python3.7/site-packages/cached_property.py", line 36, in __get__
    value = obj.__dict__[self.func.__name__] = self.func(obj)
  File "/home/airflow/.local/lib/python3.7/site-packages/airflow/providers/common/sql/operators/sql.py", line 143, in _hook
    conn = BaseHook.get_connection(self.conn_id)
  File "/home/airflow/.local/lib/python3.7/site-packages/airflow/hooks/base.py", line 72, in get_connection
    conn = Connection.get_connection_from_secrets(conn_id)
  File "/home/airflow/.local/lib/python3.7/site-packages/airflow/models/connection.py", line 434, in get_connection_from_secrets
    raise AirflowNotFoundException(f"The conn_id `{conn_id}` isn't defined")
airflow.exceptions.AirflowNotFoundException: The conn_id `conn_postgres_id` isn't defined
[2023-07-12T01:36:04.425+0000] {taskinstance.py:1350} INFO - Marking task as FAILED. dag_id=postgres_operator_dag, task_id=create_article_table, execution_date=20230202T000000, start_date=20230712T013604, end_date=20230712T013604
[2023-07-12T01:36:04.432+0000] {standard_task_runner.py:109} ERROR - Failed to execute job 3 for task create_article_table (The conn_id `conn_postgres_id` isn't defined; 70)
[2023-07-12T01:36:04.454+0000] {local_task_job_runner.py:225} INFO - Task exited with return code 1
[2023-07-12T01:36:04.473+0000] {taskinstance.py:2653} INFO - 0 downstream tasks scheduled from follow-on schedule check
[2023-07-12T04:19:38.338+0000] {taskinstance.py:1103} INFO - Dependencies all met for dep_context=non-requeueable deps ti=<TaskInstance: postgres_operator_dag.create_article_table scheduled__2023-02-02T00:00:00+00:00 [queued]>
[2023-07-12T04:19:38.344+0000] {taskinstance.py:1103} INFO - Dependencies all met for dep_context=requeueable deps ti=<TaskInstance: postgres_operator_dag.create_article_table scheduled__2023-02-02T00:00:00+00:00 [queued]>
[2023-07-12T04:19:38.344+0000] {taskinstance.py:1308} INFO - Starting attempt 1 of 1
[2023-07-12T04:19:38.354+0000] {taskinstance.py:1327} INFO - Executing <Task(PostgresOperator): create_article_table> on 2023-02-02 00:00:00+00:00
[2023-07-12T04:19:38.358+0000] {standard_task_runner.py:57} INFO - Started process 79 to run task
[2023-07-12T04:19:38.361+0000] {standard_task_runner.py:84} INFO - Running: ['***', 'tasks', 'run', 'postgres_operator_dag', 'create_article_table', 'scheduled__2023-02-02T00:00:00+00:00', '--job-id', '3', '--raw', '--subdir', 'DAGS_FOLDER/create_tables.py', '--cfg-path', '/tmp/tmpb7p5wr00']
[2023-07-12T04:19:38.361+0000] {standard_task_runner.py:85} INFO - Job 3: Subtask create_article_table
[2023-07-12T04:19:38.391+0000] {task_command.py:410} INFO - Running <TaskInstance: postgres_operator_dag.create_article_table scheduled__2023-02-02T00:00:00+00:00 [running]> on host 476fb39b4dcf
[2023-07-12T04:19:38.446+0000] {taskinstance.py:1547} INFO - Exporting env vars: AIRFLOW_CTX_DAG_OWNER='***' AIRFLOW_CTX_DAG_ID='postgres_operator_dag' AIRFLOW_CTX_TASK_ID='create_article_table' AIRFLOW_CTX_EXECUTION_DATE='2023-02-02T00:00:00+00:00' AIRFLOW_CTX_TRY_NUMBER='1' AIRFLOW_CTX_DAG_RUN_ID='scheduled__2023-02-02T00:00:00+00:00'
[2023-07-12T04:19:38.446+0000] {sql.py:265} INFO - Executing: 
            CREATE TABLE IF NOT EXISTS article (
                "article_hash" TEXT,
                "article_title" TEXT,
                "category" TEXT,
                "publish_date" DATE,
                "article_body" TEXT,
                "raw_content" TEXT,
                "source_entity" TEXT,
                "article_link" TEXT,

                "generated_summary" TEXT,
                "negative_score" NUMERIC,
                "importance_score" NUMERIC,

                PRIMARY KEY (article_hash)
            );
[2023-07-12T04:19:38.452+0000] {base.py:73} INFO - Using connection ID 'conn_postgres_id' for task execution.
[2023-07-12T04:19:38.512+0000] {base.py:73} INFO - Using connection ID 'conn_postgres_id' for task execution.
[2023-07-12T04:19:38.515+0000] {sql.py:375} INFO - Running statement: 
            CREATE TABLE IF NOT EXISTS article (
                "article_hash" TEXT,
                "article_title" TEXT,
                "category" TEXT,
                "publish_date" DATE,
                "article_body" TEXT,
                "raw_content" TEXT,
                "source_entity" TEXT,
                "article_link" TEXT,

                "generated_summary" TEXT,
                "negative_score" NUMERIC,
                "importance_score" NUMERIC,

                PRIMARY KEY (article_hash)
            );, parameters: None
[2023-07-12T04:19:38.529+0000] {taskinstance.py:1350} INFO - Marking task as SUCCESS. dag_id=postgres_operator_dag, task_id=create_article_table, execution_date=20230202T000000, start_date=20230712T041938, end_date=20230712T041938
[2023-07-12T04:19:38.572+0000] {local_task_job_runner.py:225} INFO - Task exited with return code 0
[2023-07-12T04:19:38.588+0000] {taskinstance.py:2653} INFO - 1 downstream tasks scheduled from follow-on schedule check
[2023-07-12T04:25:34.445+0000] {taskinstance.py:1103} INFO - Dependencies all met for dep_context=non-requeueable deps ti=<TaskInstance: postgres_operator_dag.create_article_table scheduled__2023-02-02T00:00:00+00:00 [queued]>
[2023-07-12T04:25:34.451+0000] {taskinstance.py:1103} INFO - Dependencies all met for dep_context=requeueable deps ti=<TaskInstance: postgres_operator_dag.create_article_table scheduled__2023-02-02T00:00:00+00:00 [queued]>
[2023-07-12T04:25:34.451+0000] {taskinstance.py:1308} INFO - Starting attempt 1 of 1
[2023-07-12T04:25:34.461+0000] {taskinstance.py:1327} INFO - Executing <Task(PostgresOperator): create_article_table> on 2023-02-02 00:00:00+00:00
[2023-07-12T04:25:34.465+0000] {standard_task_runner.py:57} INFO - Started process 79 to run task
[2023-07-12T04:25:34.467+0000] {standard_task_runner.py:84} INFO - Running: ['***', 'tasks', 'run', 'postgres_operator_dag', 'create_article_table', 'scheduled__2023-02-02T00:00:00+00:00', '--job-id', '3', '--raw', '--subdir', 'DAGS_FOLDER/create_tables.py', '--cfg-path', '/tmp/tmpujwnh4yh']
[2023-07-12T04:25:34.467+0000] {standard_task_runner.py:85} INFO - Job 3: Subtask create_article_table
[2023-07-12T04:25:34.494+0000] {task_command.py:410} INFO - Running <TaskInstance: postgres_operator_dag.create_article_table scheduled__2023-02-02T00:00:00+00:00 [running]> on host 9f0cb576b5b8
[2023-07-12T04:25:34.550+0000] {taskinstance.py:1547} INFO - Exporting env vars: AIRFLOW_CTX_DAG_OWNER='***' AIRFLOW_CTX_DAG_ID='postgres_operator_dag' AIRFLOW_CTX_TASK_ID='create_article_table' AIRFLOW_CTX_EXECUTION_DATE='2023-02-02T00:00:00+00:00' AIRFLOW_CTX_TRY_NUMBER='1' AIRFLOW_CTX_DAG_RUN_ID='scheduled__2023-02-02T00:00:00+00:00'
[2023-07-12T04:25:34.550+0000] {sql.py:265} INFO - Executing: 
            CREATE TABLE IF NOT EXISTS article (
                "article_hash" TEXT,
                "article_title" TEXT,
                "category" TEXT,
                "publish_date" DATE,
                "article_body" TEXT,
                "raw_content" TEXT,
                "source_entity" TEXT,
                "article_link" TEXT,

                "generated_summary" TEXT,
                "negative_score" NUMERIC,
                "importance_score" NUMERIC,

                PRIMARY KEY (article_hash)
            );
[2023-07-12T04:25:34.557+0000] {base.py:73} INFO - Using connection ID 'conn_postgres_id' for task execution.
[2023-07-12T04:25:34.629+0000] {base.py:73} INFO - Using connection ID 'conn_postgres_id' for task execution.
[2023-07-12T04:25:34.632+0000] {sql.py:375} INFO - Running statement: 
            CREATE TABLE IF NOT EXISTS article (
                "article_hash" TEXT,
                "article_title" TEXT,
                "category" TEXT,
                "publish_date" DATE,
                "article_body" TEXT,
                "raw_content" TEXT,
                "source_entity" TEXT,
                "article_link" TEXT,

                "generated_summary" TEXT,
                "negative_score" NUMERIC,
                "importance_score" NUMERIC,

                PRIMARY KEY (article_hash)
            );, parameters: None
[2023-07-12T04:25:34.644+0000] {taskinstance.py:1350} INFO - Marking task as SUCCESS. dag_id=postgres_operator_dag, task_id=create_article_table, execution_date=20230202T000000, start_date=20230712T042534, end_date=20230712T042534
[2023-07-12T04:25:34.679+0000] {local_task_job_runner.py:225} INFO - Task exited with return code 0
[2023-07-12T04:25:34.696+0000] {taskinstance.py:2653} INFO - 1 downstream tasks scheduled from follow-on schedule check
