[2023-06-30T02:01:41.021+0000] {taskinstance.py:1103} INFO - Dependencies all met for dep_context=non-requeueable deps ti=<TaskInstance: dag_with_postgres_operator_v03.delete_from_table manual__2023-06-30T02:01:38.762893+00:00 [queued]>
[2023-06-30T02:01:41.029+0000] {taskinstance.py:1103} INFO - Dependencies all met for dep_context=requeueable deps ti=<TaskInstance: dag_with_postgres_operator_v03.delete_from_table manual__2023-06-30T02:01:38.762893+00:00 [queued]>
[2023-06-30T02:01:41.029+0000] {taskinstance.py:1308} INFO - Starting attempt 1 of 6
[2023-06-30T02:01:41.039+0000] {taskinstance.py:1327} INFO - Executing <Task(PostgresOperator): delete_from_table> on 2023-06-30 02:01:38.762893+00:00
[2023-06-30T02:01:41.044+0000] {standard_task_runner.py:57} INFO - Started process 421 to run task
[2023-06-30T02:01:41.046+0000] {standard_task_runner.py:84} INFO - Running: ['***', 'tasks', 'run', 'dag_with_postgres_operator_v03', 'delete_from_table', 'manual__2023-06-30T02:01:38.762893+00:00', '--job-id', '76', '--raw', '--subdir', 'DAGS_FOLDER/dag_with_postgres_operator.py', '--cfg-path', '/tmp/tmpzt4haqci']
[2023-06-30T02:01:41.046+0000] {standard_task_runner.py:85} INFO - Job 76: Subtask delete_from_table
[2023-06-30T02:01:41.077+0000] {task_command.py:410} INFO - Running <TaskInstance: dag_with_postgres_operator_v03.delete_from_table manual__2023-06-30T02:01:38.762893+00:00 [running]> on host 40ec38a36dc7
[2023-06-30T02:01:41.134+0000] {taskinstance.py:1547} INFO - Exporting env vars: AIRFLOW_CTX_DAG_OWNER='stare' AIRFLOW_CTX_DAG_ID='dag_with_postgres_operator_v03' AIRFLOW_CTX_TASK_ID='delete_from_table' AIRFLOW_CTX_EXECUTION_DATE='2023-06-30T02:01:38.762893+00:00' AIRFLOW_CTX_TRY_NUMBER='1' AIRFLOW_CTX_DAG_RUN_ID='manual__2023-06-30T02:01:38.762893+00:00'
[2023-06-30T02:01:41.134+0000] {sql.py:265} INFO - Executing: 
            delete from dag_runs where dt = '2023-06-30' and dag_id = 'dag_with_postgres_operator_v03'
        
[2023-06-30T02:01:41.140+0000] {base.py:73} INFO - Using connection ID 'postgres_localhost' for task execution.
[2023-06-30T02:01:41.187+0000] {base.py:73} INFO - Using connection ID 'postgres_localhost' for task execution.
[2023-06-30T02:01:41.189+0000] {sql.py:375} INFO - Running statement: 
            delete from dag_runs where dt = '2023-06-30' and dag_id = 'dag_with_postgres_operator_v03'
        , parameters: None
[2023-06-30T02:01:41.190+0000] {sql.py:384} INFO - Rows affected: 0
[2023-06-30T02:01:41.197+0000] {taskinstance.py:1350} INFO - Marking task as SUCCESS. dag_id=dag_with_postgres_operator_v03, task_id=delete_from_table, execution_date=20230630T020138, start_date=20230630T020141, end_date=20230630T020141
[2023-06-30T02:01:41.219+0000] {local_task_job_runner.py:225} INFO - Task exited with return code 0
[2023-06-30T02:01:41.238+0000] {taskinstance.py:2653} INFO - 1 downstream tasks scheduled from follow-on schedule check
