[2023-07-02T18:48:08.302+0000] {taskinstance.py:1103} INFO - Dependencies all met for dep_context=non-requeueable deps ti=<TaskInstance: python_scrap_data_dag.print_the_context manual__2023-07-02T18:48:07.169122+00:00 [queued]>
[2023-07-02T18:48:08.309+0000] {taskinstance.py:1103} INFO - Dependencies all met for dep_context=requeueable deps ti=<TaskInstance: python_scrap_data_dag.print_the_context manual__2023-07-02T18:48:07.169122+00:00 [queued]>
[2023-07-02T18:48:08.309+0000] {taskinstance.py:1308} INFO - Starting attempt 1 of 1
[2023-07-02T18:48:08.319+0000] {taskinstance.py:1327} INFO - Executing <Task(_PythonDecoratedOperator): print_the_context> on 2023-07-02 18:48:07.169122+00:00
[2023-07-02T18:48:08.334+0000] {standard_task_runner.py:57} INFO - Started process 3808 to run task
[2023-07-02T18:48:08.337+0000] {standard_task_runner.py:84} INFO - Running: ['***', 'tasks', 'run', 'python_scrap_data_dag', 'print_the_context', 'manual__2023-07-02T18:48:07.169122+00:00', '--job-id', '18', '--raw', '--subdir', 'DAGS_FOLDER/scrap_data.py', '--cfg-path', '/tmp/tmp8aze_lft']
[2023-07-02T18:48:08.337+0000] {standard_task_runner.py:85} INFO - Job 18: Subtask print_the_context
[2023-07-02T18:48:08.368+0000] {task_command.py:410} INFO - Running <TaskInstance: python_scrap_data_dag.print_the_context manual__2023-07-02T18:48:07.169122+00:00 [running]> on host d409bdcb9602
[2023-07-02T18:48:08.448+0000] {taskinstance.py:1547} INFO - Exporting env vars: AIRFLOW_CTX_DAG_OWNER='***' AIRFLOW_CTX_DAG_ID='python_scrap_data_dag' AIRFLOW_CTX_TASK_ID='print_the_context' AIRFLOW_CTX_EXECUTION_DATE='2023-07-02T18:48:07.169122+00:00' AIRFLOW_CTX_TRY_NUMBER='1' AIRFLOW_CTX_DAG_RUN_ID='manual__2023-07-02T18:48:07.169122+00:00'
[2023-07-02T18:48:08.450+0000] {warnings.py:110} WARNING - /home/***/.local/lib/python3.7/site-packages/***/utils/context.py:313: AirflowContextDeprecationWarning: Accessing 'execution_date' from the template is deprecated and will be removed in a future version. Please use 'data_interval_start' or 'logical_date' instead.
  warnings.warn(_create_deprecation_warning(k, replacements))

[2023-07-02T18:48:08.450+0000] {warnings.py:110} WARNING - /home/***/.local/lib/python3.7/site-packages/***/utils/context.py:313: AirflowContextDeprecationWarning: Accessing 'next_ds' from the template is deprecated and will be removed in a future version. Please use '{{ data_interval_end | ds }}' instead.
  warnings.warn(_create_deprecation_warning(k, replacements))

[2023-07-02T18:48:08.451+0000] {warnings.py:110} WARNING - /home/***/.local/lib/python3.7/site-packages/***/utils/context.py:313: AirflowContextDeprecationWarning: Accessing 'next_ds_nodash' from the template is deprecated and will be removed in a future version. Please use '{{ data_interval_end | ds_nodash }}' instead.
  warnings.warn(_create_deprecation_warning(k, replacements))

[2023-07-02T18:48:08.451+0000] {warnings.py:110} WARNING - /home/***/.local/lib/python3.7/site-packages/***/utils/context.py:313: AirflowContextDeprecationWarning: Accessing 'next_execution_date' from the template is deprecated and will be removed in a future version. Please use 'data_interval_end' instead.
  warnings.warn(_create_deprecation_warning(k, replacements))

[2023-07-02T18:48:08.451+0000] {warnings.py:110} WARNING - /home/***/.local/lib/python3.7/site-packages/***/utils/context.py:313: AirflowContextDeprecationWarning: Accessing 'prev_ds' from the template is deprecated and will be removed in a future version.
  warnings.warn(_create_deprecation_warning(k, replacements))

[2023-07-02T18:48:08.451+0000] {warnings.py:110} WARNING - /home/***/.local/lib/python3.7/site-packages/***/utils/context.py:313: AirflowContextDeprecationWarning: Accessing 'prev_ds_nodash' from the template is deprecated and will be removed in a future version.
  warnings.warn(_create_deprecation_warning(k, replacements))

[2023-07-02T18:48:08.451+0000] {warnings.py:110} WARNING - /home/***/.local/lib/python3.7/site-packages/***/utils/context.py:313: AirflowContextDeprecationWarning: Accessing 'prev_execution_date' from the template is deprecated and will be removed in a future version.
  warnings.warn(_create_deprecation_warning(k, replacements))

[2023-07-02T18:48:08.451+0000] {warnings.py:110} WARNING - /home/***/.local/lib/python3.7/site-packages/***/utils/context.py:313: AirflowContextDeprecationWarning: Accessing 'prev_execution_date_success' from the template is deprecated and will be removed in a future version. Please use 'prev_data_interval_start_success' instead.
  warnings.warn(_create_deprecation_warning(k, replacements))

[2023-07-02T18:48:08.452+0000] {warnings.py:110} WARNING - /home/***/.local/lib/python3.7/site-packages/***/utils/context.py:313: AirflowContextDeprecationWarning: Accessing 'tomorrow_ds' from the template is deprecated and will be removed in a future version.
  warnings.warn(_create_deprecation_warning(k, replacements))

[2023-07-02T18:48:08.452+0000] {warnings.py:110} WARNING - /home/***/.local/lib/python3.7/site-packages/***/utils/context.py:313: AirflowContextDeprecationWarning: Accessing 'tomorrow_ds_nodash' from the template is deprecated and will be removed in a future version.
  warnings.warn(_create_deprecation_warning(k, replacements))

[2023-07-02T18:48:08.459+0000] {warnings.py:110} WARNING - /home/***/.local/lib/python3.7/site-packages/***/utils/context.py:313: AirflowContextDeprecationWarning: Accessing 'yesterday_ds' from the template is deprecated and will be removed in a future version.
  warnings.warn(_create_deprecation_warning(k, replacements))

[2023-07-02T18:48:08.459+0000] {warnings.py:110} WARNING - /home/***/.local/lib/python3.7/site-packages/***/utils/context.py:313: AirflowContextDeprecationWarning: Accessing 'yesterday_ds_nodash' from the template is deprecated and will be removed in a future version.
  warnings.warn(_create_deprecation_warning(k, replacements))

[2023-07-02T18:48:08.459+0000] {logging_mixin.py:149} INFO - {'conf': <***.configuration.AirflowConfigParser object at 0x7fcabd5a84d0>,
 'conn': None,
 'dag': <DAG: python_scrap_data_dag>,
 'dag_run': <DagRun python_scrap_data_dag @ 2023-07-02 18:48:07.169122+00:00: manual__2023-07-02T18:48:07.169122+00:00, state:running, queued_at: 2023-07-02 18:48:07.186597+00:00. externally triggered: True>,
 'data_interval_end': DateTime(2023, 7, 2, 18, 48, 7, 169122, tzinfo=Timezone('UTC')),
 'data_interval_start': DateTime(2023, 7, 2, 18, 48, 7, 169122, tzinfo=Timezone('UTC')),
 'ds_nodash': '20230702',
 'execution_date': <Proxy at 0x7fcab0d0d7d0 with factory functools.partial(<function lazy_mapping_from_context.<locals>._deprecated_proxy_factory at 0x7fcab0d00ef0>, 'execution_date', DateTime(2023, 7, 2, 18, 48, 7, 169122, tzinfo=Timezone('UTC')))>,
 'expanded_ti_count': None,
 'inlets': [],
 'logical_date': DateTime(2023, 7, 2, 18, 48, 7, 169122, tzinfo=Timezone('UTC')),
 'macros': <module '***.macros' from '/home/***/.local/lib/python3.7/site-packages/***/macros/__init__.py'>,
 'next_ds': <Proxy at 0x7fcab0d0ddc0 with factory functools.partial(<function lazy_mapping_from_context.<locals>._deprecated_proxy_factory at 0x7fcab0d00ef0>, 'next_ds', '2023-07-02')>,
 'next_ds_nodash': <Proxy at 0x7fcab0d631e0 with factory functools.partial(<function lazy_mapping_from_context.<locals>._deprecated_proxy_factory at 0x7fcab0d00ef0>, 'next_ds_nodash', '20230702')>,
 'next_execution_date': <Proxy at 0x7fcab0d19820 with factory functools.partial(<function lazy_mapping_from_context.<locals>._deprecated_proxy_factory at 0x7fcab0d00ef0>, 'next_execution_date', DateTime(2023, 7, 2, 18, 48, 7, 169122, tzinfo=Timezone('UTC')))>,
 'outlets': [],
 'params': {},
 'prev_data_interval_end_success': DateTime(2023, 7, 2, 17, 52, 13, 615100, tzinfo=Timezone('UTC')),
 'prev_data_interval_start_success': DateTime(2023, 7, 2, 17, 52, 13, 615100, tzinfo=Timezone('UTC')),
 'prev_ds': <Proxy at 0x7fcab0d19870 with factory functools.partial(<function lazy_mapping_from_context.<locals>._deprecated_proxy_factory at 0x7fcab0d00ef0>, 'prev_ds', '2023-07-02')>,
 'prev_ds_nodash': <Proxy at 0x7fcab0d43280 with factory functools.partial(<function lazy_mapping_from_context.<locals>._deprecated_proxy_factory at 0x7fcab0d00ef0>, 'prev_ds_nodash', '20230702')>,
 'prev_execution_date': <Proxy at 0x7fcab0d43370 with factory functools.partial(<function lazy_mapping_from_context.<locals>._deprecated_proxy_factory at 0x7fcab0d00ef0>, 'prev_execution_date', DateTime(2023, 7, 2, 18, 48, 7, 169122, tzinfo=Timezone('UTC')))>,
 'prev_execution_date_success': <Proxy at 0x7fcab0d434b0 with factory functools.partial(<function lazy_mapping_from_context.<locals>._deprecated_proxy_factory at 0x7fcab0d00ef0>, 'prev_execution_date_success', DateTime(2023, 7, 2, 17, 52, 13, 615100, tzinfo=Timezone('UTC')))>,
 'prev_start_date_success': DateTime(2023, 7, 2, 17, 52, 14, 448168, tzinfo=Timezone('UTC')),
 'run_id': 'manual__2023-07-02T18:48:07.169122+00:00',
 'task': <Task(_PythonDecoratedOperator): print_the_context>,
 'task_instance': <TaskInstance: python_scrap_data_dag.print_the_context manual__2023-07-02T18:48:07.169122+00:00 [running]>,
 'task_instance_key_str': 'python_scrap_data_dag__print_the_context__20230702',
 'templates_dict': None,
 'test_mode': False,
 'ti': <TaskInstance: python_scrap_data_dag.print_the_context manual__2023-07-02T18:48:07.169122+00:00 [running]>,
 'tomorrow_ds': <Proxy at 0x7fcab0d51aa0 with factory functools.partial(<function lazy_mapping_from_context.<locals>._deprecated_proxy_factory at 0x7fcab0d00ef0>, 'tomorrow_ds', '2023-07-03')>,
 'tomorrow_ds_nodash': <Proxy at 0x7fcab0d54d20 with factory functools.partial(<function lazy_mapping_from_context.<locals>._deprecated_proxy_factory at 0x7fcab0d00ef0>, 'tomorrow_ds_nodash', '20230703')>,
 'triggering_dataset_events': {},
 'ts': '2023-07-02T18:48:07.169122+00:00',
 'ts_nodash': '20230702T184807',
 'ts_nodash_with_tz': '20230702T184807.169122+0000',
 'var': {'json': None, 'value': None},
 'yesterday_ds': <Proxy at 0x7fcab0d54c80 with factory functools.partial(<function lazy_mapping_from_context.<locals>._deprecated_proxy_factory at 0x7fcab0d00ef0>, 'yesterday_ds', '2023-07-01')>,
 'yesterday_ds_nodash': <Proxy at 0x7fcab0d09d70 with factory functools.partial(<function lazy_mapping_from_context.<locals>._deprecated_proxy_factory at 0x7fcab0d00ef0>, 'yesterday_ds_nodash', '20230701')>}
[2023-07-02T18:48:08.459+0000] {logging_mixin.py:149} INFO - 2023-07-02
[2023-07-02T18:48:08.460+0000] {python.py:183} INFO - Done. Returned value was: Whatever you return gets printed in the logs
[2023-07-02T18:48:08.473+0000] {taskinstance.py:1350} INFO - Marking task as SUCCESS. dag_id=python_scrap_data_dag, task_id=print_the_context, execution_date=20230702T184807, start_date=20230702T184808, end_date=20230702T184808
[2023-07-02T18:48:08.508+0000] {local_task_job_runner.py:225} INFO - Task exited with return code 0
[2023-07-02T18:48:08.522+0000] {taskinstance.py:2653} INFO - 0 downstream tasks scheduled from follow-on schedule check
