[2023-07-08T01:31:08.051+0000] {taskinstance.py:1103} INFO - Dependencies all met for dep_context=non-requeueable deps ti=<TaskInstance: dag_scrap_biobio_v12.scrap_data manual__2023-07-08T01:31:06.361155+00:00 [queued]>
[2023-07-08T01:31:08.057+0000] {taskinstance.py:1103} INFO - Dependencies all met for dep_context=requeueable deps ti=<TaskInstance: dag_scrap_biobio_v12.scrap_data manual__2023-07-08T01:31:06.361155+00:00 [queued]>
[2023-07-08T01:31:08.057+0000] {taskinstance.py:1308} INFO - Starting attempt 1 of 1
[2023-07-08T01:31:08.068+0000] {taskinstance.py:1327} INFO - Executing <Task(_PythonVirtualenvDecoratedOperator): scrap_data> on 2023-07-08 01:31:06.361155+00:00
[2023-07-08T01:31:08.073+0000] {standard_task_runner.py:57} INFO - Started process 3820 to run task
[2023-07-08T01:31:08.075+0000] {standard_task_runner.py:84} INFO - Running: ['***', 'tasks', 'run', 'dag_scrap_biobio_v12', 'scrap_data', 'manual__2023-07-08T01:31:06.361155+00:00', '--job-id', '135', '--raw', '--subdir', 'DAGS_FOLDER/dag_scrap_biobio.py', '--cfg-path', '/tmp/tmpnhf07moy']
[2023-07-08T01:31:08.075+0000] {standard_task_runner.py:85} INFO - Job 135: Subtask scrap_data
[2023-07-08T01:31:08.110+0000] {task_command.py:410} INFO - Running <TaskInstance: dag_scrap_biobio_v12.scrap_data manual__2023-07-08T01:31:06.361155+00:00 [running]> on host 3371e7602d27
[2023-07-08T01:31:08.173+0000] {taskinstance.py:1547} INFO - Exporting env vars: AIRFLOW_CTX_DAG_OWNER='***' AIRFLOW_CTX_DAG_ID='dag_scrap_biobio_v12' AIRFLOW_CTX_TASK_ID='scrap_data' AIRFLOW_CTX_EXECUTION_DATE='2023-07-08T01:31:06.361155+00:00' AIRFLOW_CTX_TRY_NUMBER='1' AIRFLOW_CTX_DAG_RUN_ID='manual__2023-07-08T01:31:06.361155+00:00'
[2023-07-08T01:31:08.174+0000] {process_utils.py:181} INFO - Executing cmd: /usr/local/bin/python -m virtualenv /tmp/venvo86am_j1
[2023-07-08T01:31:08.182+0000] {process_utils.py:185} INFO - Output:
[2023-07-08T01:31:09.004+0000] {process_utils.py:189} INFO - created virtual environment CPython3.7.17.final.0-64 in 284ms
[2023-07-08T01:31:09.004+0000] {process_utils.py:189} INFO -   creator CPython3Posix(dest=/tmp/venvo86am_j1, clear=False, no_vcs_ignore=False, global=False)
[2023-07-08T01:31:09.004+0000] {process_utils.py:189} INFO -   seeder FromAppData(download=False, pip=bundle, setuptools=bundle, wheel=bundle, via=copy, app_data_dir=/home/***/.local/share/virtualenv)
[2023-07-08T01:31:09.004+0000] {process_utils.py:189} INFO -     added seed packages: pip==23.1.2, setuptools==67.8.0, wheel==0.40.0
[2023-07-08T01:31:09.005+0000] {process_utils.py:189} INFO -   activators BashActivator,CShellActivator,FishActivator,NushellActivator,PowerShellActivator,PythonActivator
[2023-07-08T01:31:09.033+0000] {process_utils.py:181} INFO - Executing cmd: /tmp/venvo86am_j1/bin/pip install -r /tmp/venvo86am_j1/requirements.txt
[2023-07-08T01:31:09.045+0000] {process_utils.py:185} INFO - Output:
[2023-07-08T01:31:09.938+0000] {process_utils.py:189} INFO - WARNING: The directory '/home/***/.cache/pip' or its parent directory is not owned or is not writable by the current user. The cache has been disabled. Check the permissions and owner of that directory. If executing pip with sudo, you should use sudo's -H flag.
[2023-07-08T01:31:10.539+0000] {process_utils.py:189} INFO - Collecting selenium (from -r /tmp/venvo86am_j1/requirements.txt (line 1))
[2023-07-08T01:31:10.680+0000] {process_utils.py:189} INFO -   Downloading selenium-4.10.0-py3-none-any.whl (6.7 MB)
[2023-07-08T01:31:10.994+0000] {process_utils.py:189} INFO -      ━━━━━━━━━━━━━━━━━━━━━━━━━━━━━━━━━━━━━━━━ 6.7/6.7 MB 21.5 MB/s eta 0:00:00
[2023-07-08T01:31:11.189+0000] {process_utils.py:189} INFO - Collecting dateparser (from -r /tmp/venvo86am_j1/requirements.txt (line 2))
[2023-07-08T01:31:11.219+0000] {process_utils.py:189} INFO -   Downloading dateparser-1.1.8-py2.py3-none-any.whl (293 kB)
[2023-07-08T01:31:11.228+0000] {process_utils.py:189} INFO -      ━━━━━━━━━━━━━━━━━━━━━━━━━━━━━━━━━━━━━━ 293.8/293.8 kB 52.3 MB/s eta 0:00:00
[2023-07-08T01:31:11.332+0000] {process_utils.py:189} INFO - Collecting urllib3[socks]<3,>=1.26 (from selenium->-r /tmp/venvo86am_j1/requirements.txt (line 1))
[2023-07-08T01:31:11.368+0000] {process_utils.py:189} INFO -   Downloading urllib3-2.0.3-py3-none-any.whl (123 kB)
[2023-07-08T01:31:11.373+0000] {process_utils.py:189} INFO -      ━━━━━━━━━━━━━━━━━━━━━━━━━━━━━━━━━━━━━━ 123.6/123.6 kB 40.4 MB/s eta 0:00:00
[2023-07-08T01:31:11.546+0000] {process_utils.py:189} INFO - Collecting trio~=0.17 (from selenium->-r /tmp/venvo86am_j1/requirements.txt (line 1))
[2023-07-08T01:31:11.573+0000] {process_utils.py:189} INFO -   Downloading trio-0.22.1-py3-none-any.whl (399 kB)
[2023-07-08T01:31:11.583+0000] {process_utils.py:189} INFO -      ━━━━━━━━━━━━━━━━━━━━━━━━━━━━━━━━━━━━━━ 399.3/399.3 kB 67.2 MB/s eta 0:00:00
[2023-07-08T01:31:11.748+0000] {process_utils.py:189} INFO - Collecting trio-websocket~=0.9 (from selenium->-r /tmp/venvo86am_j1/requirements.txt (line 1))
[2023-07-08T01:31:11.777+0000] {process_utils.py:189} INFO -   Downloading trio_websocket-0.10.3-py3-none-any.whl (17 kB)
[2023-07-08T01:31:11.823+0000] {process_utils.py:189} INFO - Collecting certifi>=2021.10.8 (from selenium->-r /tmp/venvo86am_j1/requirements.txt (line 1))
[2023-07-08T01:31:11.851+0000] {process_utils.py:189} INFO -   Downloading certifi-2023.5.7-py3-none-any.whl (156 kB)
[2023-07-08T01:31:11.857+0000] {process_utils.py:189} INFO -      ━━━━━━━━━━━━━━━━━━━━━━━━━━━━━━━━━━━━━━ 157.0/157.0 kB 39.4 MB/s eta 0:00:00
[2023-07-08T01:31:11.909+0000] {process_utils.py:189} INFO - Collecting python-dateutil (from dateparser->-r /tmp/venvo86am_j1/requirements.txt (line 2))
[2023-07-08T01:31:11.937+0000] {process_utils.py:189} INFO -   Downloading python_dateutil-2.8.2-py2.py3-none-any.whl (247 kB)
[2023-07-08T01:31:11.944+0000] {process_utils.py:189} INFO -      ━━━━━━━━━━━━━━━━━━━━━━━━━━━━━━━━━━━━━━ 247.7/247.7 kB 59.9 MB/s eta 0:00:00
[2023-07-08T01:31:12.063+0000] {process_utils.py:189} INFO - Collecting pytz (from dateparser->-r /tmp/venvo86am_j1/requirements.txt (line 2))
[2023-07-08T01:31:12.092+0000] {process_utils.py:189} INFO -   Downloading pytz-2023.3-py2.py3-none-any.whl (502 kB)
[2023-07-08T01:31:12.105+0000] {process_utils.py:189} INFO -      ━━━━━━━━━━━━━━━━━━━━━━━━━━━━━━━━━━━━━━ 502.3/502.3 kB 49.1 MB/s eta 0:00:00
[2023-07-08T01:31:12.836+0000] {process_utils.py:189} INFO - Collecting regex!=2019.02.19,!=2021.8.27 (from dateparser->-r /tmp/venvo86am_j1/requirements.txt (line 2))
[2023-07-08T01:31:12.875+0000] {process_utils.py:189} INFO -   Downloading regex-2023.6.3-cp37-cp37m-manylinux_2_17_x86_64.manylinux2014_x86_64.whl (755 kB)
[2023-07-08T01:31:12.893+0000] {process_utils.py:189} INFO -      ━━━━━━━━━━━━━━━━━━━━━━━━━━━━━━━━━━━━━━ 755.7/755.7 kB 61.2 MB/s eta 0:00:00
[2023-07-08T01:31:13.050+0000] {process_utils.py:189} INFO - Collecting tzlocal (from dateparser->-r /tmp/venvo86am_j1/requirements.txt (line 2))
[2023-07-08T01:31:13.074+0000] {process_utils.py:189} INFO -   Downloading tzlocal-5.0.1-py3-none-any.whl (20 kB)
[2023-07-08T01:31:13.126+0000] {process_utils.py:189} INFO - Collecting attrs>=20.1.0 (from trio~=0.17->selenium->-r /tmp/venvo86am_j1/requirements.txt (line 1))
[2023-07-08T01:31:13.164+0000] {process_utils.py:189} INFO -   Downloading attrs-23.1.0-py3-none-any.whl (61 kB)
[2023-07-08T01:31:13.167+0000] {process_utils.py:189} INFO -      ━━━━━━━━━━━━━━━━━━━━━━━━━━━━━━━━━━━━━━━━ 61.2/61.2 kB 76.9 MB/s eta 0:00:00
[2023-07-08T01:31:13.345+0000] {process_utils.py:189} INFO - Collecting sortedcontainers (from trio~=0.17->selenium->-r /tmp/venvo86am_j1/requirements.txt (line 1))
[2023-07-08T01:31:13.375+0000] {process_utils.py:189} INFO -   Downloading sortedcontainers-2.4.0-py2.py3-none-any.whl (29 kB)
[2023-07-08T01:31:13.427+0000] {process_utils.py:189} INFO - Collecting idna (from trio~=0.17->selenium->-r /tmp/venvo86am_j1/requirements.txt (line 1))
[2023-07-08T01:31:13.451+0000] {process_utils.py:189} INFO -   Downloading idna-3.4-py3-none-any.whl (61 kB)
[2023-07-08T01:31:13.455+0000] {process_utils.py:189} INFO -      ━━━━━━━━━━━━━━━━━━━━━━━━━━━━━━━━━━━━━━━━ 61.5/61.5 kB 72.4 MB/s eta 0:00:00
[2023-07-08T01:31:13.623+0000] {process_utils.py:189} INFO - Collecting outcome (from trio~=0.17->selenium->-r /tmp/venvo86am_j1/requirements.txt (line 1))
[2023-07-08T01:31:13.651+0000] {process_utils.py:189} INFO -   Downloading outcome-1.2.0-py2.py3-none-any.whl (9.7 kB)
[2023-07-08T01:31:13.697+0000] {process_utils.py:189} INFO - Collecting sniffio (from trio~=0.17->selenium->-r /tmp/venvo86am_j1/requirements.txt (line 1))
[2023-07-08T01:31:13.722+0000] {process_utils.py:189} INFO -   Downloading sniffio-1.3.0-py3-none-any.whl (10 kB)
[2023-07-08T01:31:13.777+0000] {process_utils.py:189} INFO - Collecting exceptiongroup>=1.0.0rc9 (from trio~=0.17->selenium->-r /tmp/venvo86am_j1/requirements.txt (line 1))
[2023-07-08T01:31:13.808+0000] {process_utils.py:189} INFO -   Downloading exceptiongroup-1.1.2-py3-none-any.whl (14 kB)
[2023-07-08T01:31:13.996+0000] {process_utils.py:189} INFO - Collecting wsproto>=0.14 (from trio-websocket~=0.9->selenium->-r /tmp/venvo86am_j1/requirements.txt (line 1))
[2023-07-08T01:31:14.023+0000] {process_utils.py:189} INFO -   Downloading wsproto-1.2.0-py3-none-any.whl (24 kB)
[2023-07-08T01:31:14.099+0000] {process_utils.py:189} INFO - Collecting pysocks!=1.5.7,<2.0,>=1.5.6 (from urllib3[socks]<3,>=1.26->selenium->-r /tmp/venvo86am_j1/requirements.txt (line 1))
[2023-07-08T01:31:14.126+0000] {process_utils.py:189} INFO -   Downloading PySocks-1.7.1-py3-none-any.whl (16 kB)
[2023-07-08T01:31:14.186+0000] {process_utils.py:189} INFO - Collecting six>=1.5 (from python-dateutil->dateparser->-r /tmp/venvo86am_j1/requirements.txt (line 2))
[2023-07-08T01:31:14.216+0000] {process_utils.py:189} INFO -   Downloading six-1.16.0-py2.py3-none-any.whl (11 kB)
[2023-07-08T01:31:14.409+0000] {process_utils.py:189} INFO - Collecting backports.zoneinfo (from tzlocal->dateparser->-r /tmp/venvo86am_j1/requirements.txt (line 2))
[2023-07-08T01:31:14.440+0000] {process_utils.py:189} INFO -   Downloading backports.zoneinfo-0.2.1-cp37-cp37m-manylinux1_x86_64.whl (70 kB)
[2023-07-08T01:31:14.444+0000] {process_utils.py:189} INFO -      ━━━━━━━━━━━━━━━━━━━━━━━━━━━━━━━━━━━━━━━ 70.7/70.7 kB 135.8 MB/s eta 0:00:00
[2023-07-08T01:31:14.595+0000] {process_utils.py:189} INFO - Collecting importlib-metadata (from attrs>=20.1.0->trio~=0.17->selenium->-r /tmp/venvo86am_j1/requirements.txt (line 1))
[2023-07-08T01:31:14.620+0000] {process_utils.py:189} INFO -   Downloading importlib_metadata-6.7.0-py3-none-any.whl (22 kB)
[2023-07-08T01:31:14.667+0000] {process_utils.py:189} INFO - Collecting h11<1,>=0.9.0 (from wsproto>=0.14->trio-websocket~=0.9->selenium->-r /tmp/venvo86am_j1/requirements.txt (line 1))
[2023-07-08T01:31:14.690+0000] {process_utils.py:189} INFO -   Downloading h11-0.14.0-py3-none-any.whl (58 kB)
[2023-07-08T01:31:14.693+0000] {process_utils.py:189} INFO -      ━━━━━━━━━━━━━━━━━━━━━━━━━━━━━━━━━━━━━━━ 58.3/58.3 kB 183.8 MB/s eta 0:00:00
[2023-07-08T01:31:14.765+0000] {process_utils.py:189} INFO - Collecting typing-extensions (from h11<1,>=0.9.0->wsproto>=0.14->trio-websocket~=0.9->selenium->-r /tmp/venvo86am_j1/requirements.txt (line 1))
[2023-07-08T01:31:14.793+0000] {process_utils.py:189} INFO -   Downloading typing_extensions-4.7.1-py3-none-any.whl (33 kB)
[2023-07-08T01:31:14.866+0000] {process_utils.py:189} INFO - Collecting zipp>=0.5 (from importlib-metadata->attrs>=20.1.0->trio~=0.17->selenium->-r /tmp/venvo86am_j1/requirements.txt (line 1))
[2023-07-08T01:31:14.889+0000] {process_utils.py:189} INFO -   Downloading zipp-3.15.0-py3-none-any.whl (6.8 kB)
[2023-07-08T01:31:15.095+0000] {process_utils.py:189} INFO - Installing collected packages: sortedcontainers, pytz, zipp, urllib3, typing-extensions, sniffio, six, regex, pysocks, idna, exceptiongroup, certifi, backports.zoneinfo, tzlocal, python-dateutil, importlib-metadata, h11, wsproto, dateparser, attrs, outcome, trio, trio-websocket, selenium
[2023-07-08T01:31:16.478+0000] {process_utils.py:189} INFO - Successfully installed attrs-23.1.0 backports.zoneinfo-0.2.1 certifi-2023.5.7 dateparser-1.1.8 exceptiongroup-1.1.2 h11-0.14.0 idna-3.4 importlib-metadata-6.7.0 outcome-1.2.0 pysocks-1.7.1 python-dateutil-2.8.2 pytz-2023.3 regex-2023.6.3 selenium-4.10.0 six-1.16.0 sniffio-1.3.0 sortedcontainers-2.4.0 trio-0.22.1 trio-websocket-0.10.3 typing-extensions-4.7.1 tzlocal-5.0.1 urllib3-2.0.3 wsproto-1.2.0 zipp-3.15.0
[2023-07-08T01:31:16.762+0000] {process_utils.py:181} INFO - Executing cmd: /tmp/venvo86am_j1/bin/python /tmp/venvo86am_j1/script.py /tmp/venvo86am_j1/script.in /tmp/venvo86am_j1/script.out /tmp/venvo86am_j1/string_args.txt
[2023-07-08T01:31:16.772+0000] {process_utils.py:185} INFO - Output:
[2023-07-08T01:32:08.337+0000] {local_task_job_runner.py:285} WARNING - DagRun timed out after 0:01:01.663259.
[2023-07-08T01:32:13.390+0000] {local_task_job_runner.py:285} WARNING - DagRun timed out after 0:01:06.715880.
[2023-07-08T01:32:13.390+0000] {local_task_job_runner.py:292} WARNING - State of this instance has been externally set to skipped. Terminating instance.
[2023-07-08T01:32:13.391+0000] {process_utils.py:135} INFO - Sending Signals.SIGTERM to group 3820. PIDs of all processes in the group: [3847, 3820]
[2023-07-08T01:32:13.391+0000] {process_utils.py:86} INFO - Sending the signal Signals.SIGTERM to group 3820
[2023-07-08T01:32:13.391+0000] {taskinstance.py:1517} ERROR - Received SIGTERM. Terminating subprocesses.
[2023-07-08T01:32:13.395+0000] {process_utils.py:79} INFO - Process psutil.Process(pid=3847, status='terminated', started='01:31:16') (3847) terminated with exit code None
[2023-07-08T01:32:13.487+0000] {process_utils.py:79} INFO - Process psutil.Process(pid=3820, status='terminated', exitcode=0, started='01:31:07') (3820) terminated with exit code 0
