[2023-07-07T23:33:28.568+0000] {taskinstance.py:1103} INFO - Dependencies all met for dep_context=non-requeueable deps ti=<TaskInstance: dag_scrap_biobio_v8.scrap_data manual__2023-07-07T23:33:26.722453+00:00 [queued]>
[2023-07-07T23:33:28.575+0000] {taskinstance.py:1103} INFO - Dependencies all met for dep_context=requeueable deps ti=<TaskInstance: dag_scrap_biobio_v8.scrap_data manual__2023-07-07T23:33:26.722453+00:00 [queued]>
[2023-07-07T23:33:28.576+0000] {taskinstance.py:1308} INFO - Starting attempt 1 of 1
[2023-07-07T23:33:28.586+0000] {taskinstance.py:1327} INFO - Executing <Task(_PythonVirtualenvDecoratedOperator): scrap_data> on 2023-07-07 23:33:26.722453+00:00
[2023-07-07T23:33:28.590+0000] {standard_task_runner.py:57} INFO - Started process 1423 to run task
[2023-07-07T23:33:28.593+0000] {standard_task_runner.py:84} INFO - Running: ['***', 'tasks', 'run', 'dag_scrap_biobio_v8', 'scrap_data', 'manual__2023-07-07T23:33:26.722453+00:00', '--job-id', '113', '--raw', '--subdir', 'DAGS_FOLDER/dag_scrap_biobio.py', '--cfg-path', '/tmp/tmp2l1hpe9g']
[2023-07-07T23:33:28.593+0000] {standard_task_runner.py:85} INFO - Job 113: Subtask scrap_data
[2023-07-07T23:33:28.624+0000] {task_command.py:410} INFO - Running <TaskInstance: dag_scrap_biobio_v8.scrap_data manual__2023-07-07T23:33:26.722453+00:00 [running]> on host 3371e7602d27
[2023-07-07T23:33:28.682+0000] {taskinstance.py:1547} INFO - Exporting env vars: AIRFLOW_CTX_DAG_OWNER='***' AIRFLOW_CTX_DAG_ID='dag_scrap_biobio_v8' AIRFLOW_CTX_TASK_ID='scrap_data' AIRFLOW_CTX_EXECUTION_DATE='2023-07-07T23:33:26.722453+00:00' AIRFLOW_CTX_TRY_NUMBER='1' AIRFLOW_CTX_DAG_RUN_ID='manual__2023-07-07T23:33:26.722453+00:00'
[2023-07-07T23:33:28.683+0000] {process_utils.py:181} INFO - Executing cmd: /usr/local/bin/python -m virtualenv /tmp/venvvsq0qqk7
[2023-07-07T23:33:28.691+0000] {process_utils.py:185} INFO - Output:
[2023-07-07T23:33:29.389+0000] {process_utils.py:189} INFO - created virtual environment CPython3.7.17.final.0-64 in 166ms
[2023-07-07T23:33:29.390+0000] {process_utils.py:189} INFO -   creator CPython3Posix(dest=/tmp/venvvsq0qqk7, clear=False, no_vcs_ignore=False, global=False)
[2023-07-07T23:33:29.390+0000] {process_utils.py:189} INFO -   seeder FromAppData(download=False, pip=bundle, setuptools=bundle, wheel=bundle, via=copy, app_data_dir=/home/***/.local/share/virtualenv)
[2023-07-07T23:33:29.390+0000] {process_utils.py:189} INFO -     added seed packages: pip==23.1, setuptools==67.6.1, wheel==0.40.0
[2023-07-07T23:33:29.390+0000] {process_utils.py:189} INFO -   activators BashActivator,CShellActivator,FishActivator,NushellActivator,PowerShellActivator,PythonActivator
[2023-07-07T23:33:29.425+0000] {process_utils.py:181} INFO - Executing cmd: /tmp/venvvsq0qqk7/bin/pip install -r /tmp/venvvsq0qqk7/requirements.txt
[2023-07-07T23:33:29.434+0000] {process_utils.py:185} INFO - Output:
[2023-07-07T23:33:30.306+0000] {process_utils.py:189} INFO - WARNING: The directory '/home/***/.cache/pip' or its parent directory is not owned or is not writable by the current user. The cache has been disabled. Check the permissions and owner of that directory. If executing pip with sudo, you should use sudo's -H flag.
[2023-07-07T23:33:30.575+0000] {process_utils.py:189} INFO - Collecting selenium (from -r /tmp/venvvsq0qqk7/requirements.txt (line 1))
[2023-07-07T23:33:30.716+0000] {process_utils.py:189} INFO -   Downloading selenium-4.10.0-py3-none-any.whl (6.7 MB)
[2023-07-07T23:33:30.993+0000] {process_utils.py:189} INFO -      ━━━━━━━━━━━━━━━━━━━━━━━━━━━━━━━━━━━━━━━━ 6.7/6.7 MB 24.7 MB/s eta 0:00:00
[2023-07-07T23:33:31.068+0000] {process_utils.py:189} INFO - Collecting dateparser (from -r /tmp/venvvsq0qqk7/requirements.txt (line 2))
[2023-07-07T23:33:31.095+0000] {process_utils.py:189} INFO -   Downloading dateparser-1.1.8-py2.py3-none-any.whl (293 kB)
[2023-07-07T23:33:31.126+0000] {process_utils.py:189} INFO -      ━━━━━━━━━━━━━━━━━━━━━━━━━━━━━━━━━━━━━━ 293.8/293.8 kB 11.1 MB/s eta 0:00:00
[2023-07-07T23:33:31.234+0000] {process_utils.py:189} INFO - Collecting urllib3[socks]<3,>=1.26 (from selenium->-r /tmp/venvvsq0qqk7/requirements.txt (line 1))
[2023-07-07T23:33:31.269+0000] {process_utils.py:189} INFO -   Downloading urllib3-2.0.3-py3-none-any.whl (123 kB)
[2023-07-07T23:33:31.325+0000] {process_utils.py:189} INFO -      ━━━━━━━━━━━━━━━━━━━━━━━━━━━━━━━━━━━━━━━ 123.6/123.6 kB 2.3 MB/s eta 0:00:00
[2023-07-07T23:33:31.386+0000] {process_utils.py:189} INFO - Collecting trio~=0.17 (from selenium->-r /tmp/venvvsq0qqk7/requirements.txt (line 1))
[2023-07-07T23:33:31.412+0000] {process_utils.py:189} INFO -   Downloading trio-0.22.1-py3-none-any.whl (399 kB)
[2023-07-07T23:33:31.428+0000] {process_utils.py:189} INFO -      ━━━━━━━━━━━━━━━━━━━━━━━━━━━━━━━━━━━━━━ 399.3/399.3 kB 34.4 MB/s eta 0:00:00
[2023-07-07T23:33:31.474+0000] {process_utils.py:189} INFO - Collecting trio-websocket~=0.9 (from selenium->-r /tmp/venvvsq0qqk7/requirements.txt (line 1))
[2023-07-07T23:33:31.500+0000] {process_utils.py:189} INFO -   Downloading trio_websocket-0.10.3-py3-none-any.whl (17 kB)
[2023-07-07T23:33:31.579+0000] {process_utils.py:189} INFO - Collecting certifi>=2021.10.8 (from selenium->-r /tmp/venvvsq0qqk7/requirements.txt (line 1))
[2023-07-07T23:33:31.605+0000] {process_utils.py:189} INFO -   Downloading certifi-2023.5.7-py3-none-any.whl (156 kB)
[2023-07-07T23:33:31.616+0000] {process_utils.py:189} INFO -      ━━━━━━━━━━━━━━━━━━━━━━━━━━━━━━━━━━━━━━ 157.0/157.0 kB 18.7 MB/s eta 0:00:00
[2023-07-07T23:33:31.680+0000] {process_utils.py:189} INFO - Collecting python-dateutil (from dateparser->-r /tmp/venvvsq0qqk7/requirements.txt (line 2))
[2023-07-07T23:33:31.704+0000] {process_utils.py:189} INFO -   Downloading python_dateutil-2.8.2-py2.py3-none-any.whl (247 kB)
[2023-07-07T23:33:31.722+0000] {process_utils.py:189} INFO -      ━━━━━━━━━━━━━━━━━━━━━━━━━━━━━━━━━━━━━━ 247.7/247.7 kB 17.7 MB/s eta 0:00:00
[2023-07-07T23:33:31.860+0000] {process_utils.py:189} INFO - Collecting pytz (from dateparser->-r /tmp/venvvsq0qqk7/requirements.txt (line 2))
[2023-07-07T23:33:31.890+0000] {process_utils.py:189} INFO -   Downloading pytz-2023.3-py2.py3-none-any.whl (502 kB)
[2023-07-07T23:33:31.921+0000] {process_utils.py:189} INFO -      ━━━━━━━━━━━━━━━━━━━━━━━━━━━━━━━━━━━━━━ 502.3/502.3 kB 19.1 MB/s eta 0:00:00
[2023-07-07T23:33:32.659+0000] {process_utils.py:189} INFO - Collecting regex!=2019.02.19,!=2021.8.27 (from dateparser->-r /tmp/venvvsq0qqk7/requirements.txt (line 2))
[2023-07-07T23:33:32.690+0000] {process_utils.py:189} INFO -   Downloading regex-2023.6.3-cp37-cp37m-manylinux_2_17_x86_64.manylinux2014_x86_64.whl (755 kB)
[2023-07-07T23:33:32.738+0000] {process_utils.py:189} INFO -      ━━━━━━━━━━━━━━━━━━━━━━━━━━━━━━━━━━━━━━ 755.7/755.7 kB 17.6 MB/s eta 0:00:00
[2023-07-07T23:33:32.789+0000] {process_utils.py:189} INFO - Collecting tzlocal (from dateparser->-r /tmp/venvvsq0qqk7/requirements.txt (line 2))
[2023-07-07T23:33:32.815+0000] {process_utils.py:189} INFO -   Downloading tzlocal-5.0.1-py3-none-any.whl (20 kB)
[2023-07-07T23:33:32.870+0000] {process_utils.py:189} INFO - Collecting attrs>=20.1.0 (from trio~=0.17->selenium->-r /tmp/venvvsq0qqk7/requirements.txt (line 1))
[2023-07-07T23:33:32.893+0000] {process_utils.py:189} INFO -   Downloading attrs-23.1.0-py3-none-any.whl (61 kB)
[2023-07-07T23:33:32.897+0000] {process_utils.py:189} INFO -      ━━━━━━━━━━━━━━━━━━━━━━━━━━━━━━━━━━━━━━━━ 61.2/61.2 kB 25.9 MB/s eta 0:00:00
[2023-07-07T23:33:32.942+0000] {process_utils.py:189} INFO - Collecting sortedcontainers (from trio~=0.17->selenium->-r /tmp/venvvsq0qqk7/requirements.txt (line 1))
[2023-07-07T23:33:32.975+0000] {process_utils.py:189} INFO -   Downloading sortedcontainers-2.4.0-py2.py3-none-any.whl (29 kB)
[2023-07-07T23:33:33.013+0000] {process_utils.py:189} INFO - Collecting idna (from trio~=0.17->selenium->-r /tmp/venvvsq0qqk7/requirements.txt (line 1))
[2023-07-07T23:33:33.040+0000] {process_utils.py:189} INFO -   Downloading idna-3.4-py3-none-any.whl (61 kB)
[2023-07-07T23:33:33.044+0000] {process_utils.py:189} INFO -      ━━━━━━━━━━━━━━━━━━━━━━━━━━━━━━━━━━━━━━━━ 61.5/61.5 kB 27.9 MB/s eta 0:00:00
[2023-07-07T23:33:33.082+0000] {process_utils.py:189} INFO - Collecting outcome (from trio~=0.17->selenium->-r /tmp/venvvsq0qqk7/requirements.txt (line 1))
[2023-07-07T23:33:33.105+0000] {process_utils.py:189} INFO -   Downloading outcome-1.2.0-py2.py3-none-any.whl (9.7 kB)
[2023-07-07T23:33:33.143+0000] {process_utils.py:189} INFO - Collecting sniffio (from trio~=0.17->selenium->-r /tmp/venvvsq0qqk7/requirements.txt (line 1))
[2023-07-07T23:33:33.170+0000] {process_utils.py:189} INFO -   Downloading sniffio-1.3.0-py3-none-any.whl (10 kB)
[2023-07-07T23:33:33.215+0000] {process_utils.py:189} INFO - Collecting exceptiongroup>=1.0.0rc9 (from trio~=0.17->selenium->-r /tmp/venvvsq0qqk7/requirements.txt (line 1))
[2023-07-07T23:33:33.239+0000] {process_utils.py:189} INFO -   Downloading exceptiongroup-1.1.2-py3-none-any.whl (14 kB)
[2023-07-07T23:33:33.294+0000] {process_utils.py:189} INFO - Collecting wsproto>=0.14 (from trio-websocket~=0.9->selenium->-r /tmp/venvvsq0qqk7/requirements.txt (line 1))
[2023-07-07T23:33:33.321+0000] {process_utils.py:189} INFO -   Downloading wsproto-1.2.0-py3-none-any.whl (24 kB)
[2023-07-07T23:33:33.377+0000] {process_utils.py:189} INFO - Collecting pysocks!=1.5.7,<2.0,>=1.5.6 (from urllib3[socks]<3,>=1.26->selenium->-r /tmp/venvvsq0qqk7/requirements.txt (line 1))
[2023-07-07T23:33:33.411+0000] {process_utils.py:189} INFO -   Downloading PySocks-1.7.1-py3-none-any.whl (16 kB)
[2023-07-07T23:33:33.475+0000] {process_utils.py:189} INFO - Collecting six>=1.5 (from python-dateutil->dateparser->-r /tmp/venvvsq0qqk7/requirements.txt (line 2))
[2023-07-07T23:33:33.500+0000] {process_utils.py:189} INFO -   Downloading six-1.16.0-py2.py3-none-any.whl (11 kB)
[2023-07-07T23:33:33.586+0000] {process_utils.py:189} INFO - Collecting backports.zoneinfo (from tzlocal->dateparser->-r /tmp/venvvsq0qqk7/requirements.txt (line 2))
[2023-07-07T23:33:33.610+0000] {process_utils.py:189} INFO -   Downloading backports.zoneinfo-0.2.1-cp37-cp37m-manylinux1_x86_64.whl (70 kB)
[2023-07-07T23:33:33.615+0000] {process_utils.py:189} INFO -      ━━━━━━━━━━━━━━━━━━━━━━━━━━━━━━━━━━━━━━━━ 70.7/70.7 kB 74.4 MB/s eta 0:00:00
[2023-07-07T23:33:33.768+0000] {process_utils.py:189} INFO - Collecting importlib-metadata (from attrs>=20.1.0->trio~=0.17->selenium->-r /tmp/venvvsq0qqk7/requirements.txt (line 1))
[2023-07-07T23:33:33.795+0000] {process_utils.py:189} INFO -   Downloading importlib_metadata-6.7.0-py3-none-any.whl (22 kB)
[2023-07-07T23:33:33.841+0000] {process_utils.py:189} INFO - Collecting h11<1,>=0.9.0 (from wsproto>=0.14->trio-websocket~=0.9->selenium->-r /tmp/venvvsq0qqk7/requirements.txt (line 1))
[2023-07-07T23:33:33.864+0000] {process_utils.py:189} INFO -   Downloading h11-0.14.0-py3-none-any.whl (58 kB)
[2023-07-07T23:33:33.868+0000] {process_utils.py:189} INFO -      ━━━━━━━━━━━━━━━━━━━━━━━━━━━━━━━━━━━━━━━━ 58.3/58.3 kB 18.8 MB/s eta 0:00:00
[2023-07-07T23:33:33.942+0000] {process_utils.py:189} INFO - Collecting typing-extensions (from h11<1,>=0.9.0->wsproto>=0.14->trio-websocket~=0.9->selenium->-r /tmp/venvvsq0qqk7/requirements.txt (line 1))
[2023-07-07T23:33:33.969+0000] {process_utils.py:189} INFO -   Downloading typing_extensions-4.7.1-py3-none-any.whl (33 kB)
[2023-07-07T23:33:34.045+0000] {process_utils.py:189} INFO - Collecting zipp>=0.5 (from importlib-metadata->attrs>=20.1.0->trio~=0.17->selenium->-r /tmp/venvvsq0qqk7/requirements.txt (line 1))
[2023-07-07T23:33:34.066+0000] {process_utils.py:189} INFO -   Downloading zipp-3.15.0-py3-none-any.whl (6.8 kB)
[2023-07-07T23:33:34.268+0000] {process_utils.py:189} INFO - Installing collected packages: sortedcontainers, pytz, zipp, urllib3, typing-extensions, sniffio, six, regex, pysocks, idna, exceptiongroup, certifi, backports.zoneinfo, tzlocal, python-dateutil, importlib-metadata, h11, wsproto, dateparser, attrs, outcome, trio, trio-websocket, selenium
[2023-07-07T23:33:35.624+0000] {process_utils.py:189} INFO - Successfully installed attrs-23.1.0 backports.zoneinfo-0.2.1 certifi-2023.5.7 dateparser-1.1.8 exceptiongroup-1.1.2 h11-0.14.0 idna-3.4 importlib-metadata-6.7.0 outcome-1.2.0 pysocks-1.7.1 python-dateutil-2.8.2 pytz-2023.3 regex-2023.6.3 selenium-4.10.0 six-1.16.0 sniffio-1.3.0 sortedcontainers-2.4.0 trio-0.22.1 trio-websocket-0.10.3 typing-extensions-4.7.1 tzlocal-5.0.1 urllib3-2.0.3 wsproto-1.2.0 zipp-3.15.0
[2023-07-07T23:33:35.777+0000] {process_utils.py:189} INFO - 
[2023-07-07T23:33:35.778+0000] {process_utils.py:189} INFO - [notice] A new release of pip is available: 23.1 -> 23.1.2
[2023-07-07T23:33:35.778+0000] {process_utils.py:189} INFO - [notice] To update, run: python -m pip install --upgrade pip
[2023-07-07T23:33:35.890+0000] {process_utils.py:181} INFO - Executing cmd: /tmp/venvvsq0qqk7/bin/python /tmp/venvvsq0qqk7/script.py /tmp/venvvsq0qqk7/script.in /tmp/venvvsq0qqk7/script.out /tmp/venvvsq0qqk7/string_args.txt
[2023-07-07T23:33:35.897+0000] {process_utils.py:185} INFO - Output:
[2023-07-07T23:33:46.048+0000] {process_utils.py:189} INFO - 1) BROWSER OK
[2023-07-07T23:33:46.049+0000] {process_utils.py:189} INFO - 2) GET OK
[2023-07-07T23:33:46.049+0000] {process_utils.py:189} INFO - 3) BUTTON OK
[2023-07-07T23:33:46.049+0000] {process_utils.py:189} INFO - 4) CLICK OK
[2023-07-07T23:33:46.050+0000] {process_utils.py:189} INFO - 5) FETCH OK
[2023-07-07T23:33:46.050+0000] {process_utils.py:189} INFO - 6) FETCH 2 OK
[2023-07-07T23:33:46.050+0000] {process_utils.py:189} INFO - 4) CLICK OK
[2023-07-07T23:33:46.050+0000] {process_utils.py:189} INFO - 5) FETCH OK
[2023-07-07T23:33:46.050+0000] {process_utils.py:189} INFO - 6) FETCH 2 OK
[2023-07-07T23:33:46.051+0000] {process_utils.py:189} INFO - 4) CLICK OK
[2023-07-07T23:33:46.051+0000] {process_utils.py:189} INFO - 5) FETCH OK
[2023-07-07T23:33:46.051+0000] {process_utils.py:189} INFO - 6) FETCH 2 OK
[2023-07-07T23:33:46.051+0000] {process_utils.py:189} INFO - 4) CLICK OK
[2023-07-07T23:33:46.051+0000] {process_utils.py:189} INFO - 5) FETCH OK
[2023-07-07T23:33:46.051+0000] {process_utils.py:189} INFO - 6) FETCH 2 OK
[2023-07-07T23:33:46.051+0000] {process_utils.py:189} INFO - 4) CLICK OK
[2023-07-07T23:33:46.052+0000] {process_utils.py:189} INFO - 5) FETCH OK
[2023-07-07T23:33:46.052+0000] {process_utils.py:189} INFO - 6) FETCH 2 OK
[2023-07-07T23:33:46.052+0000] {process_utils.py:189} INFO - Loading data...
[2023-07-07T23:33:46.052+0000] {process_utils.py:189} INFO - Caso Innovaciones Forestales: condenan a exejecutivos por estafa, apropiación indebida y falsificación https://www.biobiochile.cl/noticias/nacional/region-del-bio-bio/2023/07/07/caso-innovaciones-forestales-condenan-a-exejecutivos-por-estafa-apropiacion-indebida-y-falsificacion.shtml
[2023-07-07T23:33:46.053+0000] {process_utils.py:189} INFO - Montes se sincera por el caso Convenios: "La verdad que nunca me había tocado algo tan doloroso" https://www.biobiochile.cl/noticias/nacional/region-de-coquimbo/2023/07/07/montes-se-sincera-por-el-caso-convenios-la-verdad-que-nunca-me-habia-tocado-algo-tan-doloroso.shtml
[2023-07-07T23:33:46.053+0000] {process_utils.py:189} INFO - Primera prueba superada: Daniela ’Leona’ Asenjo y Natalia Alderete protagonizaron pesaje en Valdivia https://www.biobiochile.cl/noticias/deportes/mas-deportes/2023/07/07/primera-prueba-superada-daniela-leona-asenjo-y-natalia-alderete-aprobaron-pesaje-en-valdivia.shtml
[2023-07-07T23:33:46.054+0000] {process_utils.py:189} INFO - Balacera en local de comida china en Pedro Aguirre Cerda deja un herido de gravedad: robaron especies https://www.biobiochile.cl/noticias/nacional/region-metropolitana/2023/07/07/balacera-en-local-de-comida-china-en-pedro-aguirre-cerda-deja-un-herido-de-gravedad-robaron-especies.shtml
[2023-07-07T23:33:46.054+0000] {process_utils.py:189} INFO - Prisión preventiva para imputado por robo armado que dejó un joven herido y camión quemado en Cañete https://www.biobiochile.cl/noticias/nacional/region-del-bio-bio/2023/07/07/prision-preventiva-para-imputado-por-robo-armado-que-dejo-un-joven-herido-y-camion-quemado-en-canete.shtml
[2023-07-07T23:33:46.055+0000] {process_utils.py:189} INFO - Brigada de Homicidios investiga hallazgo de dos personas muertas en parcela de Pucón https://www.biobiochile.cl/noticias/nacional/region-de-la-araucania/2023/07/07/brigada-de-homicidios-investiga-hallazgo-de-dos-personas-muertas-en-parcela-de-pucon.shtml
[2023-07-07T23:33:46.055+0000] {process_utils.py:189} INFO - Hasta la medianoche de este viernes se podrá votar por iniciativas populares para la Constitución https://www.biobiochile.cl/especial/nuevo-proceso-constituyente/noticias/2023/07/07/hasta-la-medianoche-de-este-viernes-se-podra-votar-por-iniciativas-populares-para-la-constitucion.shtml
[2023-07-07T23:33:46.055+0000] {process_utils.py:189} INFO - "El Presidente se empezó a quemar una mano": lo que dejó renuncia de seremi del Maule por fundaciones https://www.biobiochile.cl/noticias/nacional/region-del-maule/2023/07/07/el-presidente-se-empezo-a-quemar-una-mano-lo-que-dejo-renuncia-de-seremi-del-maule-por-fundaciones.shtml
[2023-07-07T23:33:46.056+0000] {process_utils.py:189} INFO - Hombre apuñaló a guardia tras intentar robar tienda en mall de Talcahuano: quedó en prisión preventiva https://www.biobiochile.cl/noticias/nacional/region-del-bio-bio/2023/07/07/hombre-apunalo-a-guardia-tras-intentar-robar-tienda-en-mall-de-talcahuano-quedo-en-prision-preventiva.shtml
[2023-07-07T23:33:46.056+0000] {process_utils.py:189} INFO - Alcalde Carter apunta a un "acto organizado por el narco" en violento robo al alcalde de Zapallar https://www.biobiochile.cl/noticias/nacional/region-metropolitana/2023/07/07/alcalde-carter-apunta-a-un-acto-organizado-por-el-narco-en-violento-robo-al-alcalde-de-zapallar.shtml
[2023-07-07T23:33:46.057+0000] {process_utils.py:189} INFO - Grupo de pescadores rechaza acuerdo y mantiene parcialmente tomada planta desalinizadora en Quintero https://www.biobiochile.cl/noticias/nacional/region-de-valparaiso/2023/07/07/grupo-de-pescadores-rechaza-acuerdo-y-mantiene-parcialmente-tomada-planta-desalinizadora-en-quintero.shtml
[2023-07-07T23:33:46.057+0000] {process_utils.py:189} INFO - Estas son las 13 cámaras que medirán la velocidad vehicular en plan piloto de Ley CATI en la RM https://www.biobiochile.cl/noticias/nacional/region-metropolitana/2023/07/07/estas-son-las-13-camaras-que-mediran-la-velocidad-vehicular-en-plan-piloto-de-ley-cati-en-la-rm.shtml
[2023-07-07T23:33:46.058+0000] {process_utils.py:189} INFO - Quiebra empresa Cosal, a cargo de obras de remodelación de calle Antonio Varas en Puerto Montt https://www.biobiochile.cl/noticias/nacional/region-de-los-lagos/2023/07/07/obras-debian-terminar-en-junio-quiebra-empresa-a-cargo-de-remodelacion-de-calle-varas-en-puerto-montt.shtml
[2023-07-07T23:33:46.058+0000] {process_utils.py:189} INFO - "Este Gobierno jamás va a jugar al empate": Vallejo e indagación de fundación en administración Piñera https://www.biobiochile.cl/noticias/nacional/chile/2023/07/07/este-gobierno-jamas-va-a-jugar-al-empate-vallejo-e-indagacion-de-fundacion-en-administracion-pinera.shtml
[2023-07-07T23:33:46.059+0000] {process_utils.py:189} INFO - Fiscalía Regional de Aysén investigará relación entre universidad estatal y GORE con fundaciones https://www.biobiochile.cl/noticias/nacional/region-de-aysen/2023/07/07/fiscalia-regional-de-aysen-investigara-relacion-entre-universidad-estatal-y-gore-con-fundaciones.shtml
[2023-07-07T23:33:46.059+0000] {process_utils.py:189} INFO - Mundaca tras recibir a trabajadores: "Voy a presionar al gobierno para que no se cierre minera Amalia" https://www.biobiochile.cl/noticias/nacional/region-de-valparaiso/2023/07/07/mundaca-tras-recibir-a-trabajadores-voy-a-presionar-al-gobierno-para-que-no-se-cierre-minera-amalia.shtml
[2023-07-07T23:33:46.059+0000] {process_utils.py:189} INFO - Bajan hospitalizaciones por enfermedades respiratorias en Bío Bío: piden mantener medidas preventivas https://www.biobiochile.cl/noticias/nacional/region-del-bio-bio/2023/07/07/bajan-hospitalizaciones-por-enfermedades-respiratorias-en-bio-bio-piden-mantener-medidas-preventivas.shtml
[2023-07-07T23:33:46.060+0000] {process_utils.py:189} INFO - RallyMobil dona 1.000 árboles nativos a de Santa Juana: comuna fue golpeada por incendios forestales https://www.biobiochile.cl/especial/bio-bio-tuercas/noticias/2023/07/07/rallymobil-dona-1000-arboles-a-comuna-de-santa-juana.shtml
[2023-07-07T23:33:46.060+0000] {process_utils.py:189} INFO - Lo golpearon y maniataron: roban especies avaluadas en $30 millones a ciudadano chino en Providencia https://www.biobiochile.cl/noticias/nacional/region-metropolitana/2023/07/07/lo-golpearon-y-maniataron-roban-especies-avaluadas-en-30-millones-a-ciudadano-chino-en-providencia.shtml
[2023-07-07T23:33:46.061+0000] {process_utils.py:189} INFO - Gobierno pide renuncia a seremi de Vivienda del Maule por traspaso de recursos a Urbanismo Social https://www.biobiochile.cl/noticias/nacional/region-del-maule/2023/07/07/caso-convenios-gobierno-pide-renuncia-a-seremi-de-vivienda-del-maule-por-traspasos-a-urbanismo-social.shtml
[2023-07-07T23:33:46.061+0000] {process_utils.py:189} INFO - Milei aterrizó en Chile para reunirse con Kaiser y Kast: llamó a "sacarse al empobrecedor de Boric" https://www.biobiochile.cl/noticias/internacional/america-latina/2023/07/07/milei-aterrizo-en-chile-para-reunirse-con-kaiser-y-kast-llamo-a-sacarse-al-empobrecedor-de-boric.shtml
[2023-07-07T23:33:46.061+0000] {process_utils.py:189} INFO - RN acusa que municipios recibieron más de $7 mil millones desde el Minvu en 2022: 60% sería pro Boric https://www.biobiochile.cl/noticias/nacional/chile/2023/07/07/rn-acusa-que-municipios-recibieron-mas-de-7-mil-millones-desde-el-minvu-en-2022-60-seria-pro-boric.shtml
[2023-07-07T23:33:46.062+0000] {process_utils.py:189} INFO - Alcaldesa de San Antonio y devolución de US$ 1 millón en convenios no ejecutados: No aceptan prórrogas https://www.biobiochile.cl/noticias/nacional/region-de-valparaiso/2023/07/07/alcaldesa-de-san-antonio-y-devolucion-de-us-1-millon-en-convenios-no-ejecutados-no-aceptan-prorrogas.shtml
[2023-07-07T23:33:46.062+0000] {process_utils.py:189} INFO - "Sería absurdo cancelarla": Gobierno confirma gira de Boric por Europa pese a críticas de la oposición https://www.biobiochile.cl/noticias/nacional/chile/2023/07/07/seria-absurdo-cancelarla-gobierno-confirma-gira-de-boric-por-europa-pese-a-criticas-de-la-oposicion.shtml
[2023-07-07T23:33:46.063+0000] {process_utils.py:189} INFO - Honorarios, utilidades e imprevistos: revelan detalles de los $630 millones asignados a ProCultura https://www.biobiochile.cl/noticias/nacional/region-de-antofagasta/2023/07/07/honorarios-utilidades-e-imprevistos-revelan-detalles-de-los-630-millones-asignados-a-procultura.shtml
[2023-07-07T23:33:46.063+0000] {process_utils.py:189} INFO - Tras 16 días de búsqueda: hallan cuerpo de segundo hombre que fue arrastrado por río en Dalcahue https://www.biobiochile.cl/noticias/nacional/region-de-los-lagos/2023/07/07/tras-16-dias-de-busqueda-hallan-cuerpo-de-segundo-hombre-que-fue-arrastrado-por-rio-en-dalcahue.shtml
[2023-07-07T23:33:46.064+0000] {process_utils.py:189} INFO - Minvu Araucanía ha transferido $200 millones a Urbanismo Social desde 2021: mantendrá el convenio https://www.biobiochile.cl/noticias/nacional/region-de-la-araucania/2023/07/07/minvu-araucania-ha-transferido-200-millones-a-urbanismo-social-desde-2021-mantendra-el-convenio.shtml
[2023-07-07T23:33:46.064+0000] {process_utils.py:189} INFO - Providencia: concejal aclara que no renovaron patente de alcoholes a Mito Urbano por decisión unánime https://www.biobiochile.cl/noticias/nacional/region-metropolitana/2023/07/07/providencia-concejal-aclara-que-no-renovaron-patente-de-alcoholes-a-mito-urbano-por-decision-unanime.shtml
[2023-07-07T23:33:47.453+0000] {process_utils.py:189} INFO - Ordenan embargo de Palumbo: acreedor acusa que "vaciaron" una sociedad para evadir el pago de deuda https://www.biobiochile.cl/especial/bbcl-investiga/noticias/de-pasillo/2023/07/07/ordenan-embargo-de-palumbo-acreedor-acusa-que-vaciaron-una-sociedad-para-evadir-el-pago-de-deuda.shtml
[2023-07-07T23:33:47.454+0000] {process_utils.py:189} INFO - Valdivia: Corte ratifica pena de comunero mapuche condenado a 7 años de cárcel por ataque incendiario https://www.biobiochile.cl/noticias/nacional/region-de-los-rios/2023/07/07/valdivia-corte-ratifica-pena-de-comunero-mapuche-condenado-a-7-anos-de-carcel-por-ataque-incendiario.shtml
[2023-07-07T23:33:47.454+0000] {process_utils.py:189} INFO - Arista GORE Antofagasta: Fiscalía inicia diligencias por traspaso de $630 millones a ProCultura https://www.biobiochile.cl/noticias/nacional/region-de-antofagasta/2023/07/07/arista-gore-antofagasta-fiscalia-inicia-diligencias-por-traspaso-de-630-millones-a-procultura.shtml
[2023-07-07T23:33:47.455+0000] {process_utils.py:189} INFO - Conaf busca restaurar 700 hectáreas de bosque nativo en la región de Los Ríos https://www.biobiochile.cl/noticias/nacional/region-de-los-rios/2023/07/07/conaf-busca-restaurar-700-hectareas-de-bosque-nativo-en-la-region-de-los-rios.shtml
[2023-07-07T23:33:47.455+0000] {process_utils.py:189} INFO - El mensaje insistente que circula por todo Chile suplantando a CorreosChile y Mercado Libre https://www.biobiochile.cl/noticias/economia/tu-bolsillo/2023/07/07/el-mensaje-insistente-que-circula-por-todo-chile-suplantando-a-correoschile-y-mercado-libre.shtml
[2023-07-07T23:33:47.456+0000] {process_utils.py:189} INFO - Trabajadores se manifiestan por posible cierre de minera Amalia: se perderían cerca de 1.500 empleos https://www.biobiochile.cl/noticias/nacional/region-de-valparaiso/2023/07/07/trabajadores-se-manifiestan-por-posible-cierre-de-minera-amalia-se-perderian-cerca-de-1-500-empleos.shtml
[2023-07-07T23:33:47.456+0000] {process_utils.py:189} INFO - A fondo con Daniela Asenjo: críticas a ’La Velada’, defensa de título Mundial y amor eterno al boxeo https://www.biobiochile.cl/noticias/deportes/mas-deportes/2023/07/07/a-fondo-con-daniela-asenjo-criticas-a-la-velada-defensa-de-titulo-mundial-y-amor-eterno-al-boxeo.shtml
[2023-07-07T23:33:47.457+0000] {process_utils.py:189} INFO - "Te aseguro que vas a volver": la promesa de Boric a niño con TEA que fue expulsado de colegio https://www.biobiochile.cl/noticias/nacional/region-del-maule/2023/07/07/te-aseguro-que-vas-va-a-volver-la-promesa-de-boric-a-nino-con-tea-que-fue-expulsado-de-colegio.shtml
[2023-07-07T23:33:47.457+0000] {process_utils.py:189} INFO - Chofer de bus RED denuncia ataque tras medida antievasión de no abrir puertas traseras https://www.biobiochile.cl/noticias/nacional/region-metropolitana/2023/07/07/chofer-de-bus-red-denuncia-ataque-tras-medida-antievasion-de-no-abrir-puertas-traseras.shtml
[2023-07-07T23:33:47.457+0000] {process_utils.py:189} INFO - Marcel destaca desaceleración de la inflación: "Es buena noticia. Este proceso continuará" https://www.biobiochile.cl/noticias/economia/actualidad-economica/2023/07/07/marcel-destaca-desaceleracion-de-la-inflacion-es-buena-noticia-este-proceso-continuara.shtml
[2023-07-07T23:33:47.458+0000] {process_utils.py:189} INFO - AC contra Ávila: ex director de Junaeb entrega carta por 30 colaciones que costaron $3.500 millones https://www.biobiochile.cl/noticias/nacional/chile/2023/07/07/ac-contra-avila-ex-director-de-junaeb-entrega-carta-por-30-colaciones-que-costaron-3-500-millones.shtml
[2023-07-07T23:33:47.458+0000] {process_utils.py:189} INFO - Defensa de Martín Pradenas busca rebajar condena agrupando todos los delitos sexuales que cometió https://www.biobiochile.cl/noticias/nacional/region-de-la-araucania/2023/07/07/defensa-de-martin-pradenas-busca-rebajar-condena-agrupando-todos-los-delitos-sexuales-que-cometio.shtml
[2023-07-07T23:33:47.459+0000] {process_utils.py:189} INFO - Caso Antonia: fiscal valora veredicto y asegura que defensa de Pradenas no podría presentar recursos https://www.biobiochile.cl/noticias/nacional/region-de-la-araucania/2023/07/07/caso-antonia-fiscal-valora-veredicto-y-asegura-que-defensa-de-pradenas-no-podria-presentar-recursos.shtml
[2023-07-07T23:33:47.459+0000] {process_utils.py:189} INFO - Limpieza y pintura de 3 fachadas: los trabajos que hará ProCultura por $629 millones en Antofagasta https://www.biobiochile.cl/noticias/nacional/region-de-antofagasta/2023/07/07/limpieza-y-pintura-de-3-fachadas-los-trabajos-que-hara-procultura-por-629-millones-en-antofagasta.shtml
[2023-07-07T23:33:47.459+0000] {process_utils.py:189} INFO - Emprendedores y gremios del turismo participan en últimos talleres de construcción de la Marca Ñuble https://www.biobiochile.cl/noticias/nacional/region-de-nuble/2023/07/07/emprendedores-y-gremios-del-turismo-participan-en-ultimos-talleres-de-construccion-de-la-marca-nuble.shtml
[2023-07-07T23:33:47.460+0000] {process_utils.py:189} INFO - Psiquiatra disparó contra menor de 14 años en Concepción: denuncian que intentó medicarlo https://www.biobiochile.cl/noticias/nacional/region-del-bio-bio/2023/07/07/denuncian-a-psiquiatra-de-las-licencias-por-disparar-ebrio-contra-nino-de-14-anos-en-chiguayante.shtml
[2023-07-07T23:33:47.460+0000] {process_utils.py:189} INFO - Madre de Antonia pide 40 años de cárcel para Pradenas: "Cada una de las víctimas necesita su condena" https://www.biobiochile.cl/noticias/nacional/region-de-la-araucania/2023/07/07/madre-de-antonia-pide-40-anos-de-carcel-para-pradenas-cada-una-de-las-victimas-necesita-su-condena.shtml
[2023-07-07T23:33:47.461+0000] {process_utils.py:189} INFO - Veredicto contra Pradenas: ministra Orellana valora que víctimas "hayan podido acceder a la justicia" https://www.biobiochile.cl/noticias/nacional/region-de-la-araucania/2023/07/07/veredicto-contra-pradenas-ministra-orellana-valora-que-victimas-hayan-podido-acceder-a-la-justicia.shtml
[2023-07-07T23:33:47.461+0000] {process_utils.py:189} INFO - Matthei anuncia no renovación de patente de 7 conocidos locales de Providencia: incluye a Mito Urbano https://www.biobiochile.cl/noticias/nacional/region-metropolitana/2023/07/07/matthei-anuncia-no-renovacion-de-patente-de-7-conocidos-locales-de-providencia-incluye-a-mito-urbano.shtml
[2023-07-07T23:33:47.462+0000] {process_utils.py:189} INFO - Desalojan a sujetos que usaban céntrica tienda abandonada en Los Ángeles como foco delictual https://www.biobiochile.cl/noticias/nacional/region-del-bio-bio/2023/07/07/desalojan-a-sujetos-que-usaban-centrica-tienda-abandonada-en-los-angeles-como-foco-delictual.shtml
[2023-07-07T23:33:47.462+0000] {process_utils.py:189} INFO - Tohá defiende a Montes y Jackson por Caso Convenios: "Han sido parte de la solución y no del problema" https://www.biobiochile.cl/noticias/nacional/chile/2023/07/07/toha-defiende-a-montes-y-jackson-por-caso-convenios-han-sido-parte-de-la-solucion-y-no-del-problema.shtml
[2023-07-07T23:33:47.462+0000] {process_utils.py:189} INFO - Conductor choca tras ser apuñalado en Pudahuel: delincuentes quería robarle auto https://www.biobiochile.cl/noticias/nacional/region-metropolitana/2023/07/07/conductor-choca-tras-ser-apunalado-en-lo-prado-delincuente-queria-robarle-auto.shtml
[2023-07-07T23:33:47.463+0000] {process_utils.py:189} INFO - Vehículo robado a alcalde de Zapallar es hallado quemado en zona alta de Viña del Mar https://www.biobiochile.cl/noticias/nacional/region-de-valparaiso/2023/07/07/vehiculo-robado-a-alcalde-de-zapallar-es-hallado-quemado-en-zona-alta-de-vina-del-mar.shtml
[2023-07-07T23:33:47.463+0000] {process_utils.py:189} INFO - Helicóptero del Ejército reemplaza al de la Armada para abastecer a familias aisladas en Alto Bío Bío https://www.biobiochile.cl/noticias/nacional/region-del-bio-bio/2023/07/07/helicoptero-del-ejercito-reemplaza-al-de-la-armada-para-abastecer-a-familias-aisladas-en-alto-bio-bio.shtml
[2023-07-07T23:33:47.464+0000] {process_utils.py:189} INFO - Hombre muere tras ser atacado con arma blanca en plaza Aníbal Pinto de Valparaíso https://www.biobiochile.cl/noticias/nacional/region-de-valparaiso/2023/07/07/hombre-muere-tras-ser-atacado-con-arma-blanca-en-plaza-anibal-pinto-de-valparaiso.shtml
[2023-07-07T23:33:47.464+0000] {process_utils.py:189} INFO - Caso Antonia: declaran culpable nuevamente a Martín Pradenas por siete delitos sexuales https://www.biobiochile.cl/noticias/nacional/region-de-la-araucania/2023/07/07/caso-antonia-declaran-culpable-nuevamente-a-martin-pradenas-por-siete-delitos-sexuales.shtml
[2023-07-07T23:33:47.464+0000] {process_utils.py:189} INFO - Niña de un año muere intoxicada tras consumir resina epóxica en San Pedro de la Paz https://www.biobiochile.cl/noticias/nacional/region-del-bio-bio/2023/07/07/nina-de-un-ano-muere-intoxicada-tras-consumir-resina-epoxica-en-san-pedro-de-la-paz.shtml
[2023-07-07T23:33:47.465+0000] {process_utils.py:189} INFO - Caso José Randolph: condenado por violación de DDHH pide cambiar Punta Peuco por libertad vigilada https://www.biobiochile.cl/noticias/nacional/region-del-bio-bio/2023/07/07/caso-jose-randolph-condenado-por-violacion-de-ddhh-pide-cambiar-punta-peuco-por-libertad-vigilada.shtml
[2023-07-07T23:33:47.465+0000] {process_utils.py:189} INFO - CChC de Tarapacá acusa a seremi del Minvu de ofender y maltratar a socia: congelaron relaciones https://www.biobiochile.cl/noticias/nacional/chile/2023/07/07/cchc-de-tarapaca-acusa-a-seremi-del-minvu-de-ofender-y-maltratar-a-socia-congelaron-relaciones.shtml
[2023-07-07T23:33:47.466+0000] {process_utils.py:189} INFO - Falla provoca que cerca de 180 mil clientes queden sin energía eléctrica en la provincia de Cautín https://www.biobiochile.cl/noticias/nacional/region-de-la-araucania/2023/07/07/falla-provoca-que-cerca-de-180-mil-clientes-queden-sin-energia-electrica-en-la-provincia-de-cautin.shtml
[2023-07-07T23:33:47.466+0000] {process_utils.py:189} INFO - La inflación vuelve a dar tregua ubicándose en 7,6% e IPC de junio sorprende con variación negativa https://www.biobiochile.cl/noticias/economia/actualidad-economica/2023/07/07/la-inflacion-vuelve-a-dar-tregua-ubicandose-en-76-e-ipc-de-junio-sorprende-con-variacion-negativa.shtml
[2023-07-07T23:33:47.937+0000] {process_utils.py:189} INFO - GORE Araucanía revisará convenios y traspasos tras polémica de $2.000 millones a Fundación Local https://www.biobiochile.cl/noticias/nacional/region-de-la-araucania/2023/07/07/gore-araucania-revisara-convenios-y-traspasos-tras-polemica-de-2-000-millones-a-fundacion-local.shtml
[2023-07-07T23:33:47.937+0000] {process_utils.py:189} INFO - Dos detenidos de 16 años tras tour delictual por zona poniente de la capital https://www.biobiochile.cl/noticias/nacional/region-metropolitana/2023/07/07/dos-detenidos-de-16-anos-tras-tour-delictual-por-zona-poniente-de-la-capital.shtml
[2023-07-07T23:33:47.938+0000] {process_utils.py:189} INFO - Homicidio en Recoleta: hombre fue hallado con un disparo cerca de la Vega Central https://www.biobiochile.cl/noticias/nacional/region-metropolitana/2023/07/07/homicidio-en-recoleta-hombre-fue-hallado-con-un-disparo-cerca-de-la-vega-central.shtml
[2023-07-07T23:33:47.938+0000] {process_utils.py:189} INFO - Seguridad nacional: ubicación de explosivos de la Armada queda expuesta por error en causa pública https://www.biobiochile.cl/especial/bbcl-investiga/noticias/articulos/2023/07/07/seguridad-nacional-ubicacion-de-explosivos-de-la-armada-queda-expuesta-por-error-en-causa-publica.shtml
[2023-07-07T23:33:47.938+0000] {process_utils.py:189} INFO - Pronóstico del tiempo para viernes, 7 de julio de 2023 https://www.biobiochile.cl/noticias/nacional/chile/2023/07/07/pronostico-del-tiempo-para-viernes-7-de-julio-de-2023.shtml
[2023-07-07T23:33:47.938+0000] {process_utils.py:189} INFO - Los Lagos: autoridades valoran proyecto que busca reinsertar exgendarmes al sistema penitenciario https://www.biobiochile.cl/noticias/nacional/region-de-los-lagos/2023/07/07/los-lagos-autoridades-valoran-proyecto-que-busca-reinsertar-exgendarmes-al-sistema-penitenciario.shtml
[2023-07-07T23:33:47.939+0000] {process_utils.py:189} INFO - Municipio de San Antonio debe devolver más de 1 millón de dólares por convenios de salud no ejecutados https://www.biobiochile.cl/noticias/nacional/region-de-valparaiso/2023/07/07/municipio-de-san-antonio-debe-devolver-mas-de-1-millon-de-dolares-por-convenios-de-salud-no-ejecutados.shtml
[2023-07-07T23:33:47.939+0000] {process_utils.py:189} INFO - Detienen a dos menores acusados de participar en homicidio de joven de 15 años en Alto Hospicio https://www.biobiochile.cl/noticias/nacional/region-de-tarapaca/2023/07/06/detienen-a-dos-menores-acusados-de-participar-en-homicidio-de-joven-de-15-anos-en-alto-hospicio.shtml
[2023-07-07T23:33:47.939+0000] {process_utils.py:189} INFO - Piden revisar precios de veterinaria municipal de Osorno: acusan son más altos que en centros privados https://www.biobiochile.cl/noticias/nacional/region-de-los-lagos/2023/07/06/piden-revisar-precios-de-veterinaria-municipal-de-osorno-acusan-son-mas-altos-que-en-centros-privados.shtml
[2023-07-07T23:33:47.940+0000] {process_utils.py:189} INFO - Detienen a mujer de 24 años por delito de receptación en Valdivia: también se incautó cocaína https://www.biobiochile.cl/noticias/nacional/region-de-los-rios/2023/07/06/detienen-a-mujer-de-24-anos-por-delito-de-receptacion-en-valdivia-tambien-se-incauto-cocaina.shtml
[2023-07-07T23:33:48.045+0000] {python.py:183} INFO - Done. Returned value was: None
[2023-07-07T23:33:48.054+0000] {taskinstance.py:1350} INFO - Marking task as SUCCESS. dag_id=dag_scrap_biobio_v8, task_id=scrap_data, execution_date=20230707T233326, start_date=20230707T233328, end_date=20230707T233348
[2023-07-07T23:33:48.083+0000] {local_task_job_runner.py:225} INFO - Task exited with return code 0
[2023-07-07T23:33:48.097+0000] {taskinstance.py:2653} INFO - 0 downstream tasks scheduled from follow-on schedule check
