[2023-07-11T00:00:01.362+0000] {taskinstance.py:1103} INFO - Dependencies all met for dep_context=non-requeueable deps ti=<TaskInstance: dag_scrap_biobio_v14.initializeTask scheduled__2023-07-10T00:00:00+00:00 [queued]>
[2023-07-11T00:00:01.369+0000] {taskinstance.py:1103} INFO - Dependencies all met for dep_context=requeueable deps ti=<TaskInstance: dag_scrap_biobio_v14.initializeTask scheduled__2023-07-10T00:00:00+00:00 [queued]>
[2023-07-11T00:00:01.369+0000] {taskinstance.py:1308} INFO - Starting attempt 1 of 1
[2023-07-11T00:00:01.378+0000] {taskinstance.py:1327} INFO - Executing <Task(_PythonDecoratedOperator): initializeTask> on 2023-07-10 00:00:00+00:00
[2023-07-11T00:00:01.383+0000] {standard_task_runner.py:57} INFO - Started process 10859 to run task
[2023-07-11T00:00:01.384+0000] {standard_task_runner.py:84} INFO - Running: ['***', 'tasks', 'run', 'dag_scrap_biobio_v14', 'initializeTask', 'scheduled__2023-07-10T00:00:00+00:00', '--job-id', '189', '--raw', '--subdir', 'DAGS_FOLDER/dag_scrap_biobio.py', '--cfg-path', '/tmp/tmpat7i0xh9']
[2023-07-11T00:00:01.385+0000] {standard_task_runner.py:85} INFO - Job 189: Subtask initializeTask
[2023-07-11T00:00:01.418+0000] {task_command.py:410} INFO - Running <TaskInstance: dag_scrap_biobio_v14.initializeTask scheduled__2023-07-10T00:00:00+00:00 [running]> on host 3371e7602d27
[2023-07-11T00:00:01.475+0000] {taskinstance.py:1547} INFO - Exporting env vars: AIRFLOW_CTX_DAG_OWNER='***' AIRFLOW_CTX_DAG_ID='dag_scrap_biobio_v14' AIRFLOW_CTX_TASK_ID='initializeTask' AIRFLOW_CTX_EXECUTION_DATE='2023-07-10T00:00:00+00:00' AIRFLOW_CTX_TRY_NUMBER='1' AIRFLOW_CTX_DAG_RUN_ID='scheduled__2023-07-10T00:00:00+00:00'
[2023-07-11T00:00:01.476+0000] {logging_mixin.py:149} INFO - dag_scrap_biobio_v14 running...
[2023-07-11T00:00:01.476+0000] {python.py:183} INFO - Done. Returned value was: None
[2023-07-11T00:00:01.483+0000] {taskinstance.py:1350} INFO - Marking task as SUCCESS. dag_id=dag_scrap_biobio_v14, task_id=initializeTask, execution_date=20230710T000000, start_date=20230711T000001, end_date=20230711T000001
[2023-07-11T00:00:01.516+0000] {local_task_job_runner.py:225} INFO - Task exited with return code 0
[2023-07-11T00:00:01.532+0000] {taskinstance.py:2653} INFO - 1 downstream tasks scheduled from follow-on schedule check
[2023-07-11T17:43:12.668+0000] {taskinstance.py:1103} INFO - Dependencies all met for dep_context=non-requeueable deps ti=<TaskInstance: dag_scrap_biobio_v14.initializeTask scheduled__2023-07-10T00:00:00+00:00 [queued]>
[2023-07-11T17:43:12.676+0000] {taskinstance.py:1103} INFO - Dependencies all met for dep_context=requeueable deps ti=<TaskInstance: dag_scrap_biobio_v14.initializeTask scheduled__2023-07-10T00:00:00+00:00 [queued]>
[2023-07-11T17:43:12.676+0000] {taskinstance.py:1308} INFO - Starting attempt 1 of 1
[2023-07-11T17:43:12.691+0000] {taskinstance.py:1327} INFO - Executing <Task(_PythonDecoratedOperator): initializeTask> on 2023-07-10 00:00:00+00:00
[2023-07-11T17:43:12.697+0000] {standard_task_runner.py:57} INFO - Started process 271 to run task
[2023-07-11T17:43:12.699+0000] {standard_task_runner.py:84} INFO - Running: ['***', 'tasks', 'run', 'dag_scrap_biobio_v14', 'initializeTask', 'scheduled__2023-07-10T00:00:00+00:00', '--job-id', '7', '--raw', '--subdir', 'DAGS_FOLDER/dag_scrap_biobio.py', '--cfg-path', '/tmp/tmp2leihjct']
[2023-07-11T17:43:12.699+0000] {standard_task_runner.py:85} INFO - Job 7: Subtask initializeTask
[2023-07-11T17:43:12.739+0000] {task_command.py:410} INFO - Running <TaskInstance: dag_scrap_biobio_v14.initializeTask scheduled__2023-07-10T00:00:00+00:00 [running]> on host 6d0768751585
[2023-07-11T17:43:12.815+0000] {taskinstance.py:1547} INFO - Exporting env vars: AIRFLOW_CTX_DAG_OWNER='***' AIRFLOW_CTX_DAG_ID='dag_scrap_biobio_v14' AIRFLOW_CTX_TASK_ID='initializeTask' AIRFLOW_CTX_EXECUTION_DATE='2023-07-10T00:00:00+00:00' AIRFLOW_CTX_TRY_NUMBER='1' AIRFLOW_CTX_DAG_RUN_ID='scheduled__2023-07-10T00:00:00+00:00'
[2023-07-11T17:43:12.816+0000] {logging_mixin.py:149} INFO - dag_scrap_biobio_v14 running...
[2023-07-11T17:43:12.816+0000] {python.py:183} INFO - Done. Returned value was: None
[2023-07-11T17:43:12.824+0000] {taskinstance.py:1350} INFO - Marking task as SUCCESS. dag_id=dag_scrap_biobio_v14, task_id=initializeTask, execution_date=20230710T000000, start_date=20230711T174312, end_date=20230711T174312
[2023-07-11T17:43:12.871+0000] {local_task_job_runner.py:225} INFO - Task exited with return code 0
[2023-07-11T17:43:12.888+0000] {taskinstance.py:2653} INFO - 1 downstream tasks scheduled from follow-on schedule check
[2023-07-11T21:47:54.264+0000] {taskinstance.py:1103} INFO - Dependencies all met for dep_context=non-requeueable deps ti=<TaskInstance: dag_scrap_biobio_v14.initializeTask scheduled__2023-07-10T00:00:00+00:00 [queued]>
[2023-07-11T21:47:54.272+0000] {taskinstance.py:1103} INFO - Dependencies all met for dep_context=requeueable deps ti=<TaskInstance: dag_scrap_biobio_v14.initializeTask scheduled__2023-07-10T00:00:00+00:00 [queued]>
[2023-07-11T21:47:54.272+0000] {taskinstance.py:1308} INFO - Starting attempt 1 of 1
[2023-07-11T21:47:54.283+0000] {taskinstance.py:1327} INFO - Executing <Task(_PythonDecoratedOperator): initializeTask> on 2023-07-10 00:00:00+00:00
[2023-07-11T21:47:54.289+0000] {standard_task_runner.py:57} INFO - Started process 79 to run task
[2023-07-11T21:47:54.292+0000] {standard_task_runner.py:84} INFO - Running: ['***', 'tasks', 'run', 'dag_scrap_biobio_v14', 'initializeTask', 'scheduled__2023-07-10T00:00:00+00:00', '--job-id', '3', '--raw', '--subdir', 'DAGS_FOLDER/dag_scrap_biobio.py', '--cfg-path', '/tmp/tmpwhi0e5cd']
[2023-07-11T21:47:54.292+0000] {standard_task_runner.py:85} INFO - Job 3: Subtask initializeTask
[2023-07-11T21:47:54.341+0000] {task_command.py:410} INFO - Running <TaskInstance: dag_scrap_biobio_v14.initializeTask scheduled__2023-07-10T00:00:00+00:00 [running]> on host efcec7422c3c
[2023-07-11T21:47:54.428+0000] {taskinstance.py:1547} INFO - Exporting env vars: AIRFLOW_CTX_DAG_OWNER='***' AIRFLOW_CTX_DAG_ID='dag_scrap_biobio_v14' AIRFLOW_CTX_TASK_ID='initializeTask' AIRFLOW_CTX_EXECUTION_DATE='2023-07-10T00:00:00+00:00' AIRFLOW_CTX_TRY_NUMBER='1' AIRFLOW_CTX_DAG_RUN_ID='scheduled__2023-07-10T00:00:00+00:00'
[2023-07-11T21:47:54.429+0000] {logging_mixin.py:149} INFO - dag_scrap_biobio_v14 running...
[2023-07-11T21:47:54.429+0000] {python.py:183} INFO - Done. Returned value was: None
[2023-07-11T21:47:54.439+0000] {taskinstance.py:1350} INFO - Marking task as SUCCESS. dag_id=dag_scrap_biobio_v14, task_id=initializeTask, execution_date=20230710T000000, start_date=20230711T214754, end_date=20230711T214754
[2023-07-11T21:47:54.464+0000] {local_task_job_runner.py:225} INFO - Task exited with return code 0
[2023-07-11T21:47:54.485+0000] {taskinstance.py:2653} INFO - 1 downstream tasks scheduled from follow-on schedule check
[2023-07-11T22:34:28.138+0000] {taskinstance.py:1103} INFO - Dependencies all met for dep_context=non-requeueable deps ti=<TaskInstance: dag_scrap_biobio_v14.initializeTask scheduled__2023-07-10T00:00:00+00:00 [queued]>
[2023-07-11T22:34:28.144+0000] {taskinstance.py:1103} INFO - Dependencies all met for dep_context=requeueable deps ti=<TaskInstance: dag_scrap_biobio_v14.initializeTask scheduled__2023-07-10T00:00:00+00:00 [queued]>
[2023-07-11T22:34:28.145+0000] {taskinstance.py:1308} INFO - Starting attempt 1 of 1
[2023-07-11T22:34:28.154+0000] {taskinstance.py:1327} INFO - Executing <Task(_PythonDecoratedOperator): initializeTask> on 2023-07-10 00:00:00+00:00
[2023-07-11T22:34:28.159+0000] {standard_task_runner.py:57} INFO - Started process 600 to run task
[2023-07-11T22:34:28.160+0000] {standard_task_runner.py:84} INFO - Running: ['***', 'tasks', 'run', 'dag_scrap_biobio_v14', 'initializeTask', 'scheduled__2023-07-10T00:00:00+00:00', '--job-id', '4', '--raw', '--subdir', 'DAGS_FOLDER/dag_scrap_biobio.py', '--cfg-path', '/tmp/tmpn5kr3vbj']
[2023-07-11T22:34:28.161+0000] {standard_task_runner.py:85} INFO - Job 4: Subtask initializeTask
[2023-07-11T22:34:28.192+0000] {task_command.py:410} INFO - Running <TaskInstance: dag_scrap_biobio_v14.initializeTask scheduled__2023-07-10T00:00:00+00:00 [running]> on host d1838cb5df30
[2023-07-11T22:34:28.251+0000] {taskinstance.py:1547} INFO - Exporting env vars: AIRFLOW_CTX_DAG_OWNER='***' AIRFLOW_CTX_DAG_ID='dag_scrap_biobio_v14' AIRFLOW_CTX_TASK_ID='initializeTask' AIRFLOW_CTX_EXECUTION_DATE='2023-07-10T00:00:00+00:00' AIRFLOW_CTX_TRY_NUMBER='1' AIRFLOW_CTX_DAG_RUN_ID='scheduled__2023-07-10T00:00:00+00:00'
[2023-07-11T22:34:28.252+0000] {logging_mixin.py:149} INFO - dag_scrap_biobio_v14 running...
[2023-07-11T22:34:28.252+0000] {python.py:183} INFO - Done. Returned value was: None
[2023-07-11T22:34:28.259+0000] {taskinstance.py:1350} INFO - Marking task as SUCCESS. dag_id=dag_scrap_biobio_v14, task_id=initializeTask, execution_date=20230710T000000, start_date=20230711T223428, end_date=20230711T223428
[2023-07-11T22:34:28.292+0000] {local_task_job_runner.py:225} INFO - Task exited with return code 0
[2023-07-11T22:34:28.308+0000] {taskinstance.py:2653} INFO - 1 downstream tasks scheduled from follow-on schedule check
[2023-07-11T22:37:02.582+0000] {taskinstance.py:1103} INFO - Dependencies all met for dep_context=non-requeueable deps ti=<TaskInstance: dag_scrap_biobio_v14.initializeTask scheduled__2023-07-10T00:00:00+00:00 [queued]>
[2023-07-11T22:37:02.594+0000] {taskinstance.py:1103} INFO - Dependencies all met for dep_context=requeueable deps ti=<TaskInstance: dag_scrap_biobio_v14.initializeTask scheduled__2023-07-10T00:00:00+00:00 [queued]>
[2023-07-11T22:37:02.594+0000] {taskinstance.py:1308} INFO - Starting attempt 1 of 1
[2023-07-11T22:37:02.604+0000] {taskinstance.py:1327} INFO - Executing <Task(_PythonDecoratedOperator): initializeTask> on 2023-07-10 00:00:00+00:00
[2023-07-11T22:37:02.608+0000] {standard_task_runner.py:57} INFO - Started process 79 to run task
[2023-07-11T22:37:02.610+0000] {standard_task_runner.py:84} INFO - Running: ['***', 'tasks', 'run', 'dag_scrap_biobio_v14', 'initializeTask', 'scheduled__2023-07-10T00:00:00+00:00', '--job-id', '3', '--raw', '--subdir', 'DAGS_FOLDER/dag_scrap_biobio.py', '--cfg-path', '/tmp/tmp3jmqp760']
[2023-07-11T22:37:02.611+0000] {standard_task_runner.py:85} INFO - Job 3: Subtask initializeTask
[2023-07-11T22:37:02.641+0000] {task_command.py:410} INFO - Running <TaskInstance: dag_scrap_biobio_v14.initializeTask scheduled__2023-07-10T00:00:00+00:00 [running]> on host c457401c0b6d
[2023-07-11T22:37:02.697+0000] {taskinstance.py:1547} INFO - Exporting env vars: AIRFLOW_CTX_DAG_OWNER='***' AIRFLOW_CTX_DAG_ID='dag_scrap_biobio_v14' AIRFLOW_CTX_TASK_ID='initializeTask' AIRFLOW_CTX_EXECUTION_DATE='2023-07-10T00:00:00+00:00' AIRFLOW_CTX_TRY_NUMBER='1' AIRFLOW_CTX_DAG_RUN_ID='scheduled__2023-07-10T00:00:00+00:00'
[2023-07-11T22:37:02.698+0000] {logging_mixin.py:149} INFO - dag_scrap_biobio_v14 running...
[2023-07-11T22:37:02.698+0000] {python.py:183} INFO - Done. Returned value was: None
[2023-07-11T22:37:02.704+0000] {taskinstance.py:1350} INFO - Marking task as SUCCESS. dag_id=dag_scrap_biobio_v14, task_id=initializeTask, execution_date=20230710T000000, start_date=20230711T223702, end_date=20230711T223702
[2023-07-11T22:37:02.741+0000] {local_task_job_runner.py:225} INFO - Task exited with return code 0
[2023-07-11T22:37:02.759+0000] {taskinstance.py:2653} INFO - 1 downstream tasks scheduled from follow-on schedule check
[2023-07-11T22:46:21.184+0000] {taskinstance.py:1103} INFO - Dependencies all met for dep_context=non-requeueable deps ti=<TaskInstance: dag_scrap_biobio_v14.initializeTask scheduled__2023-07-10T00:00:00+00:00 [queued]>
[2023-07-11T22:46:21.196+0000] {taskinstance.py:1103} INFO - Dependencies all met for dep_context=requeueable deps ti=<TaskInstance: dag_scrap_biobio_v14.initializeTask scheduled__2023-07-10T00:00:00+00:00 [queued]>
[2023-07-11T22:46:21.196+0000] {taskinstance.py:1308} INFO - Starting attempt 1 of 1
[2023-07-11T22:46:21.206+0000] {taskinstance.py:1327} INFO - Executing <Task(_PythonDecoratedOperator): initializeTask> on 2023-07-10 00:00:00+00:00
[2023-07-11T22:46:21.211+0000] {standard_task_runner.py:57} INFO - Started process 79 to run task
[2023-07-11T22:46:21.214+0000] {standard_task_runner.py:84} INFO - Running: ['***', 'tasks', 'run', 'dag_scrap_biobio_v14', 'initializeTask', 'scheduled__2023-07-10T00:00:00+00:00', '--job-id', '3', '--raw', '--subdir', 'DAGS_FOLDER/dag_scrap_biobio.py', '--cfg-path', '/tmp/tmpn94fl0wf']
[2023-07-11T22:46:21.215+0000] {standard_task_runner.py:85} INFO - Job 3: Subtask initializeTask
[2023-07-11T22:46:21.254+0000] {task_command.py:410} INFO - Running <TaskInstance: dag_scrap_biobio_v14.initializeTask scheduled__2023-07-10T00:00:00+00:00 [running]> on host 5a2aa5f79b19
[2023-07-11T22:46:21.336+0000] {taskinstance.py:1547} INFO - Exporting env vars: AIRFLOW_CTX_DAG_OWNER='***' AIRFLOW_CTX_DAG_ID='dag_scrap_biobio_v14' AIRFLOW_CTX_TASK_ID='initializeTask' AIRFLOW_CTX_EXECUTION_DATE='2023-07-10T00:00:00+00:00' AIRFLOW_CTX_TRY_NUMBER='1' AIRFLOW_CTX_DAG_RUN_ID='scheduled__2023-07-10T00:00:00+00:00'
[2023-07-11T22:46:21.337+0000] {logging_mixin.py:149} INFO - dag_scrap_biobio_v14 running...
[2023-07-11T22:46:21.337+0000] {python.py:183} INFO - Done. Returned value was: None
[2023-07-11T22:46:21.347+0000] {taskinstance.py:1350} INFO - Marking task as SUCCESS. dag_id=dag_scrap_biobio_v14, task_id=initializeTask, execution_date=20230710T000000, start_date=20230711T224621, end_date=20230711T224621
[2023-07-11T22:46:21.385+0000] {local_task_job_runner.py:225} INFO - Task exited with return code 0
[2023-07-11T22:46:21.405+0000] {taskinstance.py:2653} INFO - 1 downstream tasks scheduled from follow-on schedule check
