[2023-07-12T04:19:39.329+0000] {taskinstance.py:1103} INFO - Dependencies all met for dep_context=non-requeueable deps ti=<TaskInstance: postgres_operator_dag.create_images_table scheduled__2023-02-02T00:00:00+00:00 [queued]>
[2023-07-12T04:19:39.336+0000] {taskinstance.py:1103} INFO - Dependencies all met for dep_context=requeueable deps ti=<TaskInstance: postgres_operator_dag.create_images_table scheduled__2023-02-02T00:00:00+00:00 [queued]>
[2023-07-12T04:19:39.336+0000] {taskinstance.py:1308} INFO - Starting attempt 1 of 1
[2023-07-12T04:19:39.345+0000] {taskinstance.py:1327} INFO - Executing <Task(PostgresOperator): create_images_table> on 2023-02-02 00:00:00+00:00
[2023-07-12T04:19:39.349+0000] {standard_task_runner.py:57} INFO - Started process 81 to run task
[2023-07-12T04:19:39.351+0000] {standard_task_runner.py:84} INFO - Running: ['***', 'tasks', 'run', 'postgres_operator_dag', 'create_images_table', 'scheduled__2023-02-02T00:00:00+00:00', '--job-id', '4', '--raw', '--subdir', 'DAGS_FOLDER/create_tables.py', '--cfg-path', '/tmp/tmpvor5jmnk']
[2023-07-12T04:19:39.351+0000] {standard_task_runner.py:85} INFO - Job 4: Subtask create_images_table
[2023-07-12T04:19:39.382+0000] {task_command.py:410} INFO - Running <TaskInstance: postgres_operator_dag.create_images_table scheduled__2023-02-02T00:00:00+00:00 [running]> on host 476fb39b4dcf
[2023-07-12T04:19:39.439+0000] {taskinstance.py:1547} INFO - Exporting env vars: AIRFLOW_CTX_DAG_OWNER='***' AIRFLOW_CTX_DAG_ID='postgres_operator_dag' AIRFLOW_CTX_TASK_ID='create_images_table' AIRFLOW_CTX_EXECUTION_DATE='2023-02-02T00:00:00+00:00' AIRFLOW_CTX_TRY_NUMBER='1' AIRFLOW_CTX_DAG_RUN_ID='scheduled__2023-02-02T00:00:00+00:00'
[2023-07-12T04:19:39.439+0000] {sql.py:265} INFO - Executing: 
            CREATE TABLE IF NOT EXISTS header_image (
                "article_hash" TEXT,
                "image_hash" TEXT,
                "article_image" BYTEA,

                PRIMARY KEY (image_hash),
                FOREIGN KEY (article_hash) REFERENCES article (article_hash)
            );
[2023-07-12T04:19:39.446+0000] {base.py:73} INFO - Using connection ID 'conn_postgres_id' for task execution.
[2023-07-12T04:19:39.492+0000] {base.py:73} INFO - Using connection ID 'conn_postgres_id' for task execution.
[2023-07-12T04:19:39.495+0000] {sql.py:375} INFO - Running statement: 
            CREATE TABLE IF NOT EXISTS header_image (
                "article_hash" TEXT,
                "image_hash" TEXT,
                "article_image" BYTEA,

                PRIMARY KEY (image_hash),
                FOREIGN KEY (article_hash) REFERENCES article (article_hash)
            );, parameters: None
[2023-07-12T04:19:39.506+0000] {taskinstance.py:1350} INFO - Marking task as SUCCESS. dag_id=postgres_operator_dag, task_id=create_images_table, execution_date=20230202T000000, start_date=20230712T041939, end_date=20230712T041939
[2023-07-12T04:19:39.523+0000] {local_task_job_runner.py:225} INFO - Task exited with return code 0
[2023-07-12T04:19:39.537+0000] {taskinstance.py:2653} INFO - 0 downstream tasks scheduled from follow-on schedule check
[2023-07-12T04:25:34.975+0000] {taskinstance.py:1103} INFO - Dependencies all met for dep_context=non-requeueable deps ti=<TaskInstance: postgres_operator_dag.create_images_table scheduled__2023-02-02T00:00:00+00:00 [queued]>
[2023-07-12T04:25:34.981+0000] {taskinstance.py:1103} INFO - Dependencies all met for dep_context=requeueable deps ti=<TaskInstance: postgres_operator_dag.create_images_table scheduled__2023-02-02T00:00:00+00:00 [queued]>
[2023-07-12T04:25:34.982+0000] {taskinstance.py:1308} INFO - Starting attempt 1 of 1
[2023-07-12T04:25:34.991+0000] {taskinstance.py:1327} INFO - Executing <Task(PostgresOperator): create_images_table> on 2023-02-02 00:00:00+00:00
[2023-07-12T04:25:34.995+0000] {standard_task_runner.py:57} INFO - Started process 81 to run task
[2023-07-12T04:25:34.998+0000] {standard_task_runner.py:84} INFO - Running: ['***', 'tasks', 'run', 'postgres_operator_dag', 'create_images_table', 'scheduled__2023-02-02T00:00:00+00:00', '--job-id', '4', '--raw', '--subdir', 'DAGS_FOLDER/create_tables.py', '--cfg-path', '/tmp/tmpseynaui0']
[2023-07-12T04:25:34.998+0000] {standard_task_runner.py:85} INFO - Job 4: Subtask create_images_table
[2023-07-12T04:25:35.027+0000] {task_command.py:410} INFO - Running <TaskInstance: postgres_operator_dag.create_images_table scheduled__2023-02-02T00:00:00+00:00 [running]> on host 9f0cb576b5b8
[2023-07-12T04:25:35.079+0000] {taskinstance.py:1547} INFO - Exporting env vars: AIRFLOW_CTX_DAG_OWNER='***' AIRFLOW_CTX_DAG_ID='postgres_operator_dag' AIRFLOW_CTX_TASK_ID='create_images_table' AIRFLOW_CTX_EXECUTION_DATE='2023-02-02T00:00:00+00:00' AIRFLOW_CTX_TRY_NUMBER='1' AIRFLOW_CTX_DAG_RUN_ID='scheduled__2023-02-02T00:00:00+00:00'
[2023-07-12T04:25:35.080+0000] {sql.py:265} INFO - Executing: 
            CREATE TABLE IF NOT EXISTS header_image (
                "article_hash" TEXT,
                "image_hash" TEXT,
                "article_image" BYTEA,

                PRIMARY KEY (image_hash),
                FOREIGN KEY (article_hash) REFERENCES article (article_hash)
            );
[2023-07-12T04:25:35.087+0000] {base.py:73} INFO - Using connection ID 'conn_postgres_id' for task execution.
[2023-07-12T04:25:35.134+0000] {base.py:73} INFO - Using connection ID 'conn_postgres_id' for task execution.
[2023-07-12T04:25:35.136+0000] {sql.py:375} INFO - Running statement: 
            CREATE TABLE IF NOT EXISTS header_image (
                "article_hash" TEXT,
                "image_hash" TEXT,
                "article_image" BYTEA,

                PRIMARY KEY (image_hash),
                FOREIGN KEY (article_hash) REFERENCES article (article_hash)
            );, parameters: None
[2023-07-12T04:25:35.153+0000] {taskinstance.py:1350} INFO - Marking task as SUCCESS. dag_id=postgres_operator_dag, task_id=create_images_table, execution_date=20230202T000000, start_date=20230712T042534, end_date=20230712T042535
[2023-07-12T04:25:35.169+0000] {local_task_job_runner.py:225} INFO - Task exited with return code 0
[2023-07-12T04:25:35.189+0000] {taskinstance.py:2653} INFO - 0 downstream tasks scheduled from follow-on schedule check
